#
# A fatal error has been detected by the Java Runtime Environment:
#
#  SIGSEGV (0xb) at pc=0x00007fff4fd813f5, pid=62499, tid=68099
#
# JRE version: Java(TM) SE Runtime Environment (10.0+46) (build 10+46)
# Java VM: Java HotSpot(TM) 64-Bit Server VM (10+46, mixed mode, tiered, compressed oops, g1 gc, bsd-amd64)
# Problematic frame:
# C  [GLEngine+0x643f5]  glMaterialfv_Comp+0xdf
#
# No core dump will be written. Core dumps have been disabled. To enable core dumping, try "ulimit -c unlimited" before starting Java again
#
# If you would like to submit a bug report, please visit:
#   http://bugreport.java.com/bugreport/crash.jsp
# The crash happened outside the Java Virtual Machine in native code.
# See problematic frame for where to report the bug.
#

---------------  S U M M A R Y ------------

Command Line: CylinderShade 64

Host: MacBookPro13,1 x86_64 2000 MHz, 4 cores, 8G, Darwin 17.7.0
Time: Fri Jul 20 15:25:27 2018 JST elapsed time: 5 seconds (0d 0h 0m 5s)

---------------  T H R E A D  ---------------

Current thread (0x00007fc07d251000):  JavaThread "AWT-EventQueue-0" [_thread_in_native, id=68099, stack(0x0000700008af7000,0x0000700008bf7000)]

Stack: [0x0000700008af7000,0x0000700008bf7000],  sp=0x0000700008bf4870,  free space=1014k
Native frames: (J=compiled Java code, A=aot compiled Java code, j=interpreted, Vv=VM code, C=native code)
C  [GLEngine+0x643f5]  glMaterialfv_Comp+0xdf
C  [libjogl_desktop.jnilib+0x43f31]  Java_jogamp_opengl_gl4_GL4bcImpl_dispatch_1glMaterialfv1__IILjava_lang_Object_2IZJ+0xd1
j  jogamp.opengl.gl4.GL4bcImpl.dispatch_glMaterialfv1(IILjava/lang/Object;IZJ)V+0
j  jogamp.opengl.gl4.GL4bcImpl.glMaterialfv(II[FI)V+111
j  ShadingCylinder.display(Ljavax/media/opengl/GL2;)V+12
j  ObjectAngle.objectInit()V+38
j  ObjectShade.init(Ljavax/media/opengl/GLAutoDrawable;)V+17
j  jogamp.opengl.GLDrawableHelper.init(Ljavax/media/opengl/GLEventListener;Ljavax/media/opengl/GLAutoDrawable;ZZ)V+2
j  jogamp.opengl.GLDrawableHelper.init(Ljavax/media/opengl/GLAutoDrawable;Z)V+73
j  javax.media.opengl.awt.GLCanvas$9.run()V+26
j  jogamp.opengl.GLDrawableHelper.invokeGLImpl(Ljavax/media/opengl/GLDrawable;Ljavax/media/opengl/GLContext;Ljava/lang/Runnable;Ljava/lang/Runnable;)V+197
j  jogamp.opengl.GLDrawableHelper.invokeGL(Ljavax/media/opengl/GLDrawable;Ljavax/media/opengl/GLContext;Ljava/lang/Runnable;Ljava/lang/Runnable;)V+72
j  javax.media.opengl.awt.GLCanvas$11.run()V+73
j  java.awt.event.InvocationEvent.dispatch()V+11 java.desktop@10
j  java.awt.EventQueue.dispatchEventImpl(Ljava/awt/AWTEvent;Ljava/lang/Object;)V+21 java.desktop@10
j  java.awt.EventQueue.access$600(Ljava/awt/EventQueue;Ljava/awt/AWTEvent;Ljava/lang/Object;)V+3 java.desktop@10
j  java.awt.EventQueue$4.run()Ljava/lang/Void;+32 java.desktop@10
j  java.awt.EventQueue$4.run()Ljava/lang/Object;+1 java.desktop@10
v  ~StubRoutines::call_stub
V  [libjvm.dylib+0x3d869e]  _ZN9JavaCalls11call_helperEP9JavaValueRK12methodHandleP17JavaCallArgumentsP6Thread+0x216
V  [libjvm.dylib+0x44da1d]  JVM_DoPrivileged+0x4d5
j  java.security.AccessController.doPrivileged(Ljava/security/PrivilegedAction;Ljava/security/AccessControlContext;)Ljava/lang/Object;+0 java.base@10
j  java.security.ProtectionDomain$JavaSecurityAccessImpl.doIntersectionPrivilege(Ljava/security/PrivilegedAction;Ljava/security/AccessControlContext;Ljava/security/AccessControlContext;)Ljava/lang/Object;+18 java.base@10
j  java.awt.EventQueue.dispatchEvent(Ljava/awt/AWTEvent;)V+46 java.desktop@10
j  java.awt.EventDispatchThread.pumpOneEventForFilters(I)V+78 java.desktop@10
j  java.awt.EventDispatchThread.pumpEventsForFilter(ILjava/awt/Conditional;Ljava/awt/EventFilter;)V+35 java.desktop@10
j  java.awt.EventDispatchThread.pumpEventsForHierarchy(ILjava/awt/Conditional;Ljava/awt/Component;)V+11 java.desktop@10
j  java.awt.EventDispatchThread.pumpEvents(ILjava/awt/Conditional;)V+4 java.desktop@10
j  java.awt.EventDispatchThread.pumpEvents(Ljava/awt/Conditional;)V+3 java.desktop@10
j  java.awt.EventDispatchThread.run()V+9 java.desktop@10
v  ~StubRoutines::call_stub
V  [libjvm.dylib+0x3d869e]  _ZN9JavaCalls11call_helperEP9JavaValueRK12methodHandleP17JavaCallArgumentsP6Thread+0x216
V  [libjvm.dylib+0x3d7cb2]  _ZN9JavaCalls12call_virtualEP9JavaValueP5KlassP6SymbolS5_P17JavaCallArgumentsP6Thread+0x12a
V  [libjvm.dylib+0x3d7d72]  _ZN9JavaCalls12call_virtualEP9JavaValue6HandleP5KlassP6SymbolS6_P6Thread+0x6a
V  [libjvm.dylib+0x45379b]  _ZL12thread_entryP10JavaThreadP6Thread+0x77
V  [libjvm.dylib+0x74556c]  _ZN10JavaThread17thread_main_innerEv+0x86
V  [libjvm.dylib+0x6328bf]  _ZL19thread_native_entryP6Thread+0x12b
C  [libsystem_pthread.dylib+0x3661]  _pthread_body+0x154
C  [libsystem_pthread.dylib+0x350d]  _pthread_body+0x0
C  [libsystem_pthread.dylib+0x2bf9]  thread_start+0xd
C  0x0000000000000000

Java frames: (J=compiled Java code, j=interpreted, Vv=VM code)
j  jogamp.opengl.gl4.GL4bcImpl.dispatch_glMaterialfv1(IILjava/lang/Object;IZJ)V+0
j  jogamp.opengl.gl4.GL4bcImpl.glMaterialfv(II[FI)V+111
j  ShadingCylinder.display(Ljavax/media/opengl/GL2;)V+12
j  ObjectAngle.objectInit()V+38
j  ObjectShade.init(Ljavax/media/opengl/GLAutoDrawable;)V+17
j  jogamp.opengl.GLDrawableHelper.init(Ljavax/media/opengl/GLEventListener;Ljavax/media/opengl/GLAutoDrawable;ZZ)V+2
j  jogamp.opengl.GLDrawableHelper.init(Ljavax/media/opengl/GLAutoDrawable;Z)V+73
j  javax.media.opengl.awt.GLCanvas$9.run()V+26
j  jogamp.opengl.GLDrawableHelper.invokeGLImpl(Ljavax/media/opengl/GLDrawable;Ljavax/media/opengl/GLContext;Ljava/lang/Runnable;Ljava/lang/Runnable;)V+197
j  jogamp.opengl.GLDrawableHelper.invokeGL(Ljavax/media/opengl/GLDrawable;Ljavax/media/opengl/GLContext;Ljava/lang/Runnable;Ljava/lang/Runnable;)V+72
j  javax.media.opengl.awt.GLCanvas$11.run()V+73
j  java.awt.event.InvocationEvent.dispatch()V+11 java.desktop@10
j  java.awt.EventQueue.dispatchEventImpl(Ljava/awt/AWTEvent;Ljava/lang/Object;)V+21 java.desktop@10
j  java.awt.EventQueue.access$600(Ljava/awt/EventQueue;Ljava/awt/AWTEvent;Ljava/lang/Object;)V+3 java.desktop@10
j  java.awt.EventQueue$4.run()Ljava/lang/Void;+32 java.desktop@10
j  java.awt.EventQueue$4.run()Ljava/lang/Object;+1 java.desktop@10
v  ~StubRoutines::call_stub
j  java.security.AccessController.doPrivileged(Ljava/security/PrivilegedAction;Ljava/security/AccessControlContext;)Ljava/lang/Object;+0 java.base@10
j  java.security.ProtectionDomain$JavaSecurityAccessImpl.doIntersectionPrivilege(Ljava/security/PrivilegedAction;Ljava/security/AccessControlContext;Ljava/security/AccessControlContext;)Ljava/lang/Object;+18 java.base@10
j  java.awt.EventQueue.dispatchEvent(Ljava/awt/AWTEvent;)V+46 java.desktop@10
j  java.awt.EventDispatchThread.pumpOneEventForFilters(I)V+78 java.desktop@10
j  java.awt.EventDispatchThread.pumpEventsForFilter(ILjava/awt/Conditional;Ljava/awt/EventFilter;)V+35 java.desktop@10
j  java.awt.EventDispatchThread.pumpEventsForHierarchy(ILjava/awt/Conditional;Ljava/awt/Component;)V+11 java.desktop@10
j  java.awt.EventDispatchThread.pumpEvents(ILjava/awt/Conditional;)V+4 java.desktop@10
j  java.awt.EventDispatchThread.pumpEvents(Ljava/awt/Conditional;)V+3 java.desktop@10
j  java.awt.EventDispatchThread.run()V+9 java.desktop@10
v  ~StubRoutines::call_stub

siginfo: si_signo: 11 (SIGSEGV), si_code: 1 (SEGV_MAPERR), si_addr: 0x0000000000000000

Register to memory mapping:

RAX=0x00007fc080830828 is an unknown value
RBX=0x0000000000000002 is an unknown value
RCX=0x00007fff4fd81430: glMaterialfv_Comp+0x11a in /System/Library/Frameworks/OpenGL.framework/Versions/A/Resources/GLEngine.bundle/GLEngine at 0x00007fff4fd1d000
RDX=0x00007fff4fd813b3: glMaterialfv_Comp+0x9d in /System/Library/Frameworks/OpenGL.framework/Versions/A/Resources/GLEngine.bundle/GLEngine at 0x00007fff4fd1d000
RSP=0x0000700008bf4870 is pointing into the stack for thread: 0x00007fc07d251000
RBP=0x0000700008bf4890 is pointing into the stack for thread: 0x00007fc07d251000
RSI=0x0000000000000028 is an unknown value
RDI=0x00007fc080023600 is an unknown value
R8 =0x0000000000000000 is an unknown value
R9 =0x0000000000000000 is an unknown value
R10=0x0000000124257b00 is at code_begin+864 in an Interpreter codelet
method entry point (kind = native)  [0x00000001242577a0, 0x00000001242581e0]  2624 bytes
R11=0x0000000000000000 is an unknown value
R12=0x00007fc080023600 is an unknown value
R13={method} {0x000000013933a798} 'dispatch_glMaterialfv1' '(IILjava/lang/Object;IZJ)V' in 'jogamp/opengl/gl4/GL4bcImpl'
R14=0x0000000000000404 is an unknown value
R15=0x0000000000000000 is an unknown value


Registers:
RAX=0x00007fc080830828, RBX=0x0000000000000002, RCX=0x00007fff4fd81430, RDX=0x00007fff4fd813b3
RSP=0x0000700008bf4870, RBP=0x0000700008bf4890, RSI=0x0000000000000028, RDI=0x00007fc080023600
R8 =0x0000000000000000, R9 =0x0000000000000000, R10=0x0000000124257b00, R11=0x0000000000000000
R12=0x00007fc080023600, R13=0x000000013933a798, R14=0x0000000000000404, R15=0x0000000000000000
RIP=0x00007fff4fd813f5, EFLAGS=0x0000000000010203, ERR=0x0000000000000004
  TRAPNO=0x000000000000000e

Top of Stack: (sp=0x0000700008bf4870)
0x0000700008bf4870:   000000013933a798 0000000000000000
0x0000700008bf4880:   0000700008bf49e0 00007fc07d251000
0x0000700008bf4890:   0000700008bf48f0 00000001398bef31
0x0000700008bf48a0:   0000000008bf48f0 000000010edf085d
0x0000700008bf48b0:   0000000000000000 00007fff4f1a355a
0x0000700008bf48c0:   00007fff4f1a355a 0000000000251000
0x0000700008bf48d0:   0000000000000000 0000040400001602
0x0000700008bf48e0:   0000700008bf49e0 00007fc07d251270
0x0000700008bf48f0:   0000700008bf4988 0000000124257b50
0x0000700008bf4900:   00007fc000000000 00007fff4f1a355a
0x0000700008bf4910:   000000013933a798 0000700008bf49e0
0x0000700008bf4920:   0000700008bf4988 0000000124257890
0x0000700008bf4930:   0000700008bf4950 0000000124257856
0x0000700008bf4940:   0000700008bf4940 000000013933a798
0x0000700008bf4950:   0000700008bf49e0 00000001393d7030
0x0000700008bf4960:   0000000000000000 000000074710da40
0x0000700008bf4970:   000000013933a798 0000000000000000
0x0000700008bf4980:   0000700008bf49a8 0000700008bf4a30
0x0000700008bf4990:   0000000124251f43 0000000000000000
0x0000700008bf49a0:   0000000124254ad8 00007fff4f1a355a
0x0000700008bf49b0:   0000000000000000 0000000000000000
0x0000700008bf49c0:   0000000000000000 0000000000000000
0x0000700008bf49d0:   0000000000001602 0000000000000404
0x0000700008bf49e0:   0000000747e14830 0000700008bf49e8
0x0000700008bf49f0:   000000013933a8a7 0000700008bf4a70
0x0000700008bf4a00:   00000001393d7030 0000000000000000
0x0000700008bf4a10:   000000074710da40 000000013933a8c0
0x0000700008bf4a20:   0000700008bf49a8 0000700008bf4a50
0x0000700008bf4a30:   0000700008bf4ac0 0000000124251f88
0x0000700008bf4a40:   00007fff4f1a355a 0000000000000000
0x0000700008bf4a50:   0000000000000000 0000000000000000
0x0000700008bf4a60:   0000000000001602 0000000000000404 

Instructions: (pc=0x00007fff4fd813f5)
0x00007fff4fd813d5:   0c 41 8b 4f 08 89 48 10 eb 31 44 89 30 c7 40 04
0x00007fff4fd813e5:   00 12 00 00 eb 0a 44 89 30 c7 40 04 01 12 00 00
0x00007fff4fd813f5:   41 8b 0f 89 48 08 41 8b 4f 04 89 48 0c 41 8b 4f
0x00007fff4fd81405:   08 89 48 10 41 8b 4f 0c 89 48 14 5b 41 5c 41 5e 


---------------  P R O C E S S  ---------------

Threads class SMR info:
_java_thread_list=0x00007fc07ea142b0, length=16, elements={
0x00007fc07d036000, 0x00007fc07d861000, 0x00007fc07d024000, 0x00007fc07d887000,
0x00007fc07e005000, 0x00007fc07e006000, 0x00007fc07d027000, 0x00007fc07d83a000,
0x00007fc07c8e1800, 0x00007fc07d07c000, 0x00007fc07d0d3000, 0x00007fc07dc29000,
0x00007fc07db9a000, 0x00007fc07d251000, 0x00007fc081901000, 0x00007fc08186e000
}

Java Threads: ( => current thread )
  0x00007fc07d036000 JavaThread "Reference Handler" daemon [_thread_blocked, id=14851, stack(0x0000700007c47000,0x0000700007d47000)]
  0x00007fc07d861000 JavaThread "Finalizer" daemon [_thread_blocked, id=15107, stack(0x0000700007d4a000,0x0000700007e4a000)]
  0x00007fc07d024000 JavaThread "Signal Dispatcher" daemon [_thread_blocked, id=22787, stack(0x0000700007e4d000,0x0000700007f4d000)]
  0x00007fc07d887000 JavaThread "C2 CompilerThread0" daemon [_thread_blocked, id=42755, stack(0x0000700007f50000,0x0000700008050000)]
  0x00007fc07e005000 JavaThread "C2 CompilerThread1" daemon [_thread_blocked, id=23811, stack(0x0000700008053000,0x0000700008153000)]
  0x00007fc07e006000 JavaThread "C1 CompilerThread2" daemon [_thread_blocked, id=24067, stack(0x0000700008156000,0x0000700008256000)]
  0x00007fc07d027000 JavaThread "Sweeper thread" daemon [_thread_blocked, id=24835, stack(0x0000700008259000,0x0000700008359000)]
  0x00007fc07d83a000 JavaThread "Service Thread" daemon [_thread_blocked, id=25603, stack(0x000070000835c000,0x000070000845c000)]
  0x00007fc07c8e1800 JavaThread "Common-Cleaner" daemon [_thread_blocked, id=41731, stack(0x000070000845f000,0x000070000855f000)]
  0x00007fc07d07c000 JavaThread "AppKit Thread" daemon [_thread_blocked, id=775, stack(0x00007ffee1606000,0x00007ffee1e06000)]
  0x00007fc07d0d3000 JavaThread "AWT-Shutdown" [_thread_blocked, id=32771, stack(0x00007000086e8000,0x00007000087e8000)]
  0x00007fc07dc29000 JavaThread "Java2D Queue Flusher" daemon [_thread_blocked, id=58639, stack(0x00007000088f1000,0x00007000089f1000)]
  0x00007fc07db9a000 JavaThread "Java2D Disposer" daemon [_thread_blocked, id=59663, stack(0x00007000089f4000,0x0000700008af4000)]
=>0x00007fc07d251000 JavaThread "AWT-EventQueue-0" [_thread_in_native, id=68099, stack(0x0000700008af7000,0x0000700008bf7000)]
  0x00007fc081901000 JavaThread "main-AWTAnimator#00" [_thread_blocked, id=61443, stack(0x0000700008bfa000,0x0000700008cfa000)]
  0x00007fc08186e000 JavaThread "DestroyJavaVM" [_thread_blocked, id=9731, stack(0x000000010de2d000,0x000000010df2d000)]

Other Threads:
  0x00007fc07d01e000 VMThread "VM Thread" [stack: 0x0000700007b44000,0x0000700007c44000] [id=14339]
  0x00007fc07e003000 WatcherThread [stack: 0x0000700008562000,0x0000700008662000] [id=26115]
  0x00007fc07d805800 GCTaskThread "GC Thread#0" [stack: 0x0000700007023000,0x0000700007123000] [id=20995]
  0x00007fc07d806800 GCTaskThread "GC Thread#1" [stack: 0x0000700007126000,0x0000700007226000] [id=11267]
  0x00007fc07d807000 GCTaskThread "GC Thread#2" [stack: 0x0000700007229000,0x0000700007329000] [id=11523]
  0x00007fc07d006800 GCTaskThread "GC Thread#3" [stack: 0x000070000732c000,0x000070000742c000] [id=19971]
  0x00007fc07d830000 ConcurrentGCThread "G1 Main Marker" [stack: 0x000070000742f000,0x000070000752f000] [id=19715]
  0x00007fc07d831000 ConcurrentGCThread "G1 Conc#0" [stack: 0x0000700007532000,0x0000700007632000] [id=12291]
  0x00007fc07c850800 ConcurrentGCThread "G1 Refine#0" [stack: 0x0000700007635000,0x0000700007735000] [id=12803]
  0x00007fc07d831800 ConcurrentGCThread "G1 Refine#1" [stack: 0x0000700007738000,0x0000700007838000] [id=18691]
  0x00007fc07d007800 ConcurrentGCThread "G1 Refine#2" [stack: 0x000070000783b000,0x000070000793b000] [id=18435]
  0x00007fc07e000000 ConcurrentGCThread "G1 Refine#3" [stack: 0x000070000793e000,0x0000700007a3e000] [id=13571]
  0x00007fc07d008000 ConcurrentGCThread "G1 Young RemSet Sampling" [stack: 0x0000700007a41000,0x0000700007b41000] [id=14083]

Threads with active compile tasks:

VM state:not at safepoint (normal execution)

VM Mutex/Monitor currently owned by a thread: None

Heap address: 0x0000000740000000, size: 2048 MB, Compressed Oops mode: Zero based, Oop shift amount: 3
Narrow klass base: 0x0000000000000000, Narrow klass shift: 3
Compressed class space size: 1073741824 Address: 0x00000007c0000000

Heap:
 garbage-first heap   total 131072K, used 5107K [0x0000000740000000, 0x00000007c0000000)
  region size 1024K, 5 young (5120K), 2 survivors (2048K)
 Metaspace       used 16815K, capacity 17089K, committed 17280K, reserved 1064960K
  class space    used 1520K, capacity 1638K, committed 1664K, reserved 1048576K
Heap Regions: E=young(eden), S=young(survivor), O=old, HS=humongous(starts), HC=humongous(continues), CS=collection set, F=free, A=archive, TS=gc time stamp, AC=allocation context, TAMS=top-at-mark-start (previous, next)
|   0|0x0000000740000000, 0x0000000740000000, 0x0000000740100000|  0%| F|  |TS  1|AC  0|TAMS 0x0000000740000000, 0x0000000740000000|
|   1|0x0000000740100000, 0x00000007401fcc00, 0x0000000740200000| 98%| O|  |TS  1|AC  0|TAMS 0x0000000740100000, 0x0000000740100000|
|   2|0x0000000740200000, 0x0000000740200000, 0x0000000740300000|  0%| F|  |TS  0|AC  0|TAMS 0x0000000740200000, 0x0000000740200000|
|   3|0x0000000740300000, 0x0000000740300000, 0x0000000740400000|  0%| F|  |TS  0|AC  0|TAMS 0x0000000740300000, 0x0000000740300000|
|   4|0x0000000740400000, 0x0000000740400000, 0x0000000740500000|  0%| F|  |TS  0|AC  0|TAMS 0x0000000740400000, 0x0000000740400000|
|   5|0x0000000740500000, 0x0000000740500000, 0x0000000740600000|  0%| F|  |TS  0|AC  0|TAMS 0x0000000740500000, 0x0000000740500000|
|   6|0x0000000740600000, 0x0000000740600000, 0x0000000740700000|  0%| F|  |TS  0|AC  0|TAMS 0x0000000740600000, 0x0000000740600000|
|   7|0x0000000740700000, 0x0000000740700000, 0x0000000740800000|  0%| F|  |TS  0|AC  0|TAMS 0x0000000740700000, 0x0000000740700000|
|   8|0x0000000740800000, 0x0000000740800000, 0x0000000740900000|  0%| F|  |TS  0|AC  0|TAMS 0x0000000740800000, 0x0000000740800000|
|   9|0x0000000740900000, 0x0000000740900000, 0x0000000740a00000|  0%| F|  |TS  0|AC  0|TAMS 0x0000000740900000, 0x0000000740900000|
|  10|0x0000000740a00000, 0x0000000740a00000, 0x0000000740b00000|  0%| F|  |TS  0|AC  0|TAMS 0x0000000740a00000, 0x0000000740a00000|
|  11|0x0000000740b00000, 0x0000000740b00000, 0x0000000740c00000|  0%| F|  |TS  0|AC  0|TAMS 0x0000000740b00000, 0x0000000740b00000|
|  12|0x0000000740c00000, 0x0000000740c00000, 0x0000000740d00000|  0%| F|  |TS  0|AC  0|TAMS 0x0000000740c00000, 0x0000000740c00000|
|  13|0x0000000740d00000, 0x0000000740d00000, 0x0000000740e00000|  0%| F|  |TS  0|AC  0|TAMS 0x0000000740d00000, 0x0000000740d00000|
|  14|0x0000000740e00000, 0x0000000740e00000, 0x0000000740f00000|  0%| F|  |TS  0|AC  0|TAMS 0x0000000740e00000, 0x0000000740e00000|
|  15|0x0000000740f00000, 0x0000000740f00000, 0x0000000741000000|  0%| F|  |TS  0|AC  0|TAMS 0x0000000740f00000, 0x0000000740f00000|
|  16|0x0000000741000000, 0x0000000741000000, 0x0000000741100000|  0%| F|  |TS  0|AC  0|TAMS 0x0000000741000000, 0x0000000741000000|
|  17|0x0000000741100000, 0x0000000741100000, 0x0000000741200000|  0%| F|  |TS  0|AC  0|TAMS 0x0000000741100000, 0x0000000741100000|
|  18|0x0000000741200000, 0x0000000741200000, 0x0000000741300000|  0%| F|  |TS  0|AC  0|TAMS 0x0000000741200000, 0x0000000741200000|
|  19|0x0000000741300000, 0x0000000741300000, 0x0000000741400000|  0%| F|  |TS  0|AC  0|TAMS 0x0000000741300000, 0x0000000741300000|
|  20|0x0000000741400000, 0x0000000741400000, 0x0000000741500000|  0%| F|  |TS  0|AC  0|TAMS 0x0000000741400000, 0x0000000741400000|
|  21|0x0000000741500000, 0x0000000741500000, 0x0000000741600000|  0%| F|  |TS  0|AC  0|TAMS 0x0000000741500000, 0x0000000741500000|
|  22|0x0000000741600000, 0x0000000741600000, 0x0000000741700000|  0%| F|  |TS  0|AC  0|TAMS 0x0000000741600000, 0x0000000741600000|
|  23|0x0000000741700000, 0x0000000741700000, 0x0000000741800000|  0%| F|  |TS  0|AC  0|TAMS 0x0000000741700000, 0x0000000741700000|
|  24|0x0000000741800000, 0x0000000741800000, 0x0000000741900000|  0%| F|  |TS  0|AC  0|TAMS 0x0000000741800000, 0x0000000741800000|
|  25|0x0000000741900000, 0x0000000741900000, 0x0000000741a00000|  0%| F|  |TS  0|AC  0|TAMS 0x0000000741900000, 0x0000000741900000|
|  26|0x0000000741a00000, 0x0000000741a00000, 0x0000000741b00000|  0%| F|  |TS  0|AC  0|TAMS 0x0000000741a00000, 0x0000000741a00000|
|  27|0x0000000741b00000, 0x0000000741b00000, 0x0000000741c00000|  0%| F|  |TS  0|AC  0|TAMS 0x0000000741b00000, 0x0000000741b00000|
|  28|0x0000000741c00000, 0x0000000741c00000, 0x0000000741d00000|  0%| F|  |TS  0|AC  0|TAMS 0x0000000741c00000, 0x0000000741c00000|
|  29|0x0000000741d00000, 0x0000000741d00000, 0x0000000741e00000|  0%| F|  |TS  0|AC  0|TAMS 0x0000000741d00000, 0x0000000741d00000|
|  30|0x0000000741e00000, 0x0000000741e00000, 0x0000000741f00000|  0%| F|  |TS  0|AC  0|TAMS 0x0000000741e00000, 0x0000000741e00000|
|  31|0x0000000741f00000, 0x0000000741f00000, 0x0000000742000000|  0%| F|  |TS  0|AC  0|TAMS 0x0000000741f00000, 0x0000000741f00000|
|  32|0x0000000742000000, 0x0000000742000000, 0x0000000742100000|  0%| F|  |TS  0|AC  0|TAMS 0x0000000742000000, 0x0000000742000000|
|  33|0x0000000742100000, 0x0000000742100000, 0x0000000742200000|  0%| F|  |TS  0|AC  0|TAMS 0x0000000742100000, 0x0000000742100000|
|  34|0x0000000742200000, 0x0000000742200000, 0x0000000742300000|  0%| F|  |TS  0|AC  0|TAMS 0x0000000742200000, 0x0000000742200000|
|  35|0x0000000742300000, 0x0000000742300000, 0x0000000742400000|  0%| F|  |TS  0|AC  0|TAMS 0x0000000742300000, 0x0000000742300000|
|  36|0x0000000742400000, 0x0000000742400000, 0x0000000742500000|  0%| F|  |TS  0|AC  0|TAMS 0x0000000742400000, 0x0000000742400000|
|  37|0x0000000742500000, 0x0000000742500000, 0x0000000742600000|  0%| F|  |TS  0|AC  0|TAMS 0x0000000742500000, 0x0000000742500000|
|  38|0x0000000742600000, 0x0000000742600000, 0x0000000742700000|  0%| F|  |TS  0|AC  0|TAMS 0x0000000742600000, 0x0000000742600000|
|  39|0x0000000742700000, 0x0000000742700000, 0x0000000742800000|  0%| F|  |TS  0|AC  0|TAMS 0x0000000742700000, 0x0000000742700000|
|  40|0x0000000742800000, 0x0000000742800000, 0x0000000742900000|  0%| F|  |TS  0|AC  0|TAMS 0x0000000742800000, 0x0000000742800000|
|  41|0x0000000742900000, 0x0000000742900000, 0x0000000742a00000|  0%| F|  |TS  0|AC  0|TAMS 0x0000000742900000, 0x0000000742900000|
|  42|0x0000000742a00000, 0x0000000742a00000, 0x0000000742b00000|  0%| F|  |TS  0|AC  0|TAMS 0x0000000742a00000, 0x0000000742a00000|
|  43|0x0000000742b00000, 0x0000000742b00000, 0x0000000742c00000|  0%| F|  |TS  0|AC  0|TAMS 0x0000000742b00000, 0x0000000742b00000|
|  44|0x0000000742c00000, 0x0000000742c00000, 0x0000000742d00000|  0%| F|  |TS  0|AC  0|TAMS 0x0000000742c00000, 0x0000000742c00000|
|  45|0x0000000742d00000, 0x0000000742d00000, 0x0000000742e00000|  0%| F|  |TS  0|AC  0|TAMS 0x0000000742d00000, 0x0000000742d00000|
|  46|0x0000000742e00000, 0x0000000742e00000, 0x0000000742f00000|  0%| F|  |TS  0|AC  0|TAMS 0x0000000742e00000, 0x0000000742e00000|
|  47|0x0000000742f00000, 0x0000000742f00000, 0x0000000743000000|  0%| F|  |TS  0|AC  0|TAMS 0x0000000742f00000, 0x0000000742f00000|
|  48|0x0000000743000000, 0x0000000743000000, 0x0000000743100000|  0%| F|  |TS  0|AC  0|TAMS 0x0000000743000000, 0x0000000743000000|
|  49|0x0000000743100000, 0x0000000743100000, 0x0000000743200000|  0%| F|  |TS  0|AC  0|TAMS 0x0000000743100000, 0x0000000743100000|
|  50|0x0000000743200000, 0x0000000743200000, 0x0000000743300000|  0%| F|  |TS  0|AC  0|TAMS 0x0000000743200000, 0x0000000743200000|
|  51|0x0000000743300000, 0x0000000743300000, 0x0000000743400000|  0%| F|  |TS  0|AC  0|TAMS 0x0000000743300000, 0x0000000743300000|
|  52|0x0000000743400000, 0x0000000743400000, 0x0000000743500000|  0%| F|  |TS  0|AC  0|TAMS 0x0000000743400000, 0x0000000743400000|
|  53|0x0000000743500000, 0x0000000743500000, 0x0000000743600000|  0%| F|  |TS  0|AC  0|TAMS 0x0000000743500000, 0x0000000743500000|
|  54|0x0000000743600000, 0x0000000743600000, 0x0000000743700000|  0%| F|  |TS  0|AC  0|TAMS 0x0000000743600000, 0x0000000743600000|
|  55|0x0000000743700000, 0x0000000743700000, 0x0000000743800000|  0%| F|  |TS  0|AC  0|TAMS 0x0000000743700000, 0x0000000743700000|
|  56|0x0000000743800000, 0x0000000743800000, 0x0000000743900000|  0%| F|  |TS  0|AC  0|TAMS 0x0000000743800000, 0x0000000743800000|
|  57|0x0000000743900000, 0x0000000743900000, 0x0000000743a00000|  0%| F|  |TS  0|AC  0|TAMS 0x0000000743900000, 0x0000000743900000|
|  58|0x0000000743a00000, 0x0000000743a00000, 0x0000000743b00000|  0%| F|  |TS  0|AC  0|TAMS 0x0000000743a00000, 0x0000000743a00000|
|  59|0x0000000743b00000, 0x0000000743b00000, 0x0000000743c00000|  0%| F|  |TS  0|AC  0|TAMS 0x0000000743b00000, 0x0000000743b00000|
|  60|0x0000000743c00000, 0x0000000743c00000, 0x0000000743d00000|  0%| F|  |TS  0|AC  0|TAMS 0x0000000743c00000, 0x0000000743c00000|
|  61|0x0000000743d00000, 0x0000000743d00000, 0x0000000743e00000|  0%| F|  |TS  0|AC  0|TAMS 0x0000000743d00000, 0x0000000743d00000|
|  62|0x0000000743e00000, 0x0000000743e00000, 0x0000000743f00000|  0%| F|  |TS  0|AC  0|TAMS 0x0000000743e00000, 0x0000000743e00000|
|  63|0x0000000743f00000, 0x0000000743f00000, 0x0000000744000000|  0%| F|  |TS  0|AC  0|TAMS 0x0000000743f00000, 0x0000000743f00000|
|  64|0x0000000744000000, 0x0000000744000000, 0x0000000744100000|  0%| F|  |TS  0|AC  0|TAMS 0x0000000744000000, 0x0000000744000000|
|  65|0x0000000744100000, 0x0000000744100000, 0x0000000744200000|  0%| F|  |TS  0|AC  0|TAMS 0x0000000744100000, 0x0000000744100000|
|  66|0x0000000744200000, 0x0000000744200000, 0x0000000744300000|  0%| F|  |TS  0|AC  0|TAMS 0x0000000744200000, 0x0000000744200000|
|  67|0x0000000744300000, 0x0000000744300000, 0x0000000744400000|  0%| F|  |TS  0|AC  0|TAMS 0x0000000744300000, 0x0000000744300000|
|  68|0x0000000744400000, 0x0000000744400000, 0x0000000744500000|  0%| F|  |TS  0|AC  0|TAMS 0x0000000744400000, 0x0000000744400000|
|  69|0x0000000744500000, 0x0000000744500000, 0x0000000744600000|  0%| F|  |TS  0|AC  0|TAMS 0x0000000744500000, 0x0000000744500000|
|  70|0x0000000744600000, 0x0000000744600000, 0x0000000744700000|  0%| F|  |TS  0|AC  0|TAMS 0x0000000744600000, 0x0000000744600000|
|  71|0x0000000744700000, 0x0000000744700000, 0x0000000744800000|  0%| F|  |TS  0|AC  0|TAMS 0x0000000744700000, 0x0000000744700000|
|  72|0x0000000744800000, 0x0000000744800000, 0x0000000744900000|  0%| F|  |TS  0|AC  0|TAMS 0x0000000744800000, 0x0000000744800000|
|  73|0x0000000744900000, 0x0000000744900000, 0x0000000744a00000|  0%| F|  |TS  0|AC  0|TAMS 0x0000000744900000, 0x0000000744900000|
|  74|0x0000000744a00000, 0x0000000744a00000, 0x0000000744b00000|  0%| F|  |TS  0|AC  0|TAMS 0x0000000744a00000, 0x0000000744a00000|
|  75|0x0000000744b00000, 0x0000000744b00000, 0x0000000744c00000|  0%| F|  |TS  0|AC  0|TAMS 0x0000000744b00000, 0x0000000744b00000|
|  76|0x0000000744c00000, 0x0000000744c00000, 0x0000000744d00000|  0%| F|  |TS  0|AC  0|TAMS 0x0000000744c00000, 0x0000000744c00000|
|  77|0x0000000744d00000, 0x0000000744d00000, 0x0000000744e00000|  0%| F|  |TS  0|AC  0|TAMS 0x0000000744d00000, 0x0000000744d00000|
|  78|0x0000000744e00000, 0x0000000744e00000, 0x0000000744f00000|  0%| F|  |TS  0|AC  0|TAMS 0x0000000744e00000, 0x0000000744e00000|
|  79|0x0000000744f00000, 0x0000000744f00000, 0x0000000745000000|  0%| F|  |TS  0|AC  0|TAMS 0x0000000744f00000, 0x0000000744f00000|
|  80|0x0000000745000000, 0x0000000745000000, 0x0000000745100000|  0%| F|  |TS  0|AC  0|TAMS 0x0000000745000000, 0x0000000745000000|
|  81|0x0000000745100000, 0x0000000745100000, 0x0000000745200000|  0%| F|  |TS  0|AC  0|TAMS 0x0000000745100000, 0x0000000745100000|
|  82|0x0000000745200000, 0x0000000745200000, 0x0000000745300000|  0%| F|  |TS  0|AC  0|TAMS 0x0000000745200000, 0x0000000745200000|
|  83|0x0000000745300000, 0x0000000745300000, 0x0000000745400000|  0%| F|  |TS  0|AC  0|TAMS 0x0000000745300000, 0x0000000745300000|
|  84|0x0000000745400000, 0x0000000745400000, 0x0000000745500000|  0%| F|  |TS  0|AC  0|TAMS 0x0000000745400000, 0x0000000745400000|
|  85|0x0000000745500000, 0x0000000745500000, 0x0000000745600000|  0%| F|  |TS  0|AC  0|TAMS 0x0000000745500000, 0x0000000745500000|
|  86|0x0000000745600000, 0x0000000745600000, 0x0000000745700000|  0%| F|  |TS  0|AC  0|TAMS 0x0000000745600000, 0x0000000745600000|
|  87|0x0000000745700000, 0x0000000745700000, 0x0000000745800000|  0%| F|  |TS  0|AC  0|TAMS 0x0000000745700000, 0x0000000745700000|
|  88|0x0000000745800000, 0x0000000745800000, 0x0000000745900000|  0%| F|  |TS  0|AC  0|TAMS 0x0000000745800000, 0x0000000745800000|
|  89|0x0000000745900000, 0x0000000745900000, 0x0000000745a00000|  0%| F|  |TS  0|AC  0|TAMS 0x0000000745900000, 0x0000000745900000|
|  90|0x0000000745a00000, 0x0000000745a00000, 0x0000000745b00000|  0%| F|  |TS  0|AC  0|TAMS 0x0000000745a00000, 0x0000000745a00000|
|  91|0x0000000745b00000, 0x0000000745b00000, 0x0000000745c00000|  0%| F|  |TS  0|AC  0|TAMS 0x0000000745b00000, 0x0000000745b00000|
|  92|0x0000000745c00000, 0x0000000745c00000, 0x0000000745d00000|  0%| F|  |TS  0|AC  0|TAMS 0x0000000745c00000, 0x0000000745c00000|
|  93|0x0000000745d00000, 0x0000000745d00000, 0x0000000745e00000|  0%| F|  |TS  0|AC  0|TAMS 0x0000000745d00000, 0x0000000745d00000|
|  94|0x0000000745e00000, 0x0000000745e00000, 0x0000000745f00000|  0%| F|  |TS  0|AC  0|TAMS 0x0000000745e00000, 0x0000000745e00000|
|  95|0x0000000745f00000, 0x0000000745f00000, 0x0000000746000000|  0%| F|  |TS  0|AC  0|TAMS 0x0000000745f00000, 0x0000000745f00000|
|  96|0x0000000746000000, 0x0000000746000000, 0x0000000746100000|  0%| F|  |TS  0|AC  0|TAMS 0x0000000746000000, 0x0000000746000000|
|  97|0x0000000746100000, 0x0000000746100000, 0x0000000746200000|  0%| F|  |TS  0|AC  0|TAMS 0x0000000746100000, 0x0000000746100000|
|  98|0x0000000746200000, 0x0000000746200000, 0x0000000746300000|  0%| F|  |TS  0|AC  0|TAMS 0x0000000746200000, 0x0000000746200000|
|  99|0x0000000746300000, 0x0000000746300000, 0x0000000746400000|  0%| F|  |TS  0|AC  0|TAMS 0x0000000746300000, 0x0000000746300000|
| 100|0x0000000746400000, 0x0000000746400000, 0x0000000746500000|  0%| F|  |TS  0|AC  0|TAMS 0x0000000746400000, 0x0000000746400000|
| 101|0x0000000746500000, 0x0000000746500000, 0x0000000746600000|  0%| F|  |TS  0|AC  0|TAMS 0x0000000746500000, 0x0000000746500000|
| 102|0x0000000746600000, 0x0000000746600000, 0x0000000746700000|  0%| F|  |TS  0|AC  0|TAMS 0x0000000746600000, 0x0000000746600000|
| 103|0x0000000746700000, 0x0000000746700000, 0x0000000746800000|  0%| F|  |TS  0|AC  0|TAMS 0x0000000746700000, 0x0000000746700000|
| 104|0x0000000746800000, 0x0000000746800000, 0x0000000746900000|  0%| F|  |TS  0|AC  0|TAMS 0x0000000746800000, 0x0000000746800000|
| 105|0x0000000746900000, 0x0000000746900000, 0x0000000746a00000|  0%| F|  |TS  0|AC  0|TAMS 0x0000000746900000, 0x0000000746900000|
| 106|0x0000000746a00000, 0x0000000746a00000, 0x0000000746b00000|  0%| F|  |TS  0|AC  0|TAMS 0x0000000746a00000, 0x0000000746a00000|
| 107|0x0000000746b00000, 0x0000000746b00000, 0x0000000746c00000|  0%| F|  |TS  0|AC  0|TAMS 0x0000000746b00000, 0x0000000746b00000|
| 108|0x0000000746c00000, 0x0000000746c00000, 0x0000000746d00000|  0%| F|  |TS  0|AC  0|TAMS 0x0000000746c00000, 0x0000000746c00000|
| 109|0x0000000746d00000, 0x0000000746d00000, 0x0000000746e00000|  0%| F|  |TS  0|AC  0|TAMS 0x0000000746d00000, 0x0000000746d00000|
| 110|0x0000000746e00000, 0x0000000746e00000, 0x0000000746f00000|  0%| F|  |TS  0|AC  0|TAMS 0x0000000746e00000, 0x0000000746e00000|
| 111|0x0000000746f00000, 0x0000000746f00000, 0x0000000747000000|  0%| F|  |TS  0|AC  0|TAMS 0x0000000746f00000, 0x0000000746f00000|
| 112|0x0000000747000000, 0x0000000747100000, 0x0000000747100000|100%| S|CS|TS  1|AC  0|TAMS 0x0000000747000000, 0x0000000747000000|
| 113|0x0000000747100000, 0x0000000747200000, 0x0000000747200000|100%| S|CS|TS  1|AC  0|TAMS 0x0000000747100000, 0x0000000747100000|
| 114|0x0000000747200000, 0x0000000747200000, 0x0000000747300000|  0%| F|  |TS  1|AC  0|TAMS 0x0000000747200000, 0x0000000747200000|
| 115|0x0000000747300000, 0x0000000747300000, 0x0000000747400000|  0%| F|  |TS  1|AC  0|TAMS 0x0000000747300000, 0x0000000747300000|
| 116|0x0000000747400000, 0x0000000747400000, 0x0000000747500000|  0%| F|  |TS  1|AC  0|TAMS 0x0000000747400000, 0x0000000747400000|
| 117|0x0000000747500000, 0x0000000747500000, 0x0000000747600000|  0%| F|  |TS  1|AC  0|TAMS 0x0000000747500000, 0x0000000747500000|
| 118|0x0000000747600000, 0x0000000747600000, 0x0000000747700000|  0%| F|  |TS  1|AC  0|TAMS 0x0000000747600000, 0x0000000747600000|
| 119|0x0000000747700000, 0x0000000747700000, 0x0000000747800000|  0%| F|  |TS  1|AC  0|TAMS 0x0000000747700000, 0x0000000747700000|
| 120|0x0000000747800000, 0x0000000747800000, 0x0000000747900000|  0%| F|  |TS  1|AC  0|TAMS 0x0000000747800000, 0x0000000747800000|
| 121|0x0000000747900000, 0x0000000747900000, 0x0000000747a00000|  0%| F|  |TS  1|AC  0|TAMS 0x0000000747900000, 0x0000000747900000|
| 122|0x0000000747a00000, 0x0000000747a00000, 0x0000000747b00000|  0%| F|  |TS  1|AC  0|TAMS 0x0000000747a00000, 0x0000000747a00000|
| 123|0x0000000747b00000, 0x0000000747b00000, 0x0000000747c00000|  0%| F|  |TS  1|AC  0|TAMS 0x0000000747b00000, 0x0000000747b00000|
| 124|0x0000000747c00000, 0x0000000747c00000, 0x0000000747d00000|  0%| F|  |TS  1|AC  0|TAMS 0x0000000747c00000, 0x0000000747c00000|
| 125|0x0000000747d00000, 0x0000000747e00000, 0x0000000747e00000|100%| E|  |TS  1|AC  0|TAMS 0x0000000747d00000, 0x0000000747d00000|
| 126|0x0000000747e00000, 0x0000000747f00000, 0x0000000747f00000|100%| E|CS|TS  1|AC  0|TAMS 0x0000000747e00000, 0x0000000747e00000|
| 127|0x0000000747f00000, 0x0000000748000000, 0x0000000748000000|100%| E|CS|TS  1|AC  0|TAMS 0x0000000747f00000, 0x0000000747f00000|

Card table byte_map: [0x000000010ff73000,0x0000000110373000] byte_map_base: 0x000000010c573000

Marking Bits (Prev, Next): (CMBitMap*) 0x00007fc07d82f860, (CMBitMap*) 0x00007fc07d82f898
 Prev Bits: [0x0000000110773000, 0x0000000112773000)
 Next Bits: [0x0000000112773000, 0x0000000114773000)

Polling page: 0x000000010df71000

CodeHeap 'non-profiled nmethods': size=120032Kb used=339Kb max_used=339Kb free=119692Kb
 bounds [0x000000012bd10000, 0x000000012bf80000, 0x0000000133248000]
CodeHeap 'profiled nmethods': size=120032Kb used=1400Kb max_used=1400Kb free=118631Kb
 bounds [0x00000001247d8000, 0x0000000124a48000, 0x000000012bd10000]
CodeHeap 'non-nmethods': size=5696Kb used=1353Kb max_used=1353Kb free=4343Kb
 bounds [0x0000000124248000, 0x00000001244b8000, 0x00000001247d8000]
 total_blobs=1874 nmethods=864 adapters=750
 compilation: enabled

Compilation events (10 events):
Event: 5.587 Thread 0x00007fc07e006000  861       3       java.util.IdentityHashMap::isEmpty (13 bytes)
Event: 5.588 Thread 0x00007fc07e006000 nmethod 861 0x0000000124934f10 code [0x00000001249350c0, 0x0000000124935270]
Event: 5.588 Thread 0x00007fc07e006000  862       3       sun.util.locale.LocaleUtils::toLower (17 bytes)
Event: 5.588 Thread 0x00007fc07e006000 nmethod 862 0x0000000124935310 code [0x00000001249354c0, 0x0000000124935750]
Event: 5.592 Thread 0x00007fc07e005000  863       4       java.lang.String::charAt (25 bytes)
Event: 5.593 Thread 0x00007fc07e006000  864       3       java.lang.String::equals (65 bytes)
Event: 5.593 Thread 0x00007fc07e006000 nmethod 864 0x0000000124935810 code [0x0000000124935a20, 0x00000001249360d8]
Event: 5.594 Thread 0x00007fc07e005000 nmethod 863 0x000000012bd64890 code [0x000000012bd64a40, 0x000000012bd64b08]
Event: 5.630 Thread 0x00007fc07e006000  865       1       jogamp.opengl.GLContextImpl::getGLProcAddressTable (5 bytes)
Event: 5.631 Thread 0x00007fc07e006000 nmethod 865 0x000000012bd64c10 code [0x000000012bd64dc0, 0x000000012bd64ed0]

GC Heap History (2 events):
Event: 5.353 GC heap before
{Heap before GC invocations=0 (full 0):
 garbage-first heap   total 131072K, used 15360K [0x0000000740000000, 0x00000007c0000000)
  region size 1024K, 14 young (14336K), 0 survivors (0K)
 Metaspace       used 14780K, capacity 15004K, committed 15232K, reserved 1062912K
  class space    used 1264K, capacity 1362K, committed 1408K, reserved 1048576K
}
Event: 5.360 GC heap after
{Heap after GC invocations=1 (full 0):
 garbage-first heap   total 131072K, used 3059K [0x0000000740000000, 0x00000007c0000000)
  region size 1024K, 2 young (2048K), 2 survivors (2048K)
 Metaspace       used 14780K, capacity 15004K, committed 15232K, reserved 1062912K
  class space    used 1264K, capacity 1362K, committed 1408K, reserved 1048576K
}

Deoptimization events (4 events):
Event: 0.104 Thread 0x00007fc07c800000 Uncommon trap: reason=unstable_if action=reinterpret pc=0x000000012bd138dc method=java.lang.String.hashCode()I @ 14 c2
Event: 0.376 Thread 0x00007fc07c800000 Uncommon trap: reason=unstable_if action=reinterpret pc=0x000000012bd2ce28 method=java.lang.StringLatin1.replace([BCC)Ljava/lang/String; @ 19 c2
Event: 5.491 Thread 0x00007fc07c800000 Uncommon trap: reason=unstable_if action=reinterpret pc=0x000000012bd1ac90 method=java.lang.String.isLatin1()Z @ 10 c2
Event: 5.579 Thread 0x00007fc07d251000 Uncommon trap: reason=unstable_if action=reinterpret pc=0x000000012bd2742c method=java.lang.String.equals(Ljava/lang/Object;)Z @ 27 c2

Classes redefined (0 events):
No events

Internal exceptions (10 events):
Event: 5.383 Thread 0x00007fc07c800000 Exception <a 'java/lang/NoSuchMethodError'{0x0000000747f2d038}: java.lang.invoke.DirectMethodHandle$Holder.invokeStatic(Ljava/lang/Object;Ljava/lang/Object;J)V> (0x0000000747f2d038) thrown at [/scratch/mesos/slaves/450fa0f5-8733-43f8-b866-79fe3e86d200-S32
Event: 5.389 Thread 0x00007fc07d07c000 Exception <a 'java/lang/NoSuchMethodError'{0x0000000747e87e98}: method resolution failed> (0x0000000747e87e98) thrown at [/scratch/mesos/slaves/450fa0f5-8733-43f8-b866-79fe3e86d200-S3216/frameworks/1735e8a2-a1db-478c-8104-60c8b0af87dd-0196/executors/ad79a
Event: 5.390 Thread 0x00007fc07d07c000 Exception <a 'java/lang/NoSuchMethodError'{0x0000000747e8efb8}: method resolution failed> (0x0000000747e8efb8) thrown at [/scratch/mesos/slaves/450fa0f5-8733-43f8-b866-79fe3e86d200-S3216/frameworks/1735e8a2-a1db-478c-8104-60c8b0af87dd-0196/executors/ad79a
Event: 5.390 Thread 0x00007fc07d07c000 Exception <a 'java/lang/NoSuchMethodError'{0x0000000747e92d18}: method resolution failed> (0x0000000747e92d18) thrown at [/scratch/mesos/slaves/450fa0f5-8733-43f8-b866-79fe3e86d200-S3216/frameworks/1735e8a2-a1db-478c-8104-60c8b0af87dd-0196/executors/ad79a
Event: 5.399 Thread 0x00007fc07d07c000 Exception <a 'java/lang/NoSuchMethodError'{0x0000000747e9ce60}: java.lang.invoke.DirectMethodHandle$Holder.invokeSpecial(Ljava/lang/Object;Ljava/lang/Object;J)V> (0x0000000747e9ce60) thrown at [/scratch/mesos/slaves/450fa0f5-8733-43f8-b866-79fe3e86d200-S3
Event: 5.424 Thread 0x00007fc07c800000 Exception <a 'java/lang/NoSuchMethodError'{0x0000000747f35628}: method resolution failed> (0x0000000747f35628) thrown at [/scratch/mesos/slaves/450fa0f5-8733-43f8-b866-79fe3e86d200-S3216/frameworks/1735e8a2-a1db-478c-8104-60c8b0af87dd-0196/executors/ad79a
Event: 5.507 Thread 0x00007fc07c800000 Exception <a 'java/lang/NoSuchMethodError'{0x0000000747d61410}: java.lang.invoke.DirectMethodHandle$Holder.invokeStatic(Ljava/lang/Object;JJ)V> (0x0000000747d61410) thrown at [/scratch/mesos/slaves/450fa0f5-8733-43f8-b866-79fe3e86d200-S3216/frameworks/173
Event: 5.507 Thread 0x00007fc07c800000 Exception <a 'java/lang/NoSuchMethodError'{0x0000000747d666b0}: java.lang.invoke.DirectMethodHandle$Holder.invokeStatic(Ljava/lang/Object;J)Ljava/lang/Object;> (0x0000000747d666b0) thrown at [/scratch/mesos/slaves/450fa0f5-8733-43f8-b866-79fe3e86d200-S321
Event: 5.508 Thread 0x00007fc07c800000 Exception <a 'java/lang/NoSuchMethodError'{0x0000000747d69b78}: method resolution failed> (0x0000000747d69b78) thrown at [/scratch/mesos/slaves/450fa0f5-8733-43f8-b866-79fe3e86d200-S3216/frameworks/1735e8a2-a1db-478c-8104-60c8b0af87dd-0196/executors/ad79a
Event: 5.511 Thread 0x00007fc07c800000 Exception <a 'java/lang/NoSuchMethodError'{0x0000000747d6f588}: method resolution failed> (0x0000000747d6f588) thrown at [/scratch/mesos/slaves/450fa0f5-8733-43f8-b866-79fe3e86d200-S3216/frameworks/1735e8a2-a1db-478c-8104-60c8b0af87dd-0196/executors/ad79a

Events (10 events):
Event: 5.631 loading class javax/media/opengl/glu/GLU
Event: 5.631 loading class javax/media/opengl/glu/GLU done
Event: 5.632 loading class javax/media/opengl/glu/GLUquadric
Event: 5.632 loading class javax/media/opengl/glu/GLUquadric done
Event: 5.633 loading class javax/media/opengl/glu/gl2/GLUgl2
Event: 5.633 loading class javax/media/opengl/glu/gl2/GLUgl2 done
Event: 5.635 loading class javax/media/opengl/glu/gl2es1/GLUgl2es1
Event: 5.635 loading class javax/media/opengl/glu/gl2es1/GLUgl2es1 done
Event: 5.636 loading class jogamp/opengl/ProjectFloat
Event: 5.636 loading class jogamp/opengl/ProjectFloat done


Dynamic libraries:
0x00007fff44fd3000 	/System/Library/Frameworks/Cocoa.framework/Versions/A/Cocoa
0x00007fff515ec000 	/System/Library/Frameworks/Security.framework/Versions/A/Security
0x00007fff43c15000 	/System/Library/Frameworks/ApplicationServices.framework/Versions/A/ApplicationServices
0x00007fff6d430000 	/usr/lib/libz.1.dylib
0x00007fff6b361000 	/usr/lib/libSystem.B.dylib
0x00007fff45786000 	/System/Library/Frameworks/CoreFoundation.framework/Versions/A/CoreFoundation
0x00007fff478e7000 	/System/Library/Frameworks/Foundation.framework/Versions/C/Foundation
0x00007fff6ca1a000 	/usr/lib/libobjc.A.dylib
0x00007fff42d65000 	/System/Library/Frameworks/AppKit.framework/Versions/C/AppKit
0x00007fff4534b000 	/System/Library/Frameworks/CoreData.framework/Versions/A/CoreData
0x00007fff64ca6000 	/System/Library/PrivateFrameworks/RemoteViewServices.framework/Versions/A/RemoteViewServices
0x00007fff69406000 	/System/Library/PrivateFrameworks/UIFoundation.framework/Versions/A/UIFoundation
0x00007fff59ab4000 	/System/Library/PrivateFrameworks/DFRFoundation.framework/Versions/A/DFRFoundation
0x00007fff49f53000 	/System/Library/Frameworks/Metal.framework/Versions/A/Metal
0x00007fff59c51000 	/System/Library/PrivateFrameworks/DesktopServicesPriv.framework/Versions/A/DesktopServicesPriv
0x00007fff6bf67000 	/usr/lib/libenergytrace.dylib
0x00007fff67471000 	/System/Library/PrivateFrameworks/SkyLight.framework/Versions/A/SkyLight
0x00007fff45c29000 	/System/Library/Frameworks/CoreGraphics.framework/Versions/A/CoreGraphics
0x00007fff6b35c000 	/usr/lib/libScreenReader.dylib
0x00007fff41cff000 	/System/Library/Frameworks/Accelerate.framework/Versions/A/Accelerate
0x00007fff48061000 	/System/Library/Frameworks/IOSurface.framework/Versions/A/IOSurface
0x00007fff4415f000 	/System/Library/Frameworks/AudioToolbox.framework/Versions/A/AudioToolbox
0x00007fff443ef000 	/System/Library/Frameworks/AudioUnit.framework/Versions/A/AudioUnit
0x00007fff59b4c000 	/System/Library/PrivateFrameworks/DataDetectorsCore.framework/Versions/A/DataDetectorsCore
0x00007fff44ac6000 	/System/Library/Frameworks/Carbon.framework/Versions/A/Frameworks/HIToolbox.framework/Versions/A/HIToolbox
0x00007fff6c0c1000 	/usr/lib/libicucore.A.dylib
0x00007fff50b6b000 	/System/Library/Frameworks/QuartzCore.framework/Versions/A/QuartzCore
0x00007fff66728000 	/System/Library/PrivateFrameworks/SignpostNotification.framework/Versions/A/SignpostNotification
0x00007fff44eac000 	/System/Library/Frameworks/Carbon.framework/Versions/A/Frameworks/SpeechRecognition.framework/Versions/A/SpeechRecognition
0x00007fff6b4bd000 	/usr/lib/libauto.dylib
0x00007fff6d31f000 	/usr/lib/libxml2.2.dylib
0x00007fff59705000 	/System/Library/PrivateFrameworks/CoreUI.framework/Versions/A/CoreUI
0x00007fff45227000 	/System/Library/Frameworks/CoreAudio.framework/Versions/A/CoreAudio
0x00007fff47721000 	/System/Library/Frameworks/DiskArbitration.framework/Versions/A/DiskArbitration
0x00007fff6c335000 	/usr/lib/liblangid.dylib
0x00007fff611b0000 	/System/Library/PrivateFrameworks/MultitouchSupport.framework/Versions/A/MultitouchSupport
0x00007fff47fc4000 	/System/Library/Frameworks/IOKit.framework/Versions/A/IOKit
0x00007fff6afeb000 	/usr/lib/libDiagnosticMessagesClient.dylib
0x00007fff468ff000 	/System/Library/Frameworks/CoreServices.framework/Versions/A/CoreServices
0x00007fff62ce2000 	/System/Library/PrivateFrameworks/PerformanceAnalysis.framework/Versions/A/PerformanceAnalysis
0x00007fff4fd0d000 	/System/Library/Frameworks/OpenGL.framework/Versions/A/OpenGL
0x00007fff44fe1000 	/System/Library/Frameworks/ColorSync.framework/Versions/A/ColorSync
0x00007fff4623b000 	/System/Library/Frameworks/CoreImage.framework/Versions/A/CoreImage
0x00007fff4728f000 	/System/Library/Frameworks/CoreText.framework/Versions/A/CoreText
0x00007fff480bf000 	/System/Library/Frameworks/ImageIO.framework/Versions/A/ImageIO
0x00007fff563fc000 	/System/Library/PrivateFrameworks/Backup.framework/Versions/A/Backup
0x00007fff6b40d000 	/usr/lib/libarchive.2.dylib
0x00007fff44712000 	/System/Library/Frameworks/CFNetwork.framework/Versions/A/CFNetwork
0x00007fff51d7f000 	/System/Library/Frameworks/SystemConfiguration.framework/Versions/A/SystemConfiguration
0x00007fff6af14000 	/usr/lib/libCRFSuite.dylib
0x00007fff6b596000 	/usr/lib/libc++.1.dylib
0x00007fff6b5ed000 	/usr/lib/libc++abi.dylib
0x00007fff6d4de000 	/usr/lib/system/libcache.dylib
0x00007fff6d4e3000 	/usr/lib/system/libcommonCrypto.dylib
0x00007fff6d4ee000 	/usr/lib/system/libcompiler_rt.dylib
0x00007fff6d4f6000 	/usr/lib/system/libcopyfile.dylib
0x00007fff6d500000 	/usr/lib/system/libcorecrypto.dylib
0x00007fff6d60d000 	/usr/lib/system/libdispatch.dylib
0x00007fff6d647000 	/usr/lib/system/libdyld.dylib
0x00007fff6d665000 	/usr/lib/system/libkeymgr.dylib
0x00007fff6d673000 	/usr/lib/system/liblaunch.dylib
0x00007fff6d674000 	/usr/lib/system/libmacho.dylib
0x00007fff6d679000 	/usr/lib/system/libquarantine.dylib
0x00007fff6d67c000 	/usr/lib/system/libremovefile.dylib
0x00007fff6d67e000 	/usr/lib/system/libsystem_asl.dylib
0x00007fff6d696000 	/usr/lib/system/libsystem_blocks.dylib
0x00007fff6d697000 	/usr/lib/system/libsystem_c.dylib
0x00007fff6d721000 	/usr/lib/system/libsystem_configuration.dylib
0x00007fff6d725000 	/usr/lib/system/libsystem_coreservices.dylib
0x00007fff6d729000 	/usr/lib/system/libsystem_darwin.dylib
0x00007fff6d72b000 	/usr/lib/system/libsystem_dnssd.dylib
0x00007fff6d732000 	/usr/lib/system/libsystem_info.dylib
0x00007fff6d7a3000 	/usr/lib/system/libsystem_m.dylib
0x00007fff6d7ef000 	/usr/lib/system/libsystem_malloc.dylib
0x00007fff6d80f000 	/usr/lib/system/libsystem_network.dylib
0x00007fff6d940000 	/usr/lib/system/libsystem_networkextension.dylib
0x00007fff6d94b000 	/usr/lib/system/libsystem_notify.dylib
0x00007fff6d969000 	/usr/lib/system/libsystem_sandbox.dylib
0x00007fff6d96d000 	/usr/lib/system/libsystem_secinit.dylib
0x00007fff6d77c000 	/usr/lib/system/libsystem_kernel.dylib
0x00007fff6d955000 	/usr/lib/system/libsystem_platform.dylib
0x00007fff6d95d000 	/usr/lib/system/libsystem_pthread.dylib
0x00007fff6d96f000 	/usr/lib/system/libsystem_symptoms.dylib
0x00007fff6d977000 	/usr/lib/system/libsystem_trace.dylib
0x00007fff6d98c000 	/usr/lib/system/libunwind.dylib
0x00007fff6d992000 	/usr/lib/system/libxpc.dylib
0x00007fff6ae27000 	/usr/lib/closure/libclosured.dylib
0x00007fff6b577000 	/usr/lib/libbsm.0.dylib
0x00007fff6d666000 	/usr/lib/system/libkxld.dylib
0x00007fff6b225000 	/usr/lib/libOpenScriptingUtil.dylib
0x00007fff6b8e6000 	/usr/lib/libcoretls.dylib
0x00007fff6b8ff000 	/usr/lib/libcoretls_cfhelpers.dylib
0x00007fff6ce1b000 	/usr/lib/libpam.2.dylib
0x00007fff6cf42000 	/usr/lib/libsqlite3.dylib
0x00007fff6d30e000 	/usr/lib/libxar.1.dylib
0x00007fff6b588000 	/usr/lib/libbz2.1.0.dylib
0x00007fff6c337000 	/usr/lib/liblzma.5.dylib
0x00007fff6c818000 	/usr/lib/libnetwork.dylib
0x00007fff6b3f6000 	/usr/lib/libapple_nghttp2.dylib
0x00007fff6ce22000 	/usr/lib/libpcap.A.dylib
0x00007fff6b4be000 	/usr/lib/libboringssl.dylib
0x00007fff6d2a9000 	/usr/lib/libusrtcp.dylib
0x00007fff6b3f5000 	/usr/lib/libapple_crypto.dylib
0x00007fff46c82000 	/System/Library/Frameworks/CoreServices.framework/Versions/A/Frameworks/FSEvents.framework/Versions/A/FSEvents
0x00007fff46975000 	/System/Library/Frameworks/CoreServices.framework/Versions/A/Frameworks/CarbonCore.framework/Versions/A/CarbonCore
0x00007fff46e49000 	/System/Library/Frameworks/CoreServices.framework/Versions/A/Frameworks/Metadata.framework/Versions/A/Metadata
0x00007fff46efa000 	/System/Library/Frameworks/CoreServices.framework/Versions/A/Frameworks/OSServices.framework/Versions/A/OSServices
0x00007fff46f5b000 	/System/Library/Frameworks/CoreServices.framework/Versions/A/Frameworks/SearchKit.framework/Versions/A/SearchKit
0x00007fff46900000 	/System/Library/Frameworks/CoreServices.framework/Versions/A/Frameworks/AE.framework/Versions/A/AE
0x00007fff46c8b000 	/System/Library/Frameworks/CoreServices.framework/Versions/A/Frameworks/LaunchServices.framework/Versions/A/LaunchServices
0x00007fff46c4d000 	/System/Library/Frameworks/CoreServices.framework/Versions/A/Frameworks/DictionaryServices.framework/Versions/A/DictionaryServices
0x00007fff46fca000 	/System/Library/Frameworks/CoreServices.framework/Versions/A/Frameworks/SharedFileList.framework/Versions/A/SharedFileList
0x00007fff4b189000 	/System/Library/Frameworks/NetFS.framework/Versions/A/NetFS
0x00007fff61441000 	/System/Library/PrivateFrameworks/NetAuth.framework/Versions/A/NetAuth
0x00007fff6acbe000 	/System/Library/PrivateFrameworks/login.framework/Versions/A/Frameworks/loginsupport.framework/Versions/A/loginsupport
0x00007fff69083000 	/System/Library/PrivateFrameworks/TCC.framework/Versions/A/TCC
0x00007fff6c418000 	/usr/lib/libmecabra.dylib
0x00007fff43c16000 	/System/Library/Frameworks/ApplicationServices.framework/Versions/A/Frameworks/ATS.framework/Versions/A/ATS
0x00007fff43fc4000 	/System/Library/Frameworks/ApplicationServices.framework/Versions/A/Frameworks/ColorSyncLegacy.framework/Versions/A/ColorSyncLegacy
0x00007fff44068000 	/System/Library/Frameworks/ApplicationServices.framework/Versions/A/Frameworks/HIServices.framework/Versions/A/HIServices
0x00007fff440bb000 	/System/Library/Frameworks/ApplicationServices.framework/Versions/A/Frameworks/LangAnalysis.framework/Versions/A/LangAnalysis
0x00007fff440ca000 	/System/Library/Frameworks/ApplicationServices.framework/Versions/A/Frameworks/PrintCore.framework/Versions/A/PrintCore
0x00007fff44117000 	/System/Library/Frameworks/ApplicationServices.framework/Versions/A/Frameworks/QD.framework/Versions/A/QD
0x00007fff44152000 	/System/Library/Frameworks/ApplicationServices.framework/Versions/A/Frameworks/SpeechSynthesis.framework/Versions/A/SpeechSynthesis
0x00007fff456a2000 	/System/Library/Frameworks/CoreDisplay.framework/Versions/A/CoreDisplay
0x00007fff41d17000 	/System/Library/Frameworks/Accelerate.framework/Versions/A/Frameworks/vImage.framework/Versions/A/vImage
0x00007fff42a71000 	/System/Library/Frameworks/Accelerate.framework/Versions/A/Frameworks/vecLib.framework/Versions/A/vecLib
0x00007fff42811000 	/System/Library/Frameworks/Accelerate.framework/Versions/A/Frameworks/vecLib.framework/Versions/A/libvDSP.dylib
0x00007fff42371000 	/System/Library/Frameworks/Accelerate.framework/Versions/A/Frameworks/vecLib.framework/Versions/A/libBNNS.dylib
0x00007fff42776000 	/System/Library/Frameworks/Accelerate.framework/Versions/A/Frameworks/vecLib.framework/Versions/A/libQuadrature.dylib
0x00007fff429bf000 	/System/Library/Frameworks/Accelerate.framework/Versions/A/Frameworks/vecLib.framework/Versions/A/libvMisc.dylib
0x00007fff423a0000 	/System/Library/Frameworks/Accelerate.framework/Versions/A/Frameworks/vecLib.framework/Versions/A/libLAPACK.dylib
0x00007fff42216000 	/System/Library/Frameworks/Accelerate.framework/Versions/A/Frameworks/vecLib.framework/Versions/A/libBLAS.dylib
0x00007fff42760000 	/System/Library/Frameworks/Accelerate.framework/Versions/A/Frameworks/vecLib.framework/Versions/A/libLinearAlgebra.dylib
0x00007fff4277c000 	/System/Library/Frameworks/Accelerate.framework/Versions/A/Frameworks/vecLib.framework/Versions/A/libSparse.dylib
0x00007fff427fd000 	/System/Library/Frameworks/Accelerate.framework/Versions/A/Frameworks/vecLib.framework/Versions/A/libSparseBLAS.dylib
0x00007fff5e290000 	/System/Library/PrivateFrameworks/GPUWrangler.framework/Versions/A/GPUWrangler
0x00007fff5fa21000 	/System/Library/PrivateFrameworks/IOAccelerator.framework/Versions/A/IOAccelerator
0x00007fff5fa2c000 	/System/Library/PrivateFrameworks/IOPresentment.framework/Versions/A/IOPresentment
0x00007fff59ac6000 	/System/Library/PrivateFrameworks/DSExternalDisplay.framework/Versions/A/DSExternalDisplay
0x00007fff4f18c000 	/System/Library/Frameworks/OpenGL.framework/Versions/A/Libraries/libCoreFSCache.dylib
0x00007fff473e0000 	/System/Library/Frameworks/CoreVideo.framework/Versions/A/CoreVideo
0x00007fff5f00b000 	/System/Library/PrivateFrameworks/GraphVisualizer.framework/Versions/A/GraphVisualizer
0x00007fff4a18a000 	/System/Library/Frameworks/MetalPerformanceShaders.framework/Versions/A/MetalPerformanceShaders
0x00007fff6b023000 	/usr/lib/libFosl_dynamic.dylib
0x00007fff5ab9a000 	/System/Library/PrivateFrameworks/FaceCore.framework/Versions/A/FaceCore
0x00007fff4df87000 	/System/Library/Frameworks/OpenCL.framework/Versions/A/OpenCL
0x00007fff6b624000 	/usr/lib/libcompression.dylib
0x00007fff43d15000 	/System/Library/Frameworks/ApplicationServices.framework/Versions/A/Frameworks/ATS.framework/Versions/A/Resources/libFontParser.dylib
0x00007fff43e38000 	/System/Library/Frameworks/ApplicationServices.framework/Versions/A/Frameworks/ATS.framework/Versions/A/Resources/libFontRegistry.dylib
0x00007fff48327000 	/System/Library/Frameworks/ImageIO.framework/Versions/A/Resources/libJPEG.dylib
0x00007fff48650000 	/System/Library/Frameworks/ImageIO.framework/Versions/A/Resources/libTIFF.dylib
0x00007fff48626000 	/System/Library/Frameworks/ImageIO.framework/Versions/A/Resources/libPng.dylib
0x00007fff4823a000 	/System/Library/Frameworks/ImageIO.framework/Versions/A/Resources/libGIF.dylib
0x00007fff4823f000 	/System/Library/Frameworks/ImageIO.framework/Versions/A/Resources/libJP2.dylib
0x00007fff4864d000 	/System/Library/Frameworks/ImageIO.framework/Versions/A/Resources/libRadiance.dylib
0x00007fff55b27000 	/System/Library/PrivateFrameworks/AppleJPEG.framework/Versions/A/AppleJPEG
0x00007fff49ff1000 	/System/Library/Frameworks/MetalPerformanceShaders.framework/Frameworks/MPSCore.framework/Versions/A/MPSCore
0x00007fff4a00d000 	/System/Library/Frameworks/MetalPerformanceShaders.framework/Frameworks/MPSImage.framework/Versions/A/MPSImage
0x00007fff4a0a2000 	/System/Library/Frameworks/MetalPerformanceShaders.framework/Frameworks/MPSNeuralNetwork.framework/Versions/A/MPSNeuralNetwork
0x00007fff4a07d000 	/System/Library/Frameworks/MetalPerformanceShaders.framework/Frameworks/MPSMatrix.framework/Versions/A/MPSMatrix
0x00007fff60f22000 	/System/Library/PrivateFrameworks/MetalTools.framework/Versions/A/MetalTools
0x00007fff4f357000 	/System/Library/Frameworks/OpenGL.framework/Versions/A/Libraries/libGLU.dylib
0x00007fff4f197000 	/System/Library/Frameworks/OpenGL.framework/Versions/A/Libraries/libGFXShared.dylib
0x00007fff4f1a1000 	/System/Library/Frameworks/OpenGL.framework/Versions/A/Libraries/libGL.dylib
0x00007fff4f1ad000 	/System/Library/Frameworks/OpenGL.framework/Versions/A/Libraries/libGLImage.dylib
0x00007fff4f189000 	/System/Library/Frameworks/OpenGL.framework/Versions/A/Libraries/libCVMSPluginSupport.dylib
0x00007fff4f192000 	/System/Library/Frameworks/OpenGL.framework/Versions/A/Libraries/libCoreVMClient.dylib
0x00007fff6bdd1000 	/usr/lib/libcups.2.dylib
0x00007fff49558000 	/System/Library/Frameworks/Kerberos.framework/Versions/A/Kerberos
0x00007fff47d1e000 	/System/Library/Frameworks/GSS.framework/Versions/A/GSS
0x00007fff6ced5000 	/usr/lib/libresolv.9.dylib
0x00007fff6bfcf000 	/usr/lib/libiconv.2.dylib
0x00007fff5f09d000 	/System/Library/PrivateFrameworks/Heimdal.framework/Versions/A/Heimdal
0x00007fff6bf9e000 	/usr/lib/libheimdal-asn1.dylib
0x00007fff4dfff000 	/System/Library/Frameworks/OpenDirectory.framework/Versions/A/OpenDirectory
0x00007fff57e3d000 	/System/Library/PrivateFrameworks/CommonAuth.framework/Versions/A/CommonAuth
0x00007fff4dfe2000 	/System/Library/Frameworks/OpenDirectory.framework/Versions/A/Frameworks/CFOpenDirectory.framework/Versions/A/CFOpenDirectory
0x00007fff51918000 	/System/Library/Frameworks/SecurityFoundation.framework/Versions/A/SecurityFoundation
0x00007fff54cec000 	/System/Library/PrivateFrameworks/APFS.framework/Versions/A/APFS
0x00007fff6d30a000 	/usr/lib/libutil.dylib
0x00007fff55baa000 	/System/Library/PrivateFrameworks/AppleSauce.framework/Versions/A/AppleSauce
0x00007fff60209000 	/System/Library/PrivateFrameworks/LinguisticData.framework/Versions/A/LinguisticData
0x00007fff6c351000 	/usr/lib/libmarisa.dylib
0x00007fff601c3000 	/System/Library/PrivateFrameworks/Lexicon.framework/Versions/A/Lexicon
0x00007fff6af4e000 	/usr/lib/libChineseTokenizer.dylib
0x00007fff6b613000 	/usr/lib/libcmph.dylib
0x00007fff600cd000 	/System/Library/PrivateFrameworks/LanguageModeling.framework/Versions/A/LanguageModeling
0x00007fff5894c000 	/System/Library/PrivateFrameworks/CoreEmoji.framework/Versions/A/CoreEmoji
0x00007fff519d6000 	/System/Library/Frameworks/ServiceManagement.framework/Versions/A/ServiceManagement
0x00007fff563f4000 	/System/Library/PrivateFrameworks/BackgroundTaskManagement.framework/Versions/A/BackgroundTaskManagement
0x00007fff6d407000 	/usr/lib/libxslt.1.dylib
0x00007fff44dd6000 	/System/Library/Frameworks/Carbon.framework/Versions/A/Frameworks/Ink.framework/Versions/A/Ink
0x00007fff69298000 	/System/Library/PrivateFrameworks/TextureIO.framework/Versions/A/TextureIO
0x00007fff6b438000 	/usr/lib/libate.dylib
0x00007fff59a26000 	/System/Library/PrivateFrameworks/CrashReporterSupport.framework/Versions/A/CrashReporterSupport
0x00007fff665e8000 	/System/Library/PrivateFrameworks/Sharing.framework/Versions/A/Sharing
0x00007fff5fe0e000 	/System/Library/PrivateFrameworks/IconServices.framework/Versions/A/IconServices
0x00007fff56024000 	/System/Library/PrivateFrameworks/AuthKit.framework/Versions/A/AuthKit
0x00007fff559aa000 	/System/Library/PrivateFrameworks/Apple80211.framework/Versions/A/Apple80211
0x00007fff5983b000 	/System/Library/PrivateFrameworks/CoreUtils.framework/Versions/A/CoreUtils
0x00007fff4741b000 	/System/Library/Frameworks/CoreWLAN.framework/Versions/A/CoreWLAN
0x00007fff47e60000 	/System/Library/Frameworks/IOBluetooth.framework/Versions/A/IOBluetooth
0x00007fff64ab1000 	/System/Library/PrivateFrameworks/ProtocolBuffer.framework/Versions/A/ProtocolBuffer
0x00007fff6110b000 	/System/Library/PrivateFrameworks/MobileKeyBag.framework/Versions/A/MobileKeyBag
0x00007fff590f0000 	/System/Library/PrivateFrameworks/CorePhoneNumbers.framework/Versions/A/CorePhoneNumbers
0x00007fff55ae2000 	/System/Library/PrivateFrameworks/AppleIDAuthSupport.framework/Versions/A/AppleIDAuthSupport
0x00007fff600b9000 	/System/Library/PrivateFrameworks/KeychainCircle.framework/Versions/A/KeychainCircle
0x00007fff599c1000 	/System/Library/PrivateFrameworks/CoreWiFi.framework/Versions/A/CoreWiFi
0x00007fff45321000 	/System/Library/Frameworks/CoreBluetooth.framework/Versions/A/CoreBluetooth
0x00007fff59c10000 	/System/Library/PrivateFrameworks/DebugSymbols.framework/Versions/A/DebugSymbols
0x00007fff595f1000 	/System/Library/PrivateFrameworks/CoreSymbolication.framework/Versions/A/CoreSymbolication
0x00007fff68a89000 	/System/Library/PrivateFrameworks/Symbolication.framework/Versions/A/Symbolication
0x00007fff559d4000 	/System/Library/PrivateFrameworks/AppleFSCompression.framework/Versions/A/AppleFSCompression
0x00007fff67ed6000 	/System/Library/PrivateFrameworks/SpeechRecognitionCore.framework/Versions/A/SpeechRecognitionCore
0x00007fff3dcbb000 	/System/Library/CoreServices/Encodings/libJapaneseConverter.dylib
0x000000010e800000 	/Library/Java/JavaVirtualMachines/jdk-10.jdk/Contents/Home/lib/server/libjvm.dylib
0x00007fff6d1d7000 	/usr/lib/libstdc++.6.0.9.dylib
0x000000010df2f000 	/Library/Java/JavaVirtualMachines/jdk-10.jdk/Contents/Home/lib/libverify.dylib
0x000000010df3c000 	/Library/Java/JavaVirtualMachines/jdk-10.jdk/Contents/Home/lib/libjava.dylib
0x000000010dfbb000 	/Library/Java/JavaVirtualMachines/jdk-10.jdk/Contents/Home/lib/libzip.dylib
0x000000010dfc3000 	/Library/Java/JavaVirtualMachines/jdk-10.jdk/Contents/Home/lib/libjimage.dylib
0x000000010dfe1000 	/Library/Java/JavaVirtualMachines/jdk-10.jdk/Contents/Home/lib/libnio.dylib
0x0000000117531000 	/Library/Java/JavaVirtualMachines/jdk-10.jdk/Contents/Home/lib/./libnet.dylib
0x00000001175d0000 	/Library/Java/JavaVirtualMachines/jdk-10.jdk/Contents/Home/lib/libawt.dylib
0x0000000117675000 	/Library/Java/JavaVirtualMachines/jdk-10.jdk/Contents/Home/lib/./libmlib_image.dylib
0x00007fff49541000 	/System/Library/Frameworks/JavaVM.framework/Versions/A/Frameworks/JavaNativeFoundation.framework/Versions/A/JavaNativeFoundation
0x00007fff4954a000 	/System/Library/Frameworks/JavaVM.framework/Versions/A/Frameworks/JavaRuntimeSupport.framework/Versions/A/JavaRuntimeSupport
0x00007fff49553000 	/System/Library/Frameworks/JavaVM.framework/Versions/A/JavaVM
0x00007fff5ffcf000 	/System/Library/PrivateFrameworks/JavaLaunching.framework/Versions/A/JavaLaunching
0x00007fff44ac1000 	/System/Library/Frameworks/Carbon.framework/Versions/A/Carbon
0x00007fff44ac2000 	/System/Library/Frameworks/Carbon.framework/Versions/A/Frameworks/CommonPanels.framework/Versions/A/CommonPanels
0x00007fff44dcc000 	/System/Library/Frameworks/Carbon.framework/Versions/A/Frameworks/Help.framework/Versions/A/Help
0x00007fff44dd0000 	/System/Library/Frameworks/Carbon.framework/Versions/A/Frameworks/ImageCapture.framework/Versions/A/ImageCapture
0x00007fff44e6c000 	/System/Library/Frameworks/Carbon.framework/Versions/A/Frameworks/OpenScripting.framework/Versions/A/OpenScripting
0x00007fff44ea7000 	/System/Library/Frameworks/Carbon.framework/Versions/A/Frameworks/Print.framework/Versions/A/Print
0x00007fff44ea9000 	/System/Library/Frameworks/Carbon.framework/Versions/A/Frameworks/SecurityHI.framework/Versions/A/SecurityHI
0x00000001176e3000 	/Library/Java/JavaVirtualMachines/jdk-10.jdk/Contents/Home/lib/libawt_lwawt.dylib
0x00000001177a3000 	/Library/Java/JavaVirtualMachines/jdk-10.jdk/Contents/Home/lib/./libosxapp.dylib
0x00007fff478c0000 	/System/Library/Frameworks/ExceptionHandling.framework/Versions/A/ExceptionHandling
0x000000010dff1000 	/Users/ochihideji/Desktop/Zugaku/Chap17/libgluegen-rt.jnilib
0x00000001179f5000 	/Library/Java/JavaVirtualMachines/jdk-10.jdk/Contents/Home/lib/libfontmanager.dylib
0x00007fff59283000 	/System/Library/PrivateFrameworks/CoreServicesInternal.framework/Versions/A/CoreServicesInternal
0x00007fff3dd3d000 	/System/Library/CoreServices/RawCamera.bundle/Contents/MacOS/RawCamera
0x00007fff60f94000 	/System/Library/PrivateFrameworks/MobileAsset.framework/Versions/A/MobileAsset
0x00007fff68390000 	/System/Library/PrivateFrameworks/StreamingZip.framework/Versions/A/StreamingZip
0x00007fff498e7000 	/System/Library/Frameworks/MediaToolbox.framework/Versions/A/MediaToolbox
0x00007fff5858b000 	/System/Library/PrivateFrameworks/CoreAVCHD.framework/Versions/A/CoreAVCHD
0x00007fff49830000 	/System/Library/Frameworks/MediaAccessibility.framework/Versions/A/MediaAccessibility
0x00007fff60a0f000 	/System/Library/PrivateFrameworks/Mangrove.framework/Versions/A/Mangrove
0x00007fff467b9000 	/System/Library/Frameworks/CoreMedia.framework/Versions/A/CoreMedia
0x00007fff51fa4000 	/System/Library/Frameworks/VideoToolbox.framework/Versions/A/VideoToolbox
0x00007fff58182000 	/System/Library/PrivateFrameworks/CoreAUC.framework/Versions/A/CoreAUC
0x00007fff6cf40000 	/usr/lib/libspindump.dylib
0x00007fff55c9f000 	/System/Library/PrivateFrameworks/AppleVA.framework/Versions/A/AppleVA
0x00007fff41d00000 	/System/Library/Frameworks/Accelerate.framework/Versions/A/Frameworks/vImage.framework/Versions/A/Libraries/libCGInterfaces.dylib
0x00007fff43f27000 	/System/Library/Frameworks/ApplicationServices.framework/Versions/A/Frameworks/ATS.framework/Versions/A/Resources/libTrueTypeScaler.dylib
0x00007fff3f90c000 	/System/Library/Extensions/AppleIntelSKLGraphicsMTLDriver.bundle/Contents/MacOS/AppleIntelSKLGraphicsMTLDriver
0x00007fff5cc24000 	/System/Library/PrivateFrameworks/GPUCompiler.framework/Versions/3802/Libraries/libmetal_timestamp.dylib
0x00007fff6a28a000 	/System/Library/PrivateFrameworks/ViewBridge.framework/Versions/A/ViewBridge
0x00000001178cb000 	/Users/ochihideji/Desktop/Zugaku/Chap17/libnativewindow_awt.jnilib
0x00000001178ce000 	/Library/Java/JavaVirtualMachines/jdk-10.jdk/Contents/Home/lib/libjawt.dylib
0x00007fff4fd1d000 	/System/Library/Frameworks/OpenGL.framework/Versions/A/Resources/GLEngine.bundle/GLEngine
0x00007fff4f1e9000 	/System/Library/Frameworks/OpenGL.framework/Versions/A/Libraries/libGLProgrammability.dylib
0x0000000137854000 	/System/Library/Extensions/AppleIntelSKLGraphicsGLDriver.bundle/Contents/MacOS/AppleIntelSKLGraphicsGLDriver
0x00007fff5e284000 	/System/Library/PrivateFrameworks/GPUSupport.framework/Versions/A/Libraries/libGPUSupportMercury.dylib
0x00007fff4feb5000 	/System/Library/Frameworks/OpenGL.framework/Versions/A/Resources/GLRendererFloat.bundle/GLRendererFloat
0x00007fff4df7e000 	/System/Library/Frameworks/OpenCL.framework/Versions/A/Libraries/libcldcpuengine.dylib
0x00007fff6ba99000 	/usr/lib/libcrypto.35.dylib
0x00007fff693ff000 	/System/Library/PrivateFrameworks/TrustEvaluationAgent.framework/Versions/A/TrustEvaluationAgent
0x000000013914d000 	/Users/ochihideji/Desktop/Zugaku/Chap17/libnativewindow_macosx.jnilib
0x000000013987b000 	/Users/ochihideji/Desktop/Zugaku/Chap17/libjogl_desktop.jnilib


VM Arguments:
java_command: CylinderShade 64
java_class_path (initial): .
Launcher Type: SUN_STANDARD

Logging:
Log output configuration:
#0: stdout all=warning uptime,level,tags
#1: stderr all=off uptime,level,tags

Environment Variables:
PATH=/anaconda3/bin:/usr/local/bin:/usr/bin:/bin:/usr/sbin:/sbin:/Library/TeX/texbin
SHELL=/bin/bash

Signal Handlers:
SIGSEGV: [libjvm.dylib+0x799984], sa_mask[0]=11111111011111110111111111111111, sa_flags=SA_ONSTACK|SA_RESTART|SA_SIGINFO
SIGBUS: [libjvm.dylib+0x799984], sa_mask[0]=11111111011111110111111111111111, sa_flags=SA_RESTART|SA_SIGINFO
SIGFPE: [libjvm.dylib+0x799984], sa_mask[0]=11111111011111110111111111111111, sa_flags=SA_RESTART|SA_SIGINFO
SIGPIPE: [libjvm.dylib+0x6347c0], sa_mask[0]=11111111011111110111111111111111, sa_flags=SA_RESTART|SA_SIGINFO
SIGXFSZ: [libjvm.dylib+0x6347c0], sa_mask[0]=11111111011111110111111111111111, sa_flags=SA_RESTART|SA_SIGINFO
SIGILL: [libjvm.dylib+0x799984], sa_mask[0]=11111111011111110111111111111111, sa_flags=SA_RESTART|SA_SIGINFO
SIGUSR2: [libjvm.dylib+0x635050], sa_mask[0]=00000000000000000000000000000000, sa_flags=SA_RESTART|SA_SIGINFO
SIGHUP: [libjvm.dylib+0x63383b], sa_mask[0]=11111111011111110111111111111111, sa_flags=SA_RESTART|SA_SIGINFO
SIGINT: [libjvm.dylib+0x63383b], sa_mask[0]=11111111011111110111111111111111, sa_flags=SA_RESTART|SA_SIGINFO
SIGTERM: [libjvm.dylib+0x63383b], sa_mask[0]=11111111011111110111111111111111, sa_flags=SA_RESTART|SA_SIGINFO
SIGQUIT: [libjvm.dylib+0x63383b], sa_mask[0]=11111111011111110111111111111111, sa_flags=SA_RESTART|SA_SIGINFO


---------------  S Y S T E M  ---------------

OS:uname:Darwin 17.7.0 Darwin Kernel Version 17.7.0: Thu Jun 21 22:53:14 PDT 2018; root:xnu-4570.71.2~1/RELEASE_X86_64 x86_64
rlimit: STACK 8192k, CORE 0k, NPROC 709, NOFILE 10240, AS infinity, DATA infinity, FSIZE infinity
load average:2.64 1.99 1.85

CPU:total 4 (initial active 4) (2 cores per cpu, 2 threads per core) family 6 model 78 stepping 3, cmov, cx8, fxsr, mmx, sse, sse2, sse3, ssse3, sse4.1, sse4.2, popcnt, avx, avx2, aes, clmul, erms, rtm, 3dnowpref, lzcnt, ht, tsc, tscinvbit, bmi1, bmi2, adx, fma

Memory: 4k page, physical 8388608k(52072k free)

vm_info: Java HotSpot(TM) 64-Bit Server VM (10+46) for bsd-amd64 JRE (10+46), built on Mar  8 2018 02:10:00 by "mach5one" with gcc 4.2.1 Compatible Apple LLVM 6.1.0 (clang-602.0.49)

END.
