#
# A fatal error has been detected by the Java Runtime Environment:
#
#  SIGSEGV (0xb) at pc=0x000000010f68ff4e, pid=51461, tid=775
#
# JRE version: Java(TM) SE Runtime Environment (10.0+46) (build 10+46)
# Java VM: Java HotSpot(TM) 64-Bit Server VM (10+46, mixed mode, tiered, compressed oops, g1 gc, bsd-amd64)
# Problematic frame:
# C  [libosxapp.dylib+0x2f4e]  -[NSApplicationAWT sendEvent:]+0x179
#
# No core dump will be written. Core dumps have been disabled. To enable core dumping, try "ulimit -c unlimited" before starting Java again
#
# If you would like to submit a bug report, please visit:
#   http://bugreport.java.com/bugreport/crash.jsp
# The crash happened outside the Java Virtual Machine in native code.
# See problematic frame for where to report the bug.
#

---------------  S U M M A R Y ------------

Command Line: ObjectTranslate

Host: MacBookPro13,1 x86_64 2000 MHz, 4 cores, 8G, Darwin 17.6.0
Time: Sat Jul  7 22:48:04 2018 JST elapsed time: 2 seconds (0d 0h 0m 2s)

---------------  T H R E A D  ---------------

Current thread (0x00007ffdc500f800):  JavaThread "AppKit Thread" daemon [_thread_in_native, id=775, stack(0x00007ffee571b000,0x00007ffee5f1b000)]

Stack: [0x00007ffee571b000,0x00007ffee5f1b000],  sp=0x00007ffee5f18840,  free space=8182k
Native frames: (J=compiled Java code, A=aot compiled Java code, j=interpreted, Vv=VM code, C=native code)
C  [libosxapp.dylib+0x2f4e]  -[NSApplicationAWT sendEvent:]+0x179
C  [AppKit+0x368b5]  -[NSApplication run]+0x32c
C  [libosxapp.dylib+0x2bbc]  +[NSApplicationAWT runAWTLoopWithApp:]+0x9d
C  [libawt_lwawt.dylib+0x3a344]  +[AWTStarter starter:headless:]+0x342
C  [JavaNativeFoundation+0x6f4a]  +[JNFRunLoop _performCopiedBlock:]+0x11
C  [Foundation+0x682b5]  __NSThreadPerformPerform+0x14e
C  [CoreFoundation+0xa3a61]  __CFRUNLOOP_IS_CALLING_OUT_TO_A_SOURCE0_PERFORM_FUNCTION__+0x11
C  [CoreFoundation+0x15d47c]  __CFRunLoopDoSource0+0x6c
C  [CoreFoundation+0x864c0]  __CFRunLoopDoSources0+0xd0
C  [CoreFoundation+0x8593d]  __CFRunLoopRun+0x50d
C  [CoreFoundation+0x851a3]  CFRunLoopRunSpecific+0x1e3
C  [java+0x6bc3]  CreateExecutionEnvironment+0x191
C  [java+0x2ebc]  JLI_Launch+0x620
C  [java+0x1d4c]  main+0x180
C  [java+0x1bc4]  start+0x34
C  0x0000000000000002


siginfo: si_signo: 11 (SIGSEGV), si_code: 1 (SEGV_MAPERR), si_addr: 0x0000000000000010

Register to memory mapping:

RAX=0x0000000000000000 is an unknown value
RBX=0x0000000000000000 is an unknown value
RCX=0x000000000021e000 is an unknown value
RDX=0x000000000021e000 is an unknown value
RSP=0x00007ffee5f18840 is pointing into the stack for thread: 0x00007ffdc500f800
RBP=0x00007ffee5f18870 is pointing into the stack for thread: 0x00007ffdc500f800
RSI=0x00007fff318651e5: .str.41.llvm.DC87FEEF+0x4a728 in /System/Library/Frameworks/AppKit.framework/Versions/C/AppKit at 0x00007fff30b84000
RDI=0x0000000000000000 is an unknown value
R8 =0x000000000000003f is an unknown value
R9 =0x00007ffdc90394e0 is an unknown value
R10=0x00797a0100794600 is an unknown value
R11=0x00007fff30d30817: -[NSEvent data1]+0 in /System/Library/Frameworks/AppKit.framework/Versions/C/AppKit at 0x00007fff30b84000
R12=0x00007ffdc90394e0 is an unknown value
R13=0x00007ffdc4493900 is an unknown value
R14=0x00007fff5a80fe80: objc_msgSend+0 in /usr/lib/libobjc.A.dylib at 0x00007fff5a809000
R15=0x00007ffdc451abc0 is an unknown value


Registers:
RAX=0x0000000000000000, RBX=0x0000000000000000, RCX=0x000000000021e000, RDX=0x000000000021e000
RSP=0x00007ffee5f18840, RBP=0x00007ffee5f18870, RSI=0x00007fff318651e5, RDI=0x0000000000000000
R8 =0x000000000000003f, R9 =0x00007ffdc90394e0, R10=0x00797a0100794600, R11=0x00007fff30d30817
R12=0x00007ffdc90394e0, R13=0x00007ffdc4493900, R14=0x00007fff5a80fe80, R15=0x00007ffdc451abc0
RIP=0x000000010f68ff4e, EFLAGS=0x0000000000010246, ERR=0x0000000000000004
  TRAPNO=0x000000000000000e

Top of Stack: (sp=0x00007ffee5f18840)
0x00007ffee5f18840:   00007ffee5f18860 ffff800236fc6b20
0x00007ffee5f18850:   00007fff5a80fe80 00007fff5a80fe80
0x00007ffee5f18860:   0000000000000001 00007ffdc451abc0
0x00007ffee5f18870:   00007ffee5f18920 00007fff30bba8b5
0x00007ffee5f18880:   00007fff3185e211 00007ffdc451abc0
0x00007ffee5f18890:   00007fff31856ee0 00007fff3185f0fe
0x00007ffee5f188a0:   00007fff8d742178 00007fff31855b3d
0x00007ffee5f188b0:   00007fff31855813 0000000000000010
0x00007ffee5f188c0:   00007fff31855003 00007fff318651eb
0x00007ffee5f188d0:   00007fff31854e91 00007fff3185582d
0x00007ffee5f188e0:   00007fff31855859 0000000000000062
0x00007ffee5f188f0:   00007fff31855937 00007ffdc451abc0
0x00007ffee5f18900:   00007fff5a80fe80 000000010f694690
0x00007ffee5f18910:   00007fff3185e211 000000010f6946b0
0x00007ffee5f18920:   00007ffee5f18960 000000010f68fbbc
0x00007ffee5f18930:   0000000000000000 00007ffdc4782c60
0x00007ffee5f18940:   00007fff5a80fe80 00007ffdc451abc0
0x00007ffee5f18950:   00007ffdc4502d80 0000000000000000
0x00007ffee5f18960:   00007ffee5f189b0 000000010f607344
0x00007ffee5f18970:   00007ffdc451abc0 0000000000000000
0x00007ffee5f18980:   00007ffdc4502d80 00007ffdc475b680
0x00007ffee5f18990:   00007ffdc440ded0 00007fff31854e91
0x00007ffee5f189a0:   00007ffdc475b8b0 0000000000000000
0x00007ffee5f189b0:   00007ffee5f189d0 00007fff37368f4a
0x00007ffee5f189c0:   0000000000000018 0000000000000001
0x00007ffee5f189d0:   00007ffee5f18a50 00007fff357712b5
0x00007ffee5f189e0:   0000000000000001 00007fff31854f70
0x00007ffee5f189f0:   00007ffdc440ded0 00007ffdc4759b00
0x00007ffee5f18a00:   00007fff3185c372 00007fff318af3b7
0x00007ffee5f18a10:   00007fff3185c377 00007fff31855003
0x00007ffee5f18a20:   00007ffee5f18a60 00007fff35771167
0x00007ffee5f18a30:   0000000300002e88 0000000000000000 

Instructions: (pc=0x000000010f68ff4e)
0x000000010f68ff2e:   41 5f 5d c3 48 8b 35 1f 5d 00 00 4c 8b 35 48 41
0x000000010f68ff3e:   00 00 48 89 df 41 ff d6 48 89 c3 31 c0 48 89 df
0x000000010f68ff4e:   ff 53 10 48 8b 35 f0 5a 00 00 48 89 df 4c 89 f0
0x000000010f68ff5e:   48 83 c4 18 5b 41 5e 41 5f 5d ff e0 55 48 89 e5 


---------------  P R O C E S S  ---------------

Threads class SMR info:
_java_thread_list=0x00007ffdc453e990, length=15, elements={
0x00007ffdc480d000, 0x00007ffdc6089800, 0x00007ffdc5847000, 0x00007ffdc4858000,
0x00007ffdc483b000, 0x00007ffdc483c000, 0x00007ffdc4859000, 0x00007ffdc4859800,
0x00007ffdc609e800, 0x00007ffdc48e2800, 0x00007ffdc500f800, 0x00007ffdc6179800,
0x00007ffdc4adc000, 0x00007ffdc5942000, 0x00007ffdc50a5000
}

Java Threads: ( => current thread )
  0x00007ffdc480d000 JavaThread "main" [_thread_blocked, id=6915, stack(0x000000010b39d000,0x000000010b49d000)]
  0x00007ffdc6089800 JavaThread "Reference Handler" daemon [_thread_blocked, id=17155, stack(0x0000700003939000,0x0000700003a39000)]
  0x00007ffdc5847000 JavaThread "Finalizer" daemon [_thread_blocked, id=14595, stack(0x0000700003a3c000,0x0000700003b3c000)]
  0x00007ffdc4858000 JavaThread "Signal Dispatcher" daemon [_thread_blocked, id=22787, stack(0x0000700003b3f000,0x0000700003c3f000)]
  0x00007ffdc483b000 JavaThread "C2 CompilerThread0" daemon [_thread_blocked, id=42243, stack(0x0000700003c42000,0x0000700003d42000)]
  0x00007ffdc483c000 JavaThread "C2 CompilerThread1" daemon [_thread_blocked, id=41475, stack(0x0000700003d45000,0x0000700003e45000)]
  0x00007ffdc4859000 JavaThread "C1 CompilerThread2" daemon [_thread_blocked, id=23299, stack(0x0000700003e48000,0x0000700003f48000)]
  0x00007ffdc4859800 JavaThread "Sweeper thread" daemon [_thread_blocked, id=40451, stack(0x0000700003f4b000,0x000070000404b000)]
  0x00007ffdc609e800 JavaThread "Service Thread" daemon [_thread_blocked, id=24067, stack(0x000070000404e000,0x000070000414e000)]
  0x00007ffdc48e2800 JavaThread "Common-Cleaner" daemon [_thread_blocked, id=39939, stack(0x0000700004151000,0x0000700004251000)]
=>0x00007ffdc500f800 JavaThread "AppKit Thread" daemon [_thread_in_native, id=775, stack(0x00007ffee571b000,0x00007ffee5f1b000)]
  0x00007ffdc6179800 JavaThread "AWT-Shutdown" [_thread_blocked, id=33283, stack(0x0000700004357000,0x0000700004457000)]
  0x00007ffdc4adc000 JavaThread "Java2D Queue Flusher" daemon [_thread_blocked, id=76803, stack(0x0000700004666000,0x0000700004766000)]
  0x00007ffdc5942000 JavaThread "Java2D Disposer" daemon [_thread_blocked, id=75011, stack(0x0000700004769000,0x0000700004869000)]
  0x00007ffdc50a5000 JavaThread "AWT-EventQueue-0" [_thread_in_native, id=74499, stack(0x000070000486c000,0x000070000496c000)]

Other Threads:
  0x00007ffdc6077800 VMThread "VM Thread" [stack: 0x0000700003836000,0x0000700003936000] [id=17411]
  0x00007ffdc48e3000 WatcherThread [stack: 0x0000700004254000,0x0000700004354000] [id=39683]
  0x00007ffdc4816000 GCTaskThread "GC Thread#0" [stack: 0x0000700002d15000,0x0000700002e15000] [id=11267]
  0x00007ffdc6000000 GCTaskThread "GC Thread#1" [stack: 0x0000700002e18000,0x0000700002f18000] [id=11523]
  0x00007ffdc5801000 GCTaskThread "GC Thread#2" [stack: 0x0000700002f1b000,0x000070000301b000] [id=11779]
  0x00007ffdc6001000 GCTaskThread "GC Thread#3" [stack: 0x000070000301e000,0x000070000311e000] [id=20483]
  0x00007ffdc602a000 ConcurrentGCThread "G1 Main Marker" [stack: 0x0000700003121000,0x0000700003221000] [id=19971]
  0x00007ffdc602a800 ConcurrentGCThread "G1 Conc#0" [stack: 0x0000700003224000,0x0000700003324000] [id=19203]
  0x00007ffdc5842000 ConcurrentGCThread "G1 Refine#0" [stack: 0x0000700003327000,0x0000700003427000] [id=12547]
  0x00007ffdc602b800 ConcurrentGCThread "G1 Refine#1" [stack: 0x000070000342a000,0x000070000352a000] [id=18435]
  0x00007ffdc602c000 ConcurrentGCThread "G1 Refine#2" [stack: 0x000070000352d000,0x000070000362d000] [id=18179]
  0x00007ffdc602d000 ConcurrentGCThread "G1 Refine#3" [stack: 0x0000700003630000,0x0000700003730000] [id=13315]
  0x00007ffdc4822000 ConcurrentGCThread "G1 Young RemSet Sampling" [stack: 0x0000700003733000,0x0000700003833000] [id=13571]

Threads with active compile tasks:

VM state:not at safepoint (normal execution)

VM Mutex/Monitor currently owned by a thread: None

Heap address: 0x0000000740000000, size: 2048 MB, Compressed Oops mode: Zero based, Oop shift amount: 3
Narrow klass base: 0x0000000000000000, Narrow klass shift: 3
Compressed class space size: 1073741824 Address: 0x00000007c0000000

Heap:
 garbage-first heap   total 131072K, used 5191K [0x0000000740000000, 0x00000007c0000000)
  region size 1024K, 5 young (5120K), 2 survivors (2048K)
 Metaspace       used 16374K, capacity 16658K, committed 17024K, reserved 1064960K
  class space    used 1477K, capacity 1603K, committed 1664K, reserved 1048576K
Heap Regions: E=young(eden), S=young(survivor), O=old, HS=humongous(starts), HC=humongous(continues), CS=collection set, F=free, A=archive, TS=gc time stamp, AC=allocation context, TAMS=top-at-mark-start (previous, next)
|   0|0x0000000740000000, 0x0000000740000000, 0x0000000740100000|  0%| F|  |TS  1|AC  0|TAMS 0x0000000740000000, 0x0000000740000000|
|   1|0x0000000740100000, 0x0000000740200000, 0x0000000740200000|100%| O|  |TS  1|AC  0|TAMS 0x0000000740100000, 0x0000000740100000|
|   2|0x0000000740200000, 0x0000000740211c00, 0x0000000740300000|  6%| O|  |TS  1|AC  0|TAMS 0x0000000740200000, 0x0000000740200000|
|   3|0x0000000740300000, 0x0000000740300000, 0x0000000740400000|  0%| F|  |TS  0|AC  0|TAMS 0x0000000740300000, 0x0000000740300000|
|   4|0x0000000740400000, 0x0000000740400000, 0x0000000740500000|  0%| F|  |TS  0|AC  0|TAMS 0x0000000740400000, 0x0000000740400000|
|   5|0x0000000740500000, 0x0000000740500000, 0x0000000740600000|  0%| F|  |TS  0|AC  0|TAMS 0x0000000740500000, 0x0000000740500000|
|   6|0x0000000740600000, 0x0000000740600000, 0x0000000740700000|  0%| F|  |TS  0|AC  0|TAMS 0x0000000740600000, 0x0000000740600000|
|   7|0x0000000740700000, 0x0000000740700000, 0x0000000740800000|  0%| F|  |TS  0|AC  0|TAMS 0x0000000740700000, 0x0000000740700000|
|   8|0x0000000740800000, 0x0000000740800000, 0x0000000740900000|  0%| F|  |TS  0|AC  0|TAMS 0x0000000740800000, 0x0000000740800000|
|   9|0x0000000740900000, 0x0000000740900000, 0x0000000740a00000|  0%| F|  |TS  0|AC  0|TAMS 0x0000000740900000, 0x0000000740900000|
|  10|0x0000000740a00000, 0x0000000740a00000, 0x0000000740b00000|  0%| F|  |TS  0|AC  0|TAMS 0x0000000740a00000, 0x0000000740a00000|
|  11|0x0000000740b00000, 0x0000000740b00000, 0x0000000740c00000|  0%| F|  |TS  0|AC  0|TAMS 0x0000000740b00000, 0x0000000740b00000|
|  12|0x0000000740c00000, 0x0000000740c00000, 0x0000000740d00000|  0%| F|  |TS  0|AC  0|TAMS 0x0000000740c00000, 0x0000000740c00000|
|  13|0x0000000740d00000, 0x0000000740d00000, 0x0000000740e00000|  0%| F|  |TS  0|AC  0|TAMS 0x0000000740d00000, 0x0000000740d00000|
|  14|0x0000000740e00000, 0x0000000740e00000, 0x0000000740f00000|  0%| F|  |TS  0|AC  0|TAMS 0x0000000740e00000, 0x0000000740e00000|
|  15|0x0000000740f00000, 0x0000000740f00000, 0x0000000741000000|  0%| F|  |TS  0|AC  0|TAMS 0x0000000740f00000, 0x0000000740f00000|
|  16|0x0000000741000000, 0x0000000741000000, 0x0000000741100000|  0%| F|  |TS  0|AC  0|TAMS 0x0000000741000000, 0x0000000741000000|
|  17|0x0000000741100000, 0x0000000741100000, 0x0000000741200000|  0%| F|  |TS  0|AC  0|TAMS 0x0000000741100000, 0x0000000741100000|
|  18|0x0000000741200000, 0x0000000741200000, 0x0000000741300000|  0%| F|  |TS  0|AC  0|TAMS 0x0000000741200000, 0x0000000741200000|
|  19|0x0000000741300000, 0x0000000741300000, 0x0000000741400000|  0%| F|  |TS  0|AC  0|TAMS 0x0000000741300000, 0x0000000741300000|
|  20|0x0000000741400000, 0x0000000741400000, 0x0000000741500000|  0%| F|  |TS  0|AC  0|TAMS 0x0000000741400000, 0x0000000741400000|
|  21|0x0000000741500000, 0x0000000741500000, 0x0000000741600000|  0%| F|  |TS  0|AC  0|TAMS 0x0000000741500000, 0x0000000741500000|
|  22|0x0000000741600000, 0x0000000741600000, 0x0000000741700000|  0%| F|  |TS  0|AC  0|TAMS 0x0000000741600000, 0x0000000741600000|
|  23|0x0000000741700000, 0x0000000741700000, 0x0000000741800000|  0%| F|  |TS  0|AC  0|TAMS 0x0000000741700000, 0x0000000741700000|
|  24|0x0000000741800000, 0x0000000741800000, 0x0000000741900000|  0%| F|  |TS  0|AC  0|TAMS 0x0000000741800000, 0x0000000741800000|
|  25|0x0000000741900000, 0x0000000741900000, 0x0000000741a00000|  0%| F|  |TS  0|AC  0|TAMS 0x0000000741900000, 0x0000000741900000|
|  26|0x0000000741a00000, 0x0000000741a00000, 0x0000000741b00000|  0%| F|  |TS  0|AC  0|TAMS 0x0000000741a00000, 0x0000000741a00000|
|  27|0x0000000741b00000, 0x0000000741b00000, 0x0000000741c00000|  0%| F|  |TS  0|AC  0|TAMS 0x0000000741b00000, 0x0000000741b00000|
|  28|0x0000000741c00000, 0x0000000741c00000, 0x0000000741d00000|  0%| F|  |TS  0|AC  0|TAMS 0x0000000741c00000, 0x0000000741c00000|
|  29|0x0000000741d00000, 0x0000000741d00000, 0x0000000741e00000|  0%| F|  |TS  0|AC  0|TAMS 0x0000000741d00000, 0x0000000741d00000|
|  30|0x0000000741e00000, 0x0000000741e00000, 0x0000000741f00000|  0%| F|  |TS  0|AC  0|TAMS 0x0000000741e00000, 0x0000000741e00000|
|  31|0x0000000741f00000, 0x0000000741f00000, 0x0000000742000000|  0%| F|  |TS  0|AC  0|TAMS 0x0000000741f00000, 0x0000000741f00000|
|  32|0x0000000742000000, 0x0000000742000000, 0x0000000742100000|  0%| F|  |TS  0|AC  0|TAMS 0x0000000742000000, 0x0000000742000000|
|  33|0x0000000742100000, 0x0000000742100000, 0x0000000742200000|  0%| F|  |TS  0|AC  0|TAMS 0x0000000742100000, 0x0000000742100000|
|  34|0x0000000742200000, 0x0000000742200000, 0x0000000742300000|  0%| F|  |TS  0|AC  0|TAMS 0x0000000742200000, 0x0000000742200000|
|  35|0x0000000742300000, 0x0000000742300000, 0x0000000742400000|  0%| F|  |TS  0|AC  0|TAMS 0x0000000742300000, 0x0000000742300000|
|  36|0x0000000742400000, 0x0000000742400000, 0x0000000742500000|  0%| F|  |TS  0|AC  0|TAMS 0x0000000742400000, 0x0000000742400000|
|  37|0x0000000742500000, 0x0000000742500000, 0x0000000742600000|  0%| F|  |TS  0|AC  0|TAMS 0x0000000742500000, 0x0000000742500000|
|  38|0x0000000742600000, 0x0000000742600000, 0x0000000742700000|  0%| F|  |TS  0|AC  0|TAMS 0x0000000742600000, 0x0000000742600000|
|  39|0x0000000742700000, 0x0000000742700000, 0x0000000742800000|  0%| F|  |TS  0|AC  0|TAMS 0x0000000742700000, 0x0000000742700000|
|  40|0x0000000742800000, 0x0000000742800000, 0x0000000742900000|  0%| F|  |TS  0|AC  0|TAMS 0x0000000742800000, 0x0000000742800000|
|  41|0x0000000742900000, 0x0000000742900000, 0x0000000742a00000|  0%| F|  |TS  0|AC  0|TAMS 0x0000000742900000, 0x0000000742900000|
|  42|0x0000000742a00000, 0x0000000742a00000, 0x0000000742b00000|  0%| F|  |TS  0|AC  0|TAMS 0x0000000742a00000, 0x0000000742a00000|
|  43|0x0000000742b00000, 0x0000000742b00000, 0x0000000742c00000|  0%| F|  |TS  0|AC  0|TAMS 0x0000000742b00000, 0x0000000742b00000|
|  44|0x0000000742c00000, 0x0000000742c00000, 0x0000000742d00000|  0%| F|  |TS  0|AC  0|TAMS 0x0000000742c00000, 0x0000000742c00000|
|  45|0x0000000742d00000, 0x0000000742d00000, 0x0000000742e00000|  0%| F|  |TS  0|AC  0|TAMS 0x0000000742d00000, 0x0000000742d00000|
|  46|0x0000000742e00000, 0x0000000742e00000, 0x0000000742f00000|  0%| F|  |TS  0|AC  0|TAMS 0x0000000742e00000, 0x0000000742e00000|
|  47|0x0000000742f00000, 0x0000000742f00000, 0x0000000743000000|  0%| F|  |TS  0|AC  0|TAMS 0x0000000742f00000, 0x0000000742f00000|
|  48|0x0000000743000000, 0x0000000743000000, 0x0000000743100000|  0%| F|  |TS  0|AC  0|TAMS 0x0000000743000000, 0x0000000743000000|
|  49|0x0000000743100000, 0x0000000743100000, 0x0000000743200000|  0%| F|  |TS  0|AC  0|TAMS 0x0000000743100000, 0x0000000743100000|
|  50|0x0000000743200000, 0x0000000743200000, 0x0000000743300000|  0%| F|  |TS  0|AC  0|TAMS 0x0000000743200000, 0x0000000743200000|
|  51|0x0000000743300000, 0x0000000743300000, 0x0000000743400000|  0%| F|  |TS  0|AC  0|TAMS 0x0000000743300000, 0x0000000743300000|
|  52|0x0000000743400000, 0x0000000743400000, 0x0000000743500000|  0%| F|  |TS  0|AC  0|TAMS 0x0000000743400000, 0x0000000743400000|
|  53|0x0000000743500000, 0x0000000743500000, 0x0000000743600000|  0%| F|  |TS  0|AC  0|TAMS 0x0000000743500000, 0x0000000743500000|
|  54|0x0000000743600000, 0x0000000743600000, 0x0000000743700000|  0%| F|  |TS  0|AC  0|TAMS 0x0000000743600000, 0x0000000743600000|
|  55|0x0000000743700000, 0x0000000743700000, 0x0000000743800000|  0%| F|  |TS  0|AC  0|TAMS 0x0000000743700000, 0x0000000743700000|
|  56|0x0000000743800000, 0x0000000743800000, 0x0000000743900000|  0%| F|  |TS  0|AC  0|TAMS 0x0000000743800000, 0x0000000743800000|
|  57|0x0000000743900000, 0x0000000743900000, 0x0000000743a00000|  0%| F|  |TS  0|AC  0|TAMS 0x0000000743900000, 0x0000000743900000|
|  58|0x0000000743a00000, 0x0000000743a00000, 0x0000000743b00000|  0%| F|  |TS  0|AC  0|TAMS 0x0000000743a00000, 0x0000000743a00000|
|  59|0x0000000743b00000, 0x0000000743b00000, 0x0000000743c00000|  0%| F|  |TS  0|AC  0|TAMS 0x0000000743b00000, 0x0000000743b00000|
|  60|0x0000000743c00000, 0x0000000743c00000, 0x0000000743d00000|  0%| F|  |TS  0|AC  0|TAMS 0x0000000743c00000, 0x0000000743c00000|
|  61|0x0000000743d00000, 0x0000000743d00000, 0x0000000743e00000|  0%| F|  |TS  0|AC  0|TAMS 0x0000000743d00000, 0x0000000743d00000|
|  62|0x0000000743e00000, 0x0000000743e00000, 0x0000000743f00000|  0%| F|  |TS  0|AC  0|TAMS 0x0000000743e00000, 0x0000000743e00000|
|  63|0x0000000743f00000, 0x0000000743f00000, 0x0000000744000000|  0%| F|  |TS  0|AC  0|TAMS 0x0000000743f00000, 0x0000000743f00000|
|  64|0x0000000744000000, 0x0000000744000000, 0x0000000744100000|  0%| F|  |TS  0|AC  0|TAMS 0x0000000744000000, 0x0000000744000000|
|  65|0x0000000744100000, 0x0000000744100000, 0x0000000744200000|  0%| F|  |TS  0|AC  0|TAMS 0x0000000744100000, 0x0000000744100000|
|  66|0x0000000744200000, 0x0000000744200000, 0x0000000744300000|  0%| F|  |TS  0|AC  0|TAMS 0x0000000744200000, 0x0000000744200000|
|  67|0x0000000744300000, 0x0000000744300000, 0x0000000744400000|  0%| F|  |TS  0|AC  0|TAMS 0x0000000744300000, 0x0000000744300000|
|  68|0x0000000744400000, 0x0000000744400000, 0x0000000744500000|  0%| F|  |TS  0|AC  0|TAMS 0x0000000744400000, 0x0000000744400000|
|  69|0x0000000744500000, 0x0000000744500000, 0x0000000744600000|  0%| F|  |TS  0|AC  0|TAMS 0x0000000744500000, 0x0000000744500000|
|  70|0x0000000744600000, 0x0000000744600000, 0x0000000744700000|  0%| F|  |TS  0|AC  0|TAMS 0x0000000744600000, 0x0000000744600000|
|  71|0x0000000744700000, 0x0000000744700000, 0x0000000744800000|  0%| F|  |TS  0|AC  0|TAMS 0x0000000744700000, 0x0000000744700000|
|  72|0x0000000744800000, 0x0000000744800000, 0x0000000744900000|  0%| F|  |TS  0|AC  0|TAMS 0x0000000744800000, 0x0000000744800000|
|  73|0x0000000744900000, 0x0000000744900000, 0x0000000744a00000|  0%| F|  |TS  0|AC  0|TAMS 0x0000000744900000, 0x0000000744900000|
|  74|0x0000000744a00000, 0x0000000744a00000, 0x0000000744b00000|  0%| F|  |TS  0|AC  0|TAMS 0x0000000744a00000, 0x0000000744a00000|
|  75|0x0000000744b00000, 0x0000000744b00000, 0x0000000744c00000|  0%| F|  |TS  0|AC  0|TAMS 0x0000000744b00000, 0x0000000744b00000|
|  76|0x0000000744c00000, 0x0000000744c00000, 0x0000000744d00000|  0%| F|  |TS  0|AC  0|TAMS 0x0000000744c00000, 0x0000000744c00000|
|  77|0x0000000744d00000, 0x0000000744d00000, 0x0000000744e00000|  0%| F|  |TS  0|AC  0|TAMS 0x0000000744d00000, 0x0000000744d00000|
|  78|0x0000000744e00000, 0x0000000744e00000, 0x0000000744f00000|  0%| F|  |TS  0|AC  0|TAMS 0x0000000744e00000, 0x0000000744e00000|
|  79|0x0000000744f00000, 0x0000000744f00000, 0x0000000745000000|  0%| F|  |TS  0|AC  0|TAMS 0x0000000744f00000, 0x0000000744f00000|
|  80|0x0000000745000000, 0x0000000745000000, 0x0000000745100000|  0%| F|  |TS  0|AC  0|TAMS 0x0000000745000000, 0x0000000745000000|
|  81|0x0000000745100000, 0x0000000745100000, 0x0000000745200000|  0%| F|  |TS  0|AC  0|TAMS 0x0000000745100000, 0x0000000745100000|
|  82|0x0000000745200000, 0x0000000745200000, 0x0000000745300000|  0%| F|  |TS  0|AC  0|TAMS 0x0000000745200000, 0x0000000745200000|
|  83|0x0000000745300000, 0x0000000745300000, 0x0000000745400000|  0%| F|  |TS  0|AC  0|TAMS 0x0000000745300000, 0x0000000745300000|
|  84|0x0000000745400000, 0x0000000745400000, 0x0000000745500000|  0%| F|  |TS  0|AC  0|TAMS 0x0000000745400000, 0x0000000745400000|
|  85|0x0000000745500000, 0x0000000745500000, 0x0000000745600000|  0%| F|  |TS  0|AC  0|TAMS 0x0000000745500000, 0x0000000745500000|
|  86|0x0000000745600000, 0x0000000745600000, 0x0000000745700000|  0%| F|  |TS  0|AC  0|TAMS 0x0000000745600000, 0x0000000745600000|
|  87|0x0000000745700000, 0x0000000745700000, 0x0000000745800000|  0%| F|  |TS  0|AC  0|TAMS 0x0000000745700000, 0x0000000745700000|
|  88|0x0000000745800000, 0x0000000745800000, 0x0000000745900000|  0%| F|  |TS  0|AC  0|TAMS 0x0000000745800000, 0x0000000745800000|
|  89|0x0000000745900000, 0x0000000745900000, 0x0000000745a00000|  0%| F|  |TS  0|AC  0|TAMS 0x0000000745900000, 0x0000000745900000|
|  90|0x0000000745a00000, 0x0000000745a00000, 0x0000000745b00000|  0%| F|  |TS  0|AC  0|TAMS 0x0000000745a00000, 0x0000000745a00000|
|  91|0x0000000745b00000, 0x0000000745b00000, 0x0000000745c00000|  0%| F|  |TS  0|AC  0|TAMS 0x0000000745b00000, 0x0000000745b00000|
|  92|0x0000000745c00000, 0x0000000745c00000, 0x0000000745d00000|  0%| F|  |TS  0|AC  0|TAMS 0x0000000745c00000, 0x0000000745c00000|
|  93|0x0000000745d00000, 0x0000000745d00000, 0x0000000745e00000|  0%| F|  |TS  0|AC  0|TAMS 0x0000000745d00000, 0x0000000745d00000|
|  94|0x0000000745e00000, 0x0000000745e00000, 0x0000000745f00000|  0%| F|  |TS  0|AC  0|TAMS 0x0000000745e00000, 0x0000000745e00000|
|  95|0x0000000745f00000, 0x0000000745f00000, 0x0000000746000000|  0%| F|  |TS  0|AC  0|TAMS 0x0000000745f00000, 0x0000000745f00000|
|  96|0x0000000746000000, 0x0000000746000000, 0x0000000746100000|  0%| F|  |TS  0|AC  0|TAMS 0x0000000746000000, 0x0000000746000000|
|  97|0x0000000746100000, 0x0000000746100000, 0x0000000746200000|  0%| F|  |TS  0|AC  0|TAMS 0x0000000746100000, 0x0000000746100000|
|  98|0x0000000746200000, 0x0000000746200000, 0x0000000746300000|  0%| F|  |TS  0|AC  0|TAMS 0x0000000746200000, 0x0000000746200000|
|  99|0x0000000746300000, 0x0000000746300000, 0x0000000746400000|  0%| F|  |TS  0|AC  0|TAMS 0x0000000746300000, 0x0000000746300000|
| 100|0x0000000746400000, 0x0000000746400000, 0x0000000746500000|  0%| F|  |TS  0|AC  0|TAMS 0x0000000746400000, 0x0000000746400000|
| 101|0x0000000746500000, 0x0000000746500000, 0x0000000746600000|  0%| F|  |TS  0|AC  0|TAMS 0x0000000746500000, 0x0000000746500000|
| 102|0x0000000746600000, 0x0000000746600000, 0x0000000746700000|  0%| F|  |TS  0|AC  0|TAMS 0x0000000746600000, 0x0000000746600000|
| 103|0x0000000746700000, 0x0000000746700000, 0x0000000746800000|  0%| F|  |TS  0|AC  0|TAMS 0x0000000746700000, 0x0000000746700000|
| 104|0x0000000746800000, 0x0000000746800000, 0x0000000746900000|  0%| F|  |TS  0|AC  0|TAMS 0x0000000746800000, 0x0000000746800000|
| 105|0x0000000746900000, 0x0000000746900000, 0x0000000746a00000|  0%| F|  |TS  0|AC  0|TAMS 0x0000000746900000, 0x0000000746900000|
| 106|0x0000000746a00000, 0x0000000746a00000, 0x0000000746b00000|  0%| F|  |TS  0|AC  0|TAMS 0x0000000746a00000, 0x0000000746a00000|
| 107|0x0000000746b00000, 0x0000000746b00000, 0x0000000746c00000|  0%| F|  |TS  0|AC  0|TAMS 0x0000000746b00000, 0x0000000746b00000|
| 108|0x0000000746c00000, 0x0000000746c00000, 0x0000000746d00000|  0%| F|  |TS  0|AC  0|TAMS 0x0000000746c00000, 0x0000000746c00000|
| 109|0x0000000746d00000, 0x0000000746d00000, 0x0000000746e00000|  0%| F|  |TS  0|AC  0|TAMS 0x0000000746d00000, 0x0000000746d00000|
| 110|0x0000000746e00000, 0x0000000746e00000, 0x0000000746f00000|  0%| F|  |TS  0|AC  0|TAMS 0x0000000746e00000, 0x0000000746e00000|
| 111|0x0000000746f00000, 0x0000000746f00000, 0x0000000747000000|  0%| F|  |TS  0|AC  0|TAMS 0x0000000746f00000, 0x0000000746f00000|
| 112|0x0000000747000000, 0x0000000747100000, 0x0000000747100000|100%| S|CS|TS  1|AC  0|TAMS 0x0000000747000000, 0x0000000747000000|
| 113|0x0000000747100000, 0x0000000747200000, 0x0000000747200000|100%| S|CS|TS  1|AC  0|TAMS 0x0000000747100000, 0x0000000747100000|
| 114|0x0000000747200000, 0x0000000747200000, 0x0000000747300000|  0%| F|  |TS  1|AC  0|TAMS 0x0000000747200000, 0x0000000747200000|
| 115|0x0000000747300000, 0x0000000747300000, 0x0000000747400000|  0%| F|  |TS  1|AC  0|TAMS 0x0000000747300000, 0x0000000747300000|
| 116|0x0000000747400000, 0x0000000747400000, 0x0000000747500000|  0%| F|  |TS  1|AC  0|TAMS 0x0000000747400000, 0x0000000747400000|
| 117|0x0000000747500000, 0x0000000747500000, 0x0000000747600000|  0%| F|  |TS  1|AC  0|TAMS 0x0000000747500000, 0x0000000747500000|
| 118|0x0000000747600000, 0x0000000747600000, 0x0000000747700000|  0%| F|  |TS  1|AC  0|TAMS 0x0000000747600000, 0x0000000747600000|
| 119|0x0000000747700000, 0x0000000747700000, 0x0000000747800000|  0%| F|  |TS  1|AC  0|TAMS 0x0000000747700000, 0x0000000747700000|
| 120|0x0000000747800000, 0x0000000747800000, 0x0000000747900000|  0%| F|  |TS  1|AC  0|TAMS 0x0000000747800000, 0x0000000747800000|
| 121|0x0000000747900000, 0x0000000747900000, 0x0000000747a00000|  0%| F|  |TS  1|AC  0|TAMS 0x0000000747900000, 0x0000000747900000|
| 122|0x0000000747a00000, 0x0000000747a00000, 0x0000000747b00000|  0%| F|  |TS  1|AC  0|TAMS 0x0000000747a00000, 0x0000000747a00000|
| 123|0x0000000747b00000, 0x0000000747b00000, 0x0000000747c00000|  0%| F|  |TS  1|AC  0|TAMS 0x0000000747b00000, 0x0000000747b00000|
| 124|0x0000000747c00000, 0x0000000747c00000, 0x0000000747d00000|  0%| F|  |TS  1|AC  0|TAMS 0x0000000747c00000, 0x0000000747c00000|
| 125|0x0000000747d00000, 0x0000000747e00000, 0x0000000747e00000|100%| E|  |TS  1|AC  0|TAMS 0x0000000747d00000, 0x0000000747d00000|
| 126|0x0000000747e00000, 0x0000000747f00000, 0x0000000747f00000|100%| E|CS|TS  1|AC  0|TAMS 0x0000000747e00000, 0x0000000747e00000|
| 127|0x0000000747f00000, 0x0000000748000000, 0x0000000748000000|100%| E|CS|TS  1|AC  0|TAMS 0x0000000747f00000, 0x0000000747f00000|

Card table byte_map: [0x000000010be75000,0x000000010c275000] byte_map_base: 0x0000000108475000

Marking Bits (Prev, Next): (CMBitMap*) 0x00007ffdc6029460, (CMBitMap*) 0x00007ffdc6029498
 Prev Bits: [0x000000010c675000, 0x000000010e675000)
 Next Bits: [0x000000012a922000, 0x000000012c922000)

Polling page: 0x0000000109d5a000

CodeHeap 'non-profiled nmethods': size=120032Kb used=319Kb max_used=319Kb free=119712Kb
 bounds [0x00000001233ea000, 0x000000012365a000, 0x000000012a922000]
CodeHeap 'profiled nmethods': size=120032Kb used=1418Kb max_used=1418Kb free=118613Kb
 bounds [0x000000011beb2000, 0x000000011c122000, 0x00000001233ea000]
CodeHeap 'non-nmethods': size=5696Kb used=1337Kb max_used=1363Kb free=4359Kb
 bounds [0x000000011b922000, 0x000000011bb92000, 0x000000011beb2000]
 total_blobs=1822 nmethods=844 adapters=724
 compilation: enabled

Compilation events (10 events):
Event: 2.157 Thread 0x00007ffdc4859000 nmethod 837 0x000000011c013310 code [0x000000011c0134e0, 0x000000011c013728]
Event: 2.157 Thread 0x00007ffdc4859000  838       3       java.nio.MappedByteBuffer::<init> (15 bytes)
Event: 2.157 Thread 0x00007ffdc4859000 nmethod 838 0x000000011c013810 code [0x000000011c0139e0, 0x000000011c013c28]
Event: 2.157 Thread 0x00007ffdc4859000  839       3       java.nio.ByteBuffer::<init> (12 bytes)
Event: 2.157 Thread 0x00007ffdc4859000 nmethod 839 0x000000011c013d10 code [0x000000011c013ec0, 0x000000011c014068]
Event: 2.157 Thread 0x00007ffdc4859000  835       3       java.util.Optional::empty (6 bytes)
Event: 2.157 Thread 0x00007ffdc4859000 nmethod 835 0x000000011c014110 code [0x000000011c0142c0, 0x000000011c0143f0]
Event: 2.161 Thread 0x00007ffdc483b000 nmethod 841 0x0000000123439210 code [0x00000001234393a0, 0x0000000123439638]
Event: 2.164 Thread 0x00007ffdc4859000  843       3       sun.util.locale.LocaleUtils::isUpper (18 bytes)
Event: 2.164 Thread 0x00007ffdc4859000 nmethod 843 0x000000011c014490 code [0x000000011c014640, 0x000000011c014810]

GC Heap History (2 events):
Event: 1.907 GC heap before
{Heap before GC invocations=0 (full 0):
 garbage-first heap   total 131072K, used 15360K [0x0000000740000000, 0x00000007c0000000)
  region size 1024K, 14 young (14336K), 0 survivors (0K)
 Metaspace       used 14991K, capacity 15183K, committed 15488K, reserved 1062912K
  class space    used 1283K, capacity 1383K, committed 1408K, reserved 1048576K
}
Event: 1.917 GC heap after
{Heap after GC invocations=1 (full 0):
 garbage-first heap   total 131072K, used 3143K [0x0000000740000000, 0x00000007c0000000)
  region size 1024K, 2 young (2048K), 2 survivors (2048K)
 Metaspace       used 14991K, capacity 15183K, committed 15488K, reserved 1062912K
  class space    used 1283K, capacity 1383K, committed 1408K, reserved 1048576K
}

Deoptimization events (5 events):
Event: 0.125 Thread 0x00007ffdc480d000 Uncommon trap: reason=unstable_if action=reinterpret pc=0x00000001233eceec method=java.lang.String.hashCode()I @ 14 c2
Event: 0.337 Thread 0x00007ffdc480d000 Uncommon trap: reason=unstable_if action=reinterpret pc=0x0000000123407228 method=java.lang.StringLatin1.replace([BCC)Ljava/lang/String; @ 19 c2
Event: 1.582 Thread 0x00007ffdc480d000 Uncommon trap: reason=unstable_if action=reinterpret pc=0x0000000123421410 method=java.util.HashMap.getNode(ILjava/lang/Object;)Ljava/util/HashMap$Node; @ 116 c2
Event: 1.918 Thread 0x00007ffdc500f800 Uncommon trap: reason=unstable_if action=reinterpret pc=0x000000012341af6c method=java.util.concurrent.ConcurrentHashMap.get(Ljava/lang/Object;)Ljava/lang/Object; @ 152 c2
Event: 2.151 Thread 0x00007ffdc50a5000 Uncommon trap: reason=unstable_if action=reinterpret pc=0x0000000123400f2c method=java.lang.String.equals(Ljava/lang/Object;)Z @ 27 c2

Classes redefined (0 events):
No events

Internal exceptions (10 events):
Event: 1.907 Thread 0x00007ffdc500f800 Exception <a 'java/lang/NoSuchMethodError'{0x000000074798ec18}: method resolution failed> (0x000000074798ec18) thrown at [/scratch/mesos/slaves/450fa0f5-8733-43f8-b866-79fe3e86d200-S3216/frameworks/1735e8a2-a1db-478c-8104-60c8b0af87dd-0196/executors/ad79a
Event: 1.918 Thread 0x00007ffdc500f800 Exception <a 'java/lang/NoSuchMethodError'{0x0000000747f02e08}: method resolution failed> (0x0000000747f02e08) thrown at [/scratch/mesos/slaves/450fa0f5-8733-43f8-b866-79fe3e86d200-S3216/frameworks/1735e8a2-a1db-478c-8104-60c8b0af87dd-0196/executors/ad79a
Event: 1.920 Thread 0x00007ffdc5847000 Exception <a 'java/lang/NullPointerException'{0x0000000747f80800}> (0x0000000747f80800) thrown at [/scratch/mesos/slaves/450fa0f5-8733-43f8-b866-79fe3e86d200-S3216/frameworks/1735e8a2-a1db-478c-8104-60c8b0af87dd-0196/executors/ad79a8ee-9dbd-49c8-9c3a-82bc
Event: 1.927 Thread 0x00007ffdc500f800 Exception <a 'java/lang/NoSuchMethodError'{0x0000000747f0cff8}: java.lang.invoke.DirectMethodHandle$Holder.invokeSpecial(Ljava/lang/Object;Ljava/lang/Object;J)V> (0x0000000747f0cff8) thrown at [/scratch/mesos/slaves/450fa0f5-8733-43f8-b866-79fe3e86d200-S3
Event: 1.950 Thread 0x00007ffdc50a5000 Exception <a 'java/lang/NoSuchMethodError'{0x0000000747e83bb8}: method resolution failed> (0x0000000747e83bb8) thrown at [/scratch/mesos/slaves/450fa0f5-8733-43f8-b866-79fe3e86d200-S3216/frameworks/1735e8a2-a1db-478c-8104-60c8b0af87dd-0196/executors/ad79a
Event: 1.965 Thread 0x00007ffdc500f800 Exception <a 'java/lang/NoSuchMethodError'{0x0000000747f18818}: java.lang.invoke.DirectMethodHandle$Holder.invokeStatic(Ljava/lang/Object;J)V> (0x0000000747f18818) thrown at [/scratch/mesos/slaves/450fa0f5-8733-43f8-b866-79fe3e86d200-S3216/frameworks/1735
Event: 2.012 Thread 0x00007ffdc50a5000 Exception <a 'java/lang/NoSuchMethodError'{0x0000000747ed4cd8}: java.lang.invoke.DirectMethodHandle$Holder.invokeStatic(Ljava/lang/Object;JJ)V> (0x0000000747ed4cd8) thrown at [/scratch/mesos/slaves/450fa0f5-8733-43f8-b866-79fe3e86d200-S3216/frameworks/173
Event: 2.013 Thread 0x00007ffdc50a5000 Exception <a 'java/lang/NoSuchMethodError'{0x0000000747eda220}: java.lang.invoke.DirectMethodHandle$Holder.invokeStatic(Ljava/lang/Object;J)Ljava/lang/Object;> (0x0000000747eda220) thrown at [/scratch/mesos/slaves/450fa0f5-8733-43f8-b866-79fe3e86d200-S321
Event: 2.013 Thread 0x00007ffdc50a5000 Exception <a 'java/lang/NoSuchMethodError'{0x0000000747edd990}: method resolution failed> (0x0000000747edd990) thrown at [/scratch/mesos/slaves/450fa0f5-8733-43f8-b866-79fe3e86d200-S3216/frameworks/1735e8a2-a1db-478c-8104-60c8b0af87dd-0196/executors/ad79a
Event: 2.015 Thread 0x00007ffdc50a5000 Exception <a 'java/lang/NoSuchMethodError'{0x0000000747ee3648}: method resolution failed> (0x0000000747ee3648) thrown at [/scratch/mesos/slaves/450fa0f5-8733-43f8-b866-79fe3e86d200-S3216/frameworks/1735e8a2-a1db-478c-8104-60c8b0af87dd-0196/executors/ad79a

Events (10 events):
Event: 2.164 loading class java/awt/Window$1DisposeAction
Event: 2.164 loading class java/awt/Window$1DisposeAction done
Event: 2.164 loading class java/awt/KeyboardFocusManager$2
Event: 2.164 loading class java/awt/KeyboardFocusManager$2 done
Event: 2.165 loading class sun/awt/SunToolkit$1
Event: 2.165 loading class sun/awt/SunToolkit$1 done
Event: 2.170 Executing VM operation: RevokeBias
Event: 2.170 Executing VM operation: RevokeBias done
Event: 2.170 loading class jogamp/opengl/macosx/cgl/MacOSXCGLContext$NSOpenGLImpl$DetachGLLayerCmd
Event: 2.170 loading class jogamp/opengl/macosx/cgl/MacOSXCGLContext$NSOpenGLImpl$DetachGLLayerCmd done


Dynamic libraries:
0x00007fff32df1000 	/System/Library/Frameworks/Cocoa.framework/Versions/A/Cocoa
0x00007fff3f3fe000 	/System/Library/Frameworks/Security.framework/Versions/A/Security
0x00007fff31a34000 	/System/Library/Frameworks/ApplicationServices.framework/Versions/A/ApplicationServices
0x00007fff5b21f000 	/usr/lib/libz.1.dylib
0x00007fff59151000 	/usr/lib/libSystem.B.dylib
0x00007fff335a8000 	/System/Library/Frameworks/CoreFoundation.framework/Versions/A/CoreFoundation
0x00007fff35709000 	/System/Library/Frameworks/Foundation.framework/Versions/C/Foundation
0x00007fff5a809000 	/usr/lib/libobjc.A.dylib
0x00007fff30b84000 	/System/Library/Frameworks/AppKit.framework/Versions/C/AppKit
0x00007fff33169000 	/System/Library/Frameworks/CoreData.framework/Versions/A/CoreData
0x00007fff52a9b000 	/System/Library/PrivateFrameworks/RemoteViewServices.framework/Versions/A/RemoteViewServices
0x00007fff571f6000 	/System/Library/PrivateFrameworks/UIFoundation.framework/Versions/A/UIFoundation
0x00007fff478b4000 	/System/Library/PrivateFrameworks/DFRFoundation.framework/Versions/A/DFRFoundation
0x00007fff37d73000 	/System/Library/Frameworks/Metal.framework/Versions/A/Metal
0x00007fff47a51000 	/System/Library/PrivateFrameworks/DesktopServicesPriv.framework/Versions/A/DesktopServicesPriv
0x00007fff59d57000 	/usr/lib/libenergytrace.dylib
0x00007fff55262000 	/System/Library/PrivateFrameworks/SkyLight.framework/Versions/A/SkyLight
0x00007fff33a4b000 	/System/Library/Frameworks/CoreGraphics.framework/Versions/A/CoreGraphics
0x00007fff5914c000 	/usr/lib/libScreenReader.dylib
0x00007fff2fb1f000 	/System/Library/Frameworks/Accelerate.framework/Versions/A/Accelerate
0x00007fff35e82000 	/System/Library/Frameworks/IOSurface.framework/Versions/A/IOSurface
0x00007fff31f7e000 	/System/Library/Frameworks/AudioToolbox.framework/Versions/A/AudioToolbox
0x00007fff3220d000 	/System/Library/Frameworks/AudioUnit.framework/Versions/A/AudioUnit
0x00007fff4794c000 	/System/Library/PrivateFrameworks/DataDetectorsCore.framework/Versions/A/DataDetectorsCore
0x00007fff328e4000 	/System/Library/Frameworks/Carbon.framework/Versions/A/Frameworks/HIToolbox.framework/Versions/A/HIToolbox
0x00007fff59eb1000 	/usr/lib/libicucore.A.dylib
0x00007fff3e97e000 	/System/Library/Frameworks/QuartzCore.framework/Versions/A/QuartzCore
0x00007fff54518000 	/System/Library/PrivateFrameworks/SignpostNotification.framework/Versions/A/SignpostNotification
0x00007fff32cca000 	/System/Library/Frameworks/Carbon.framework/Versions/A/Frameworks/SpeechRecognition.framework/Versions/A/SpeechRecognition
0x00007fff592ad000 	/usr/lib/libauto.dylib
0x00007fff5b10e000 	/usr/lib/libxml2.2.dylib
0x00007fff47505000 	/System/Library/PrivateFrameworks/CoreUI.framework/Versions/A/CoreUI
0x00007fff33045000 	/System/Library/Frameworks/CoreAudio.framework/Versions/A/CoreAudio
0x00007fff35543000 	/System/Library/Frameworks/DiskArbitration.framework/Versions/A/DiskArbitration
0x00007fff5a125000 	/usr/lib/liblangid.dylib
0x00007fff4efa8000 	/System/Library/PrivateFrameworks/MultitouchSupport.framework/Versions/A/MultitouchSupport
0x00007fff35de5000 	/System/Library/Frameworks/IOKit.framework/Versions/A/IOKit
0x00007fff58ddb000 	/usr/lib/libDiagnosticMessagesClient.dylib
0x00007fff34721000 	/System/Library/Frameworks/CoreServices.framework/Versions/A/CoreServices
0x00007fff50ad8000 	/System/Library/PrivateFrameworks/PerformanceAnalysis.framework/Versions/A/PerformanceAnalysis
0x00007fff3db20000 	/System/Library/Frameworks/OpenGL.framework/Versions/A/OpenGL
0x00007fff32dff000 	/System/Library/Frameworks/ColorSync.framework/Versions/A/ColorSync
0x00007fff3405d000 	/System/Library/Frameworks/CoreImage.framework/Versions/A/CoreImage
0x00007fff350b1000 	/System/Library/Frameworks/CoreText.framework/Versions/A/CoreText
0x00007fff35ee0000 	/System/Library/Frameworks/ImageIO.framework/Versions/A/ImageIO
0x00007fff44203000 	/System/Library/PrivateFrameworks/Backup.framework/Versions/A/Backup
0x00007fff591fd000 	/usr/lib/libarchive.2.dylib
0x00007fff32530000 	/System/Library/Frameworks/CFNetwork.framework/Versions/A/CFNetwork
0x00007fff3fb8f000 	/System/Library/Frameworks/SystemConfiguration.framework/Versions/A/SystemConfiguration
0x00007fff58d04000 	/usr/lib/libCRFSuite.dylib
0x00007fff59386000 	/usr/lib/libc++.1.dylib
0x00007fff593dd000 	/usr/lib/libc++abi.dylib
0x00007fff5b2cd000 	/usr/lib/system/libcache.dylib
0x00007fff5b2d2000 	/usr/lib/system/libcommonCrypto.dylib
0x00007fff5b2dd000 	/usr/lib/system/libcompiler_rt.dylib
0x00007fff5b2e5000 	/usr/lib/system/libcopyfile.dylib
0x00007fff5b2ef000 	/usr/lib/system/libcorecrypto.dylib
0x00007fff5b3fc000 	/usr/lib/system/libdispatch.dylib
0x00007fff5b436000 	/usr/lib/system/libdyld.dylib
0x00007fff5b454000 	/usr/lib/system/libkeymgr.dylib
0x00007fff5b462000 	/usr/lib/system/liblaunch.dylib
0x00007fff5b463000 	/usr/lib/system/libmacho.dylib
0x00007fff5b468000 	/usr/lib/system/libquarantine.dylib
0x00007fff5b46b000 	/usr/lib/system/libremovefile.dylib
0x00007fff5b46d000 	/usr/lib/system/libsystem_asl.dylib
0x00007fff5b485000 	/usr/lib/system/libsystem_blocks.dylib
0x00007fff5b486000 	/usr/lib/system/libsystem_c.dylib
0x00007fff5b510000 	/usr/lib/system/libsystem_configuration.dylib
0x00007fff5b514000 	/usr/lib/system/libsystem_coreservices.dylib
0x00007fff5b518000 	/usr/lib/system/libsystem_darwin.dylib
0x00007fff5b51a000 	/usr/lib/system/libsystem_dnssd.dylib
0x00007fff5b521000 	/usr/lib/system/libsystem_info.dylib
0x00007fff5b592000 	/usr/lib/system/libsystem_m.dylib
0x00007fff5b5de000 	/usr/lib/system/libsystem_malloc.dylib
0x00007fff5b5fe000 	/usr/lib/system/libsystem_network.dylib
0x00007fff5b72f000 	/usr/lib/system/libsystem_networkextension.dylib
0x00007fff5b73a000 	/usr/lib/system/libsystem_notify.dylib
0x00007fff5b758000 	/usr/lib/system/libsystem_sandbox.dylib
0x00007fff5b75c000 	/usr/lib/system/libsystem_secinit.dylib
0x00007fff5b56b000 	/usr/lib/system/libsystem_kernel.dylib
0x00007fff5b744000 	/usr/lib/system/libsystem_platform.dylib
0x00007fff5b74c000 	/usr/lib/system/libsystem_pthread.dylib
0x00007fff5b75e000 	/usr/lib/system/libsystem_symptoms.dylib
0x00007fff5b766000 	/usr/lib/system/libsystem_trace.dylib
0x00007fff5b77b000 	/usr/lib/system/libunwind.dylib
0x00007fff5b781000 	/usr/lib/system/libxpc.dylib
0x00007fff58c17000 	/usr/lib/closure/libclosured.dylib
0x00007fff59367000 	/usr/lib/libbsm.0.dylib
0x00007fff5b455000 	/usr/lib/system/libkxld.dylib
0x00007fff59015000 	/usr/lib/libOpenScriptingUtil.dylib
0x00007fff596d6000 	/usr/lib/libcoretls.dylib
0x00007fff596ef000 	/usr/lib/libcoretls_cfhelpers.dylib
0x00007fff5ac0a000 	/usr/lib/libpam.2.dylib
0x00007fff5ad31000 	/usr/lib/libsqlite3.dylib
0x00007fff5b0fd000 	/usr/lib/libxar.1.dylib
0x00007fff59378000 	/usr/lib/libbz2.1.0.dylib
0x00007fff5a127000 	/usr/lib/liblzma.5.dylib
0x00007fff5a608000 	/usr/lib/libnetwork.dylib
0x00007fff591e6000 	/usr/lib/libapple_nghttp2.dylib
0x00007fff5ac11000 	/usr/lib/libpcap.A.dylib
0x00007fff592ae000 	/usr/lib/libboringssl.dylib
0x00007fff5b098000 	/usr/lib/libusrtcp.dylib
0x00007fff591e5000 	/usr/lib/libapple_crypto.dylib
0x00007fff34aa4000 	/System/Library/Frameworks/CoreServices.framework/Versions/A/Frameworks/FSEvents.framework/Versions/A/FSEvents
0x00007fff34797000 	/System/Library/Frameworks/CoreServices.framework/Versions/A/Frameworks/CarbonCore.framework/Versions/A/CarbonCore
0x00007fff34c6b000 	/System/Library/Frameworks/CoreServices.framework/Versions/A/Frameworks/Metadata.framework/Versions/A/Metadata
0x00007fff34d1c000 	/System/Library/Frameworks/CoreServices.framework/Versions/A/Frameworks/OSServices.framework/Versions/A/OSServices
0x00007fff34d7d000 	/System/Library/Frameworks/CoreServices.framework/Versions/A/Frameworks/SearchKit.framework/Versions/A/SearchKit
0x00007fff34722000 	/System/Library/Frameworks/CoreServices.framework/Versions/A/Frameworks/AE.framework/Versions/A/AE
0x00007fff34aad000 	/System/Library/Frameworks/CoreServices.framework/Versions/A/Frameworks/LaunchServices.framework/Versions/A/LaunchServices
0x00007fff34a6f000 	/System/Library/Frameworks/CoreServices.framework/Versions/A/Frameworks/DictionaryServices.framework/Versions/A/DictionaryServices
0x00007fff34dec000 	/System/Library/Frameworks/CoreServices.framework/Versions/A/Frameworks/SharedFileList.framework/Versions/A/SharedFileList
0x00007fff38fa9000 	/System/Library/Frameworks/NetFS.framework/Versions/A/NetFS
0x00007fff4f239000 	/System/Library/PrivateFrameworks/NetAuth.framework/Versions/A/NetAuth
0x00007fff58aae000 	/System/Library/PrivateFrameworks/login.framework/Versions/A/Frameworks/loginsupport.framework/Versions/A/loginsupport
0x00007fff56e73000 	/System/Library/PrivateFrameworks/TCC.framework/Versions/A/TCC
0x00007fff5a208000 	/usr/lib/libmecabra.dylib
0x00007fff31a35000 	/System/Library/Frameworks/ApplicationServices.framework/Versions/A/Frameworks/ATS.framework/Versions/A/ATS
0x00007fff31de3000 	/System/Library/Frameworks/ApplicationServices.framework/Versions/A/Frameworks/ColorSyncLegacy.framework/Versions/A/ColorSyncLegacy
0x00007fff31e87000 	/System/Library/Frameworks/ApplicationServices.framework/Versions/A/Frameworks/HIServices.framework/Versions/A/HIServices
0x00007fff31eda000 	/System/Library/Frameworks/ApplicationServices.framework/Versions/A/Frameworks/LangAnalysis.framework/Versions/A/LangAnalysis
0x00007fff31ee9000 	/System/Library/Frameworks/ApplicationServices.framework/Versions/A/Frameworks/PrintCore.framework/Versions/A/PrintCore
0x00007fff31f36000 	/System/Library/Frameworks/ApplicationServices.framework/Versions/A/Frameworks/QD.framework/Versions/A/QD
0x00007fff31f71000 	/System/Library/Frameworks/ApplicationServices.framework/Versions/A/Frameworks/SpeechSynthesis.framework/Versions/A/SpeechSynthesis
0x00007fff334c0000 	/System/Library/Frameworks/CoreDisplay.framework/Versions/A/CoreDisplay
0x00007fff2fb37000 	/System/Library/Frameworks/Accelerate.framework/Versions/A/Frameworks/vImage.framework/Versions/A/vImage
0x00007fff30891000 	/System/Library/Frameworks/Accelerate.framework/Versions/A/Frameworks/vecLib.framework/Versions/A/vecLib
0x00007fff30631000 	/System/Library/Frameworks/Accelerate.framework/Versions/A/Frameworks/vecLib.framework/Versions/A/libvDSP.dylib
0x00007fff30191000 	/System/Library/Frameworks/Accelerate.framework/Versions/A/Frameworks/vecLib.framework/Versions/A/libBNNS.dylib
0x00007fff30596000 	/System/Library/Frameworks/Accelerate.framework/Versions/A/Frameworks/vecLib.framework/Versions/A/libQuadrature.dylib
0x00007fff307df000 	/System/Library/Frameworks/Accelerate.framework/Versions/A/Frameworks/vecLib.framework/Versions/A/libvMisc.dylib
0x00007fff301c0000 	/System/Library/Frameworks/Accelerate.framework/Versions/A/Frameworks/vecLib.framework/Versions/A/libLAPACK.dylib
0x00007fff30036000 	/System/Library/Frameworks/Accelerate.framework/Versions/A/Frameworks/vecLib.framework/Versions/A/libBLAS.dylib
0x00007fff30580000 	/System/Library/Frameworks/Accelerate.framework/Versions/A/Frameworks/vecLib.framework/Versions/A/libLinearAlgebra.dylib
0x00007fff3059c000 	/System/Library/Frameworks/Accelerate.framework/Versions/A/Frameworks/vecLib.framework/Versions/A/libSparse.dylib
0x00007fff3061d000 	/System/Library/Frameworks/Accelerate.framework/Versions/A/Frameworks/vecLib.framework/Versions/A/libSparseBLAS.dylib
0x00007fff4c08e000 	/System/Library/PrivateFrameworks/GPUWrangler.framework/Versions/A/GPUWrangler
0x00007fff4d81e000 	/System/Library/PrivateFrameworks/IOAccelerator.framework/Versions/A/IOAccelerator
0x00007fff4d829000 	/System/Library/PrivateFrameworks/IOPresentment.framework/Versions/A/IOPresentment
0x00007fff478c6000 	/System/Library/PrivateFrameworks/DSExternalDisplay.framework/Versions/A/DSExternalDisplay
0x00007fff3cfa0000 	/System/Library/Frameworks/OpenGL.framework/Versions/A/Libraries/libCoreFSCache.dylib
0x00007fff35202000 	/System/Library/Frameworks/CoreVideo.framework/Versions/A/CoreVideo
0x00007fff4ce09000 	/System/Library/PrivateFrameworks/GraphVisualizer.framework/Versions/A/GraphVisualizer
0x00007fff37faa000 	/System/Library/Frameworks/MetalPerformanceShaders.framework/Versions/A/MetalPerformanceShaders
0x00007fff58e13000 	/usr/lib/libFosl_dynamic.dylib
0x00007fff48998000 	/System/Library/PrivateFrameworks/FaceCore.framework/Versions/A/FaceCore
0x00007fff3bda7000 	/System/Library/Frameworks/OpenCL.framework/Versions/A/OpenCL
0x00007fff59414000 	/usr/lib/libcompression.dylib
0x00007fff31b34000 	/System/Library/Frameworks/ApplicationServices.framework/Versions/A/Frameworks/ATS.framework/Versions/A/Resources/libFontParser.dylib
0x00007fff31c57000 	/System/Library/Frameworks/ApplicationServices.framework/Versions/A/Frameworks/ATS.framework/Versions/A/Resources/libFontRegistry.dylib
0x00007fff36148000 	/System/Library/Frameworks/ImageIO.framework/Versions/A/Resources/libJPEG.dylib
0x00007fff36471000 	/System/Library/Frameworks/ImageIO.framework/Versions/A/Resources/libTIFF.dylib
0x00007fff36447000 	/System/Library/Frameworks/ImageIO.framework/Versions/A/Resources/libPng.dylib
0x00007fff3605b000 	/System/Library/Frameworks/ImageIO.framework/Versions/A/Resources/libGIF.dylib
0x00007fff36060000 	/System/Library/Frameworks/ImageIO.framework/Versions/A/Resources/libJP2.dylib
0x00007fff3646e000 	/System/Library/Frameworks/ImageIO.framework/Versions/A/Resources/libRadiance.dylib
0x00007fff4392e000 	/System/Library/PrivateFrameworks/AppleJPEG.framework/Versions/A/AppleJPEG
0x00007fff37e11000 	/System/Library/Frameworks/MetalPerformanceShaders.framework/Frameworks/MPSCore.framework/Versions/A/MPSCore
0x00007fff37e2d000 	/System/Library/Frameworks/MetalPerformanceShaders.framework/Frameworks/MPSImage.framework/Versions/A/MPSImage
0x00007fff37ec2000 	/System/Library/Frameworks/MetalPerformanceShaders.framework/Frameworks/MPSNeuralNetwork.framework/Versions/A/MPSNeuralNetwork
0x00007fff37e9d000 	/System/Library/Frameworks/MetalPerformanceShaders.framework/Frameworks/MPSMatrix.framework/Versions/A/MPSMatrix
0x00007fff4ed1e000 	/System/Library/PrivateFrameworks/MetalTools.framework/Versions/A/MetalTools
0x00007fff3d16a000 	/System/Library/Frameworks/OpenGL.framework/Versions/A/Libraries/libGLU.dylib
0x00007fff3cfab000 	/System/Library/Frameworks/OpenGL.framework/Versions/A/Libraries/libGFXShared.dylib
0x00007fff3cfb5000 	/System/Library/Frameworks/OpenGL.framework/Versions/A/Libraries/libGL.dylib
0x00007fff3cfc1000 	/System/Library/Frameworks/OpenGL.framework/Versions/A/Libraries/libGLImage.dylib
0x00007fff3cf9d000 	/System/Library/Frameworks/OpenGL.framework/Versions/A/Libraries/libCVMSPluginSupport.dylib
0x00007fff3cfa6000 	/System/Library/Frameworks/OpenGL.framework/Versions/A/Libraries/libCoreVMClient.dylib
0x00007fff59bc1000 	/usr/lib/libcups.2.dylib
0x00007fff37379000 	/System/Library/Frameworks/Kerberos.framework/Versions/A/Kerberos
0x00007fff35b3f000 	/System/Library/Frameworks/GSS.framework/Versions/A/GSS
0x00007fff5acc4000 	/usr/lib/libresolv.9.dylib
0x00007fff59dbf000 	/usr/lib/libiconv.2.dylib
0x00007fff4ce9b000 	/System/Library/PrivateFrameworks/Heimdal.framework/Versions/A/Heimdal
0x00007fff59d8e000 	/usr/lib/libheimdal-asn1.dylib
0x00007fff3be13000 	/System/Library/Frameworks/OpenDirectory.framework/Versions/A/OpenDirectory
0x00007fff45c40000 	/System/Library/PrivateFrameworks/CommonAuth.framework/Versions/A/CommonAuth
0x00007fff3bdf6000 	/System/Library/Frameworks/OpenDirectory.framework/Versions/A/Frameworks/CFOpenDirectory.framework/Versions/A/CFOpenDirectory
0x00007fff3f728000 	/System/Library/Frameworks/SecurityFoundation.framework/Versions/A/SecurityFoundation
0x00007fff42afa000 	/System/Library/PrivateFrameworks/APFS.framework/Versions/A/APFS
0x00007fff5b0f9000 	/usr/lib/libutil.dylib
0x00007fff439b1000 	/System/Library/PrivateFrameworks/AppleSauce.framework/Versions/A/AppleSauce
0x00007fff4e006000 	/System/Library/PrivateFrameworks/LinguisticData.framework/Versions/A/LinguisticData
0x00007fff5a141000 	/usr/lib/libmarisa.dylib
0x00007fff4dfc0000 	/System/Library/PrivateFrameworks/Lexicon.framework/Versions/A/Lexicon
0x00007fff58d3e000 	/usr/lib/libChineseTokenizer.dylib
0x00007fff59403000 	/usr/lib/libcmph.dylib
0x00007fff4deca000 	/System/Library/PrivateFrameworks/LanguageModeling.framework/Versions/A/LanguageModeling
0x00007fff4674c000 	/System/Library/PrivateFrameworks/CoreEmoji.framework/Versions/A/CoreEmoji
0x00007fff3f7e6000 	/System/Library/Frameworks/ServiceManagement.framework/Versions/A/ServiceManagement
0x00007fff441fb000 	/System/Library/PrivateFrameworks/BackgroundTaskManagement.framework/Versions/A/BackgroundTaskManagement
0x00007fff5b1f6000 	/usr/lib/libxslt.1.dylib
0x00007fff32bf4000 	/System/Library/Frameworks/Carbon.framework/Versions/A/Frameworks/Ink.framework/Versions/A/Ink
0x00007fff57088000 	/System/Library/PrivateFrameworks/TextureIO.framework/Versions/A/TextureIO
0x00007fff59228000 	/usr/lib/libate.dylib
0x00007fff47826000 	/System/Library/PrivateFrameworks/CrashReporterSupport.framework/Versions/A/CrashReporterSupport
0x00007fff543da000 	/System/Library/PrivateFrameworks/Sharing.framework/Versions/A/Sharing
0x00007fff4dc0b000 	/System/Library/PrivateFrameworks/IconServices.framework/Versions/A/IconServices
0x00007fff437b3000 	/System/Library/PrivateFrameworks/Apple80211.framework/Versions/A/Apple80211
0x00007fff4763b000 	/System/Library/PrivateFrameworks/CoreUtils.framework/Versions/A/CoreUtils
0x00007fff3523d000 	/System/Library/Frameworks/CoreWLAN.framework/Versions/A/CoreWLAN
0x00007fff35c81000 	/System/Library/Frameworks/IOBluetooth.framework/Versions/A/IOBluetooth
0x00007fff528a6000 	/System/Library/PrivateFrameworks/ProtocolBuffer.framework/Versions/A/ProtocolBuffer
0x00007fff477c1000 	/System/Library/PrivateFrameworks/CoreWiFi.framework/Versions/A/CoreWiFi
0x00007fff3313f000 	/System/Library/Frameworks/CoreBluetooth.framework/Versions/A/CoreBluetooth
0x00007fff47a10000 	/System/Library/PrivateFrameworks/DebugSymbols.framework/Versions/A/DebugSymbols
0x00007fff473f1000 	/System/Library/PrivateFrameworks/CoreSymbolication.framework/Versions/A/CoreSymbolication
0x00007fff56879000 	/System/Library/PrivateFrameworks/Symbolication.framework/Versions/A/Symbolication
0x00007fff437dd000 	/System/Library/PrivateFrameworks/AppleFSCompression.framework/Versions/A/AppleFSCompression
0x00007fff55cc7000 	/System/Library/PrivateFrameworks/SpeechRecognitionCore.framework/Versions/A/SpeechRecognitionCore
0x00007fff2badb000 	/System/Library/CoreServices/Encodings/libJapaneseConverter.dylib
0x000000010a600000 	/Library/Java/JavaVirtualMachines/jdk-10.jdk/Contents/Home/lib/server/libjvm.dylib
0x00007fff5afc6000 	/usr/lib/libstdc++.6.0.9.dylib
0x0000000109d18000 	/Library/Java/JavaVirtualMachines/jdk-10.jdk/Contents/Home/lib/libverify.dylib
0x0000000109d25000 	/Library/Java/JavaVirtualMachines/jdk-10.jdk/Contents/Home/lib/libjava.dylib
0x0000000109da4000 	/Library/Java/JavaVirtualMachines/jdk-10.jdk/Contents/Home/lib/libzip.dylib
0x0000000109dac000 	/Library/Java/JavaVirtualMachines/jdk-10.jdk/Contents/Home/lib/libjimage.dylib
0x000000010f40b000 	/Library/Java/JavaVirtualMachines/jdk-10.jdk/Contents/Home/lib/libnio.dylib
0x000000010f41b000 	/Library/Java/JavaVirtualMachines/jdk-10.jdk/Contents/Home/lib/./libnet.dylib
0x000000010f4ba000 	/Library/Java/JavaVirtualMachines/jdk-10.jdk/Contents/Home/lib/libawt.dylib
0x000000010f55f000 	/Library/Java/JavaVirtualMachines/jdk-10.jdk/Contents/Home/lib/./libmlib_image.dylib
0x00007fff37362000 	/System/Library/Frameworks/JavaVM.framework/Versions/A/Frameworks/JavaNativeFoundation.framework/Versions/A/JavaNativeFoundation
0x00007fff3736b000 	/System/Library/Frameworks/JavaVM.framework/Versions/A/Frameworks/JavaRuntimeSupport.framework/Versions/A/JavaRuntimeSupport
0x00007fff37374000 	/System/Library/Frameworks/JavaVM.framework/Versions/A/JavaVM
0x00007fff4ddcc000 	/System/Library/PrivateFrameworks/JavaLaunching.framework/Versions/A/JavaLaunching
0x00007fff328df000 	/System/Library/Frameworks/Carbon.framework/Versions/A/Carbon
0x00007fff328e0000 	/System/Library/Frameworks/Carbon.framework/Versions/A/Frameworks/CommonPanels.framework/Versions/A/CommonPanels
0x00007fff32bea000 	/System/Library/Frameworks/Carbon.framework/Versions/A/Frameworks/Help.framework/Versions/A/Help
0x00007fff32bee000 	/System/Library/Frameworks/Carbon.framework/Versions/A/Frameworks/ImageCapture.framework/Versions/A/ImageCapture
0x00007fff32c8a000 	/System/Library/Frameworks/Carbon.framework/Versions/A/Frameworks/OpenScripting.framework/Versions/A/OpenScripting
0x00007fff32cc5000 	/System/Library/Frameworks/Carbon.framework/Versions/A/Frameworks/Print.framework/Versions/A/Print
0x00007fff32cc7000 	/System/Library/Frameworks/Carbon.framework/Versions/A/Frameworks/SecurityHI.framework/Versions/A/SecurityHI
0x000000010f5cd000 	/Library/Java/JavaVirtualMachines/jdk-10.jdk/Contents/Home/lib/libawt_lwawt.dylib
0x000000010f68d000 	/Library/Java/JavaVirtualMachines/jdk-10.jdk/Contents/Home/lib/./libosxapp.dylib
0x00007fff356e2000 	/System/Library/Frameworks/ExceptionHandling.framework/Versions/A/ExceptionHandling
0x0000000109df2000 	/Users/ochihideji/Desktop/Zugaku/Chap15/libgluegen-rt.jnilib
0x000000010f8df000 	/Library/Java/JavaVirtualMachines/jdk-10.jdk/Contents/Home/lib/libfontmanager.dylib
0x00007fff47083000 	/System/Library/PrivateFrameworks/CoreServicesInternal.framework/Versions/A/CoreServicesInternal
0x00007fff2bb5d000 	/System/Library/CoreServices/RawCamera.bundle/Contents/MacOS/RawCamera
0x00007fff4ed90000 	/System/Library/PrivateFrameworks/MobileAsset.framework/Versions/A/MobileAsset
0x00007fff56180000 	/System/Library/PrivateFrameworks/StreamingZip.framework/Versions/A/StreamingZip
0x00007fff37708000 	/System/Library/Frameworks/MediaToolbox.framework/Versions/A/MediaToolbox
0x00007fff4638e000 	/System/Library/PrivateFrameworks/CoreAVCHD.framework/Versions/A/CoreAVCHD
0x00007fff37651000 	/System/Library/Frameworks/MediaAccessibility.framework/Versions/A/MediaAccessibility
0x00007fff4e80c000 	/System/Library/PrivateFrameworks/Mangrove.framework/Versions/A/Mangrove
0x00007fff345db000 	/System/Library/Frameworks/CoreMedia.framework/Versions/A/CoreMedia
0x00007fff3fdb4000 	/System/Library/Frameworks/VideoToolbox.framework/Versions/A/VideoToolbox
0x00007fff45f85000 	/System/Library/PrivateFrameworks/CoreAUC.framework/Versions/A/CoreAUC
0x00007fff5ad2f000 	/usr/lib/libspindump.dylib
0x00007fff43aa6000 	/System/Library/PrivateFrameworks/AppleVA.framework/Versions/A/AppleVA
0x00007fff2fb20000 	/System/Library/Frameworks/Accelerate.framework/Versions/A/Frameworks/vImage.framework/Versions/A/Libraries/libCGInterfaces.dylib
0x00007fff31d46000 	/System/Library/Frameworks/ApplicationServices.framework/Versions/A/Frameworks/ATS.framework/Versions/A/Resources/libTrueTypeScaler.dylib
0x00007fff2d72c000 	/System/Library/Extensions/AppleIntelSKLGraphicsMTLDriver.bundle/Contents/MacOS/AppleIntelSKLGraphicsMTLDriver
0x00007fff4aa22000 	/System/Library/PrivateFrameworks/GPUCompiler.framework/Versions/3802/Libraries/libmetal_timestamp.dylib
0x00000001308a4000 	/Users/ochihideji/Desktop/Zugaku/Chap15/libnativewindow_awt.jnilib
0x00000001308a7000 	/Library/Java/JavaVirtualMachines/jdk-10.jdk/Contents/Home/lib/libjawt.dylib
0x00007fff3db30000 	/System/Library/Frameworks/OpenGL.framework/Versions/A/Resources/GLEngine.bundle/GLEngine
0x00007fff3cffd000 	/System/Library/Frameworks/OpenGL.framework/Versions/A/Libraries/libGLProgrammability.dylib
0x0000000131f8d000 	/System/Library/Extensions/AppleIntelSKLGraphicsGLDriver.bundle/Contents/MacOS/AppleIntelSKLGraphicsGLDriver
0x00007fff4c082000 	/System/Library/PrivateFrameworks/GPUSupport.framework/Versions/A/Libraries/libGPUSupportMercury.dylib
0x00007fff3dcc8000 	/System/Library/Frameworks/OpenGL.framework/Versions/A/Resources/GLRendererFloat.bundle/GLRendererFloat
0x00007fff3bd9e000 	/System/Library/Frameworks/OpenCL.framework/Versions/A/Libraries/libcldcpuengine.dylib
0x00007fff59889000 	/usr/lib/libcrypto.35.dylib
0x00007fff571ef000 	/System/Library/PrivateFrameworks/TrustEvaluationAgent.framework/Versions/A/TrustEvaluationAgent
0x0000000133a05000 	/Users/ochihideji/Desktop/Zugaku/Chap15/libnativewindow_macosx.jnilib
0x00007fff5807a000 	/System/Library/PrivateFrameworks/ViewBridge.framework/Versions/A/ViewBridge
0x0000000133ecc000 	/Users/ochihideji/Desktop/Zugaku/Chap15/libjogl_desktop.jnilib


VM Arguments:
java_command: ObjectTranslate
java_class_path (initial): .
Launcher Type: SUN_STANDARD

Logging:
Log output configuration:
#0: stdout all=warning uptime,level,tags
#1: stderr all=off uptime,level,tags

Environment Variables:
PATH=/anaconda3/bin:/usr/local/bin:/usr/bin:/bin:/usr/sbin:/sbin:/Library/TeX/texbin
SHELL=/bin/bash

Signal Handlers:
SIGSEGV: [libjvm.dylib+0x799984], sa_mask[0]=11111111011111110111111111111111, sa_flags=SA_ONSTACK|SA_RESTART|SA_SIGINFO
SIGBUS: [libjvm.dylib+0x799984], sa_mask[0]=11111111011111110111111111111111, sa_flags=SA_RESTART|SA_SIGINFO
SIGFPE: [libjvm.dylib+0x799984], sa_mask[0]=11111111011111110111111111111111, sa_flags=SA_RESTART|SA_SIGINFO
SIGPIPE: [libjvm.dylib+0x6347c0], sa_mask[0]=11111111011111110111111111111111, sa_flags=SA_RESTART|SA_SIGINFO
SIGXFSZ: [libjvm.dylib+0x6347c0], sa_mask[0]=11111111011111110111111111111111, sa_flags=SA_RESTART|SA_SIGINFO
SIGILL: [libjvm.dylib+0x799984], sa_mask[0]=11111111011111110111111111111111, sa_flags=SA_RESTART|SA_SIGINFO
SIGUSR2: [libjvm.dylib+0x635050], sa_mask[0]=00000000000000000000000000000000, sa_flags=SA_RESTART|SA_SIGINFO
SIGHUP: [libjvm.dylib+0x63383b], sa_mask[0]=11111111011111110111111111111111, sa_flags=SA_RESTART|SA_SIGINFO
SIGINT: [libjvm.dylib+0x63383b], sa_mask[0]=11111111011111110111111111111111, sa_flags=SA_RESTART|SA_SIGINFO
SIGTERM: [libjvm.dylib+0x63383b], sa_mask[0]=11111111011111110111111111111111, sa_flags=SA_RESTART|SA_SIGINFO
SIGQUIT: [libjvm.dylib+0x63383b], sa_mask[0]=11111111011111110111111111111111, sa_flags=SA_RESTART|SA_SIGINFO


---------------  S Y S T E M  ---------------

OS:uname:Darwin 17.6.0 Darwin Kernel Version 17.6.0: Tue May  8 15:22:16 PDT 2018; root:xnu-4570.61.1~1/RELEASE_X86_64 x86_64
rlimit: STACK 8192k, CORE 0k, NPROC 709, NOFILE 10240, AS infinity, DATA infinity, FSIZE infinity
load average:1.29 1.33 1.31

CPU:total 4 (initial active 4) (2 cores per cpu, 2 threads per core) family 6 model 78 stepping 3, cmov, cx8, fxsr, mmx, sse, sse2, sse3, ssse3, sse4.1, sse4.2, popcnt, avx, avx2, aes, clmul, erms, rtm, 3dnowpref, lzcnt, ht, tsc, tscinvbit, bmi1, bmi2, adx, fma

Memory: 4k page, physical 8388608k(27880k free)

vm_info: Java HotSpot(TM) 64-Bit Server VM (10+46) for bsd-amd64 JRE (10+46), built on Mar  8 2018 02:10:00 by "mach5one" with gcc 4.2.1 Compatible Apple LLVM 6.1.0 (clang-602.0.49)

END.
