#
# A fatal error has been detected by the Java Runtime Environment:
#
#  SIGSEGV (0xb) at pc=0x000000010f5d5f4e, pid=74279, tid=775
#
# JRE version: Java(TM) SE Runtime Environment (10.0+46) (build 10+46)
# Java VM: Java HotSpot(TM) 64-Bit Server VM (10+46, mixed mode, tiered, compressed oops, g1 gc, bsd-amd64)
# Problematic frame:
# C  [libosxapp.dylib+0x2f4e]  -[NSApplicationAWT sendEvent:]+0x179
#
# No core dump will be written. Core dumps have been disabled. To enable core dumping, try "ulimit -c unlimited" before starting Java again
#
# If you would like to submit a bug report, please visit:
#   http://bugreport.java.com/bugreport/crash.jsp
# The crash happened outside the Java Virtual Machine in native code.
# See problematic frame for where to report the bug.
#

---------------  S U M M A R Y ------------

Command Line: DumpingSpin

Host: MacBookPro13,1 x86_64 2000 MHz, 4 cores, 8G, Darwin 17.6.0
Time: Mon Jun 25 22:20:22 2018 JST elapsed time: 3 seconds (0d 0h 0m 3s)

---------------  T H R E A D  ---------------

Current thread (0x00007fb95f174000):  JavaThread "AppKit Thread" daemon [_thread_in_native, id=775, stack(0x00007ffee8fc7000,0x00007ffee97c7000)]

Stack: [0x00007ffee8fc7000,0x00007ffee97c7000],  sp=0x00007ffee97c4830,  free space=8182k
Native frames: (J=compiled Java code, A=aot compiled Java code, j=interpreted, Vv=VM code, C=native code)
C  [libosxapp.dylib+0x2f4e]  -[NSApplicationAWT sendEvent:]+0x179
C  [AppKit+0x368b5]  -[NSApplication run]+0x32c
C  [libosxapp.dylib+0x2bbc]  +[NSApplicationAWT runAWTLoopWithApp:]+0x9d
C  [libawt_lwawt.dylib+0x3a344]  +[AWTStarter starter:headless:]+0x342
C  [JavaNativeFoundation+0x6f4a]  +[JNFRunLoop _performCopiedBlock:]+0x11
C  [Foundation+0x682b5]  __NSThreadPerformPerform+0x14e
C  [CoreFoundation+0xa3a61]  __CFRUNLOOP_IS_CALLING_OUT_TO_A_SOURCE0_PERFORM_FUNCTION__+0x11
C  [CoreFoundation+0x15d47c]  __CFRunLoopDoSource0+0x6c
C  [CoreFoundation+0x864c0]  __CFRunLoopDoSources0+0xd0
C  [CoreFoundation+0x8593d]  __CFRunLoopRun+0x50d
C  [CoreFoundation+0x851a3]  CFRunLoopRunSpecific+0x1e3
C  [java+0x6bc3]  CreateExecutionEnvironment+0x191
C  [java+0x2ebc]  JLI_Launch+0x620
C  [java+0x1d4c]  main+0x180
C  [java+0x1bc4]  start+0x34
C  0x0000000000000002


siginfo: si_signo: 11 (SIGSEGV), si_code: 1 (SEGV_MAPERR), si_addr: 0x0000000000000010

Register to memory mapping:

RAX=0x0000000000000000 is an unknown value
RBX=0x0000000000000000 is an unknown value
RCX=0x000000000021e000 is an unknown value
RDX=0x000000000021e000 is an unknown value
RSP=0x00007ffee97c4830 is pointing into the stack for thread: 0x00007fb95f174000
RBP=0x00007ffee97c4860 is pointing into the stack for thread: 0x00007fb95f174000
RSI=0x00007fff408d21e5: .str.41.llvm.DC87FEEF+0x4a728 in /System/Library/Frameworks/AppKit.framework/Versions/C/AppKit at 0x00007fff3fbf1000
RDI=0x0000000000000000 is an unknown value
R8 =0x000000000000003f is an unknown value
R9 =0x00007fb95ec78890 is an unknown value
R10=0x00a16d0100a14600 is an unknown value
R11=0x00007fff3fd9d817: -[NSEvent data1]+0 in /System/Library/Frameworks/AppKit.framework/Versions/C/AppKit at 0x00007fff3fbf1000
R12=0x00007fb95ec78890 is an unknown value
R13=0x00007fb95ecb1440 is an unknown value
R14=0x00007fff6987ce80: objc_msgSend+0 in /usr/lib/libobjc.A.dylib at 0x00007fff69876000
R15=0x00007fb95edaa450 is an unknown value


Registers:
RAX=0x0000000000000000, RBX=0x0000000000000000, RCX=0x000000000021e000, RDX=0x000000000021e000
RSP=0x00007ffee97c4830, RBP=0x00007ffee97c4860, RSI=0x00007fff408d21e5, RDI=0x0000000000000000
R8 =0x000000000000003f, R9 =0x00007fb95ec78890, R10=0x00a16d0100a14600, R11=0x00007fff3fd9d817
R12=0x00007fb95ec78890, R13=0x00007fb95ecb1440, R14=0x00007fff6987ce80, R15=0x00007fb95edaa450
RIP=0x000000010f5d5f4e, EFLAGS=0x0000000000010246, ERR=0x0000000000000004
  TRAPNO=0x000000000000000e

Top of Stack: (sp=0x00007ffee97c4830)
0x00007ffee97c4830:   00007ffee97c4850 ffff8046a1387770
0x00007ffee97c4840:   00007fff6987ce80 00007fff6987ce80
0x00007ffee97c4850:   0000000000000001 00007fb95edaa450
0x00007ffee97c4860:   00007ffee97c4910 00007fff3fc278b5
0x00007ffee97c4870:   00007fff408cb211 00007fb95edaa450
0x00007ffee97c4880:   00007fff408c3ee0 00007fff408cc0fe
0x00007ffee97c4890:   00007fff9c7af178 00007fff408c2b3d
0x00007ffee97c48a0:   00007fff408c2813 0000000000000010
0x00007ffee97c48b0:   00007fff408c2003 00007fff408d21eb
0x00007ffee97c48c0:   00007fff408c1e91 00007fff408c282d
0x00007ffee97c48d0:   00007fff408c2859 0000000000000062
0x00007ffee97c48e0:   00007fff408c2937 00007fb95edaa450
0x00007ffee97c48f0:   00007fff6987ce80 000000010f5da690
0x00007ffee97c4900:   00007fff408cb211 000000010f5da6b0
0x00007ffee97c4910:   00007ffee97c4950 000000010f5d5bbc
0x00007ffee97c4920:   0000000000000000 00007fb95edc6730
0x00007ffee97c4930:   00007fff6987ce80 00007fb95edaa450
0x00007ffee97c4940:   00007fb95ee10200 0000000000000000
0x00007ffee97c4950:   00007ffee97c49a0 000000010f54d344
0x00007ffee97c4960:   00007fb95edaa450 0000000000000000
0x00007ffee97c4970:   00007fb95ee10200 00007fb95ee1b450
0x00007ffee97c4980:   00007fb95ee065c0 00007fff408c1e91
0x00007ffee97c4990:   00007fb95ee1b680 0000000000000000
0x00007ffee97c49a0:   00007ffee97c49c0 00007fff463d5f4a
0x00007ffee97c49b0:   0000000000000018 0000000000000001
0x00007ffee97c49c0:   00007ffee97c4a40 00007fff447de2b5
0x00007ffee97c49d0:   0000000000000001 00007fff408c1f70
0x00007ffee97c49e0:   00007fb95ee065c0 00007fb95ee1b920
0x00007ffee97c49f0:   00007fff408c9372 00007fff4091c3b7
0x00007ffee97c4a00:   00007fff408c9377 00007fff408c2003
0x00007ffee97c4a10:   00007ffee97c4a50 00007fff447de167
0x00007ffee97c4a20:   0000000300002e88 0000000000000000 

Instructions: (pc=0x000000010f5d5f4e)
0x000000010f5d5f2e:   41 5f 5d c3 48 8b 35 1f 5d 00 00 4c 8b 35 48 41
0x000000010f5d5f3e:   00 00 48 89 df 41 ff d6 48 89 c3 31 c0 48 89 df
0x000000010f5d5f4e:   ff 53 10 48 8b 35 f0 5a 00 00 48 89 df 4c 89 f0
0x000000010f5d5f5e:   48 83 c4 18 5b 41 5e 41 5f 5d ff e0 55 48 89 e5 


---------------  P R O C E S S  ---------------

Threads class SMR info:
_java_thread_list=0x00007fb961139460, length=15, elements={
0x00007fb960000800, 0x00007fb95f09c800, 0x00007fb960802000, 0x00007fb960047000,
0x00007fb96004e800, 0x00007fb96004f800, 0x00007fb960058000, 0x00007fb960059000,
0x00007fb95f08e800, 0x00007fb95f10e000, 0x00007fb95f174000, 0x00007fb95f8e4800,
0x00007fb96031b000, 0x00007fb95f8fa000, 0x00007fb95f305800
}

Java Threads: ( => current thread )
  0x00007fb960000800 JavaThread "main" [_thread_blocked, id=6659, stack(0x000000010646c000,0x000000010656c000)]
  0x00007fb95f09c800 JavaThread "Reference Handler" daemon [_thread_blocked, id=14851, stack(0x00007000056e0000,0x00007000057e0000)]
  0x00007fb960802000 JavaThread "Finalizer" daemon [_thread_blocked, id=17411, stack(0x00007000057e3000,0x00007000058e3000)]
  0x00007fb960047000 JavaThread "Signal Dispatcher" daemon [_thread_blocked, id=42243, stack(0x00007000058e6000,0x00007000059e6000)]
  0x00007fb96004e800 JavaThread "C2 CompilerThread0" daemon [_thread_blocked, id=22019, stack(0x00007000059e9000,0x0000700005ae9000)]
  0x00007fb96004f800 JavaThread "C2 CompilerThread1" daemon [_thread_blocked, id=22787, stack(0x0000700005aec000,0x0000700005bec000)]
  0x00007fb960058000 JavaThread "C1 CompilerThread2" daemon [_thread_blocked, id=41475, stack(0x0000700005bef000,0x0000700005cef000)]
  0x00007fb960059000 JavaThread "Sweeper thread" daemon [_thread_blocked, id=41219, stack(0x0000700005cf2000,0x0000700005df2000)]
  0x00007fb95f08e800 JavaThread "Service Thread" daemon [_thread_blocked, id=40963, stack(0x0000700005df5000,0x0000700005ef5000)]
  0x00007fb95f10e000 JavaThread "Common-Cleaner" daemon [_thread_blocked, id=24835, stack(0x0000700005ef8000,0x0000700005ff8000)]
=>0x00007fb95f174000 JavaThread "AppKit Thread" daemon [_thread_in_native, id=775, stack(0x00007ffee8fc7000,0x00007ffee97c7000)]
  0x00007fb95f8e4800 JavaThread "AWT-Shutdown" [_thread_blocked, id=33539, stack(0x00007000060fe000,0x00007000061fe000)]
  0x00007fb96031b000 JavaThread "Java2D Queue Flusher" daemon [_thread_blocked, id=71179, stack(0x000070000638a000,0x000070000648a000)]
  0x00007fb95f8fa000 JavaThread "Java2D Disposer" daemon [_thread_blocked, id=69379, stack(0x000070000648d000,0x000070000658d000)]
  0x00007fb95f305800 JavaThread "AWT-EventQueue-0" [_thread_in_vm, id=68611, stack(0x0000700006590000,0x0000700006690000)]

Other Threads:
  0x00007fb95f081800 VMThread "VM Thread" [stack: 0x00007000055dd000,0x00007000056dd000] [id=14083]
  0x00007fb95f10f000 WatcherThread [stack: 0x0000700005ffb000,0x00007000060fb000] [id=25347]
  0x00007fb95f00e000 GCTaskThread "GC Thread#0" [stack: 0x0000700004abc000,0x0000700004bbc000] [id=11267]
  0x00007fb960813000 GCTaskThread "GC Thread#1" [stack: 0x0000700004bbf000,0x0000700004cbf000] [id=20739]
  0x00007fb960813800 GCTaskThread "GC Thread#2" [stack: 0x0000700004cc2000,0x0000700004dc2000] [id=11779]
  0x00007fb960814800 GCTaskThread "GC Thread#3" [stack: 0x0000700004dc5000,0x0000700004ec5000] [id=20227]
  0x00007fb95f020000 ConcurrentGCThread "G1 Main Marker" [stack: 0x0000700004ec8000,0x0000700004fc8000] [id=12035]
  0x00007fb95f021000 ConcurrentGCThread "G1 Conc#0" [stack: 0x0000700004fcb000,0x00007000050cb000] [id=19459]
  0x00007fb95f061800 ConcurrentGCThread "G1 Refine#0" [stack: 0x00007000050ce000,0x00007000051ce000] [id=18947]
  0x00007fb95f062800 ConcurrentGCThread "G1 Refine#1" [stack: 0x00007000051d1000,0x00007000052d1000] [id=12803]
  0x00007fb95f806000 ConcurrentGCThread "G1 Refine#2" [stack: 0x00007000052d4000,0x00007000053d4000] [id=18179]
  0x00007fb95f807000 ConcurrentGCThread "G1 Refine#3" [stack: 0x00007000053d7000,0x00007000054d7000] [id=17923]
  0x00007fb95f807800 ConcurrentGCThread "G1 Young RemSet Sampling" [stack: 0x00007000054da000,0x00007000055da000] [id=13571]

Threads with active compile tasks:

VM state:not at safepoint (normal execution)

VM Mutex/Monitor currently owned by a thread: None

Heap address: 0x0000000740000000, size: 2048 MB, Compressed Oops mode: Zero based, Oop shift amount: 3
Narrow klass base: 0x0000000000000000, Narrow klass shift: 3
Compressed class space size: 1073741824 Address: 0x00000007c0000000

Heap:
 garbage-first heap   total 131072K, used 5154K [0x0000000740000000, 0x00000007c0000000)
  region size 1024K, 5 young (5120K), 2 survivors (2048K)
 Metaspace       used 16330K, capacity 16652K, committed 17024K, reserved 1064960K
  class space    used 1463K, capacity 1602K, committed 1664K, reserved 1048576K
Heap Regions: E=young(eden), S=young(survivor), O=old, HS=humongous(starts), HC=humongous(continues), CS=collection set, F=free, A=archive, TS=gc time stamp, AC=allocation context, TAMS=top-at-mark-start (previous, next)
|   0|0x0000000740000000, 0x0000000740000000, 0x0000000740100000|  0%| F|  |TS  1|AC  0|TAMS 0x0000000740000000, 0x0000000740000000|
|   1|0x0000000740100000, 0x0000000740200000, 0x0000000740200000|100%| O|  |TS  1|AC  0|TAMS 0x0000000740100000, 0x0000000740100000|
|   2|0x0000000740200000, 0x0000000740208a00, 0x0000000740300000|  3%| O|  |TS  1|AC  0|TAMS 0x0000000740200000, 0x0000000740200000|
|   3|0x0000000740300000, 0x0000000740300000, 0x0000000740400000|  0%| F|  |TS  0|AC  0|TAMS 0x0000000740300000, 0x0000000740300000|
|   4|0x0000000740400000, 0x0000000740400000, 0x0000000740500000|  0%| F|  |TS  0|AC  0|TAMS 0x0000000740400000, 0x0000000740400000|
|   5|0x0000000740500000, 0x0000000740500000, 0x0000000740600000|  0%| F|  |TS  0|AC  0|TAMS 0x0000000740500000, 0x0000000740500000|
|   6|0x0000000740600000, 0x0000000740600000, 0x0000000740700000|  0%| F|  |TS  0|AC  0|TAMS 0x0000000740600000, 0x0000000740600000|
|   7|0x0000000740700000, 0x0000000740700000, 0x0000000740800000|  0%| F|  |TS  0|AC  0|TAMS 0x0000000740700000, 0x0000000740700000|
|   8|0x0000000740800000, 0x0000000740800000, 0x0000000740900000|  0%| F|  |TS  0|AC  0|TAMS 0x0000000740800000, 0x0000000740800000|
|   9|0x0000000740900000, 0x0000000740900000, 0x0000000740a00000|  0%| F|  |TS  0|AC  0|TAMS 0x0000000740900000, 0x0000000740900000|
|  10|0x0000000740a00000, 0x0000000740a00000, 0x0000000740b00000|  0%| F|  |TS  0|AC  0|TAMS 0x0000000740a00000, 0x0000000740a00000|
|  11|0x0000000740b00000, 0x0000000740b00000, 0x0000000740c00000|  0%| F|  |TS  0|AC  0|TAMS 0x0000000740b00000, 0x0000000740b00000|
|  12|0x0000000740c00000, 0x0000000740c00000, 0x0000000740d00000|  0%| F|  |TS  0|AC  0|TAMS 0x0000000740c00000, 0x0000000740c00000|
|  13|0x0000000740d00000, 0x0000000740d00000, 0x0000000740e00000|  0%| F|  |TS  0|AC  0|TAMS 0x0000000740d00000, 0x0000000740d00000|
|  14|0x0000000740e00000, 0x0000000740e00000, 0x0000000740f00000|  0%| F|  |TS  0|AC  0|TAMS 0x0000000740e00000, 0x0000000740e00000|
|  15|0x0000000740f00000, 0x0000000740f00000, 0x0000000741000000|  0%| F|  |TS  0|AC  0|TAMS 0x0000000740f00000, 0x0000000740f00000|
|  16|0x0000000741000000, 0x0000000741000000, 0x0000000741100000|  0%| F|  |TS  0|AC  0|TAMS 0x0000000741000000, 0x0000000741000000|
|  17|0x0000000741100000, 0x0000000741100000, 0x0000000741200000|  0%| F|  |TS  0|AC  0|TAMS 0x0000000741100000, 0x0000000741100000|
|  18|0x0000000741200000, 0x0000000741200000, 0x0000000741300000|  0%| F|  |TS  0|AC  0|TAMS 0x0000000741200000, 0x0000000741200000|
|  19|0x0000000741300000, 0x0000000741300000, 0x0000000741400000|  0%| F|  |TS  0|AC  0|TAMS 0x0000000741300000, 0x0000000741300000|
|  20|0x0000000741400000, 0x0000000741400000, 0x0000000741500000|  0%| F|  |TS  0|AC  0|TAMS 0x0000000741400000, 0x0000000741400000|
|  21|0x0000000741500000, 0x0000000741500000, 0x0000000741600000|  0%| F|  |TS  0|AC  0|TAMS 0x0000000741500000, 0x0000000741500000|
|  22|0x0000000741600000, 0x0000000741600000, 0x0000000741700000|  0%| F|  |TS  0|AC  0|TAMS 0x0000000741600000, 0x0000000741600000|
|  23|0x0000000741700000, 0x0000000741700000, 0x0000000741800000|  0%| F|  |TS  0|AC  0|TAMS 0x0000000741700000, 0x0000000741700000|
|  24|0x0000000741800000, 0x0000000741800000, 0x0000000741900000|  0%| F|  |TS  0|AC  0|TAMS 0x0000000741800000, 0x0000000741800000|
|  25|0x0000000741900000, 0x0000000741900000, 0x0000000741a00000|  0%| F|  |TS  0|AC  0|TAMS 0x0000000741900000, 0x0000000741900000|
|  26|0x0000000741a00000, 0x0000000741a00000, 0x0000000741b00000|  0%| F|  |TS  0|AC  0|TAMS 0x0000000741a00000, 0x0000000741a00000|
|  27|0x0000000741b00000, 0x0000000741b00000, 0x0000000741c00000|  0%| F|  |TS  0|AC  0|TAMS 0x0000000741b00000, 0x0000000741b00000|
|  28|0x0000000741c00000, 0x0000000741c00000, 0x0000000741d00000|  0%| F|  |TS  0|AC  0|TAMS 0x0000000741c00000, 0x0000000741c00000|
|  29|0x0000000741d00000, 0x0000000741d00000, 0x0000000741e00000|  0%| F|  |TS  0|AC  0|TAMS 0x0000000741d00000, 0x0000000741d00000|
|  30|0x0000000741e00000, 0x0000000741e00000, 0x0000000741f00000|  0%| F|  |TS  0|AC  0|TAMS 0x0000000741e00000, 0x0000000741e00000|
|  31|0x0000000741f00000, 0x0000000741f00000, 0x0000000742000000|  0%| F|  |TS  0|AC  0|TAMS 0x0000000741f00000, 0x0000000741f00000|
|  32|0x0000000742000000, 0x0000000742000000, 0x0000000742100000|  0%| F|  |TS  0|AC  0|TAMS 0x0000000742000000, 0x0000000742000000|
|  33|0x0000000742100000, 0x0000000742100000, 0x0000000742200000|  0%| F|  |TS  0|AC  0|TAMS 0x0000000742100000, 0x0000000742100000|
|  34|0x0000000742200000, 0x0000000742200000, 0x0000000742300000|  0%| F|  |TS  0|AC  0|TAMS 0x0000000742200000, 0x0000000742200000|
|  35|0x0000000742300000, 0x0000000742300000, 0x0000000742400000|  0%| F|  |TS  0|AC  0|TAMS 0x0000000742300000, 0x0000000742300000|
|  36|0x0000000742400000, 0x0000000742400000, 0x0000000742500000|  0%| F|  |TS  0|AC  0|TAMS 0x0000000742400000, 0x0000000742400000|
|  37|0x0000000742500000, 0x0000000742500000, 0x0000000742600000|  0%| F|  |TS  0|AC  0|TAMS 0x0000000742500000, 0x0000000742500000|
|  38|0x0000000742600000, 0x0000000742600000, 0x0000000742700000|  0%| F|  |TS  0|AC  0|TAMS 0x0000000742600000, 0x0000000742600000|
|  39|0x0000000742700000, 0x0000000742700000, 0x0000000742800000|  0%| F|  |TS  0|AC  0|TAMS 0x0000000742700000, 0x0000000742700000|
|  40|0x0000000742800000, 0x0000000742800000, 0x0000000742900000|  0%| F|  |TS  0|AC  0|TAMS 0x0000000742800000, 0x0000000742800000|
|  41|0x0000000742900000, 0x0000000742900000, 0x0000000742a00000|  0%| F|  |TS  0|AC  0|TAMS 0x0000000742900000, 0x0000000742900000|
|  42|0x0000000742a00000, 0x0000000742a00000, 0x0000000742b00000|  0%| F|  |TS  0|AC  0|TAMS 0x0000000742a00000, 0x0000000742a00000|
|  43|0x0000000742b00000, 0x0000000742b00000, 0x0000000742c00000|  0%| F|  |TS  0|AC  0|TAMS 0x0000000742b00000, 0x0000000742b00000|
|  44|0x0000000742c00000, 0x0000000742c00000, 0x0000000742d00000|  0%| F|  |TS  0|AC  0|TAMS 0x0000000742c00000, 0x0000000742c00000|
|  45|0x0000000742d00000, 0x0000000742d00000, 0x0000000742e00000|  0%| F|  |TS  0|AC  0|TAMS 0x0000000742d00000, 0x0000000742d00000|
|  46|0x0000000742e00000, 0x0000000742e00000, 0x0000000742f00000|  0%| F|  |TS  0|AC  0|TAMS 0x0000000742e00000, 0x0000000742e00000|
|  47|0x0000000742f00000, 0x0000000742f00000, 0x0000000743000000|  0%| F|  |TS  0|AC  0|TAMS 0x0000000742f00000, 0x0000000742f00000|
|  48|0x0000000743000000, 0x0000000743000000, 0x0000000743100000|  0%| F|  |TS  0|AC  0|TAMS 0x0000000743000000, 0x0000000743000000|
|  49|0x0000000743100000, 0x0000000743100000, 0x0000000743200000|  0%| F|  |TS  0|AC  0|TAMS 0x0000000743100000, 0x0000000743100000|
|  50|0x0000000743200000, 0x0000000743200000, 0x0000000743300000|  0%| F|  |TS  0|AC  0|TAMS 0x0000000743200000, 0x0000000743200000|
|  51|0x0000000743300000, 0x0000000743300000, 0x0000000743400000|  0%| F|  |TS  0|AC  0|TAMS 0x0000000743300000, 0x0000000743300000|
|  52|0x0000000743400000, 0x0000000743400000, 0x0000000743500000|  0%| F|  |TS  0|AC  0|TAMS 0x0000000743400000, 0x0000000743400000|
|  53|0x0000000743500000, 0x0000000743500000, 0x0000000743600000|  0%| F|  |TS  0|AC  0|TAMS 0x0000000743500000, 0x0000000743500000|
|  54|0x0000000743600000, 0x0000000743600000, 0x0000000743700000|  0%| F|  |TS  0|AC  0|TAMS 0x0000000743600000, 0x0000000743600000|
|  55|0x0000000743700000, 0x0000000743700000, 0x0000000743800000|  0%| F|  |TS  0|AC  0|TAMS 0x0000000743700000, 0x0000000743700000|
|  56|0x0000000743800000, 0x0000000743800000, 0x0000000743900000|  0%| F|  |TS  0|AC  0|TAMS 0x0000000743800000, 0x0000000743800000|
|  57|0x0000000743900000, 0x0000000743900000, 0x0000000743a00000|  0%| F|  |TS  0|AC  0|TAMS 0x0000000743900000, 0x0000000743900000|
|  58|0x0000000743a00000, 0x0000000743a00000, 0x0000000743b00000|  0%| F|  |TS  0|AC  0|TAMS 0x0000000743a00000, 0x0000000743a00000|
|  59|0x0000000743b00000, 0x0000000743b00000, 0x0000000743c00000|  0%| F|  |TS  0|AC  0|TAMS 0x0000000743b00000, 0x0000000743b00000|
|  60|0x0000000743c00000, 0x0000000743c00000, 0x0000000743d00000|  0%| F|  |TS  0|AC  0|TAMS 0x0000000743c00000, 0x0000000743c00000|
|  61|0x0000000743d00000, 0x0000000743d00000, 0x0000000743e00000|  0%| F|  |TS  0|AC  0|TAMS 0x0000000743d00000, 0x0000000743d00000|
|  62|0x0000000743e00000, 0x0000000743e00000, 0x0000000743f00000|  0%| F|  |TS  0|AC  0|TAMS 0x0000000743e00000, 0x0000000743e00000|
|  63|0x0000000743f00000, 0x0000000743f00000, 0x0000000744000000|  0%| F|  |TS  0|AC  0|TAMS 0x0000000743f00000, 0x0000000743f00000|
|  64|0x0000000744000000, 0x0000000744000000, 0x0000000744100000|  0%| F|  |TS  0|AC  0|TAMS 0x0000000744000000, 0x0000000744000000|
|  65|0x0000000744100000, 0x0000000744100000, 0x0000000744200000|  0%| F|  |TS  0|AC  0|TAMS 0x0000000744100000, 0x0000000744100000|
|  66|0x0000000744200000, 0x0000000744200000, 0x0000000744300000|  0%| F|  |TS  0|AC  0|TAMS 0x0000000744200000, 0x0000000744200000|
|  67|0x0000000744300000, 0x0000000744300000, 0x0000000744400000|  0%| F|  |TS  0|AC  0|TAMS 0x0000000744300000, 0x0000000744300000|
|  68|0x0000000744400000, 0x0000000744400000, 0x0000000744500000|  0%| F|  |TS  0|AC  0|TAMS 0x0000000744400000, 0x0000000744400000|
|  69|0x0000000744500000, 0x0000000744500000, 0x0000000744600000|  0%| F|  |TS  0|AC  0|TAMS 0x0000000744500000, 0x0000000744500000|
|  70|0x0000000744600000, 0x0000000744600000, 0x0000000744700000|  0%| F|  |TS  0|AC  0|TAMS 0x0000000744600000, 0x0000000744600000|
|  71|0x0000000744700000, 0x0000000744700000, 0x0000000744800000|  0%| F|  |TS  0|AC  0|TAMS 0x0000000744700000, 0x0000000744700000|
|  72|0x0000000744800000, 0x0000000744800000, 0x0000000744900000|  0%| F|  |TS  0|AC  0|TAMS 0x0000000744800000, 0x0000000744800000|
|  73|0x0000000744900000, 0x0000000744900000, 0x0000000744a00000|  0%| F|  |TS  0|AC  0|TAMS 0x0000000744900000, 0x0000000744900000|
|  74|0x0000000744a00000, 0x0000000744a00000, 0x0000000744b00000|  0%| F|  |TS  0|AC  0|TAMS 0x0000000744a00000, 0x0000000744a00000|
|  75|0x0000000744b00000, 0x0000000744b00000, 0x0000000744c00000|  0%| F|  |TS  0|AC  0|TAMS 0x0000000744b00000, 0x0000000744b00000|
|  76|0x0000000744c00000, 0x0000000744c00000, 0x0000000744d00000|  0%| F|  |TS  0|AC  0|TAMS 0x0000000744c00000, 0x0000000744c00000|
|  77|0x0000000744d00000, 0x0000000744d00000, 0x0000000744e00000|  0%| F|  |TS  0|AC  0|TAMS 0x0000000744d00000, 0x0000000744d00000|
|  78|0x0000000744e00000, 0x0000000744e00000, 0x0000000744f00000|  0%| F|  |TS  0|AC  0|TAMS 0x0000000744e00000, 0x0000000744e00000|
|  79|0x0000000744f00000, 0x0000000744f00000, 0x0000000745000000|  0%| F|  |TS  0|AC  0|TAMS 0x0000000744f00000, 0x0000000744f00000|
|  80|0x0000000745000000, 0x0000000745000000, 0x0000000745100000|  0%| F|  |TS  0|AC  0|TAMS 0x0000000745000000, 0x0000000745000000|
|  81|0x0000000745100000, 0x0000000745100000, 0x0000000745200000|  0%| F|  |TS  0|AC  0|TAMS 0x0000000745100000, 0x0000000745100000|
|  82|0x0000000745200000, 0x0000000745200000, 0x0000000745300000|  0%| F|  |TS  0|AC  0|TAMS 0x0000000745200000, 0x0000000745200000|
|  83|0x0000000745300000, 0x0000000745300000, 0x0000000745400000|  0%| F|  |TS  0|AC  0|TAMS 0x0000000745300000, 0x0000000745300000|
|  84|0x0000000745400000, 0x0000000745400000, 0x0000000745500000|  0%| F|  |TS  0|AC  0|TAMS 0x0000000745400000, 0x0000000745400000|
|  85|0x0000000745500000, 0x0000000745500000, 0x0000000745600000|  0%| F|  |TS  0|AC  0|TAMS 0x0000000745500000, 0x0000000745500000|
|  86|0x0000000745600000, 0x0000000745600000, 0x0000000745700000|  0%| F|  |TS  0|AC  0|TAMS 0x0000000745600000, 0x0000000745600000|
|  87|0x0000000745700000, 0x0000000745700000, 0x0000000745800000|  0%| F|  |TS  0|AC  0|TAMS 0x0000000745700000, 0x0000000745700000|
|  88|0x0000000745800000, 0x0000000745800000, 0x0000000745900000|  0%| F|  |TS  0|AC  0|TAMS 0x0000000745800000, 0x0000000745800000|
|  89|0x0000000745900000, 0x0000000745900000, 0x0000000745a00000|  0%| F|  |TS  0|AC  0|TAMS 0x0000000745900000, 0x0000000745900000|
|  90|0x0000000745a00000, 0x0000000745a00000, 0x0000000745b00000|  0%| F|  |TS  0|AC  0|TAMS 0x0000000745a00000, 0x0000000745a00000|
|  91|0x0000000745b00000, 0x0000000745b00000, 0x0000000745c00000|  0%| F|  |TS  0|AC  0|TAMS 0x0000000745b00000, 0x0000000745b00000|
|  92|0x0000000745c00000, 0x0000000745c00000, 0x0000000745d00000|  0%| F|  |TS  0|AC  0|TAMS 0x0000000745c00000, 0x0000000745c00000|
|  93|0x0000000745d00000, 0x0000000745d00000, 0x0000000745e00000|  0%| F|  |TS  0|AC  0|TAMS 0x0000000745d00000, 0x0000000745d00000|
|  94|0x0000000745e00000, 0x0000000745e00000, 0x0000000745f00000|  0%| F|  |TS  0|AC  0|TAMS 0x0000000745e00000, 0x0000000745e00000|
|  95|0x0000000745f00000, 0x0000000745f00000, 0x0000000746000000|  0%| F|  |TS  0|AC  0|TAMS 0x0000000745f00000, 0x0000000745f00000|
|  96|0x0000000746000000, 0x0000000746000000, 0x0000000746100000|  0%| F|  |TS  0|AC  0|TAMS 0x0000000746000000, 0x0000000746000000|
|  97|0x0000000746100000, 0x0000000746100000, 0x0000000746200000|  0%| F|  |TS  0|AC  0|TAMS 0x0000000746100000, 0x0000000746100000|
|  98|0x0000000746200000, 0x0000000746200000, 0x0000000746300000|  0%| F|  |TS  0|AC  0|TAMS 0x0000000746200000, 0x0000000746200000|
|  99|0x0000000746300000, 0x0000000746300000, 0x0000000746400000|  0%| F|  |TS  0|AC  0|TAMS 0x0000000746300000, 0x0000000746300000|
| 100|0x0000000746400000, 0x0000000746400000, 0x0000000746500000|  0%| F|  |TS  0|AC  0|TAMS 0x0000000746400000, 0x0000000746400000|
| 101|0x0000000746500000, 0x0000000746500000, 0x0000000746600000|  0%| F|  |TS  0|AC  0|TAMS 0x0000000746500000, 0x0000000746500000|
| 102|0x0000000746600000, 0x0000000746600000, 0x0000000746700000|  0%| F|  |TS  0|AC  0|TAMS 0x0000000746600000, 0x0000000746600000|
| 103|0x0000000746700000, 0x0000000746700000, 0x0000000746800000|  0%| F|  |TS  0|AC  0|TAMS 0x0000000746700000, 0x0000000746700000|
| 104|0x0000000746800000, 0x0000000746800000, 0x0000000746900000|  0%| F|  |TS  0|AC  0|TAMS 0x0000000746800000, 0x0000000746800000|
| 105|0x0000000746900000, 0x0000000746900000, 0x0000000746a00000|  0%| F|  |TS  0|AC  0|TAMS 0x0000000746900000, 0x0000000746900000|
| 106|0x0000000746a00000, 0x0000000746a00000, 0x0000000746b00000|  0%| F|  |TS  0|AC  0|TAMS 0x0000000746a00000, 0x0000000746a00000|
| 107|0x0000000746b00000, 0x0000000746b00000, 0x0000000746c00000|  0%| F|  |TS  0|AC  0|TAMS 0x0000000746b00000, 0x0000000746b00000|
| 108|0x0000000746c00000, 0x0000000746c00000, 0x0000000746d00000|  0%| F|  |TS  0|AC  0|TAMS 0x0000000746c00000, 0x0000000746c00000|
| 109|0x0000000746d00000, 0x0000000746d00000, 0x0000000746e00000|  0%| F|  |TS  0|AC  0|TAMS 0x0000000746d00000, 0x0000000746d00000|
| 110|0x0000000746e00000, 0x0000000746e00000, 0x0000000746f00000|  0%| F|  |TS  0|AC  0|TAMS 0x0000000746e00000, 0x0000000746e00000|
| 111|0x0000000746f00000, 0x0000000746f00000, 0x0000000747000000|  0%| F|  |TS  0|AC  0|TAMS 0x0000000746f00000, 0x0000000746f00000|
| 112|0x0000000747000000, 0x0000000747100000, 0x0000000747100000|100%| S|CS|TS  1|AC  0|TAMS 0x0000000747000000, 0x0000000747000000|
| 113|0x0000000747100000, 0x0000000747200000, 0x0000000747200000|100%| S|CS|TS  1|AC  0|TAMS 0x0000000747100000, 0x0000000747100000|
| 114|0x0000000747200000, 0x0000000747200000, 0x0000000747300000|  0%| F|  |TS  1|AC  0|TAMS 0x0000000747200000, 0x0000000747200000|
| 115|0x0000000747300000, 0x0000000747300000, 0x0000000747400000|  0%| F|  |TS  1|AC  0|TAMS 0x0000000747300000, 0x0000000747300000|
| 116|0x0000000747400000, 0x0000000747400000, 0x0000000747500000|  0%| F|  |TS  1|AC  0|TAMS 0x0000000747400000, 0x0000000747400000|
| 117|0x0000000747500000, 0x0000000747500000, 0x0000000747600000|  0%| F|  |TS  1|AC  0|TAMS 0x0000000747500000, 0x0000000747500000|
| 118|0x0000000747600000, 0x0000000747600000, 0x0000000747700000|  0%| F|  |TS  1|AC  0|TAMS 0x0000000747600000, 0x0000000747600000|
| 119|0x0000000747700000, 0x0000000747700000, 0x0000000747800000|  0%| F|  |TS  1|AC  0|TAMS 0x0000000747700000, 0x0000000747700000|
| 120|0x0000000747800000, 0x0000000747800000, 0x0000000747900000|  0%| F|  |TS  1|AC  0|TAMS 0x0000000747800000, 0x0000000747800000|
| 121|0x0000000747900000, 0x0000000747900000, 0x0000000747a00000|  0%| F|  |TS  1|AC  0|TAMS 0x0000000747900000, 0x0000000747900000|
| 122|0x0000000747a00000, 0x0000000747a00000, 0x0000000747b00000|  0%| F|  |TS  1|AC  0|TAMS 0x0000000747a00000, 0x0000000747a00000|
| 123|0x0000000747b00000, 0x0000000747b00000, 0x0000000747c00000|  0%| F|  |TS  1|AC  0|TAMS 0x0000000747b00000, 0x0000000747b00000|
| 124|0x0000000747c00000, 0x0000000747c00800, 0x0000000747d00000|  0%| E|  |TS  1|AC  0|TAMS 0x0000000747c00000, 0x0000000747c00000|
| 125|0x0000000747d00000, 0x0000000747e00000, 0x0000000747e00000|100%| E|CS|TS  1|AC  0|TAMS 0x0000000747d00000, 0x0000000747d00000|
| 126|0x0000000747e00000, 0x0000000747f00000, 0x0000000747f00000|100%| E|CS|TS  1|AC  0|TAMS 0x0000000747e00000, 0x0000000747e00000|
| 127|0x0000000747f00000, 0x0000000748000000, 0x0000000748000000|100%| E|CS|TS  1|AC  0|TAMS 0x0000000747f00000, 0x0000000747f00000|

Card table byte_map: [0x000000010858f000,0x000000010898f000] byte_map_base: 0x0000000104b8f000

Marking Bits (Prev, Next): (CMBitMap*) 0x00007fb95f01f860, (CMBitMap*) 0x00007fb95f01f898
 Prev Bits: [0x0000000108d8f000, 0x000000010ad8f000)
 Next Bits: [0x000000010ad8f000, 0x000000010cd8f000)

Polling page: 0x00000001065b0000

CodeHeap 'non-profiled nmethods': size=120032Kb used=330Kb max_used=330Kb free=119701Kb
 bounds [0x00000001226fc000, 0x000000012296c000, 0x0000000129c34000]
CodeHeap 'profiled nmethods': size=120032Kb used=1418Kb max_used=1418Kb free=118614Kb
 bounds [0x000000011b1c4000, 0x000000011b434000, 0x00000001226fc000]
CodeHeap 'non-nmethods': size=5696Kb used=1336Kb max_used=1347Kb free=4359Kb
 bounds [0x000000011ac34000, 0x000000011aea4000, 0x000000011b1c4000]
 total_blobs=1829 nmethods=843 adapters=724
 compilation: enabled

Compilation events (10 events):
Event: 3.737 Thread 0x00007fb960058000 nmethod 836 0x000000011b324910 code [0x000000011b324b00, 0x000000011b324fb8]
Event: 3.737 Thread 0x00007fb960058000  837       3       jdk.internal.jimage.ImageStringsReader::hashCode (31 bytes)
Event: 3.737 Thread 0x00007fb960058000 nmethod 837 0x000000011b325210 code [0x000000011b325400, 0x000000011b325618]
Event: 3.740 Thread 0x00007fb96004f800 nmethod 831 0x000000012274de90 code [0x000000012274e020, 0x000000012274e2b8]
Event: 3.741 Thread 0x00007fb960058000  840       3       sun.awt.AWTAutoShutdown::isReadyToShutdown (37 bytes)
Event: 3.741 Thread 0x00007fb960058000 nmethod 840 0x000000011b325710 code [0x000000011b3258e0, 0x000000011b325c98]
Event: 3.742 Thread 0x00007fb960058000  841       3       java.lang.ref.SoftReference::<init> (13 bytes)
Event: 3.742 Thread 0x00007fb960058000 nmethod 841 0x000000011b325d90 code [0x000000011b325f60, 0x000000011b3262f0]
Event: 3.742 Thread 0x00007fb960058000  842       3       sun.util.locale.LocaleUtils::isUpper (18 bytes)
Event: 3.742 Thread 0x00007fb960058000 nmethod 842 0x000000011b326410 code [0x000000011b3265c0, 0x000000011b326790]

GC Heap History (2 events):
Event: 3.524 GC heap before
{Heap before GC invocations=0 (full 0):
 garbage-first heap   total 131072K, used 15360K [0x0000000740000000, 0x00000007c0000000)
  region size 1024K, 14 young (14336K), 0 survivors (0K)
 Metaspace       used 14941K, capacity 15179K, committed 15488K, reserved 1062912K
  class space    used 1270K, capacity 1383K, committed 1408K, reserved 1048576K
}
Event: 3.535 GC heap after
{Heap after GC invocations=1 (full 0):
 garbage-first heap   total 131072K, used 3106K [0x0000000740000000, 0x00000007c0000000)
  region size 1024K, 2 young (2048K), 2 survivors (2048K)
 Metaspace       used 14941K, capacity 15179K, committed 15488K, reserved 1062912K
  class space    used 1270K, capacity 1383K, committed 1408K, reserved 1048576K
}

Deoptimization events (4 events):
Event: 0.109 Thread 0x00007fb960000800 Uncommon trap: reason=unstable_if action=reinterpret pc=0x00000001226ffbec method=java.lang.String.hashCode()I @ 14 c2
Event: 0.255 Thread 0x00007fb960000800 Uncommon trap: reason=unstable_if action=reinterpret pc=0x00000001227199a8 method=java.lang.StringLatin1.replace([BCC)Ljava/lang/String; @ 19 c2
Event: 3.216 Thread 0x00007fb960000800 Uncommon trap: reason=unstable_if action=reinterpret pc=0x000000012273c430 method=java.util.HashMap.getNode(ILjava/lang/Object;)Ljava/util/HashMap$Node; @ 116 c2
Event: 3.731 Thread 0x00007fb95f305800 Uncommon trap: reason=unstable_if action=reinterpret pc=0x0000000122712dac method=java.lang.String.equals(Ljava/lang/Object;)Z @ 27 c2

Classes redefined (0 events):
No events

Internal exceptions (10 events):
Event: 3.523 Thread 0x00007fb95f174000 Exception <a 'java/lang/NoSuchMethodError'{0x000000074798bcc0}: method resolution failed> (0x000000074798bcc0) thrown at [/scratch/mesos/slaves/450fa0f5-8733-43f8-b866-79fe3e86d200-S3216/frameworks/1735e8a2-a1db-478c-8104-60c8b0af87dd-0196/executors/ad79a
Event: 3.524 Thread 0x00007fb95f174000 Exception <a 'java/lang/NoSuchMethodError'{0x000000074798fa20}: method resolution failed> (0x000000074798fa20) thrown at [/scratch/mesos/slaves/450fa0f5-8733-43f8-b866-79fe3e86d200-S3216/frameworks/1735e8a2-a1db-478c-8104-60c8b0af87dd-0196/executors/ad79a
Event: 3.539 Thread 0x00007fb960802000 Exception <a 'java/lang/NullPointerException'{0x0000000747f80800}> (0x0000000747f80800) thrown at [/scratch/mesos/slaves/450fa0f5-8733-43f8-b866-79fe3e86d200-S3216/frameworks/1735e8a2-a1db-478c-8104-60c8b0af87dd-0196/executors/ad79a8ee-9dbd-49c8-9c3a-82bc
Event: 3.544 Thread 0x00007fb95f174000 Exception <a 'java/lang/NoSuchMethodError'{0x0000000747f0a050}: java.lang.invoke.DirectMethodHandle$Holder.invokeSpecial(Ljava/lang/Object;Ljava/lang/Object;J)V> (0x0000000747f0a050) thrown at [/scratch/mesos/slaves/450fa0f5-8733-43f8-b866-79fe3e86d200-S3
Event: 3.570 Thread 0x00007fb95f305800 Exception <a 'java/lang/NoSuchMethodError'{0x0000000747e83bb8}: method resolution failed> (0x0000000747e83bb8) thrown at [/scratch/mesos/slaves/450fa0f5-8733-43f8-b866-79fe3e86d200-S3216/frameworks/1735e8a2-a1db-478c-8104-60c8b0af87dd-0196/executors/ad79a
Event: 3.577 Thread 0x00007fb95f174000 Exception <a 'java/lang/NoSuchMethodError'{0x0000000747f15870}: java.lang.invoke.DirectMethodHandle$Holder.invokeStatic(Ljava/lang/Object;J)V> (0x0000000747f15870) thrown at [/scratch/mesos/slaves/450fa0f5-8733-43f8-b866-79fe3e86d200-S3216/frameworks/1735
Event: 3.621 Thread 0x00007fb95f305800 Exception <a 'java/lang/NoSuchMethodError'{0x0000000747ed4c68}: java.lang.invoke.DirectMethodHandle$Holder.invokeStatic(Ljava/lang/Object;JJ)V> (0x0000000747ed4c68) thrown at [/scratch/mesos/slaves/450fa0f5-8733-43f8-b866-79fe3e86d200-S3216/frameworks/173
Event: 3.621 Thread 0x00007fb95f305800 Exception <a 'java/lang/NoSuchMethodError'{0x0000000747eda1b0}: java.lang.invoke.DirectMethodHandle$Holder.invokeStatic(Ljava/lang/Object;J)Ljava/lang/Object;> (0x0000000747eda1b0) thrown at [/scratch/mesos/slaves/450fa0f5-8733-43f8-b866-79fe3e86d200-S321
Event: 3.622 Thread 0x00007fb95f305800 Exception <a 'java/lang/NoSuchMethodError'{0x0000000747edd920}: method resolution failed> (0x0000000747edd920) thrown at [/scratch/mesos/slaves/450fa0f5-8733-43f8-b866-79fe3e86d200-S3216/frameworks/1735e8a2-a1db-478c-8104-60c8b0af87dd-0196/executors/ad79a
Event: 3.624 Thread 0x00007fb95f305800 Exception <a 'java/lang/NoSuchMethodError'{0x0000000747ee35d8}: method resolution failed> (0x0000000747ee35d8) thrown at [/scratch/mesos/slaves/450fa0f5-8733-43f8-b866-79fe3e86d200-S3216/frameworks/1735e8a2-a1db-478c-8104-60c8b0af87dd-0196/executors/ad79a

Events (10 events):
Event: 3.742 loading class java/awt/Window$1DisposeAction
Event: 3.742 loading class java/awt/Window$1DisposeAction done
Event: 3.743 loading class java/awt/KeyboardFocusManager$2
Event: 3.743 loading class java/awt/KeyboardFocusManager$2 done
Event: 3.743 loading class sun/awt/SunToolkit$1
Event: 3.743 loading class sun/awt/SunToolkit$1 done
Event: 3.746 Executing VM operation: RevokeBias
Event: 3.746 Executing VM operation: RevokeBias done
Event: 3.747 loading class jogamp/opengl/macosx/cgl/MacOSXCGLContext$NSOpenGLImpl$DetachGLLayerCmd
Event: 3.747 loading class jogamp/opengl/macosx/cgl/MacOSXCGLContext$NSOpenGLImpl$DetachGLLayerCmd done


Dynamic libraries:
0x00007fff41e5e000 	/System/Library/Frameworks/Cocoa.framework/Versions/A/Cocoa
0x00007fff4e46b000 	/System/Library/Frameworks/Security.framework/Versions/A/Security
0x00007fff40aa1000 	/System/Library/Frameworks/ApplicationServices.framework/Versions/A/ApplicationServices
0x00007fff6a28c000 	/usr/lib/libz.1.dylib
0x00007fff681be000 	/usr/lib/libSystem.B.dylib
0x00007fff42615000 	/System/Library/Frameworks/CoreFoundation.framework/Versions/A/CoreFoundation
0x00007fff44776000 	/System/Library/Frameworks/Foundation.framework/Versions/C/Foundation
0x00007fff69876000 	/usr/lib/libobjc.A.dylib
0x00007fff3fbf1000 	/System/Library/Frameworks/AppKit.framework/Versions/C/AppKit
0x00007fff421d6000 	/System/Library/Frameworks/CoreData.framework/Versions/A/CoreData
0x00007fff61b08000 	/System/Library/PrivateFrameworks/RemoteViewServices.framework/Versions/A/RemoteViewServices
0x00007fff66263000 	/System/Library/PrivateFrameworks/UIFoundation.framework/Versions/A/UIFoundation
0x00007fff56921000 	/System/Library/PrivateFrameworks/DFRFoundation.framework/Versions/A/DFRFoundation
0x00007fff46de0000 	/System/Library/Frameworks/Metal.framework/Versions/A/Metal
0x00007fff56abe000 	/System/Library/PrivateFrameworks/DesktopServicesPriv.framework/Versions/A/DesktopServicesPriv
0x00007fff68dc4000 	/usr/lib/libenergytrace.dylib
0x00007fff642cf000 	/System/Library/PrivateFrameworks/SkyLight.framework/Versions/A/SkyLight
0x00007fff42ab8000 	/System/Library/Frameworks/CoreGraphics.framework/Versions/A/CoreGraphics
0x00007fff681b9000 	/usr/lib/libScreenReader.dylib
0x00007fff3eb8c000 	/System/Library/Frameworks/Accelerate.framework/Versions/A/Accelerate
0x00007fff44eef000 	/System/Library/Frameworks/IOSurface.framework/Versions/A/IOSurface
0x00007fff40feb000 	/System/Library/Frameworks/AudioToolbox.framework/Versions/A/AudioToolbox
0x00007fff4127a000 	/System/Library/Frameworks/AudioUnit.framework/Versions/A/AudioUnit
0x00007fff569b9000 	/System/Library/PrivateFrameworks/DataDetectorsCore.framework/Versions/A/DataDetectorsCore
0x00007fff41951000 	/System/Library/Frameworks/Carbon.framework/Versions/A/Frameworks/HIToolbox.framework/Versions/A/HIToolbox
0x00007fff68f1e000 	/usr/lib/libicucore.A.dylib
0x00007fff4d9eb000 	/System/Library/Frameworks/QuartzCore.framework/Versions/A/QuartzCore
0x00007fff63585000 	/System/Library/PrivateFrameworks/SignpostNotification.framework/Versions/A/SignpostNotification
0x00007fff41d37000 	/System/Library/Frameworks/Carbon.framework/Versions/A/Frameworks/SpeechRecognition.framework/Versions/A/SpeechRecognition
0x00007fff6831a000 	/usr/lib/libauto.dylib
0x00007fff6a17b000 	/usr/lib/libxml2.2.dylib
0x00007fff56572000 	/System/Library/PrivateFrameworks/CoreUI.framework/Versions/A/CoreUI
0x00007fff420b2000 	/System/Library/Frameworks/CoreAudio.framework/Versions/A/CoreAudio
0x00007fff445b0000 	/System/Library/Frameworks/DiskArbitration.framework/Versions/A/DiskArbitration
0x00007fff69192000 	/usr/lib/liblangid.dylib
0x00007fff5e015000 	/System/Library/PrivateFrameworks/MultitouchSupport.framework/Versions/A/MultitouchSupport
0x00007fff44e52000 	/System/Library/Frameworks/IOKit.framework/Versions/A/IOKit
0x00007fff67e48000 	/usr/lib/libDiagnosticMessagesClient.dylib
0x00007fff4378e000 	/System/Library/Frameworks/CoreServices.framework/Versions/A/CoreServices
0x00007fff5fb45000 	/System/Library/PrivateFrameworks/PerformanceAnalysis.framework/Versions/A/PerformanceAnalysis
0x00007fff4cb8d000 	/System/Library/Frameworks/OpenGL.framework/Versions/A/OpenGL
0x00007fff41e6c000 	/System/Library/Frameworks/ColorSync.framework/Versions/A/ColorSync
0x00007fff430ca000 	/System/Library/Frameworks/CoreImage.framework/Versions/A/CoreImage
0x00007fff4411e000 	/System/Library/Frameworks/CoreText.framework/Versions/A/CoreText
0x00007fff44f4d000 	/System/Library/Frameworks/ImageIO.framework/Versions/A/ImageIO
0x00007fff53270000 	/System/Library/PrivateFrameworks/Backup.framework/Versions/A/Backup
0x00007fff6826a000 	/usr/lib/libarchive.2.dylib
0x00007fff4159d000 	/System/Library/Frameworks/CFNetwork.framework/Versions/A/CFNetwork
0x00007fff4ebfc000 	/System/Library/Frameworks/SystemConfiguration.framework/Versions/A/SystemConfiguration
0x00007fff67d71000 	/usr/lib/libCRFSuite.dylib
0x00007fff683f3000 	/usr/lib/libc++.1.dylib
0x00007fff6844a000 	/usr/lib/libc++abi.dylib
0x00007fff6a33a000 	/usr/lib/system/libcache.dylib
0x00007fff6a33f000 	/usr/lib/system/libcommonCrypto.dylib
0x00007fff6a34a000 	/usr/lib/system/libcompiler_rt.dylib
0x00007fff6a352000 	/usr/lib/system/libcopyfile.dylib
0x00007fff6a35c000 	/usr/lib/system/libcorecrypto.dylib
0x00007fff6a469000 	/usr/lib/system/libdispatch.dylib
0x00007fff6a4a3000 	/usr/lib/system/libdyld.dylib
0x00007fff6a4c1000 	/usr/lib/system/libkeymgr.dylib
0x00007fff6a4cf000 	/usr/lib/system/liblaunch.dylib
0x00007fff6a4d0000 	/usr/lib/system/libmacho.dylib
0x00007fff6a4d5000 	/usr/lib/system/libquarantine.dylib
0x00007fff6a4d8000 	/usr/lib/system/libremovefile.dylib
0x00007fff6a4da000 	/usr/lib/system/libsystem_asl.dylib
0x00007fff6a4f2000 	/usr/lib/system/libsystem_blocks.dylib
0x00007fff6a4f3000 	/usr/lib/system/libsystem_c.dylib
0x00007fff6a57d000 	/usr/lib/system/libsystem_configuration.dylib
0x00007fff6a581000 	/usr/lib/system/libsystem_coreservices.dylib
0x00007fff6a585000 	/usr/lib/system/libsystem_darwin.dylib
0x00007fff6a587000 	/usr/lib/system/libsystem_dnssd.dylib
0x00007fff6a58e000 	/usr/lib/system/libsystem_info.dylib
0x00007fff6a5ff000 	/usr/lib/system/libsystem_m.dylib
0x00007fff6a64b000 	/usr/lib/system/libsystem_malloc.dylib
0x00007fff6a66b000 	/usr/lib/system/libsystem_network.dylib
0x00007fff6a79c000 	/usr/lib/system/libsystem_networkextension.dylib
0x00007fff6a7a7000 	/usr/lib/system/libsystem_notify.dylib
0x00007fff6a7c5000 	/usr/lib/system/libsystem_sandbox.dylib
0x00007fff6a7c9000 	/usr/lib/system/libsystem_secinit.dylib
0x00007fff6a5d8000 	/usr/lib/system/libsystem_kernel.dylib
0x00007fff6a7b1000 	/usr/lib/system/libsystem_platform.dylib
0x00007fff6a7b9000 	/usr/lib/system/libsystem_pthread.dylib
0x00007fff6a7cb000 	/usr/lib/system/libsystem_symptoms.dylib
0x00007fff6a7d3000 	/usr/lib/system/libsystem_trace.dylib
0x00007fff6a7e8000 	/usr/lib/system/libunwind.dylib
0x00007fff6a7ee000 	/usr/lib/system/libxpc.dylib
0x00007fff67c84000 	/usr/lib/closure/libclosured.dylib
0x00007fff683d4000 	/usr/lib/libbsm.0.dylib
0x00007fff6a4c2000 	/usr/lib/system/libkxld.dylib
0x00007fff68082000 	/usr/lib/libOpenScriptingUtil.dylib
0x00007fff68743000 	/usr/lib/libcoretls.dylib
0x00007fff6875c000 	/usr/lib/libcoretls_cfhelpers.dylib
0x00007fff69c77000 	/usr/lib/libpam.2.dylib
0x00007fff69d9e000 	/usr/lib/libsqlite3.dylib
0x00007fff6a16a000 	/usr/lib/libxar.1.dylib
0x00007fff683e5000 	/usr/lib/libbz2.1.0.dylib
0x00007fff69194000 	/usr/lib/liblzma.5.dylib
0x00007fff69675000 	/usr/lib/libnetwork.dylib
0x00007fff68253000 	/usr/lib/libapple_nghttp2.dylib
0x00007fff69c7e000 	/usr/lib/libpcap.A.dylib
0x00007fff6831b000 	/usr/lib/libboringssl.dylib
0x00007fff6a105000 	/usr/lib/libusrtcp.dylib
0x00007fff68252000 	/usr/lib/libapple_crypto.dylib
0x00007fff43b11000 	/System/Library/Frameworks/CoreServices.framework/Versions/A/Frameworks/FSEvents.framework/Versions/A/FSEvents
0x00007fff43804000 	/System/Library/Frameworks/CoreServices.framework/Versions/A/Frameworks/CarbonCore.framework/Versions/A/CarbonCore
0x00007fff43cd8000 	/System/Library/Frameworks/CoreServices.framework/Versions/A/Frameworks/Metadata.framework/Versions/A/Metadata
0x00007fff43d89000 	/System/Library/Frameworks/CoreServices.framework/Versions/A/Frameworks/OSServices.framework/Versions/A/OSServices
0x00007fff43dea000 	/System/Library/Frameworks/CoreServices.framework/Versions/A/Frameworks/SearchKit.framework/Versions/A/SearchKit
0x00007fff4378f000 	/System/Library/Frameworks/CoreServices.framework/Versions/A/Frameworks/AE.framework/Versions/A/AE
0x00007fff43b1a000 	/System/Library/Frameworks/CoreServices.framework/Versions/A/Frameworks/LaunchServices.framework/Versions/A/LaunchServices
0x00007fff43adc000 	/System/Library/Frameworks/CoreServices.framework/Versions/A/Frameworks/DictionaryServices.framework/Versions/A/DictionaryServices
0x00007fff43e59000 	/System/Library/Frameworks/CoreServices.framework/Versions/A/Frameworks/SharedFileList.framework/Versions/A/SharedFileList
0x00007fff48016000 	/System/Library/Frameworks/NetFS.framework/Versions/A/NetFS
0x00007fff5e2a6000 	/System/Library/PrivateFrameworks/NetAuth.framework/Versions/A/NetAuth
0x00007fff67b1b000 	/System/Library/PrivateFrameworks/login.framework/Versions/A/Frameworks/loginsupport.framework/Versions/A/loginsupport
0x00007fff65ee0000 	/System/Library/PrivateFrameworks/TCC.framework/Versions/A/TCC
0x00007fff69275000 	/usr/lib/libmecabra.dylib
0x00007fff40aa2000 	/System/Library/Frameworks/ApplicationServices.framework/Versions/A/Frameworks/ATS.framework/Versions/A/ATS
0x00007fff40e50000 	/System/Library/Frameworks/ApplicationServices.framework/Versions/A/Frameworks/ColorSyncLegacy.framework/Versions/A/ColorSyncLegacy
0x00007fff40ef4000 	/System/Library/Frameworks/ApplicationServices.framework/Versions/A/Frameworks/HIServices.framework/Versions/A/HIServices
0x00007fff40f47000 	/System/Library/Frameworks/ApplicationServices.framework/Versions/A/Frameworks/LangAnalysis.framework/Versions/A/LangAnalysis
0x00007fff40f56000 	/System/Library/Frameworks/ApplicationServices.framework/Versions/A/Frameworks/PrintCore.framework/Versions/A/PrintCore
0x00007fff40fa3000 	/System/Library/Frameworks/ApplicationServices.framework/Versions/A/Frameworks/QD.framework/Versions/A/QD
0x00007fff40fde000 	/System/Library/Frameworks/ApplicationServices.framework/Versions/A/Frameworks/SpeechSynthesis.framework/Versions/A/SpeechSynthesis
0x00007fff4252d000 	/System/Library/Frameworks/CoreDisplay.framework/Versions/A/CoreDisplay
0x00007fff3eba4000 	/System/Library/Frameworks/Accelerate.framework/Versions/A/Frameworks/vImage.framework/Versions/A/vImage
0x00007fff3f8fe000 	/System/Library/Frameworks/Accelerate.framework/Versions/A/Frameworks/vecLib.framework/Versions/A/vecLib
0x00007fff3f69e000 	/System/Library/Frameworks/Accelerate.framework/Versions/A/Frameworks/vecLib.framework/Versions/A/libvDSP.dylib
0x00007fff3f1fe000 	/System/Library/Frameworks/Accelerate.framework/Versions/A/Frameworks/vecLib.framework/Versions/A/libBNNS.dylib
0x00007fff3f603000 	/System/Library/Frameworks/Accelerate.framework/Versions/A/Frameworks/vecLib.framework/Versions/A/libQuadrature.dylib
0x00007fff3f84c000 	/System/Library/Frameworks/Accelerate.framework/Versions/A/Frameworks/vecLib.framework/Versions/A/libvMisc.dylib
0x00007fff3f22d000 	/System/Library/Frameworks/Accelerate.framework/Versions/A/Frameworks/vecLib.framework/Versions/A/libLAPACK.dylib
0x00007fff3f0a3000 	/System/Library/Frameworks/Accelerate.framework/Versions/A/Frameworks/vecLib.framework/Versions/A/libBLAS.dylib
0x00007fff3f5ed000 	/System/Library/Frameworks/Accelerate.framework/Versions/A/Frameworks/vecLib.framework/Versions/A/libLinearAlgebra.dylib
0x00007fff3f609000 	/System/Library/Frameworks/Accelerate.framework/Versions/A/Frameworks/vecLib.framework/Versions/A/libSparse.dylib
0x00007fff3f68a000 	/System/Library/Frameworks/Accelerate.framework/Versions/A/Frameworks/vecLib.framework/Versions/A/libSparseBLAS.dylib
0x00007fff5b0fb000 	/System/Library/PrivateFrameworks/GPUWrangler.framework/Versions/A/GPUWrangler
0x00007fff5c88b000 	/System/Library/PrivateFrameworks/IOAccelerator.framework/Versions/A/IOAccelerator
0x00007fff5c896000 	/System/Library/PrivateFrameworks/IOPresentment.framework/Versions/A/IOPresentment
0x00007fff56933000 	/System/Library/PrivateFrameworks/DSExternalDisplay.framework/Versions/A/DSExternalDisplay
0x00007fff4c00d000 	/System/Library/Frameworks/OpenGL.framework/Versions/A/Libraries/libCoreFSCache.dylib
0x00007fff4426f000 	/System/Library/Frameworks/CoreVideo.framework/Versions/A/CoreVideo
0x00007fff5be76000 	/System/Library/PrivateFrameworks/GraphVisualizer.framework/Versions/A/GraphVisualizer
0x00007fff47017000 	/System/Library/Frameworks/MetalPerformanceShaders.framework/Versions/A/MetalPerformanceShaders
0x00007fff67e80000 	/usr/lib/libFosl_dynamic.dylib
0x00007fff57a05000 	/System/Library/PrivateFrameworks/FaceCore.framework/Versions/A/FaceCore
0x00007fff4ae14000 	/System/Library/Frameworks/OpenCL.framework/Versions/A/OpenCL
0x00007fff68481000 	/usr/lib/libcompression.dylib
0x00007fff40ba1000 	/System/Library/Frameworks/ApplicationServices.framework/Versions/A/Frameworks/ATS.framework/Versions/A/Resources/libFontParser.dylib
0x00007fff40cc4000 	/System/Library/Frameworks/ApplicationServices.framework/Versions/A/Frameworks/ATS.framework/Versions/A/Resources/libFontRegistry.dylib
0x00007fff451b5000 	/System/Library/Frameworks/ImageIO.framework/Versions/A/Resources/libJPEG.dylib
0x00007fff454de000 	/System/Library/Frameworks/ImageIO.framework/Versions/A/Resources/libTIFF.dylib
0x00007fff454b4000 	/System/Library/Frameworks/ImageIO.framework/Versions/A/Resources/libPng.dylib
0x00007fff450c8000 	/System/Library/Frameworks/ImageIO.framework/Versions/A/Resources/libGIF.dylib
0x00007fff450cd000 	/System/Library/Frameworks/ImageIO.framework/Versions/A/Resources/libJP2.dylib
0x00007fff454db000 	/System/Library/Frameworks/ImageIO.framework/Versions/A/Resources/libRadiance.dylib
0x00007fff5299b000 	/System/Library/PrivateFrameworks/AppleJPEG.framework/Versions/A/AppleJPEG
0x00007fff46e7e000 	/System/Library/Frameworks/MetalPerformanceShaders.framework/Frameworks/MPSCore.framework/Versions/A/MPSCore
0x00007fff46e9a000 	/System/Library/Frameworks/MetalPerformanceShaders.framework/Frameworks/MPSImage.framework/Versions/A/MPSImage
0x00007fff46f2f000 	/System/Library/Frameworks/MetalPerformanceShaders.framework/Frameworks/MPSNeuralNetwork.framework/Versions/A/MPSNeuralNetwork
0x00007fff46f0a000 	/System/Library/Frameworks/MetalPerformanceShaders.framework/Frameworks/MPSMatrix.framework/Versions/A/MPSMatrix
0x00007fff5dd8b000 	/System/Library/PrivateFrameworks/MetalTools.framework/Versions/A/MetalTools
0x00007fff4c1d7000 	/System/Library/Frameworks/OpenGL.framework/Versions/A/Libraries/libGLU.dylib
0x00007fff4c018000 	/System/Library/Frameworks/OpenGL.framework/Versions/A/Libraries/libGFXShared.dylib
0x00007fff4c022000 	/System/Library/Frameworks/OpenGL.framework/Versions/A/Libraries/libGL.dylib
0x00007fff4c02e000 	/System/Library/Frameworks/OpenGL.framework/Versions/A/Libraries/libGLImage.dylib
0x00007fff4c00a000 	/System/Library/Frameworks/OpenGL.framework/Versions/A/Libraries/libCVMSPluginSupport.dylib
0x00007fff4c013000 	/System/Library/Frameworks/OpenGL.framework/Versions/A/Libraries/libCoreVMClient.dylib
0x00007fff68c2e000 	/usr/lib/libcups.2.dylib
0x00007fff463e6000 	/System/Library/Frameworks/Kerberos.framework/Versions/A/Kerberos
0x00007fff44bac000 	/System/Library/Frameworks/GSS.framework/Versions/A/GSS
0x00007fff69d31000 	/usr/lib/libresolv.9.dylib
0x00007fff68e2c000 	/usr/lib/libiconv.2.dylib
0x00007fff5bf08000 	/System/Library/PrivateFrameworks/Heimdal.framework/Versions/A/Heimdal
0x00007fff68dfb000 	/usr/lib/libheimdal-asn1.dylib
0x00007fff4ae80000 	/System/Library/Frameworks/OpenDirectory.framework/Versions/A/OpenDirectory
0x00007fff54cad000 	/System/Library/PrivateFrameworks/CommonAuth.framework/Versions/A/CommonAuth
0x00007fff4ae63000 	/System/Library/Frameworks/OpenDirectory.framework/Versions/A/Frameworks/CFOpenDirectory.framework/Versions/A/CFOpenDirectory
0x00007fff4e795000 	/System/Library/Frameworks/SecurityFoundation.framework/Versions/A/SecurityFoundation
0x00007fff51b67000 	/System/Library/PrivateFrameworks/APFS.framework/Versions/A/APFS
0x00007fff6a166000 	/usr/lib/libutil.dylib
0x00007fff52a1e000 	/System/Library/PrivateFrameworks/AppleSauce.framework/Versions/A/AppleSauce
0x00007fff5d073000 	/System/Library/PrivateFrameworks/LinguisticData.framework/Versions/A/LinguisticData
0x00007fff691ae000 	/usr/lib/libmarisa.dylib
0x00007fff5d02d000 	/System/Library/PrivateFrameworks/Lexicon.framework/Versions/A/Lexicon
0x00007fff67dab000 	/usr/lib/libChineseTokenizer.dylib
0x00007fff68470000 	/usr/lib/libcmph.dylib
0x00007fff5cf37000 	/System/Library/PrivateFrameworks/LanguageModeling.framework/Versions/A/LanguageModeling
0x00007fff557b9000 	/System/Library/PrivateFrameworks/CoreEmoji.framework/Versions/A/CoreEmoji
0x00007fff4e853000 	/System/Library/Frameworks/ServiceManagement.framework/Versions/A/ServiceManagement
0x00007fff53268000 	/System/Library/PrivateFrameworks/BackgroundTaskManagement.framework/Versions/A/BackgroundTaskManagement
0x00007fff6a263000 	/usr/lib/libxslt.1.dylib
0x00007fff41c61000 	/System/Library/Frameworks/Carbon.framework/Versions/A/Frameworks/Ink.framework/Versions/A/Ink
0x00007fff660f5000 	/System/Library/PrivateFrameworks/TextureIO.framework/Versions/A/TextureIO
0x00007fff68295000 	/usr/lib/libate.dylib
0x00007fff56893000 	/System/Library/PrivateFrameworks/CrashReporterSupport.framework/Versions/A/CrashReporterSupport
0x00007fff63447000 	/System/Library/PrivateFrameworks/Sharing.framework/Versions/A/Sharing
0x00007fff5cc78000 	/System/Library/PrivateFrameworks/IconServices.framework/Versions/A/IconServices
0x00007fff52820000 	/System/Library/PrivateFrameworks/Apple80211.framework/Versions/A/Apple80211
0x00007fff566a8000 	/System/Library/PrivateFrameworks/CoreUtils.framework/Versions/A/CoreUtils
0x00007fff442aa000 	/System/Library/Frameworks/CoreWLAN.framework/Versions/A/CoreWLAN
0x00007fff44cee000 	/System/Library/Frameworks/IOBluetooth.framework/Versions/A/IOBluetooth
0x00007fff61913000 	/System/Library/PrivateFrameworks/ProtocolBuffer.framework/Versions/A/ProtocolBuffer
0x00007fff5682e000 	/System/Library/PrivateFrameworks/CoreWiFi.framework/Versions/A/CoreWiFi
0x00007fff421ac000 	/System/Library/Frameworks/CoreBluetooth.framework/Versions/A/CoreBluetooth
0x00007fff56a7d000 	/System/Library/PrivateFrameworks/DebugSymbols.framework/Versions/A/DebugSymbols
0x00007fff5645e000 	/System/Library/PrivateFrameworks/CoreSymbolication.framework/Versions/A/CoreSymbolication
0x00007fff658e6000 	/System/Library/PrivateFrameworks/Symbolication.framework/Versions/A/Symbolication
0x00007fff5284a000 	/System/Library/PrivateFrameworks/AppleFSCompression.framework/Versions/A/AppleFSCompression
0x00007fff64d34000 	/System/Library/PrivateFrameworks/SpeechRecognitionCore.framework/Versions/A/SpeechRecognitionCore
0x00007fff3ab48000 	/System/Library/CoreServices/Encodings/libJapaneseConverter.dylib
0x0000000106e00000 	/Library/Java/JavaVirtualMachines/jdk-10.jdk/Contents/Home/lib/server/libjvm.dylib
0x00007fff6a033000 	/usr/lib/libstdc++.6.0.9.dylib
0x000000010656e000 	/Library/Java/JavaVirtualMachines/jdk-10.jdk/Contents/Home/lib/libverify.dylib
0x000000010657b000 	/Library/Java/JavaVirtualMachines/jdk-10.jdk/Contents/Home/lib/libjava.dylib
0x0000000107b9d000 	/Library/Java/JavaVirtualMachines/jdk-10.jdk/Contents/Home/lib/libzip.dylib
0x0000000107ba5000 	/Library/Java/JavaVirtualMachines/jdk-10.jdk/Contents/Home/lib/libjimage.dylib
0x000000010f351000 	/Library/Java/JavaVirtualMachines/jdk-10.jdk/Contents/Home/lib/libnio.dylib
0x000000010f361000 	/Library/Java/JavaVirtualMachines/jdk-10.jdk/Contents/Home/lib/./libnet.dylib
0x000000010f400000 	/Library/Java/JavaVirtualMachines/jdk-10.jdk/Contents/Home/lib/libawt.dylib
0x000000010f4a5000 	/Library/Java/JavaVirtualMachines/jdk-10.jdk/Contents/Home/lib/./libmlib_image.dylib
0x00007fff463cf000 	/System/Library/Frameworks/JavaVM.framework/Versions/A/Frameworks/JavaNativeFoundation.framework/Versions/A/JavaNativeFoundation
0x00007fff463d8000 	/System/Library/Frameworks/JavaVM.framework/Versions/A/Frameworks/JavaRuntimeSupport.framework/Versions/A/JavaRuntimeSupport
0x00007fff463e1000 	/System/Library/Frameworks/JavaVM.framework/Versions/A/JavaVM
0x00007fff5ce39000 	/System/Library/PrivateFrameworks/JavaLaunching.framework/Versions/A/JavaLaunching
0x00007fff4194c000 	/System/Library/Frameworks/Carbon.framework/Versions/A/Carbon
0x00007fff4194d000 	/System/Library/Frameworks/Carbon.framework/Versions/A/Frameworks/CommonPanels.framework/Versions/A/CommonPanels
0x00007fff41c57000 	/System/Library/Frameworks/Carbon.framework/Versions/A/Frameworks/Help.framework/Versions/A/Help
0x00007fff41c5b000 	/System/Library/Frameworks/Carbon.framework/Versions/A/Frameworks/ImageCapture.framework/Versions/A/ImageCapture
0x00007fff41cf7000 	/System/Library/Frameworks/Carbon.framework/Versions/A/Frameworks/OpenScripting.framework/Versions/A/OpenScripting
0x00007fff41d32000 	/System/Library/Frameworks/Carbon.framework/Versions/A/Frameworks/Print.framework/Versions/A/Print
0x00007fff41d34000 	/System/Library/Frameworks/Carbon.framework/Versions/A/Frameworks/SecurityHI.framework/Versions/A/SecurityHI
0x000000010f513000 	/Library/Java/JavaVirtualMachines/jdk-10.jdk/Contents/Home/lib/libawt_lwawt.dylib
0x000000010f5d3000 	/Library/Java/JavaVirtualMachines/jdk-10.jdk/Contents/Home/lib/./libosxapp.dylib
0x00007fff4474f000 	/System/Library/Frameworks/ExceptionHandling.framework/Versions/A/ExceptionHandling
0x000000010f825000 	/Users/ochihideji/Desktop/Zugaku/Chap13/libgluegen-rt.jnilib
0x000000012bdbc000 	/Library/Java/JavaVirtualMachines/jdk-10.jdk/Contents/Home/lib/libfontmanager.dylib
0x00007fff560f0000 	/System/Library/PrivateFrameworks/CoreServicesInternal.framework/Versions/A/CoreServicesInternal
0x00007fff3abca000 	/System/Library/CoreServices/RawCamera.bundle/Contents/MacOS/RawCamera
0x00007fff5ddfd000 	/System/Library/PrivateFrameworks/MobileAsset.framework/Versions/A/MobileAsset
0x00007fff651ed000 	/System/Library/PrivateFrameworks/StreamingZip.framework/Versions/A/StreamingZip
0x00007fff46775000 	/System/Library/Frameworks/MediaToolbox.framework/Versions/A/MediaToolbox
0x00007fff553fb000 	/System/Library/PrivateFrameworks/CoreAVCHD.framework/Versions/A/CoreAVCHD
0x00007fff466be000 	/System/Library/Frameworks/MediaAccessibility.framework/Versions/A/MediaAccessibility
0x00007fff5d879000 	/System/Library/PrivateFrameworks/Mangrove.framework/Versions/A/Mangrove
0x00007fff43648000 	/System/Library/Frameworks/CoreMedia.framework/Versions/A/CoreMedia
0x00007fff4ee21000 	/System/Library/Frameworks/VideoToolbox.framework/Versions/A/VideoToolbox
0x00007fff54ff2000 	/System/Library/PrivateFrameworks/CoreAUC.framework/Versions/A/CoreAUC
0x00007fff69d9c000 	/usr/lib/libspindump.dylib
0x00007fff52b13000 	/System/Library/PrivateFrameworks/AppleVA.framework/Versions/A/AppleVA
0x00007fff3eb8d000 	/System/Library/Frameworks/Accelerate.framework/Versions/A/Frameworks/vImage.framework/Versions/A/Libraries/libCGInterfaces.dylib
0x00007fff40db3000 	/System/Library/Frameworks/ApplicationServices.framework/Versions/A/Frameworks/ATS.framework/Versions/A/Resources/libTrueTypeScaler.dylib
0x00007fff3c799000 	/System/Library/Extensions/AppleIntelSKLGraphicsMTLDriver.bundle/Contents/MacOS/AppleIntelSKLGraphicsMTLDriver
0x00007fff59a8f000 	/System/Library/PrivateFrameworks/GPUCompiler.framework/Versions/3802/Libraries/libmetal_timestamp.dylib
0x00007fff670e7000 	/System/Library/PrivateFrameworks/ViewBridge.framework/Versions/A/ViewBridge
0x000000012ceb6000 	/Users/ochihideji/Desktop/Zugaku/Chap13/libnativewindow_awt.jnilib
0x000000012ceb9000 	/Library/Java/JavaVirtualMachines/jdk-10.jdk/Contents/Home/lib/libjawt.dylib
0x00007fff4cb9d000 	/System/Library/Frameworks/OpenGL.framework/Versions/A/Resources/GLEngine.bundle/GLEngine
0x00007fff4c06a000 	/System/Library/Frameworks/OpenGL.framework/Versions/A/Libraries/libGLProgrammability.dylib
0x000000012fe6f000 	/System/Library/Extensions/AppleIntelSKLGraphicsGLDriver.bundle/Contents/MacOS/AppleIntelSKLGraphicsGLDriver
0x00007fff5b0ef000 	/System/Library/PrivateFrameworks/GPUSupport.framework/Versions/A/Libraries/libGPUSupportMercury.dylib
0x00007fff4cd35000 	/System/Library/Frameworks/OpenGL.framework/Versions/A/Resources/GLRendererFloat.bundle/GLRendererFloat
0x00007fff4ae0b000 	/System/Library/Frameworks/OpenCL.framework/Versions/A/Libraries/libcldcpuengine.dylib
0x00007fff688f6000 	/usr/lib/libcrypto.35.dylib
0x00007fff6625c000 	/System/Library/PrivateFrameworks/TrustEvaluationAgent.framework/Versions/A/TrustEvaluationAgent
0x000000012f9e9000 	/Users/ochihideji/Desktop/Zugaku/Chap13/libnativewindow_macosx.jnilib
0x0000000131f1a000 	/Users/ochihideji/Desktop/Zugaku/Chap13/libjogl_desktop.jnilib


VM Arguments:
java_command: DumpingSpin
java_class_path (initial): .
Launcher Type: SUN_STANDARD

Logging:
Log output configuration:
#0: stdout all=warning uptime,level,tags
#1: stderr all=off uptime,level,tags

Environment Variables:
PATH=/anaconda3/bin:/usr/local/bin:/usr/bin:/bin:/usr/sbin:/sbin:/Library/TeX/texbin
SHELL=/bin/bash

Signal Handlers:
SIGSEGV: [libjvm.dylib+0x799984], sa_mask[0]=11111111011111110111111111111111, sa_flags=SA_ONSTACK|SA_RESTART|SA_SIGINFO
SIGBUS: [libjvm.dylib+0x799984], sa_mask[0]=11111111011111110111111111111111, sa_flags=SA_RESTART|SA_SIGINFO
SIGFPE: [libjvm.dylib+0x799984], sa_mask[0]=11111111011111110111111111111111, sa_flags=SA_RESTART|SA_SIGINFO
SIGPIPE: [libjvm.dylib+0x6347c0], sa_mask[0]=11111111011111110111111111111111, sa_flags=SA_RESTART|SA_SIGINFO
SIGXFSZ: [libjvm.dylib+0x6347c0], sa_mask[0]=11111111011111110111111111111111, sa_flags=SA_RESTART|SA_SIGINFO
SIGILL: [libjvm.dylib+0x799984], sa_mask[0]=11111111011111110111111111111111, sa_flags=SA_RESTART|SA_SIGINFO
SIGUSR2: [libjvm.dylib+0x635050], sa_mask[0]=00000000000000000000000000000000, sa_flags=SA_RESTART|SA_SIGINFO
SIGHUP: [libjvm.dylib+0x63383b], sa_mask[0]=11111111011111110111111111111111, sa_flags=SA_RESTART|SA_SIGINFO
SIGINT: [libjvm.dylib+0x63383b], sa_mask[0]=11111111011111110111111111111111, sa_flags=SA_RESTART|SA_SIGINFO
SIGTERM: [libjvm.dylib+0x63383b], sa_mask[0]=11111111011111110111111111111111, sa_flags=SA_RESTART|SA_SIGINFO
SIGQUIT: [libjvm.dylib+0x63383b], sa_mask[0]=11111111011111110111111111111111, sa_flags=SA_RESTART|SA_SIGINFO


---------------  S Y S T E M  ---------------

OS:uname:Darwin 17.6.0 Darwin Kernel Version 17.6.0: Tue May  8 15:22:16 PDT 2018; root:xnu-4570.61.1~1/RELEASE_X86_64 x86_64
rlimit: STACK 8192k, CORE 0k, NPROC 709, NOFILE 10240, AS infinity, DATA infinity, FSIZE infinity
load average:1.72 1.86 1.94

CPU:total 4 (initial active 4) (2 cores per cpu, 2 threads per core) family 6 model 78 stepping 3, cmov, cx8, fxsr, mmx, sse, sse2, sse3, ssse3, sse4.1, sse4.2, popcnt, avx, avx2, aes, clmul, erms, rtm, 3dnowpref, lzcnt, ht, tsc, tscinvbit, bmi1, bmi2, adx, fma

Memory: 4k page, physical 8388608k(52328k free)

vm_info: Java HotSpot(TM) 64-Bit Server VM (10+46) for bsd-amd64 JRE (10+46), built on Mar  8 2018 02:10:00 by "mach5one" with gcc 4.2.1 Compatible Apple LLVM 6.1.0 (clang-602.0.49)

END.
