#
# A fatal error has been detected by the Java Runtime Environment:
#
#  SIGSEGV (0xb) at pc=0x000000010f4b7f4e, pid=74275, tid=775
#
# JRE version: Java(TM) SE Runtime Environment (10.0+46) (build 10+46)
# Java VM: Java HotSpot(TM) 64-Bit Server VM (10+46, mixed mode, tiered, compressed oops, g1 gc, bsd-amd64)
# Problematic frame:
# C  [libosxapp.dylib+0x2f4e]  -[NSApplicationAWT sendEvent:]+0x179
#
# No core dump will be written. Core dumps have been disabled. To enable core dumping, try "ulimit -c unlimited" before starting Java again
#
# If you would like to submit a bug report, please visit:
#   http://bugreport.java.com/bugreport/crash.jsp
# The crash happened outside the Java Virtual Machine in native code.
# See problematic frame for where to report the bug.
#

---------------  S U M M A R Y ------------

Command Line: DumpingSpin

Host: MacBookPro13,1 x86_64 2000 MHz, 4 cores, 8G, Darwin 17.6.0
Time: Mon Jun 25 22:20:04 2018 JST elapsed time: 1 seconds (0d 0h 0m 1s)

---------------  T H R E A D  ---------------

Current thread (0x00007fcf781b5800):  JavaThread "AppKit Thread" daemon [_thread_in_native, id=775, stack(0x00007ffee58e5000,0x00007ffee60e5000)]

Stack: [0x00007ffee58e5000,0x00007ffee60e5000],  sp=0x00007ffee60e2830,  free space=8182k
Native frames: (J=compiled Java code, A=aot compiled Java code, j=interpreted, Vv=VM code, C=native code)
C  [libosxapp.dylib+0x2f4e]  -[NSApplicationAWT sendEvent:]+0x179
C  [AppKit+0x368b5]  -[NSApplication run]+0x32c
C  [libosxapp.dylib+0x2bbc]  +[NSApplicationAWT runAWTLoopWithApp:]+0x9d
C  [libawt_lwawt.dylib+0x3a344]  +[AWTStarter starter:headless:]+0x342
C  [JavaNativeFoundation+0x6f4a]  +[JNFRunLoop _performCopiedBlock:]+0x11
C  [Foundation+0x682b5]  __NSThreadPerformPerform+0x14e
C  [CoreFoundation+0xa3a61]  __CFRUNLOOP_IS_CALLING_OUT_TO_A_SOURCE0_PERFORM_FUNCTION__+0x11
C  [CoreFoundation+0x15d47c]  __CFRunLoopDoSource0+0x6c
C  [CoreFoundation+0x864c0]  __CFRunLoopDoSources0+0xd0
C  [CoreFoundation+0x8593d]  __CFRunLoopRun+0x50d
C  [CoreFoundation+0x851a3]  CFRunLoopRunSpecific+0x1e3
C  [java+0x6bc3]  CreateExecutionEnvironment+0x191
C  [java+0x2ebc]  JLI_Launch+0x620
C  [java+0x1d4c]  main+0x180
C  [java+0x1bc4]  start+0x34
C  0x0000000000000002


siginfo: si_signo: 11 (SIGSEGV), si_code: 1 (SEGV_MAPERR), si_addr: 0x0000000000000010

Register to memory mapping:

RAX=0x0000000000000000 is an unknown value
RBX=0x0000000000000000 is an unknown value
RCX=0x000000000021e000 is an unknown value
RDX=0x000000000021e000 is an unknown value
RSP=0x00007ffee60e2830 is pointing into the stack for thread: 0x00007fcf781b5800
RBP=0x00007ffee60e2860 is pointing into the stack for thread: 0x00007fcf781b5800
RSI=0x00007fff408d21e5: .str.41.llvm.DC87FEEF+0x4a728 in /System/Library/Frameworks/AppKit.framework/Versions/C/AppKit at 0x00007fff3fbf1000
RDI=0x0000000000000000 is an unknown value
R8 =0x000000000000007f is an unknown value
R9 =0x00007fcf799aaa90 is an unknown value
R10=0x0079b70100794600 is an unknown value
R11=0x00007fff3fd9d817: -[NSEvent data1]+0 in /System/Library/Frameworks/AppKit.framework/Versions/C/AppKit at 0x00007fff3fbf1000
R12=0x00007fcf799aaa90 is an unknown value
R13=0x00007fcf774745c0 is an unknown value
R14=0x00007fff6987ce80: objc_msgSend+0 in /usr/lib/libobjc.A.dylib at 0x00007fff69876000
R15=0x00007fcf777c9230 is an unknown value


Registers:
RAX=0x0000000000000000, RBX=0x0000000000000000, RCX=0x000000000021e000, RDX=0x000000000021e000
RSP=0x00007ffee60e2830, RBP=0x00007ffee60e2860, RSI=0x00007fff408d21e5, RDI=0x0000000000000000
R8 =0x000000000000007f, R9 =0x00007fcf799aaa90, R10=0x0079b70100794600, R11=0x00007fff3fd9d817
R12=0x00007fcf799aaa90, R13=0x00007fcf774745c0, R14=0x00007fff6987ce80, R15=0x00007fcf777c9230
RIP=0x000000010f4b7f4e, EFLAGS=0x0000000000010246, ERR=0x0000000000000004
  TRAPNO=0x000000000000000e

Top of Stack: (sp=0x00007ffee60e2830)
0x00007ffee60e2830:   47efffffe0000000 0000000000000000
0x00007ffee60e2840:   0000000000000000 00007fff6987ce80
0x00007ffee60e2850:   0000000000000001 00007fcf777c9230
0x00007ffee60e2860:   00007ffee60e2910 00007fff3fc278b5
0x00007ffee60e2870:   00007fff408cb211 00007fcf777c9230
0x00007ffee60e2880:   00007fff408c3ee0 00007fff408cc0fe
0x00007ffee60e2890:   00007fff9c7af178 00007fff408c2b3d
0x00007ffee60e28a0:   00007fff408c2813 0000000000000010
0x00007ffee60e28b0:   00007fff408c2003 00007fff408d21eb
0x00007ffee60e28c0:   00007fff408c1e91 00007fff408c282d
0x00007ffee60e28d0:   00007fff408c2859 0000000000000062
0x00007ffee60e28e0:   00007fff408c2937 00007fcf777c9230
0x00007ffee60e28f0:   00007fff6987ce80 000000010f4bc690
0x00007ffee60e2900:   00007fff408cb211 000000010f4bc6b0
0x00007ffee60e2910:   00007ffee60e2950 000000010f4b7bbc
0x00007ffee60e2920:   0000000000000000 00007fcf774592c0
0x00007ffee60e2930:   00007fff6987ce80 00007fcf777c9230
0x00007ffee60e2940:   00007fcf77423740 0000000000000000
0x00007ffee60e2950:   00007ffee60e29a0 000000010f42f344
0x00007ffee60e2960:   00007fcf777c9230 0000000000000000
0x00007ffee60e2970:   00007fcf77423740 00007fcf777c5fc0
0x00007ffee60e2980:   00007fcf77706500 00007fff408c1e91
0x00007ffee60e2990:   00007fcf777c61f0 0000000000000000
0x00007ffee60e29a0:   00007ffee60e29c0 00007fff463d5f4a
0x00007ffee60e29b0:   0000000000000018 0000000000000001
0x00007ffee60e29c0:   00007ffee60e2a40 00007fff447de2b5
0x00007ffee60e29d0:   0000000000000001 00007fff408c1f70
0x00007ffee60e29e0:   00007fcf77706500 00007fcf777c64a0
0x00007ffee60e29f0:   00007fff408c9372 00007fff4091c3b7
0x00007ffee60e2a00:   00007fff408c9377 00007fff408c2003
0x00007ffee60e2a10:   00007ffee60e2a50 00007fff447de167
0x00007ffee60e2a20:   0000000300002e88 0000000000000000 

Instructions: (pc=0x000000010f4b7f4e)
0x000000010f4b7f2e:   41 5f 5d c3 48 8b 35 1f 5d 00 00 4c 8b 35 48 41
0x000000010f4b7f3e:   00 00 48 89 df 41 ff d6 48 89 c3 31 c0 48 89 df
0x000000010f4b7f4e:   ff 53 10 48 8b 35 f0 5a 00 00 48 89 df 4c 89 f0
0x000000010f4b7f5e:   48 83 c4 18 5b 41 5e 41 5f 5d ff e0 55 48 89 e5 


---------------  P R O C E S S  ---------------

Threads class SMR info:
_java_thread_list=0x00007fcf774adb10, length=15, elements={
0x00007fcf79002800, 0x00007fcf7786c800, 0x00007fcf78006800, 0x00007fcf77878800,
0x00007fcf78086000, 0x00007fcf78804800, 0x00007fcf77879800, 0x00007fcf7787c800,
0x00007fcf78087000, 0x00007fcf780f4000, 0x00007fcf781b5800, 0x00007fcf79001800,
0x00007fcf78254000, 0x00007fcf77a8d000, 0x00007fcf77b3b800
}

Java Threads: ( => current thread )
  0x00007fcf79002800 JavaThread "main" [_thread_blocked, id=6915, stack(0x000000010b19d000,0x000000010b29d000)]
  0x00007fcf7786c800 JavaThread "Reference Handler" daemon [_thread_blocked, id=15107, stack(0x000070000c660000,0x000070000c760000)]
  0x00007fcf78006800 JavaThread "Finalizer" daemon [_thread_blocked, id=15619, stack(0x000070000c763000,0x000070000c863000)]
  0x00007fcf77878800 JavaThread "Signal Dispatcher" daemon [_thread_blocked, id=22279, stack(0x000070000c866000,0x000070000c966000)]
  0x00007fcf78086000 JavaThread "C2 CompilerThread0" daemon [_thread_blocked, id=42499, stack(0x000070000c969000,0x000070000ca69000)]
  0x00007fcf78804800 JavaThread "C2 CompilerThread1" daemon [_thread_blocked, id=41731, stack(0x000070000ca6c000,0x000070000cb6c000)]
  0x00007fcf77879800 JavaThread "C1 CompilerThread2" daemon [_thread_blocked, id=23299, stack(0x000070000cb6f000,0x000070000cc6f000)]
  0x00007fcf7787c800 JavaThread "Sweeper thread" daemon [_thread_blocked, id=23811, stack(0x000070000cc72000,0x000070000cd72000)]
  0x00007fcf78087000 JavaThread "Service Thread" daemon [_thread_blocked, id=24067, stack(0x000070000cd75000,0x000070000ce75000)]
  0x00007fcf780f4000 JavaThread "Common-Cleaner" daemon [_thread_blocked, id=24323, stack(0x000070000ce78000,0x000070000cf78000)]
=>0x00007fcf781b5800 JavaThread "AppKit Thread" daemon [_thread_in_native, id=775, stack(0x00007ffee58e5000,0x00007ffee60e5000)]
  0x00007fcf79001800 JavaThread "AWT-Shutdown" [_thread_blocked, id=29187, stack(0x000070000d07e000,0x000070000d17e000)]
  0x00007fcf78254000 JavaThread "Java2D Queue Flusher" daemon [_thread_blocked, id=54275, stack(0x000070000d38d000,0x000070000d48d000)]
  0x00007fcf77a8d000 JavaThread "Java2D Disposer" daemon [_thread_blocked, id=74243, stack(0x000070000d490000,0x000070000d590000)]
  0x00007fcf77b3b800 JavaThread "AWT-EventQueue-0" [_thread_in_native, id=73731, stack(0x000070000d593000,0x000070000d693000)]

Other Threads:
  0x00007fcf7785a000 VMThread "VM Thread" [stack: 0x000070000c55d000,0x000070000c65d000] [id=14339]
  0x00007fcf780f5000 WatcherThread [stack: 0x000070000cf7b000,0x000070000d07b000] [id=39939]
  0x00007fcf78011000 GCTaskThread "GC Thread#0" [stack: 0x000070000ba3c000,0x000070000bb3c000] [id=20739]
  0x00007fcf78017800 GCTaskThread "GC Thread#1" [stack: 0x000070000bb3f000,0x000070000bc3f000] [id=20483]
  0x00007fcf7900b800 GCTaskThread "GC Thread#2" [stack: 0x000070000bc42000,0x000070000bd42000] [id=11267]
  0x00007fcf78018800 GCTaskThread "GC Thread#3" [stack: 0x000070000bd45000,0x000070000be45000] [id=19715]
  0x00007fcf78041800 ConcurrentGCThread "G1 Main Marker" [stack: 0x000070000be48000,0x000070000bf48000] [id=11779]
  0x00007fcf78042000 ConcurrentGCThread "G1 Conc#0" [stack: 0x000070000bf4b000,0x000070000c04b000] [id=12547]
  0x00007fcf78083000 ConcurrentGCThread "G1 Refine#0" [stack: 0x000070000c04e000,0x000070000c14e000] [id=13059]
  0x00007fcf78083800 ConcurrentGCThread "G1 Refine#1" [stack: 0x000070000c151000,0x000070000c251000] [id=13315]
  0x00007fcf78084800 ConcurrentGCThread "G1 Refine#2" [stack: 0x000070000c254000,0x000070000c354000] [id=13827]
  0x00007fcf78085000 ConcurrentGCThread "G1 Refine#3" [stack: 0x000070000c357000,0x000070000c457000] [id=18691]
  0x00007fcf77800000 ConcurrentGCThread "G1 Young RemSet Sampling" [stack: 0x000070000c45a000,0x000070000c55a000] [id=18179]

Threads with active compile tasks:

VM state:not at safepoint (normal execution)

VM Mutex/Monitor currently owned by a thread: None

Heap address: 0x0000000740000000, size: 2048 MB, Compressed Oops mode: Zero based, Oop shift amount: 3
Narrow klass base: 0x0000000000000000, Narrow klass shift: 3
Compressed class space size: 1073741824 Address: 0x00000007c0000000

Heap:
 garbage-first heap   total 131072K, used 5164K [0x0000000740000000, 0x00000007c0000000)
  region size 1024K, 5 young (5120K), 2 survivors (2048K)
 Metaspace       used 16319K, capacity 16654K, committed 17024K, reserved 1064960K
  class space    used 1460K, capacity 1603K, committed 1664K, reserved 1048576K
Heap Regions: E=young(eden), S=young(survivor), O=old, HS=humongous(starts), HC=humongous(continues), CS=collection set, F=free, A=archive, TS=gc time stamp, AC=allocation context, TAMS=top-at-mark-start (previous, next)
|   0|0x0000000740000000, 0x0000000740000000, 0x0000000740100000|  0%| F|  |TS  1|AC  0|TAMS 0x0000000740000000, 0x0000000740000000|
|   1|0x0000000740100000, 0x0000000740200000, 0x0000000740200000|100%| O|  |TS  1|AC  0|TAMS 0x0000000740100000, 0x0000000740100000|
|   2|0x0000000740200000, 0x000000074020b200, 0x0000000740300000|  4%| O|  |TS  1|AC  0|TAMS 0x0000000740200000, 0x0000000740200000|
|   3|0x0000000740300000, 0x0000000740300000, 0x0000000740400000|  0%| F|  |TS  0|AC  0|TAMS 0x0000000740300000, 0x0000000740300000|
|   4|0x0000000740400000, 0x0000000740400000, 0x0000000740500000|  0%| F|  |TS  0|AC  0|TAMS 0x0000000740400000, 0x0000000740400000|
|   5|0x0000000740500000, 0x0000000740500000, 0x0000000740600000|  0%| F|  |TS  0|AC  0|TAMS 0x0000000740500000, 0x0000000740500000|
|   6|0x0000000740600000, 0x0000000740600000, 0x0000000740700000|  0%| F|  |TS  0|AC  0|TAMS 0x0000000740600000, 0x0000000740600000|
|   7|0x0000000740700000, 0x0000000740700000, 0x0000000740800000|  0%| F|  |TS  0|AC  0|TAMS 0x0000000740700000, 0x0000000740700000|
|   8|0x0000000740800000, 0x0000000740800000, 0x0000000740900000|  0%| F|  |TS  0|AC  0|TAMS 0x0000000740800000, 0x0000000740800000|
|   9|0x0000000740900000, 0x0000000740900000, 0x0000000740a00000|  0%| F|  |TS  0|AC  0|TAMS 0x0000000740900000, 0x0000000740900000|
|  10|0x0000000740a00000, 0x0000000740a00000, 0x0000000740b00000|  0%| F|  |TS  0|AC  0|TAMS 0x0000000740a00000, 0x0000000740a00000|
|  11|0x0000000740b00000, 0x0000000740b00000, 0x0000000740c00000|  0%| F|  |TS  0|AC  0|TAMS 0x0000000740b00000, 0x0000000740b00000|
|  12|0x0000000740c00000, 0x0000000740c00000, 0x0000000740d00000|  0%| F|  |TS  0|AC  0|TAMS 0x0000000740c00000, 0x0000000740c00000|
|  13|0x0000000740d00000, 0x0000000740d00000, 0x0000000740e00000|  0%| F|  |TS  0|AC  0|TAMS 0x0000000740d00000, 0x0000000740d00000|
|  14|0x0000000740e00000, 0x0000000740e00000, 0x0000000740f00000|  0%| F|  |TS  0|AC  0|TAMS 0x0000000740e00000, 0x0000000740e00000|
|  15|0x0000000740f00000, 0x0000000740f00000, 0x0000000741000000|  0%| F|  |TS  0|AC  0|TAMS 0x0000000740f00000, 0x0000000740f00000|
|  16|0x0000000741000000, 0x0000000741000000, 0x0000000741100000|  0%| F|  |TS  0|AC  0|TAMS 0x0000000741000000, 0x0000000741000000|
|  17|0x0000000741100000, 0x0000000741100000, 0x0000000741200000|  0%| F|  |TS  0|AC  0|TAMS 0x0000000741100000, 0x0000000741100000|
|  18|0x0000000741200000, 0x0000000741200000, 0x0000000741300000|  0%| F|  |TS  0|AC  0|TAMS 0x0000000741200000, 0x0000000741200000|
|  19|0x0000000741300000, 0x0000000741300000, 0x0000000741400000|  0%| F|  |TS  0|AC  0|TAMS 0x0000000741300000, 0x0000000741300000|
|  20|0x0000000741400000, 0x0000000741400000, 0x0000000741500000|  0%| F|  |TS  0|AC  0|TAMS 0x0000000741400000, 0x0000000741400000|
|  21|0x0000000741500000, 0x0000000741500000, 0x0000000741600000|  0%| F|  |TS  0|AC  0|TAMS 0x0000000741500000, 0x0000000741500000|
|  22|0x0000000741600000, 0x0000000741600000, 0x0000000741700000|  0%| F|  |TS  0|AC  0|TAMS 0x0000000741600000, 0x0000000741600000|
|  23|0x0000000741700000, 0x0000000741700000, 0x0000000741800000|  0%| F|  |TS  0|AC  0|TAMS 0x0000000741700000, 0x0000000741700000|
|  24|0x0000000741800000, 0x0000000741800000, 0x0000000741900000|  0%| F|  |TS  0|AC  0|TAMS 0x0000000741800000, 0x0000000741800000|
|  25|0x0000000741900000, 0x0000000741900000, 0x0000000741a00000|  0%| F|  |TS  0|AC  0|TAMS 0x0000000741900000, 0x0000000741900000|
|  26|0x0000000741a00000, 0x0000000741a00000, 0x0000000741b00000|  0%| F|  |TS  0|AC  0|TAMS 0x0000000741a00000, 0x0000000741a00000|
|  27|0x0000000741b00000, 0x0000000741b00000, 0x0000000741c00000|  0%| F|  |TS  0|AC  0|TAMS 0x0000000741b00000, 0x0000000741b00000|
|  28|0x0000000741c00000, 0x0000000741c00000, 0x0000000741d00000|  0%| F|  |TS  0|AC  0|TAMS 0x0000000741c00000, 0x0000000741c00000|
|  29|0x0000000741d00000, 0x0000000741d00000, 0x0000000741e00000|  0%| F|  |TS  0|AC  0|TAMS 0x0000000741d00000, 0x0000000741d00000|
|  30|0x0000000741e00000, 0x0000000741e00000, 0x0000000741f00000|  0%| F|  |TS  0|AC  0|TAMS 0x0000000741e00000, 0x0000000741e00000|
|  31|0x0000000741f00000, 0x0000000741f00000, 0x0000000742000000|  0%| F|  |TS  0|AC  0|TAMS 0x0000000741f00000, 0x0000000741f00000|
|  32|0x0000000742000000, 0x0000000742000000, 0x0000000742100000|  0%| F|  |TS  0|AC  0|TAMS 0x0000000742000000, 0x0000000742000000|
|  33|0x0000000742100000, 0x0000000742100000, 0x0000000742200000|  0%| F|  |TS  0|AC  0|TAMS 0x0000000742100000, 0x0000000742100000|
|  34|0x0000000742200000, 0x0000000742200000, 0x0000000742300000|  0%| F|  |TS  0|AC  0|TAMS 0x0000000742200000, 0x0000000742200000|
|  35|0x0000000742300000, 0x0000000742300000, 0x0000000742400000|  0%| F|  |TS  0|AC  0|TAMS 0x0000000742300000, 0x0000000742300000|
|  36|0x0000000742400000, 0x0000000742400000, 0x0000000742500000|  0%| F|  |TS  0|AC  0|TAMS 0x0000000742400000, 0x0000000742400000|
|  37|0x0000000742500000, 0x0000000742500000, 0x0000000742600000|  0%| F|  |TS  0|AC  0|TAMS 0x0000000742500000, 0x0000000742500000|
|  38|0x0000000742600000, 0x0000000742600000, 0x0000000742700000|  0%| F|  |TS  0|AC  0|TAMS 0x0000000742600000, 0x0000000742600000|
|  39|0x0000000742700000, 0x0000000742700000, 0x0000000742800000|  0%| F|  |TS  0|AC  0|TAMS 0x0000000742700000, 0x0000000742700000|
|  40|0x0000000742800000, 0x0000000742800000, 0x0000000742900000|  0%| F|  |TS  0|AC  0|TAMS 0x0000000742800000, 0x0000000742800000|
|  41|0x0000000742900000, 0x0000000742900000, 0x0000000742a00000|  0%| F|  |TS  0|AC  0|TAMS 0x0000000742900000, 0x0000000742900000|
|  42|0x0000000742a00000, 0x0000000742a00000, 0x0000000742b00000|  0%| F|  |TS  0|AC  0|TAMS 0x0000000742a00000, 0x0000000742a00000|
|  43|0x0000000742b00000, 0x0000000742b00000, 0x0000000742c00000|  0%| F|  |TS  0|AC  0|TAMS 0x0000000742b00000, 0x0000000742b00000|
|  44|0x0000000742c00000, 0x0000000742c00000, 0x0000000742d00000|  0%| F|  |TS  0|AC  0|TAMS 0x0000000742c00000, 0x0000000742c00000|
|  45|0x0000000742d00000, 0x0000000742d00000, 0x0000000742e00000|  0%| F|  |TS  0|AC  0|TAMS 0x0000000742d00000, 0x0000000742d00000|
|  46|0x0000000742e00000, 0x0000000742e00000, 0x0000000742f00000|  0%| F|  |TS  0|AC  0|TAMS 0x0000000742e00000, 0x0000000742e00000|
|  47|0x0000000742f00000, 0x0000000742f00000, 0x0000000743000000|  0%| F|  |TS  0|AC  0|TAMS 0x0000000742f00000, 0x0000000742f00000|
|  48|0x0000000743000000, 0x0000000743000000, 0x0000000743100000|  0%| F|  |TS  0|AC  0|TAMS 0x0000000743000000, 0x0000000743000000|
|  49|0x0000000743100000, 0x0000000743100000, 0x0000000743200000|  0%| F|  |TS  0|AC  0|TAMS 0x0000000743100000, 0x0000000743100000|
|  50|0x0000000743200000, 0x0000000743200000, 0x0000000743300000|  0%| F|  |TS  0|AC  0|TAMS 0x0000000743200000, 0x0000000743200000|
|  51|0x0000000743300000, 0x0000000743300000, 0x0000000743400000|  0%| F|  |TS  0|AC  0|TAMS 0x0000000743300000, 0x0000000743300000|
|  52|0x0000000743400000, 0x0000000743400000, 0x0000000743500000|  0%| F|  |TS  0|AC  0|TAMS 0x0000000743400000, 0x0000000743400000|
|  53|0x0000000743500000, 0x0000000743500000, 0x0000000743600000|  0%| F|  |TS  0|AC  0|TAMS 0x0000000743500000, 0x0000000743500000|
|  54|0x0000000743600000, 0x0000000743600000, 0x0000000743700000|  0%| F|  |TS  0|AC  0|TAMS 0x0000000743600000, 0x0000000743600000|
|  55|0x0000000743700000, 0x0000000743700000, 0x0000000743800000|  0%| F|  |TS  0|AC  0|TAMS 0x0000000743700000, 0x0000000743700000|
|  56|0x0000000743800000, 0x0000000743800000, 0x0000000743900000|  0%| F|  |TS  0|AC  0|TAMS 0x0000000743800000, 0x0000000743800000|
|  57|0x0000000743900000, 0x0000000743900000, 0x0000000743a00000|  0%| F|  |TS  0|AC  0|TAMS 0x0000000743900000, 0x0000000743900000|
|  58|0x0000000743a00000, 0x0000000743a00000, 0x0000000743b00000|  0%| F|  |TS  0|AC  0|TAMS 0x0000000743a00000, 0x0000000743a00000|
|  59|0x0000000743b00000, 0x0000000743b00000, 0x0000000743c00000|  0%| F|  |TS  0|AC  0|TAMS 0x0000000743b00000, 0x0000000743b00000|
|  60|0x0000000743c00000, 0x0000000743c00000, 0x0000000743d00000|  0%| F|  |TS  0|AC  0|TAMS 0x0000000743c00000, 0x0000000743c00000|
|  61|0x0000000743d00000, 0x0000000743d00000, 0x0000000743e00000|  0%| F|  |TS  0|AC  0|TAMS 0x0000000743d00000, 0x0000000743d00000|
|  62|0x0000000743e00000, 0x0000000743e00000, 0x0000000743f00000|  0%| F|  |TS  0|AC  0|TAMS 0x0000000743e00000, 0x0000000743e00000|
|  63|0x0000000743f00000, 0x0000000743f00000, 0x0000000744000000|  0%| F|  |TS  0|AC  0|TAMS 0x0000000743f00000, 0x0000000743f00000|
|  64|0x0000000744000000, 0x0000000744000000, 0x0000000744100000|  0%| F|  |TS  0|AC  0|TAMS 0x0000000744000000, 0x0000000744000000|
|  65|0x0000000744100000, 0x0000000744100000, 0x0000000744200000|  0%| F|  |TS  0|AC  0|TAMS 0x0000000744100000, 0x0000000744100000|
|  66|0x0000000744200000, 0x0000000744200000, 0x0000000744300000|  0%| F|  |TS  0|AC  0|TAMS 0x0000000744200000, 0x0000000744200000|
|  67|0x0000000744300000, 0x0000000744300000, 0x0000000744400000|  0%| F|  |TS  0|AC  0|TAMS 0x0000000744300000, 0x0000000744300000|
|  68|0x0000000744400000, 0x0000000744400000, 0x0000000744500000|  0%| F|  |TS  0|AC  0|TAMS 0x0000000744400000, 0x0000000744400000|
|  69|0x0000000744500000, 0x0000000744500000, 0x0000000744600000|  0%| F|  |TS  0|AC  0|TAMS 0x0000000744500000, 0x0000000744500000|
|  70|0x0000000744600000, 0x0000000744600000, 0x0000000744700000|  0%| F|  |TS  0|AC  0|TAMS 0x0000000744600000, 0x0000000744600000|
|  71|0x0000000744700000, 0x0000000744700000, 0x0000000744800000|  0%| F|  |TS  0|AC  0|TAMS 0x0000000744700000, 0x0000000744700000|
|  72|0x0000000744800000, 0x0000000744800000, 0x0000000744900000|  0%| F|  |TS  0|AC  0|TAMS 0x0000000744800000, 0x0000000744800000|
|  73|0x0000000744900000, 0x0000000744900000, 0x0000000744a00000|  0%| F|  |TS  0|AC  0|TAMS 0x0000000744900000, 0x0000000744900000|
|  74|0x0000000744a00000, 0x0000000744a00000, 0x0000000744b00000|  0%| F|  |TS  0|AC  0|TAMS 0x0000000744a00000, 0x0000000744a00000|
|  75|0x0000000744b00000, 0x0000000744b00000, 0x0000000744c00000|  0%| F|  |TS  0|AC  0|TAMS 0x0000000744b00000, 0x0000000744b00000|
|  76|0x0000000744c00000, 0x0000000744c00000, 0x0000000744d00000|  0%| F|  |TS  0|AC  0|TAMS 0x0000000744c00000, 0x0000000744c00000|
|  77|0x0000000744d00000, 0x0000000744d00000, 0x0000000744e00000|  0%| F|  |TS  0|AC  0|TAMS 0x0000000744d00000, 0x0000000744d00000|
|  78|0x0000000744e00000, 0x0000000744e00000, 0x0000000744f00000|  0%| F|  |TS  0|AC  0|TAMS 0x0000000744e00000, 0x0000000744e00000|
|  79|0x0000000744f00000, 0x0000000744f00000, 0x0000000745000000|  0%| F|  |TS  0|AC  0|TAMS 0x0000000744f00000, 0x0000000744f00000|
|  80|0x0000000745000000, 0x0000000745000000, 0x0000000745100000|  0%| F|  |TS  0|AC  0|TAMS 0x0000000745000000, 0x0000000745000000|
|  81|0x0000000745100000, 0x0000000745100000, 0x0000000745200000|  0%| F|  |TS  0|AC  0|TAMS 0x0000000745100000, 0x0000000745100000|
|  82|0x0000000745200000, 0x0000000745200000, 0x0000000745300000|  0%| F|  |TS  0|AC  0|TAMS 0x0000000745200000, 0x0000000745200000|
|  83|0x0000000745300000, 0x0000000745300000, 0x0000000745400000|  0%| F|  |TS  0|AC  0|TAMS 0x0000000745300000, 0x0000000745300000|
|  84|0x0000000745400000, 0x0000000745400000, 0x0000000745500000|  0%| F|  |TS  0|AC  0|TAMS 0x0000000745400000, 0x0000000745400000|
|  85|0x0000000745500000, 0x0000000745500000, 0x0000000745600000|  0%| F|  |TS  0|AC  0|TAMS 0x0000000745500000, 0x0000000745500000|
|  86|0x0000000745600000, 0x0000000745600000, 0x0000000745700000|  0%| F|  |TS  0|AC  0|TAMS 0x0000000745600000, 0x0000000745600000|
|  87|0x0000000745700000, 0x0000000745700000, 0x0000000745800000|  0%| F|  |TS  0|AC  0|TAMS 0x0000000745700000, 0x0000000745700000|
|  88|0x0000000745800000, 0x0000000745800000, 0x0000000745900000|  0%| F|  |TS  0|AC  0|TAMS 0x0000000745800000, 0x0000000745800000|
|  89|0x0000000745900000, 0x0000000745900000, 0x0000000745a00000|  0%| F|  |TS  0|AC  0|TAMS 0x0000000745900000, 0x0000000745900000|
|  90|0x0000000745a00000, 0x0000000745a00000, 0x0000000745b00000|  0%| F|  |TS  0|AC  0|TAMS 0x0000000745a00000, 0x0000000745a00000|
|  91|0x0000000745b00000, 0x0000000745b00000, 0x0000000745c00000|  0%| F|  |TS  0|AC  0|TAMS 0x0000000745b00000, 0x0000000745b00000|
|  92|0x0000000745c00000, 0x0000000745c00000, 0x0000000745d00000|  0%| F|  |TS  0|AC  0|TAMS 0x0000000745c00000, 0x0000000745c00000|
|  93|0x0000000745d00000, 0x0000000745d00000, 0x0000000745e00000|  0%| F|  |TS  0|AC  0|TAMS 0x0000000745d00000, 0x0000000745d00000|
|  94|0x0000000745e00000, 0x0000000745e00000, 0x0000000745f00000|  0%| F|  |TS  0|AC  0|TAMS 0x0000000745e00000, 0x0000000745e00000|
|  95|0x0000000745f00000, 0x0000000745f00000, 0x0000000746000000|  0%| F|  |TS  0|AC  0|TAMS 0x0000000745f00000, 0x0000000745f00000|
|  96|0x0000000746000000, 0x0000000746000000, 0x0000000746100000|  0%| F|  |TS  0|AC  0|TAMS 0x0000000746000000, 0x0000000746000000|
|  97|0x0000000746100000, 0x0000000746100000, 0x0000000746200000|  0%| F|  |TS  0|AC  0|TAMS 0x0000000746100000, 0x0000000746100000|
|  98|0x0000000746200000, 0x0000000746200000, 0x0000000746300000|  0%| F|  |TS  0|AC  0|TAMS 0x0000000746200000, 0x0000000746200000|
|  99|0x0000000746300000, 0x0000000746300000, 0x0000000746400000|  0%| F|  |TS  0|AC  0|TAMS 0x0000000746300000, 0x0000000746300000|
| 100|0x0000000746400000, 0x0000000746400000, 0x0000000746500000|  0%| F|  |TS  0|AC  0|TAMS 0x0000000746400000, 0x0000000746400000|
| 101|0x0000000746500000, 0x0000000746500000, 0x0000000746600000|  0%| F|  |TS  0|AC  0|TAMS 0x0000000746500000, 0x0000000746500000|
| 102|0x0000000746600000, 0x0000000746600000, 0x0000000746700000|  0%| F|  |TS  0|AC  0|TAMS 0x0000000746600000, 0x0000000746600000|
| 103|0x0000000746700000, 0x0000000746700000, 0x0000000746800000|  0%| F|  |TS  0|AC  0|TAMS 0x0000000746700000, 0x0000000746700000|
| 104|0x0000000746800000, 0x0000000746800000, 0x0000000746900000|  0%| F|  |TS  0|AC  0|TAMS 0x0000000746800000, 0x0000000746800000|
| 105|0x0000000746900000, 0x0000000746900000, 0x0000000746a00000|  0%| F|  |TS  0|AC  0|TAMS 0x0000000746900000, 0x0000000746900000|
| 106|0x0000000746a00000, 0x0000000746a00000, 0x0000000746b00000|  0%| F|  |TS  0|AC  0|TAMS 0x0000000746a00000, 0x0000000746a00000|
| 107|0x0000000746b00000, 0x0000000746b00000, 0x0000000746c00000|  0%| F|  |TS  0|AC  0|TAMS 0x0000000746b00000, 0x0000000746b00000|
| 108|0x0000000746c00000, 0x0000000746c00000, 0x0000000746d00000|  0%| F|  |TS  0|AC  0|TAMS 0x0000000746c00000, 0x0000000746c00000|
| 109|0x0000000746d00000, 0x0000000746d00000, 0x0000000746e00000|  0%| F|  |TS  0|AC  0|TAMS 0x0000000746d00000, 0x0000000746d00000|
| 110|0x0000000746e00000, 0x0000000746e00000, 0x0000000746f00000|  0%| F|  |TS  0|AC  0|TAMS 0x0000000746e00000, 0x0000000746e00000|
| 111|0x0000000746f00000, 0x0000000746f00000, 0x0000000747000000|  0%| F|  |TS  0|AC  0|TAMS 0x0000000746f00000, 0x0000000746f00000|
| 112|0x0000000747000000, 0x0000000747100000, 0x0000000747100000|100%| S|CS|TS  1|AC  0|TAMS 0x0000000747000000, 0x0000000747000000|
| 113|0x0000000747100000, 0x0000000747200000, 0x0000000747200000|100%| S|CS|TS  1|AC  0|TAMS 0x0000000747100000, 0x0000000747100000|
| 114|0x0000000747200000, 0x0000000747200000, 0x0000000747300000|  0%| F|  |TS  1|AC  0|TAMS 0x0000000747200000, 0x0000000747200000|
| 115|0x0000000747300000, 0x0000000747300000, 0x0000000747400000|  0%| F|  |TS  1|AC  0|TAMS 0x0000000747300000, 0x0000000747300000|
| 116|0x0000000747400000, 0x0000000747400000, 0x0000000747500000|  0%| F|  |TS  1|AC  0|TAMS 0x0000000747400000, 0x0000000747400000|
| 117|0x0000000747500000, 0x0000000747500000, 0x0000000747600000|  0%| F|  |TS  1|AC  0|TAMS 0x0000000747500000, 0x0000000747500000|
| 118|0x0000000747600000, 0x0000000747600000, 0x0000000747700000|  0%| F|  |TS  1|AC  0|TAMS 0x0000000747600000, 0x0000000747600000|
| 119|0x0000000747700000, 0x0000000747700000, 0x0000000747800000|  0%| F|  |TS  1|AC  0|TAMS 0x0000000747700000, 0x0000000747700000|
| 120|0x0000000747800000, 0x0000000747800000, 0x0000000747900000|  0%| F|  |TS  1|AC  0|TAMS 0x0000000747800000, 0x0000000747800000|
| 121|0x0000000747900000, 0x0000000747900000, 0x0000000747a00000|  0%| F|  |TS  1|AC  0|TAMS 0x0000000747900000, 0x0000000747900000|
| 122|0x0000000747a00000, 0x0000000747a00000, 0x0000000747b00000|  0%| F|  |TS  1|AC  0|TAMS 0x0000000747a00000, 0x0000000747a00000|
| 123|0x0000000747b00000, 0x0000000747b00000, 0x0000000747c00000|  0%| F|  |TS  1|AC  0|TAMS 0x0000000747b00000, 0x0000000747b00000|
| 124|0x0000000747c00000, 0x0000000747c00000, 0x0000000747d00000|  0%| F|  |TS  1|AC  0|TAMS 0x0000000747c00000, 0x0000000747c00000|
| 125|0x0000000747d00000, 0x0000000747e00000, 0x0000000747e00000|100%| E|  |TS  1|AC  0|TAMS 0x0000000747d00000, 0x0000000747d00000|
| 126|0x0000000747e00000, 0x0000000747f00000, 0x0000000747f00000|100%| E|CS|TS  1|AC  0|TAMS 0x0000000747e00000, 0x0000000747e00000|
| 127|0x0000000747f00000, 0x0000000748000000, 0x0000000748000000|100%| E|CS|TS  1|AC  0|TAMS 0x0000000747f00000, 0x0000000747f00000|

Card table byte_map: [0x000000010bc75000,0x000000010c075000] byte_map_base: 0x0000000108275000

Marking Bits (Prev, Next): (CMBitMap*) 0x00007fcf78040c60, (CMBitMap*) 0x00007fcf78040c98
 Prev Bits: [0x000000010c475000, 0x000000010e475000)
 Next Bits: [0x0000000129fd4000, 0x000000012bfd4000)

Polling page: 0x0000000109b90000

CodeHeap 'non-profiled nmethods': size=120032Kb used=324Kb max_used=324Kb free=119707Kb
 bounds [0x0000000122a9c000, 0x0000000122d0c000, 0x0000000129fd4000]
CodeHeap 'profiled nmethods': size=120032Kb used=1433Kb max_used=1433Kb free=118598Kb
 bounds [0x000000011b564000, 0x000000011b7d4000, 0x0000000122a9c000]
CodeHeap 'non-nmethods': size=5696Kb used=1337Kb max_used=1364Kb free=4358Kb
 bounds [0x000000011afd4000, 0x000000011b244000, 0x000000011b564000]
 total_blobs=1835 nmethods=851 adapters=724
 compilation: enabled

Compilation events (10 events):
Event: 1.966 Thread 0x00007fcf77879800 nmethod 844 0x000000011b6c8a90 code [0x000000011b6c8c60, 0x000000011b6c8ea8]
Event: 1.966 Thread 0x00007fcf77879800  846       3       java.nio.ByteBuffer::<init> (45 bytes)
Event: 1.966 Thread 0x00007fcf77879800 nmethod 846 0x000000011b6c8f90 code [0x000000011b6c9160, 0x000000011b6c93e8]
Event: 1.969 Thread 0x00007fcf78086000 nmethod 841 0x0000000122aec710 code [0x0000000122aec8a0, 0x0000000122aecb38]
Event: 1.971 Thread 0x00007fcf77879800  847       3       sun.awt.AWTAutoShutdown::isReadyToShutdown (37 bytes)
Event: 1.971 Thread 0x00007fcf77879800 nmethod 847 0x000000011b6c9510 code [0x000000011b6c96e0, 0x000000011b6c9a98]
Event: 1.971 Thread 0x00007fcf77879800  848       3       java.lang.ref.SoftReference::<init> (13 bytes)
Event: 1.971 Thread 0x00007fcf77879800 nmethod 848 0x000000011b6c9b90 code [0x000000011b6c9d60, 0x000000011b6ca0f0]
Event: 1.971 Thread 0x00007fcf77879800  849       3       sun.util.locale.LocaleUtils::isUpper (18 bytes)
Event: 1.971 Thread 0x00007fcf77879800 nmethod 849 0x000000011b6ca210 code [0x000000011b6ca3c0, 0x000000011b6ca590]

GC Heap History (2 events):
Event: 1.759 GC heap before
{Heap before GC invocations=0 (full 0):
 garbage-first heap   total 131072K, used 15360K [0x0000000740000000, 0x00000007c0000000)
  region size 1024K, 14 young (14336K), 0 survivors (0K)
 Metaspace       used 14942K, capacity 15179K, committed 15488K, reserved 1062912K
  class space    used 1269K, capacity 1383K, committed 1408K, reserved 1048576K
}
Event: 1.768 GC heap after
{Heap after GC invocations=1 (full 0):
 garbage-first heap   total 131072K, used 3116K [0x0000000740000000, 0x00000007c0000000)
  region size 1024K, 2 young (2048K), 2 survivors (2048K)
 Metaspace       used 14942K, capacity 15179K, committed 15488K, reserved 1062912K
  class space    used 1269K, capacity 1383K, committed 1408K, reserved 1048576K
}

Deoptimization events (5 events):
Event: 0.102 Thread 0x00007fcf79002800 Uncommon trap: reason=unstable_if action=reinterpret pc=0x0000000122a9fbec method=java.lang.String.hashCode()I @ 14 c2
Event: 0.292 Thread 0x00007fcf79002800 Uncommon trap: reason=unstable_if action=reinterpret pc=0x0000000122ab9528 method=java.lang.StringLatin1.replace([BCC)Ljava/lang/String; @ 19 c2
Event: 1.432 Thread 0x00007fcf79002800 Uncommon trap: reason=unstable_if action=reinterpret pc=0x0000000122ad4930 method=java.util.HashMap.getNode(ILjava/lang/Object;)Ljava/util/HashMap$Node; @ 116 c2
Event: 1.768 Thread 0x00007fcf781b5800 Uncommon trap: reason=unstable_if action=reinterpret pc=0x0000000122acef94 method=java.util.concurrent.ConcurrentHashMap.get(Ljava/lang/Object;)Ljava/lang/Object; @ 76 c2
Event: 1.958 Thread 0x00007fcf77b3b800 Uncommon trap: reason=unstable_if action=reinterpret pc=0x0000000122ab2cac method=java.lang.String.equals(Ljava/lang/Object;)Z @ 27 c2

Classes redefined (0 events):
No events

Internal exceptions (10 events):
Event: 1.759 Thread 0x00007fcf781b5800 Exception <a 'java/lang/NoSuchMethodError'{0x000000074798e928}: method resolution failed> (0x000000074798e928) thrown at [/scratch/mesos/slaves/450fa0f5-8733-43f8-b866-79fe3e86d200-S3216/frameworks/1735e8a2-a1db-478c-8104-60c8b0af87dd-0196/executors/ad79a
Event: 1.769 Thread 0x00007fcf78006800 Exception <a 'java/lang/NullPointerException'{0x0000000747f80800}> (0x0000000747f80800) thrown at [/scratch/mesos/slaves/450fa0f5-8733-43f8-b866-79fe3e86d200-S3216/frameworks/1735e8a2-a1db-478c-8104-60c8b0af87dd-0196/executors/ad79a8ee-9dbd-49c8-9c3a-82bc
Event: 1.770 Thread 0x00007fcf781b5800 Exception <a 'java/lang/NoSuchMethodError'{0x0000000747f02b90}: method resolution failed> (0x0000000747f02b90) thrown at [/scratch/mesos/slaves/450fa0f5-8733-43f8-b866-79fe3e86d200-S3216/frameworks/1735e8a2-a1db-478c-8104-60c8b0af87dd-0196/executors/ad79a
Event: 1.777 Thread 0x00007fcf781b5800 Exception <a 'java/lang/NoSuchMethodError'{0x0000000747f0cd80}: java.lang.invoke.DirectMethodHandle$Holder.invokeSpecial(Ljava/lang/Object;Ljava/lang/Object;J)V> (0x0000000747f0cd80) thrown at [/scratch/mesos/slaves/450fa0f5-8733-43f8-b866-79fe3e86d200-S3
Event: 1.800 Thread 0x00007fcf77b3b800 Exception <a 'java/lang/NoSuchMethodError'{0x0000000747e83bb8}: method resolution failed> (0x0000000747e83bb8) thrown at [/scratch/mesos/slaves/450fa0f5-8733-43f8-b866-79fe3e86d200-S3216/frameworks/1735e8a2-a1db-478c-8104-60c8b0af87dd-0196/executors/ad79a
Event: 1.807 Thread 0x00007fcf781b5800 Exception <a 'java/lang/NoSuchMethodError'{0x0000000747f185a0}: java.lang.invoke.DirectMethodHandle$Holder.invokeStatic(Ljava/lang/Object;J)V> (0x0000000747f185a0) thrown at [/scratch/mesos/slaves/450fa0f5-8733-43f8-b866-79fe3e86d200-S3216/frameworks/1735
Event: 1.854 Thread 0x00007fcf77b3b800 Exception <a 'java/lang/NoSuchMethodError'{0x0000000747ed4cd8}: java.lang.invoke.DirectMethodHandle$Holder.invokeStatic(Ljava/lang/Object;JJ)V> (0x0000000747ed4cd8) thrown at [/scratch/mesos/slaves/450fa0f5-8733-43f8-b866-79fe3e86d200-S3216/frameworks/173
Event: 1.855 Thread 0x00007fcf77b3b800 Exception <a 'java/lang/NoSuchMethodError'{0x0000000747eda220}: java.lang.invoke.DirectMethodHandle$Holder.invokeStatic(Ljava/lang/Object;J)Ljava/lang/Object;> (0x0000000747eda220) thrown at [/scratch/mesos/slaves/450fa0f5-8733-43f8-b866-79fe3e86d200-S321
Event: 1.855 Thread 0x00007fcf77b3b800 Exception <a 'java/lang/NoSuchMethodError'{0x0000000747edd990}: method resolution failed> (0x0000000747edd990) thrown at [/scratch/mesos/slaves/450fa0f5-8733-43f8-b866-79fe3e86d200-S3216/frameworks/1735e8a2-a1db-478c-8104-60c8b0af87dd-0196/executors/ad79a
Event: 1.857 Thread 0x00007fcf77b3b800 Exception <a 'java/lang/NoSuchMethodError'{0x0000000747ee3648}: method resolution failed> (0x0000000747ee3648) thrown at [/scratch/mesos/slaves/450fa0f5-8733-43f8-b866-79fe3e86d200-S3216/frameworks/1735e8a2-a1db-478c-8104-60c8b0af87dd-0196/executors/ad79a

Events (10 events):
Event: 1.971 loading class java/awt/Window$1DisposeAction
Event: 1.972 loading class java/awt/Window$1DisposeAction done
Event: 1.972 loading class java/awt/KeyboardFocusManager$2
Event: 1.972 loading class java/awt/KeyboardFocusManager$2 done
Event: 1.972 loading class sun/awt/SunToolkit$1
Event: 1.972 loading class sun/awt/SunToolkit$1 done
Event: 1.976 Executing VM operation: RevokeBias
Event: 1.976 Executing VM operation: RevokeBias done
Event: 1.976 loading class jogamp/opengl/macosx/cgl/MacOSXCGLContext$NSOpenGLImpl$DetachGLLayerCmd
Event: 1.976 loading class jogamp/opengl/macosx/cgl/MacOSXCGLContext$NSOpenGLImpl$DetachGLLayerCmd done


Dynamic libraries:
0x00007fff41e5e000 	/System/Library/Frameworks/Cocoa.framework/Versions/A/Cocoa
0x00007fff4e46b000 	/System/Library/Frameworks/Security.framework/Versions/A/Security
0x00007fff40aa1000 	/System/Library/Frameworks/ApplicationServices.framework/Versions/A/ApplicationServices
0x00007fff6a28c000 	/usr/lib/libz.1.dylib
0x00007fff681be000 	/usr/lib/libSystem.B.dylib
0x00007fff42615000 	/System/Library/Frameworks/CoreFoundation.framework/Versions/A/CoreFoundation
0x00007fff44776000 	/System/Library/Frameworks/Foundation.framework/Versions/C/Foundation
0x00007fff69876000 	/usr/lib/libobjc.A.dylib
0x00007fff3fbf1000 	/System/Library/Frameworks/AppKit.framework/Versions/C/AppKit
0x00007fff421d6000 	/System/Library/Frameworks/CoreData.framework/Versions/A/CoreData
0x00007fff61b08000 	/System/Library/PrivateFrameworks/RemoteViewServices.framework/Versions/A/RemoteViewServices
0x00007fff66263000 	/System/Library/PrivateFrameworks/UIFoundation.framework/Versions/A/UIFoundation
0x00007fff56921000 	/System/Library/PrivateFrameworks/DFRFoundation.framework/Versions/A/DFRFoundation
0x00007fff46de0000 	/System/Library/Frameworks/Metal.framework/Versions/A/Metal
0x00007fff56abe000 	/System/Library/PrivateFrameworks/DesktopServicesPriv.framework/Versions/A/DesktopServicesPriv
0x00007fff68dc4000 	/usr/lib/libenergytrace.dylib
0x00007fff642cf000 	/System/Library/PrivateFrameworks/SkyLight.framework/Versions/A/SkyLight
0x00007fff42ab8000 	/System/Library/Frameworks/CoreGraphics.framework/Versions/A/CoreGraphics
0x00007fff681b9000 	/usr/lib/libScreenReader.dylib
0x00007fff3eb8c000 	/System/Library/Frameworks/Accelerate.framework/Versions/A/Accelerate
0x00007fff44eef000 	/System/Library/Frameworks/IOSurface.framework/Versions/A/IOSurface
0x00007fff40feb000 	/System/Library/Frameworks/AudioToolbox.framework/Versions/A/AudioToolbox
0x00007fff4127a000 	/System/Library/Frameworks/AudioUnit.framework/Versions/A/AudioUnit
0x00007fff569b9000 	/System/Library/PrivateFrameworks/DataDetectorsCore.framework/Versions/A/DataDetectorsCore
0x00007fff41951000 	/System/Library/Frameworks/Carbon.framework/Versions/A/Frameworks/HIToolbox.framework/Versions/A/HIToolbox
0x00007fff68f1e000 	/usr/lib/libicucore.A.dylib
0x00007fff4d9eb000 	/System/Library/Frameworks/QuartzCore.framework/Versions/A/QuartzCore
0x00007fff63585000 	/System/Library/PrivateFrameworks/SignpostNotification.framework/Versions/A/SignpostNotification
0x00007fff41d37000 	/System/Library/Frameworks/Carbon.framework/Versions/A/Frameworks/SpeechRecognition.framework/Versions/A/SpeechRecognition
0x00007fff6831a000 	/usr/lib/libauto.dylib
0x00007fff6a17b000 	/usr/lib/libxml2.2.dylib
0x00007fff56572000 	/System/Library/PrivateFrameworks/CoreUI.framework/Versions/A/CoreUI
0x00007fff420b2000 	/System/Library/Frameworks/CoreAudio.framework/Versions/A/CoreAudio
0x00007fff445b0000 	/System/Library/Frameworks/DiskArbitration.framework/Versions/A/DiskArbitration
0x00007fff69192000 	/usr/lib/liblangid.dylib
0x00007fff5e015000 	/System/Library/PrivateFrameworks/MultitouchSupport.framework/Versions/A/MultitouchSupport
0x00007fff44e52000 	/System/Library/Frameworks/IOKit.framework/Versions/A/IOKit
0x00007fff67e48000 	/usr/lib/libDiagnosticMessagesClient.dylib
0x00007fff4378e000 	/System/Library/Frameworks/CoreServices.framework/Versions/A/CoreServices
0x00007fff5fb45000 	/System/Library/PrivateFrameworks/PerformanceAnalysis.framework/Versions/A/PerformanceAnalysis
0x00007fff4cb8d000 	/System/Library/Frameworks/OpenGL.framework/Versions/A/OpenGL
0x00007fff41e6c000 	/System/Library/Frameworks/ColorSync.framework/Versions/A/ColorSync
0x00007fff430ca000 	/System/Library/Frameworks/CoreImage.framework/Versions/A/CoreImage
0x00007fff4411e000 	/System/Library/Frameworks/CoreText.framework/Versions/A/CoreText
0x00007fff44f4d000 	/System/Library/Frameworks/ImageIO.framework/Versions/A/ImageIO
0x00007fff53270000 	/System/Library/PrivateFrameworks/Backup.framework/Versions/A/Backup
0x00007fff6826a000 	/usr/lib/libarchive.2.dylib
0x00007fff4159d000 	/System/Library/Frameworks/CFNetwork.framework/Versions/A/CFNetwork
0x00007fff4ebfc000 	/System/Library/Frameworks/SystemConfiguration.framework/Versions/A/SystemConfiguration
0x00007fff67d71000 	/usr/lib/libCRFSuite.dylib
0x00007fff683f3000 	/usr/lib/libc++.1.dylib
0x00007fff6844a000 	/usr/lib/libc++abi.dylib
0x00007fff6a33a000 	/usr/lib/system/libcache.dylib
0x00007fff6a33f000 	/usr/lib/system/libcommonCrypto.dylib
0x00007fff6a34a000 	/usr/lib/system/libcompiler_rt.dylib
0x00007fff6a352000 	/usr/lib/system/libcopyfile.dylib
0x00007fff6a35c000 	/usr/lib/system/libcorecrypto.dylib
0x00007fff6a469000 	/usr/lib/system/libdispatch.dylib
0x00007fff6a4a3000 	/usr/lib/system/libdyld.dylib
0x00007fff6a4c1000 	/usr/lib/system/libkeymgr.dylib
0x00007fff6a4cf000 	/usr/lib/system/liblaunch.dylib
0x00007fff6a4d0000 	/usr/lib/system/libmacho.dylib
0x00007fff6a4d5000 	/usr/lib/system/libquarantine.dylib
0x00007fff6a4d8000 	/usr/lib/system/libremovefile.dylib
0x00007fff6a4da000 	/usr/lib/system/libsystem_asl.dylib
0x00007fff6a4f2000 	/usr/lib/system/libsystem_blocks.dylib
0x00007fff6a4f3000 	/usr/lib/system/libsystem_c.dylib
0x00007fff6a57d000 	/usr/lib/system/libsystem_configuration.dylib
0x00007fff6a581000 	/usr/lib/system/libsystem_coreservices.dylib
0x00007fff6a585000 	/usr/lib/system/libsystem_darwin.dylib
0x00007fff6a587000 	/usr/lib/system/libsystem_dnssd.dylib
0x00007fff6a58e000 	/usr/lib/system/libsystem_info.dylib
0x00007fff6a5ff000 	/usr/lib/system/libsystem_m.dylib
0x00007fff6a64b000 	/usr/lib/system/libsystem_malloc.dylib
0x00007fff6a66b000 	/usr/lib/system/libsystem_network.dylib
0x00007fff6a79c000 	/usr/lib/system/libsystem_networkextension.dylib
0x00007fff6a7a7000 	/usr/lib/system/libsystem_notify.dylib
0x00007fff6a7c5000 	/usr/lib/system/libsystem_sandbox.dylib
0x00007fff6a7c9000 	/usr/lib/system/libsystem_secinit.dylib
0x00007fff6a5d8000 	/usr/lib/system/libsystem_kernel.dylib
0x00007fff6a7b1000 	/usr/lib/system/libsystem_platform.dylib
0x00007fff6a7b9000 	/usr/lib/system/libsystem_pthread.dylib
0x00007fff6a7cb000 	/usr/lib/system/libsystem_symptoms.dylib
0x00007fff6a7d3000 	/usr/lib/system/libsystem_trace.dylib
0x00007fff6a7e8000 	/usr/lib/system/libunwind.dylib
0x00007fff6a7ee000 	/usr/lib/system/libxpc.dylib
0x00007fff67c84000 	/usr/lib/closure/libclosured.dylib
0x00007fff683d4000 	/usr/lib/libbsm.0.dylib
0x00007fff6a4c2000 	/usr/lib/system/libkxld.dylib
0x00007fff68082000 	/usr/lib/libOpenScriptingUtil.dylib
0x00007fff68743000 	/usr/lib/libcoretls.dylib
0x00007fff6875c000 	/usr/lib/libcoretls_cfhelpers.dylib
0x00007fff69c77000 	/usr/lib/libpam.2.dylib
0x00007fff69d9e000 	/usr/lib/libsqlite3.dylib
0x00007fff6a16a000 	/usr/lib/libxar.1.dylib
0x00007fff683e5000 	/usr/lib/libbz2.1.0.dylib
0x00007fff69194000 	/usr/lib/liblzma.5.dylib
0x00007fff69675000 	/usr/lib/libnetwork.dylib
0x00007fff68253000 	/usr/lib/libapple_nghttp2.dylib
0x00007fff69c7e000 	/usr/lib/libpcap.A.dylib
0x00007fff6831b000 	/usr/lib/libboringssl.dylib
0x00007fff6a105000 	/usr/lib/libusrtcp.dylib
0x00007fff68252000 	/usr/lib/libapple_crypto.dylib
0x00007fff43b11000 	/System/Library/Frameworks/CoreServices.framework/Versions/A/Frameworks/FSEvents.framework/Versions/A/FSEvents
0x00007fff43804000 	/System/Library/Frameworks/CoreServices.framework/Versions/A/Frameworks/CarbonCore.framework/Versions/A/CarbonCore
0x00007fff43cd8000 	/System/Library/Frameworks/CoreServices.framework/Versions/A/Frameworks/Metadata.framework/Versions/A/Metadata
0x00007fff43d89000 	/System/Library/Frameworks/CoreServices.framework/Versions/A/Frameworks/OSServices.framework/Versions/A/OSServices
0x00007fff43dea000 	/System/Library/Frameworks/CoreServices.framework/Versions/A/Frameworks/SearchKit.framework/Versions/A/SearchKit
0x00007fff4378f000 	/System/Library/Frameworks/CoreServices.framework/Versions/A/Frameworks/AE.framework/Versions/A/AE
0x00007fff43b1a000 	/System/Library/Frameworks/CoreServices.framework/Versions/A/Frameworks/LaunchServices.framework/Versions/A/LaunchServices
0x00007fff43adc000 	/System/Library/Frameworks/CoreServices.framework/Versions/A/Frameworks/DictionaryServices.framework/Versions/A/DictionaryServices
0x00007fff43e59000 	/System/Library/Frameworks/CoreServices.framework/Versions/A/Frameworks/SharedFileList.framework/Versions/A/SharedFileList
0x00007fff48016000 	/System/Library/Frameworks/NetFS.framework/Versions/A/NetFS
0x00007fff5e2a6000 	/System/Library/PrivateFrameworks/NetAuth.framework/Versions/A/NetAuth
0x00007fff67b1b000 	/System/Library/PrivateFrameworks/login.framework/Versions/A/Frameworks/loginsupport.framework/Versions/A/loginsupport
0x00007fff65ee0000 	/System/Library/PrivateFrameworks/TCC.framework/Versions/A/TCC
0x00007fff69275000 	/usr/lib/libmecabra.dylib
0x00007fff40aa2000 	/System/Library/Frameworks/ApplicationServices.framework/Versions/A/Frameworks/ATS.framework/Versions/A/ATS
0x00007fff40e50000 	/System/Library/Frameworks/ApplicationServices.framework/Versions/A/Frameworks/ColorSyncLegacy.framework/Versions/A/ColorSyncLegacy
0x00007fff40ef4000 	/System/Library/Frameworks/ApplicationServices.framework/Versions/A/Frameworks/HIServices.framework/Versions/A/HIServices
0x00007fff40f47000 	/System/Library/Frameworks/ApplicationServices.framework/Versions/A/Frameworks/LangAnalysis.framework/Versions/A/LangAnalysis
0x00007fff40f56000 	/System/Library/Frameworks/ApplicationServices.framework/Versions/A/Frameworks/PrintCore.framework/Versions/A/PrintCore
0x00007fff40fa3000 	/System/Library/Frameworks/ApplicationServices.framework/Versions/A/Frameworks/QD.framework/Versions/A/QD
0x00007fff40fde000 	/System/Library/Frameworks/ApplicationServices.framework/Versions/A/Frameworks/SpeechSynthesis.framework/Versions/A/SpeechSynthesis
0x00007fff4252d000 	/System/Library/Frameworks/CoreDisplay.framework/Versions/A/CoreDisplay
0x00007fff3eba4000 	/System/Library/Frameworks/Accelerate.framework/Versions/A/Frameworks/vImage.framework/Versions/A/vImage
0x00007fff3f8fe000 	/System/Library/Frameworks/Accelerate.framework/Versions/A/Frameworks/vecLib.framework/Versions/A/vecLib
0x00007fff3f69e000 	/System/Library/Frameworks/Accelerate.framework/Versions/A/Frameworks/vecLib.framework/Versions/A/libvDSP.dylib
0x00007fff3f1fe000 	/System/Library/Frameworks/Accelerate.framework/Versions/A/Frameworks/vecLib.framework/Versions/A/libBNNS.dylib
0x00007fff3f603000 	/System/Library/Frameworks/Accelerate.framework/Versions/A/Frameworks/vecLib.framework/Versions/A/libQuadrature.dylib
0x00007fff3f84c000 	/System/Library/Frameworks/Accelerate.framework/Versions/A/Frameworks/vecLib.framework/Versions/A/libvMisc.dylib
0x00007fff3f22d000 	/System/Library/Frameworks/Accelerate.framework/Versions/A/Frameworks/vecLib.framework/Versions/A/libLAPACK.dylib
0x00007fff3f0a3000 	/System/Library/Frameworks/Accelerate.framework/Versions/A/Frameworks/vecLib.framework/Versions/A/libBLAS.dylib
0x00007fff3f5ed000 	/System/Library/Frameworks/Accelerate.framework/Versions/A/Frameworks/vecLib.framework/Versions/A/libLinearAlgebra.dylib
0x00007fff3f609000 	/System/Library/Frameworks/Accelerate.framework/Versions/A/Frameworks/vecLib.framework/Versions/A/libSparse.dylib
0x00007fff3f68a000 	/System/Library/Frameworks/Accelerate.framework/Versions/A/Frameworks/vecLib.framework/Versions/A/libSparseBLAS.dylib
0x00007fff5b0fb000 	/System/Library/PrivateFrameworks/GPUWrangler.framework/Versions/A/GPUWrangler
0x00007fff5c88b000 	/System/Library/PrivateFrameworks/IOAccelerator.framework/Versions/A/IOAccelerator
0x00007fff5c896000 	/System/Library/PrivateFrameworks/IOPresentment.framework/Versions/A/IOPresentment
0x00007fff56933000 	/System/Library/PrivateFrameworks/DSExternalDisplay.framework/Versions/A/DSExternalDisplay
0x00007fff4c00d000 	/System/Library/Frameworks/OpenGL.framework/Versions/A/Libraries/libCoreFSCache.dylib
0x00007fff4426f000 	/System/Library/Frameworks/CoreVideo.framework/Versions/A/CoreVideo
0x00007fff5be76000 	/System/Library/PrivateFrameworks/GraphVisualizer.framework/Versions/A/GraphVisualizer
0x00007fff47017000 	/System/Library/Frameworks/MetalPerformanceShaders.framework/Versions/A/MetalPerformanceShaders
0x00007fff67e80000 	/usr/lib/libFosl_dynamic.dylib
0x00007fff57a05000 	/System/Library/PrivateFrameworks/FaceCore.framework/Versions/A/FaceCore
0x00007fff4ae14000 	/System/Library/Frameworks/OpenCL.framework/Versions/A/OpenCL
0x00007fff68481000 	/usr/lib/libcompression.dylib
0x00007fff40ba1000 	/System/Library/Frameworks/ApplicationServices.framework/Versions/A/Frameworks/ATS.framework/Versions/A/Resources/libFontParser.dylib
0x00007fff40cc4000 	/System/Library/Frameworks/ApplicationServices.framework/Versions/A/Frameworks/ATS.framework/Versions/A/Resources/libFontRegistry.dylib
0x00007fff451b5000 	/System/Library/Frameworks/ImageIO.framework/Versions/A/Resources/libJPEG.dylib
0x00007fff454de000 	/System/Library/Frameworks/ImageIO.framework/Versions/A/Resources/libTIFF.dylib
0x00007fff454b4000 	/System/Library/Frameworks/ImageIO.framework/Versions/A/Resources/libPng.dylib
0x00007fff450c8000 	/System/Library/Frameworks/ImageIO.framework/Versions/A/Resources/libGIF.dylib
0x00007fff450cd000 	/System/Library/Frameworks/ImageIO.framework/Versions/A/Resources/libJP2.dylib
0x00007fff454db000 	/System/Library/Frameworks/ImageIO.framework/Versions/A/Resources/libRadiance.dylib
0x00007fff5299b000 	/System/Library/PrivateFrameworks/AppleJPEG.framework/Versions/A/AppleJPEG
0x00007fff46e7e000 	/System/Library/Frameworks/MetalPerformanceShaders.framework/Frameworks/MPSCore.framework/Versions/A/MPSCore
0x00007fff46e9a000 	/System/Library/Frameworks/MetalPerformanceShaders.framework/Frameworks/MPSImage.framework/Versions/A/MPSImage
0x00007fff46f2f000 	/System/Library/Frameworks/MetalPerformanceShaders.framework/Frameworks/MPSNeuralNetwork.framework/Versions/A/MPSNeuralNetwork
0x00007fff46f0a000 	/System/Library/Frameworks/MetalPerformanceShaders.framework/Frameworks/MPSMatrix.framework/Versions/A/MPSMatrix
0x00007fff5dd8b000 	/System/Library/PrivateFrameworks/MetalTools.framework/Versions/A/MetalTools
0x00007fff4c1d7000 	/System/Library/Frameworks/OpenGL.framework/Versions/A/Libraries/libGLU.dylib
0x00007fff4c018000 	/System/Library/Frameworks/OpenGL.framework/Versions/A/Libraries/libGFXShared.dylib
0x00007fff4c022000 	/System/Library/Frameworks/OpenGL.framework/Versions/A/Libraries/libGL.dylib
0x00007fff4c02e000 	/System/Library/Frameworks/OpenGL.framework/Versions/A/Libraries/libGLImage.dylib
0x00007fff4c00a000 	/System/Library/Frameworks/OpenGL.framework/Versions/A/Libraries/libCVMSPluginSupport.dylib
0x00007fff4c013000 	/System/Library/Frameworks/OpenGL.framework/Versions/A/Libraries/libCoreVMClient.dylib
0x00007fff68c2e000 	/usr/lib/libcups.2.dylib
0x00007fff463e6000 	/System/Library/Frameworks/Kerberos.framework/Versions/A/Kerberos
0x00007fff44bac000 	/System/Library/Frameworks/GSS.framework/Versions/A/GSS
0x00007fff69d31000 	/usr/lib/libresolv.9.dylib
0x00007fff68e2c000 	/usr/lib/libiconv.2.dylib
0x00007fff5bf08000 	/System/Library/PrivateFrameworks/Heimdal.framework/Versions/A/Heimdal
0x00007fff68dfb000 	/usr/lib/libheimdal-asn1.dylib
0x00007fff4ae80000 	/System/Library/Frameworks/OpenDirectory.framework/Versions/A/OpenDirectory
0x00007fff54cad000 	/System/Library/PrivateFrameworks/CommonAuth.framework/Versions/A/CommonAuth
0x00007fff4ae63000 	/System/Library/Frameworks/OpenDirectory.framework/Versions/A/Frameworks/CFOpenDirectory.framework/Versions/A/CFOpenDirectory
0x00007fff4e795000 	/System/Library/Frameworks/SecurityFoundation.framework/Versions/A/SecurityFoundation
0x00007fff51b67000 	/System/Library/PrivateFrameworks/APFS.framework/Versions/A/APFS
0x00007fff6a166000 	/usr/lib/libutil.dylib
0x00007fff52a1e000 	/System/Library/PrivateFrameworks/AppleSauce.framework/Versions/A/AppleSauce
0x00007fff5d073000 	/System/Library/PrivateFrameworks/LinguisticData.framework/Versions/A/LinguisticData
0x00007fff691ae000 	/usr/lib/libmarisa.dylib
0x00007fff5d02d000 	/System/Library/PrivateFrameworks/Lexicon.framework/Versions/A/Lexicon
0x00007fff67dab000 	/usr/lib/libChineseTokenizer.dylib
0x00007fff68470000 	/usr/lib/libcmph.dylib
0x00007fff5cf37000 	/System/Library/PrivateFrameworks/LanguageModeling.framework/Versions/A/LanguageModeling
0x00007fff557b9000 	/System/Library/PrivateFrameworks/CoreEmoji.framework/Versions/A/CoreEmoji
0x00007fff4e853000 	/System/Library/Frameworks/ServiceManagement.framework/Versions/A/ServiceManagement
0x00007fff53268000 	/System/Library/PrivateFrameworks/BackgroundTaskManagement.framework/Versions/A/BackgroundTaskManagement
0x00007fff6a263000 	/usr/lib/libxslt.1.dylib
0x00007fff41c61000 	/System/Library/Frameworks/Carbon.framework/Versions/A/Frameworks/Ink.framework/Versions/A/Ink
0x00007fff660f5000 	/System/Library/PrivateFrameworks/TextureIO.framework/Versions/A/TextureIO
0x00007fff68295000 	/usr/lib/libate.dylib
0x00007fff56893000 	/System/Library/PrivateFrameworks/CrashReporterSupport.framework/Versions/A/CrashReporterSupport
0x00007fff63447000 	/System/Library/PrivateFrameworks/Sharing.framework/Versions/A/Sharing
0x00007fff5cc78000 	/System/Library/PrivateFrameworks/IconServices.framework/Versions/A/IconServices
0x00007fff52820000 	/System/Library/PrivateFrameworks/Apple80211.framework/Versions/A/Apple80211
0x00007fff566a8000 	/System/Library/PrivateFrameworks/CoreUtils.framework/Versions/A/CoreUtils
0x00007fff442aa000 	/System/Library/Frameworks/CoreWLAN.framework/Versions/A/CoreWLAN
0x00007fff44cee000 	/System/Library/Frameworks/IOBluetooth.framework/Versions/A/IOBluetooth
0x00007fff61913000 	/System/Library/PrivateFrameworks/ProtocolBuffer.framework/Versions/A/ProtocolBuffer
0x00007fff5682e000 	/System/Library/PrivateFrameworks/CoreWiFi.framework/Versions/A/CoreWiFi
0x00007fff421ac000 	/System/Library/Frameworks/CoreBluetooth.framework/Versions/A/CoreBluetooth
0x00007fff56a7d000 	/System/Library/PrivateFrameworks/DebugSymbols.framework/Versions/A/DebugSymbols
0x00007fff5645e000 	/System/Library/PrivateFrameworks/CoreSymbolication.framework/Versions/A/CoreSymbolication
0x00007fff658e6000 	/System/Library/PrivateFrameworks/Symbolication.framework/Versions/A/Symbolication
0x00007fff5284a000 	/System/Library/PrivateFrameworks/AppleFSCompression.framework/Versions/A/AppleFSCompression
0x00007fff64d34000 	/System/Library/PrivateFrameworks/SpeechRecognitionCore.framework/Versions/A/SpeechRecognitionCore
0x00007fff3ab48000 	/System/Library/CoreServices/Encodings/libJapaneseConverter.dylib
0x000000010a400000 	/Library/Java/JavaVirtualMachines/jdk-10.jdk/Contents/Home/lib/server/libjvm.dylib
0x00007fff6a033000 	/usr/lib/libstdc++.6.0.9.dylib
0x0000000109b4e000 	/Library/Java/JavaVirtualMachines/jdk-10.jdk/Contents/Home/lib/libverify.dylib
0x0000000109b5b000 	/Library/Java/JavaVirtualMachines/jdk-10.jdk/Contents/Home/lib/libjava.dylib
0x0000000109bda000 	/Library/Java/JavaVirtualMachines/jdk-10.jdk/Contents/Home/lib/libzip.dylib
0x0000000109be2000 	/Library/Java/JavaVirtualMachines/jdk-10.jdk/Contents/Home/lib/libjimage.dylib
0x000000010f233000 	/Library/Java/JavaVirtualMachines/jdk-10.jdk/Contents/Home/lib/libnio.dylib
0x000000010f243000 	/Library/Java/JavaVirtualMachines/jdk-10.jdk/Contents/Home/lib/./libnet.dylib
0x000000010f2e2000 	/Library/Java/JavaVirtualMachines/jdk-10.jdk/Contents/Home/lib/libawt.dylib
0x000000010f387000 	/Library/Java/JavaVirtualMachines/jdk-10.jdk/Contents/Home/lib/./libmlib_image.dylib
0x00007fff463cf000 	/System/Library/Frameworks/JavaVM.framework/Versions/A/Frameworks/JavaNativeFoundation.framework/Versions/A/JavaNativeFoundation
0x00007fff463d8000 	/System/Library/Frameworks/JavaVM.framework/Versions/A/Frameworks/JavaRuntimeSupport.framework/Versions/A/JavaRuntimeSupport
0x00007fff463e1000 	/System/Library/Frameworks/JavaVM.framework/Versions/A/JavaVM
0x00007fff5ce39000 	/System/Library/PrivateFrameworks/JavaLaunching.framework/Versions/A/JavaLaunching
0x00007fff4194c000 	/System/Library/Frameworks/Carbon.framework/Versions/A/Carbon
0x00007fff4194d000 	/System/Library/Frameworks/Carbon.framework/Versions/A/Frameworks/CommonPanels.framework/Versions/A/CommonPanels
0x00007fff41c57000 	/System/Library/Frameworks/Carbon.framework/Versions/A/Frameworks/Help.framework/Versions/A/Help
0x00007fff41c5b000 	/System/Library/Frameworks/Carbon.framework/Versions/A/Frameworks/ImageCapture.framework/Versions/A/ImageCapture
0x00007fff41cf7000 	/System/Library/Frameworks/Carbon.framework/Versions/A/Frameworks/OpenScripting.framework/Versions/A/OpenScripting
0x00007fff41d32000 	/System/Library/Frameworks/Carbon.framework/Versions/A/Frameworks/Print.framework/Versions/A/Print
0x00007fff41d34000 	/System/Library/Frameworks/Carbon.framework/Versions/A/Frameworks/SecurityHI.framework/Versions/A/SecurityHI
0x000000010f3f5000 	/Library/Java/JavaVirtualMachines/jdk-10.jdk/Contents/Home/lib/libawt_lwawt.dylib
0x000000010f4b5000 	/Library/Java/JavaVirtualMachines/jdk-10.jdk/Contents/Home/lib/./libosxapp.dylib
0x00007fff4474f000 	/System/Library/Frameworks/ExceptionHandling.framework/Versions/A/ExceptionHandling
0x000000010f707000 	/Users/ochihideji/Desktop/Zugaku/Chap13/libgluegen-rt.jnilib
0x000000010f70b000 	/Library/Java/JavaVirtualMachines/jdk-10.jdk/Contents/Home/lib/libfontmanager.dylib
0x00007fff560f0000 	/System/Library/PrivateFrameworks/CoreServicesInternal.framework/Versions/A/CoreServicesInternal
0x00007fff3abca000 	/System/Library/CoreServices/RawCamera.bundle/Contents/MacOS/RawCamera
0x00007fff5ddfd000 	/System/Library/PrivateFrameworks/MobileAsset.framework/Versions/A/MobileAsset
0x00007fff651ed000 	/System/Library/PrivateFrameworks/StreamingZip.framework/Versions/A/StreamingZip
0x00007fff46775000 	/System/Library/Frameworks/MediaToolbox.framework/Versions/A/MediaToolbox
0x00007fff553fb000 	/System/Library/PrivateFrameworks/CoreAVCHD.framework/Versions/A/CoreAVCHD
0x00007fff466be000 	/System/Library/Frameworks/MediaAccessibility.framework/Versions/A/MediaAccessibility
0x00007fff5d879000 	/System/Library/PrivateFrameworks/Mangrove.framework/Versions/A/Mangrove
0x00007fff43648000 	/System/Library/Frameworks/CoreMedia.framework/Versions/A/CoreMedia
0x00007fff4ee21000 	/System/Library/Frameworks/VideoToolbox.framework/Versions/A/VideoToolbox
0x00007fff54ff2000 	/System/Library/PrivateFrameworks/CoreAUC.framework/Versions/A/CoreAUC
0x00007fff69d9c000 	/usr/lib/libspindump.dylib
0x00007fff52b13000 	/System/Library/PrivateFrameworks/AppleVA.framework/Versions/A/AppleVA
0x00007fff3eb8d000 	/System/Library/Frameworks/Accelerate.framework/Versions/A/Frameworks/vImage.framework/Versions/A/Libraries/libCGInterfaces.dylib
0x00007fff40db3000 	/System/Library/Frameworks/ApplicationServices.framework/Versions/A/Frameworks/ATS.framework/Versions/A/Resources/libTrueTypeScaler.dylib
0x00007fff3c799000 	/System/Library/Extensions/AppleIntelSKLGraphicsMTLDriver.bundle/Contents/MacOS/AppleIntelSKLGraphicsMTLDriver
0x00007fff59a8f000 	/System/Library/PrivateFrameworks/GPUCompiler.framework/Versions/3802/Libraries/libmetal_timestamp.dylib
0x000000013070b000 	/Users/ochihideji/Desktop/Zugaku/Chap13/libnativewindow_awt.jnilib
0x000000013070e000 	/Library/Java/JavaVirtualMachines/jdk-10.jdk/Contents/Home/lib/libjawt.dylib
0x00007fff4cb9d000 	/System/Library/Frameworks/OpenGL.framework/Versions/A/Resources/GLEngine.bundle/GLEngine
0x00007fff4c06a000 	/System/Library/Frameworks/OpenGL.framework/Versions/A/Libraries/libGLProgrammability.dylib
0x0000000131dee000 	/System/Library/Extensions/AppleIntelSKLGraphicsGLDriver.bundle/Contents/MacOS/AppleIntelSKLGraphicsGLDriver
0x00007fff5b0ef000 	/System/Library/PrivateFrameworks/GPUSupport.framework/Versions/A/Libraries/libGPUSupportMercury.dylib
0x00007fff4cd35000 	/System/Library/Frameworks/OpenGL.framework/Versions/A/Resources/GLRendererFloat.bundle/GLRendererFloat
0x00007fff4ae0b000 	/System/Library/Frameworks/OpenCL.framework/Versions/A/Libraries/libcldcpuengine.dylib
0x00007fff688f6000 	/usr/lib/libcrypto.35.dylib
0x00007fff6625c000 	/System/Library/PrivateFrameworks/TrustEvaluationAgent.framework/Versions/A/TrustEvaluationAgent
0x0000000133866000 	/Users/ochihideji/Desktop/Zugaku/Chap13/libnativewindow_macosx.jnilib
0x00007fff670e7000 	/System/Library/PrivateFrameworks/ViewBridge.framework/Versions/A/ViewBridge
0x0000000133d2d000 	/Users/ochihideji/Desktop/Zugaku/Chap13/libjogl_desktop.jnilib


VM Arguments:
java_command: DumpingSpin
java_class_path (initial): .
Launcher Type: SUN_STANDARD

Logging:
Log output configuration:
#0: stdout all=warning uptime,level,tags
#1: stderr all=off uptime,level,tags

Environment Variables:
PATH=/anaconda3/bin:/usr/local/bin:/usr/bin:/bin:/usr/sbin:/sbin:/Library/TeX/texbin
SHELL=/bin/bash

Signal Handlers:
SIGSEGV: [libjvm.dylib+0x799984], sa_mask[0]=11111111011111110111111111111111, sa_flags=SA_ONSTACK|SA_RESTART|SA_SIGINFO
SIGBUS: [libjvm.dylib+0x799984], sa_mask[0]=11111111011111110111111111111111, sa_flags=SA_RESTART|SA_SIGINFO
SIGFPE: [libjvm.dylib+0x799984], sa_mask[0]=11111111011111110111111111111111, sa_flags=SA_RESTART|SA_SIGINFO
SIGPIPE: [libjvm.dylib+0x6347c0], sa_mask[0]=11111111011111110111111111111111, sa_flags=SA_RESTART|SA_SIGINFO
SIGXFSZ: [libjvm.dylib+0x6347c0], sa_mask[0]=11111111011111110111111111111111, sa_flags=SA_RESTART|SA_SIGINFO
SIGILL: [libjvm.dylib+0x799984], sa_mask[0]=11111111011111110111111111111111, sa_flags=SA_RESTART|SA_SIGINFO
SIGUSR2: [libjvm.dylib+0x635050], sa_mask[0]=00000000000000000000000000000000, sa_flags=SA_RESTART|SA_SIGINFO
SIGHUP: [libjvm.dylib+0x63383b], sa_mask[0]=11111111011111110111111111111111, sa_flags=SA_RESTART|SA_SIGINFO
SIGINT: [libjvm.dylib+0x63383b], sa_mask[0]=11111111011111110111111111111111, sa_flags=SA_RESTART|SA_SIGINFO
SIGTERM: [libjvm.dylib+0x63383b], sa_mask[0]=11111111011111110111111111111111, sa_flags=SA_RESTART|SA_SIGINFO
SIGQUIT: [libjvm.dylib+0x63383b], sa_mask[0]=11111111011111110111111111111111, sa_flags=SA_RESTART|SA_SIGINFO


---------------  S Y S T E M  ---------------

OS:uname:Darwin 17.6.0 Darwin Kernel Version 17.6.0: Tue May  8 15:22:16 PDT 2018; root:xnu-4570.61.1~1/RELEASE_X86_64 x86_64
rlimit: STACK 8192k, CORE 0k, NPROC 709, NOFILE 10240, AS infinity, DATA infinity, FSIZE infinity
load average:1.49 1.83 1.93

CPU:total 4 (initial active 4) (2 cores per cpu, 2 threads per core) family 6 model 78 stepping 3, cmov, cx8, fxsr, mmx, sse, sse2, sse3, ssse3, sse4.1, sse4.2, popcnt, avx, avx2, aes, clmul, erms, rtm, 3dnowpref, lzcnt, ht, tsc, tscinvbit, bmi1, bmi2, adx, fma

Memory: 4k page, physical 8388608k(27156k free)

vm_info: Java HotSpot(TM) 64-Bit Server VM (10+46) for bsd-amd64 JRE (10+46), built on Mar  8 2018 02:10:00 by "mach5one" with gcc 4.2.1 Compatible Apple LLVM 6.1.0 (clang-602.0.49)

END.
