#
# A fatal error has been detected by the Java Runtime Environment:
#
#  SIGSEGV (0xb) at pc=0x000000011bc44f4e, pid=4414, tid=775
#
# JRE version: Java(TM) SE Runtime Environment (10.0.1+10) (build 10.0.1+10)
# Java VM: Java HotSpot(TM) 64-Bit Server VM (10.0.1+10, mixed mode, tiered, compressed oops, g1 gc, bsd-amd64)
# Problematic frame:
# C  [libosxapp.dylib+0x2f4e]  -[NSApplicationAWT sendEvent:]+0x179
#
# No core dump will be written. Core dumps have been disabled. To enable core dumping, try "ulimit -c unlimited" before starting Java again
#
# If you would like to submit a bug report, please visit:
#   http://bugreport.java.com/bugreport/crash.jsp
# The crash happened outside the Java Virtual Machine in native code.
# See problematic frame for where to report the bug.
#

---------------  S U M M A R Y ------------

Command Line: ObjectSpin

Host: MacBookPro13,1 x86_64 2000 MHz, 4 cores, 8G, Darwin 17.7.0
Time: Mon Sep 24 21:40:13 2018 JST elapsed time: 1 seconds (0d 0h 0m 1s)

---------------  T H R E A D  ---------------

Current thread (0x00007fc39a839800):  JavaThread "AppKit Thread" daemon [_thread_in_native, id=775, stack(0x00007ffee2914000,0x00007ffee3114000)]

Stack: [0x00007ffee2914000,0x00007ffee3114000],  sp=0x00007ffee3111950,  free space=8182k
Native frames: (J=compiled Java code, A=aot compiled Java code, j=interpreted, Vv=VM code, C=native code)
C  [libosxapp.dylib+0x2f4e]  -[NSApplicationAWT sendEvent:]+0x179
C  [AppKit+0x368b5]  -[NSApplication run]+0x32c
C  [libosxapp.dylib+0x2bbc]  +[NSApplicationAWT runAWTLoopWithApp:]+0x9d
C  [libawt_lwawt.dylib+0x3a344]  +[AWTStarter starter:headless:]+0x342
C  [JavaNativeFoundation+0x6f4a]  +[JNFRunLoop _performCopiedBlock:]+0x11
C  [Foundation+0x682b5]  __NSThreadPerformPerform+0x14e
C  [CoreFoundation+0xa3a11]  __CFRUNLOOP_IS_CALLING_OUT_TO_A_SOURCE0_PERFORM_FUNCTION__+0x11
C  [CoreFoundation+0x15d42c]  __CFRunLoopDoSource0+0x6c
C  [CoreFoundation+0x86470]  __CFRunLoopDoSources0+0xd0
C  [CoreFoundation+0x858ed]  __CFRunLoopRun+0x50d
C  [CoreFoundation+0x85153]  CFRunLoopRunSpecific+0x1e3
C  [java+0x6bc3]  CreateExecutionEnvironment+0x191
C  [java+0x2ebc]  JLI_Launch+0x620
C  [java+0x1d4c]  main+0x180
C  [java+0x1bc4]  start+0x34
C  0x0000000000000004


siginfo: si_signo: 11 (SIGSEGV), si_code: 1 (SEGV_MAPERR), si_addr: 0x0000000000000010

Register to memory mapping:

RAX=0x0000000000000000 is an unknown value
RBX=0x0000000000000000 is an unknown value
RCX=0x000000000021e000 is an unknown value
RDX=0x000000000021e000 is an unknown value
RSP=0x00007ffee3111950 is pointing into the stack for thread: 0x00007fc39a839800
RBP=0x00007ffee3111980 is pointing into the stack for thread: 0x00007fc39a839800
RSI=0x00007fff4f27c1e5: .str.41.llvm.C4DC25C8+0x4a728 in /System/Library/Frameworks/AppKit.framework/Versions/C/AppKit at 0x00007fff4e59b000
RDI=0x0000000000000000 is an unknown value
R8 =0x000000000000007f is an unknown value
R9 =0x00007fc39c1b6f30 is an unknown value
R10=0x0079b30100794600 is an unknown value
R11=0x00007fff4e747817: -[NSEvent data1]+0 in /System/Library/Frameworks/AppKit.framework/Versions/C/AppKit at 0x00007fff4e59b000
R12=0x00007fc39c1b6f30 is an unknown value
R13=0x00007fc399c3e220 is an unknown value
R14=0x00007fff7825ce80: objc_msgSend+0 in /usr/lib/libobjc.A.dylib at 0x00007fff78256000
R15=0x00007fc399c171f0 is an unknown value


Registers:
RAX=0x0000000000000000, RBX=0x0000000000000000, RCX=0x000000000021e000, RDX=0x000000000021e000
RSP=0x00007ffee3111950, RBP=0x00007ffee3111980, RSI=0x00007fff4f27c1e5, RDI=0x0000000000000000
R8 =0x000000000000007f, R9 =0x00007fc39c1b6f30, R10=0x0079b30100794600, R11=0x00007fff4e747817
R12=0x00007fc39c1b6f30, R13=0x00007fc399c3e220, R14=0x00007fff7825ce80, R15=0x00007fc399c171f0
RIP=0x000000011bc44f4e, EFLAGS=0x0000000000010246, ERR=0x0000000000000004
  TRAPNO=0x000000000000000e

Top of Stack: (sp=0x00007ffee3111950)
0x00007ffee3111950:   00007ffee3111970 ffff803c63e490d0
0x00007ffee3111960:   00007fff7825ce80 00007fff7825ce80
0x00007ffee3111970:   0000000000000001 00007fc399c171f0
0x00007ffee3111980:   00007ffee3111a30 00007fff4e5d18b5
0x00007ffee3111990:   00007fff4f275211 00007fc399c171f0
0x00007ffee31119a0:   00007fff4f26dee0 00007fff4f2760fe
0x00007ffee31119b0:   00007fffab158178 00007fff4f26cb3d
0x00007ffee31119c0:   00007fff4f26c813 0000000000000010
0x00007ffee31119d0:   00007fff4f26c003 00007fff4f27c1eb
0x00007ffee31119e0:   00007fff4f26be91 00007fff4f26c82d
0x00007ffee31119f0:   00007fff4f26c859 0000000000000062
0x00007ffee3111a00:   00007fff4f26c937 00007fc399c171f0
0x00007ffee3111a10:   00007fff7825ce80 000000011bc49690
0x00007ffee3111a20:   00007fff4f275211 000000011bc496b0
0x00007ffee3111a30:   00007ffee3111a70 000000011bc44bbc
0x00007ffee3111a40:   0000000000000000 00007fc399e44e80
0x00007ffee3111a50:   00007fff7825ce80 00007fc399c171f0
0x00007ffee3111a60:   00007fc399d4c620 0000000000000000
0x00007ffee3111a70:   00007ffee3111ac0 000000011bbbc344
0x00007ffee3111a80:   00007fc399c171f0 0000000000000000
0x00007ffee3111a90:   00007fc399d4c620 00007fc399e36ea0
0x00007ffee3111aa0:   00007fc399d0e140 00007fff4f26be91
0x00007ffee3111ab0:   00007fc399e370d0 0000000000000000
0x00007ffee3111ac0:   00007ffee3111ae0 00007fff54d7df4a
0x00007ffee3111ad0:   0000000000000018 0000000000000001
0x00007ffee3111ae0:   00007ffee3111b60 00007fff531852b5
0x00007ffee3111af0:   0000000000000001 00007fff4f26bf70
0x00007ffee3111b00:   00007fc399d0e140 00007fc399e37380
0x00007ffee3111b10:   00007fff4f273372 00007fff4f2c63b7
0x00007ffee3111b20:   00007fff4f273377 00007fff4f26c003
0x00007ffee3111b30:   00007ffee3111b70 00007fff53185167
0x00007ffee3111b40:   0000000300002e88 0000000000000000 

Instructions: (pc=0x000000011bc44f4e)
0x000000011bc44f2e:   41 5f 5d c3 48 8b 35 1f 5d 00 00 4c 8b 35 48 41
0x000000011bc44f3e:   00 00 48 89 df 41 ff d6 48 89 c3 31 c0 48 89 df
0x000000011bc44f4e:   ff 53 10 48 8b 35 f0 5a 00 00 48 89 df 4c 89 f0
0x000000011bc44f5e:   48 83 c4 18 5b 41 5e 41 5f 5d ff e0 55 48 89 e5 


---------------  P R O C E S S  ---------------

Threads class SMR info:
_java_thread_list=0x00007fc399c53b70, length=15, elements={
0x00007fc39a052000, 0x00007fc39b81c000, 0x00007fc39a073800, 0x00007fc39b81e800,
0x00007fc39b06f000, 0x00007fc39b072000, 0x00007fc39b81f800, 0x00007fc39a803800,
0x00007fc39a06c000, 0x00007fc39a839800, 0x00007fc39b269800, 0x00007fc39b271800,
0x00007fc39a28c800, 0x00007fc39b304000, 0x00007fc39a95e800
}

Java Threads: ( => current thread )
  0x00007fc39a052000 JavaThread "Reference Handler" daemon [_thread_blocked, id=18691, stack(0x000070000cbfd000,0x000070000ccfd000)]
  0x00007fc39b81c000 JavaThread "Finalizer" daemon [_thread_blocked, id=15875, stack(0x000070000cd00000,0x000070000ce00000)]
  0x00007fc39a073800 JavaThread "Signal Dispatcher" daemon [_thread_blocked, id=22279, stack(0x000070000ce86000,0x000070000cf86000)]
  0x00007fc39b81e800 JavaThread "C2 CompilerThread0" daemon [_thread_in_native, id=42243, stack(0x000070000cf89000,0x000070000d089000)]
  0x00007fc39b06f000 JavaThread "C2 CompilerThread1" daemon [_thread_blocked, id=23299, stack(0x000070000d08c000,0x000070000d18c000)]
  0x00007fc39b072000 JavaThread "C1 CompilerThread2" daemon [_thread_blocked, id=41987, stack(0x000070000d18f000,0x000070000d28f000)]
  0x00007fc39b81f800 JavaThread "Sweeper thread" daemon [_thread_blocked, id=41731, stack(0x000070000d292000,0x000070000d392000)]
  0x00007fc39a803800 JavaThread "Service Thread" daemon [_thread_blocked, id=25091, stack(0x000070000d395000,0x000070000d495000)]
  0x00007fc39a06c000 JavaThread "Common-Cleaner" daemon [_thread_blocked, id=41475, stack(0x000070000d498000,0x000070000d598000)]
=>0x00007fc39a839800 JavaThread "AppKit Thread" daemon [_thread_in_native, id=775, stack(0x00007ffee2914000,0x00007ffee3114000)]
  0x00007fc39b269800 JavaThread "AWT-Shutdown" [_thread_blocked, id=33283, stack(0x000070000d721000,0x000070000d821000)]
  0x00007fc39b271800 JavaThread "Java2D Queue Flusher" daemon [_thread_blocked, id=56323, stack(0x000070000d8a7000,0x000070000d9a7000)]
  0x00007fc39a28c800 JavaThread "Java2D Disposer" daemon [_thread_blocked, id=58883, stack(0x000070000d9aa000,0x000070000daaa000)]
  0x00007fc39b304000 JavaThread "AWT-EventQueue-0" [_thread_blocked, id=76547, stack(0x000070000daad000,0x000070000dbad000)]
  0x00007fc39a95e800 JavaThread "DestroyJavaVM" [_thread_blocked, id=9219, stack(0x000000010e1a0000,0x000000010e2a0000)]

Other Threads:
  0x00007fc39b800000 VMThread "VM Thread" [stack: 0x000070000cafa000,0x000070000cbfa000] [id=19203]
  0x00007fc39b075000 WatcherThread [stack: 0x000070000d59b000,0x000070000d69b000] [id=26115]
  0x00007fc39a012800 GCTaskThread "GC Thread#0" [stack: 0x000070000bfd9000,0x000070000c0d9000] [id=11011]
  0x00007fc39a013800 GCTaskThread "GC Thread#1" [stack: 0x000070000c0dc000,0x000070000c1dc000] [id=20995]
  0x00007fc39b000800 GCTaskThread "GC Thread#2" [stack: 0x000070000c1df000,0x000070000c2df000] [id=11779]
  0x00007fc39a801000 GCTaskThread "GC Thread#3" [stack: 0x000070000c2e2000,0x000070000c3e2000] [id=12291]
  0x00007fc39b029800 ConcurrentGCThread "G1 Main Marker" [stack: 0x000070000c3e5000,0x000070000c4e5000] [id=20483]
  0x00007fc39a014000 ConcurrentGCThread "G1 Conc#0" [stack: 0x000070000c4e8000,0x000070000c5e8000] [id=13059]
  0x00007fc39a050800 ConcurrentGCThread "G1 Refine#0" [stack: 0x000070000c5eb000,0x000070000c6eb000] [id=13571]
  0x00007fc39b815000 ConcurrentGCThread "G1 Refine#1" [stack: 0x000070000c6ee000,0x000070000c7ee000] [id=19971]
  0x00007fc39a051800 ConcurrentGCThread "G1 Refine#2" [stack: 0x000070000c7f1000,0x000070000c8f1000] [id=14083]
  0x00007fc39b02a800 ConcurrentGCThread "G1 Refine#3" [stack: 0x000070000c8f4000,0x000070000c9f4000] [id=19459]
  0x00007fc39a802000 ConcurrentGCThread "G1 Young RemSet Sampling" [stack: 0x000070000c9f7000,0x000070000caf7000] [id=14851]

Threads with active compile tasks:
C2 CompilerThread0 831       4       jdk.internal.org.objectweb.asm.Frame::execute (2265 bytes)

VM state:not at safepoint (normal execution)

VM Mutex/Monitor currently owned by a thread: None

Heap address: 0x0000000740000000, size: 2048 MB, Compressed Oops mode: Zero based, Oop shift amount: 3
Narrow klass base: 0x0000000000000000, Narrow klass shift: 3
Compressed class space size: 1073741824 Address: 0x00000007c0000000

Heap:
 garbage-first heap   total 131072K, used 6104K [0x0000000740000000, 0x00000007c0000000)
  region size 1024K, 6 young (6144K), 2 survivors (2048K)
 Metaspace       used 15244K, capacity 15563K, committed 15744K, reserved 1062912K
  class space    used 1475K, capacity 1602K, committed 1664K, reserved 1048576K
Heap Regions: E=young(eden), S=young(survivor), O=old, HS=humongous(starts), HC=humongous(continues), CS=collection set, F=free, A=archive, TS=gc time stamp, AC=allocation context, TAMS=top-at-mark-start (previous, next)
|   0|0x0000000740000000, 0x0000000740000000, 0x0000000740100000|  0%| F|  |TS  1|AC  0|TAMS 0x0000000740000000, 0x0000000740000000|
|   1|0x0000000740100000, 0x00000007401f6200, 0x0000000740200000| 96%| O|  |TS  1|AC  0|TAMS 0x0000000740100000, 0x0000000740100000|
|   2|0x0000000740200000, 0x0000000740200000, 0x0000000740300000|  0%| F|  |TS  0|AC  0|TAMS 0x0000000740200000, 0x0000000740200000|
|   3|0x0000000740300000, 0x0000000740300000, 0x0000000740400000|  0%| F|  |TS  0|AC  0|TAMS 0x0000000740300000, 0x0000000740300000|
|   4|0x0000000740400000, 0x0000000740400000, 0x0000000740500000|  0%| F|  |TS  0|AC  0|TAMS 0x0000000740400000, 0x0000000740400000|
|   5|0x0000000740500000, 0x0000000740500000, 0x0000000740600000|  0%| F|  |TS  0|AC  0|TAMS 0x0000000740500000, 0x0000000740500000|
|   6|0x0000000740600000, 0x0000000740600000, 0x0000000740700000|  0%| F|  |TS  0|AC  0|TAMS 0x0000000740600000, 0x0000000740600000|
|   7|0x0000000740700000, 0x0000000740700000, 0x0000000740800000|  0%| F|  |TS  0|AC  0|TAMS 0x0000000740700000, 0x0000000740700000|
|   8|0x0000000740800000, 0x0000000740800000, 0x0000000740900000|  0%| F|  |TS  0|AC  0|TAMS 0x0000000740800000, 0x0000000740800000|
|   9|0x0000000740900000, 0x0000000740900000, 0x0000000740a00000|  0%| F|  |TS  0|AC  0|TAMS 0x0000000740900000, 0x0000000740900000|
|  10|0x0000000740a00000, 0x0000000740a00000, 0x0000000740b00000|  0%| F|  |TS  0|AC  0|TAMS 0x0000000740a00000, 0x0000000740a00000|
|  11|0x0000000740b00000, 0x0000000740b00000, 0x0000000740c00000|  0%| F|  |TS  0|AC  0|TAMS 0x0000000740b00000, 0x0000000740b00000|
|  12|0x0000000740c00000, 0x0000000740c00000, 0x0000000740d00000|  0%| F|  |TS  0|AC  0|TAMS 0x0000000740c00000, 0x0000000740c00000|
|  13|0x0000000740d00000, 0x0000000740d00000, 0x0000000740e00000|  0%| F|  |TS  0|AC  0|TAMS 0x0000000740d00000, 0x0000000740d00000|
|  14|0x0000000740e00000, 0x0000000740e00000, 0x0000000740f00000|  0%| F|  |TS  0|AC  0|TAMS 0x0000000740e00000, 0x0000000740e00000|
|  15|0x0000000740f00000, 0x0000000740f00000, 0x0000000741000000|  0%| F|  |TS  0|AC  0|TAMS 0x0000000740f00000, 0x0000000740f00000|
|  16|0x0000000741000000, 0x0000000741000000, 0x0000000741100000|  0%| F|  |TS  0|AC  0|TAMS 0x0000000741000000, 0x0000000741000000|
|  17|0x0000000741100000, 0x0000000741100000, 0x0000000741200000|  0%| F|  |TS  0|AC  0|TAMS 0x0000000741100000, 0x0000000741100000|
|  18|0x0000000741200000, 0x0000000741200000, 0x0000000741300000|  0%| F|  |TS  0|AC  0|TAMS 0x0000000741200000, 0x0000000741200000|
|  19|0x0000000741300000, 0x0000000741300000, 0x0000000741400000|  0%| F|  |TS  0|AC  0|TAMS 0x0000000741300000, 0x0000000741300000|
|  20|0x0000000741400000, 0x0000000741400000, 0x0000000741500000|  0%| F|  |TS  0|AC  0|TAMS 0x0000000741400000, 0x0000000741400000|
|  21|0x0000000741500000, 0x0000000741500000, 0x0000000741600000|  0%| F|  |TS  0|AC  0|TAMS 0x0000000741500000, 0x0000000741500000|
|  22|0x0000000741600000, 0x0000000741600000, 0x0000000741700000|  0%| F|  |TS  0|AC  0|TAMS 0x0000000741600000, 0x0000000741600000|
|  23|0x0000000741700000, 0x0000000741700000, 0x0000000741800000|  0%| F|  |TS  0|AC  0|TAMS 0x0000000741700000, 0x0000000741700000|
|  24|0x0000000741800000, 0x0000000741800000, 0x0000000741900000|  0%| F|  |TS  0|AC  0|TAMS 0x0000000741800000, 0x0000000741800000|
|  25|0x0000000741900000, 0x0000000741900000, 0x0000000741a00000|  0%| F|  |TS  0|AC  0|TAMS 0x0000000741900000, 0x0000000741900000|
|  26|0x0000000741a00000, 0x0000000741a00000, 0x0000000741b00000|  0%| F|  |TS  0|AC  0|TAMS 0x0000000741a00000, 0x0000000741a00000|
|  27|0x0000000741b00000, 0x0000000741b00000, 0x0000000741c00000|  0%| F|  |TS  0|AC  0|TAMS 0x0000000741b00000, 0x0000000741b00000|
|  28|0x0000000741c00000, 0x0000000741c00000, 0x0000000741d00000|  0%| F|  |TS  0|AC  0|TAMS 0x0000000741c00000, 0x0000000741c00000|
|  29|0x0000000741d00000, 0x0000000741d00000, 0x0000000741e00000|  0%| F|  |TS  0|AC  0|TAMS 0x0000000741d00000, 0x0000000741d00000|
|  30|0x0000000741e00000, 0x0000000741e00000, 0x0000000741f00000|  0%| F|  |TS  0|AC  0|TAMS 0x0000000741e00000, 0x0000000741e00000|
|  31|0x0000000741f00000, 0x0000000741f00000, 0x0000000742000000|  0%| F|  |TS  0|AC  0|TAMS 0x0000000741f00000, 0x0000000741f00000|
|  32|0x0000000742000000, 0x0000000742000000, 0x0000000742100000|  0%| F|  |TS  0|AC  0|TAMS 0x0000000742000000, 0x0000000742000000|
|  33|0x0000000742100000, 0x0000000742100000, 0x0000000742200000|  0%| F|  |TS  0|AC  0|TAMS 0x0000000742100000, 0x0000000742100000|
|  34|0x0000000742200000, 0x0000000742200000, 0x0000000742300000|  0%| F|  |TS  0|AC  0|TAMS 0x0000000742200000, 0x0000000742200000|
|  35|0x0000000742300000, 0x0000000742300000, 0x0000000742400000|  0%| F|  |TS  0|AC  0|TAMS 0x0000000742300000, 0x0000000742300000|
|  36|0x0000000742400000, 0x0000000742400000, 0x0000000742500000|  0%| F|  |TS  0|AC  0|TAMS 0x0000000742400000, 0x0000000742400000|
|  37|0x0000000742500000, 0x0000000742500000, 0x0000000742600000|  0%| F|  |TS  0|AC  0|TAMS 0x0000000742500000, 0x0000000742500000|
|  38|0x0000000742600000, 0x0000000742600000, 0x0000000742700000|  0%| F|  |TS  0|AC  0|TAMS 0x0000000742600000, 0x0000000742600000|
|  39|0x0000000742700000, 0x0000000742700000, 0x0000000742800000|  0%| F|  |TS  0|AC  0|TAMS 0x0000000742700000, 0x0000000742700000|
|  40|0x0000000742800000, 0x0000000742800000, 0x0000000742900000|  0%| F|  |TS  0|AC  0|TAMS 0x0000000742800000, 0x0000000742800000|
|  41|0x0000000742900000, 0x0000000742900000, 0x0000000742a00000|  0%| F|  |TS  0|AC  0|TAMS 0x0000000742900000, 0x0000000742900000|
|  42|0x0000000742a00000, 0x0000000742a00000, 0x0000000742b00000|  0%| F|  |TS  0|AC  0|TAMS 0x0000000742a00000, 0x0000000742a00000|
|  43|0x0000000742b00000, 0x0000000742b00000, 0x0000000742c00000|  0%| F|  |TS  0|AC  0|TAMS 0x0000000742b00000, 0x0000000742b00000|
|  44|0x0000000742c00000, 0x0000000742c00000, 0x0000000742d00000|  0%| F|  |TS  0|AC  0|TAMS 0x0000000742c00000, 0x0000000742c00000|
|  45|0x0000000742d00000, 0x0000000742d00000, 0x0000000742e00000|  0%| F|  |TS  0|AC  0|TAMS 0x0000000742d00000, 0x0000000742d00000|
|  46|0x0000000742e00000, 0x0000000742e00000, 0x0000000742f00000|  0%| F|  |TS  0|AC  0|TAMS 0x0000000742e00000, 0x0000000742e00000|
|  47|0x0000000742f00000, 0x0000000742f00000, 0x0000000743000000|  0%| F|  |TS  0|AC  0|TAMS 0x0000000742f00000, 0x0000000742f00000|
|  48|0x0000000743000000, 0x0000000743000000, 0x0000000743100000|  0%| F|  |TS  0|AC  0|TAMS 0x0000000743000000, 0x0000000743000000|
|  49|0x0000000743100000, 0x0000000743100000, 0x0000000743200000|  0%| F|  |TS  0|AC  0|TAMS 0x0000000743100000, 0x0000000743100000|
|  50|0x0000000743200000, 0x0000000743200000, 0x0000000743300000|  0%| F|  |TS  0|AC  0|TAMS 0x0000000743200000, 0x0000000743200000|
|  51|0x0000000743300000, 0x0000000743300000, 0x0000000743400000|  0%| F|  |TS  0|AC  0|TAMS 0x0000000743300000, 0x0000000743300000|
|  52|0x0000000743400000, 0x0000000743400000, 0x0000000743500000|  0%| F|  |TS  0|AC  0|TAMS 0x0000000743400000, 0x0000000743400000|
|  53|0x0000000743500000, 0x0000000743500000, 0x0000000743600000|  0%| F|  |TS  0|AC  0|TAMS 0x0000000743500000, 0x0000000743500000|
|  54|0x0000000743600000, 0x0000000743600000, 0x0000000743700000|  0%| F|  |TS  0|AC  0|TAMS 0x0000000743600000, 0x0000000743600000|
|  55|0x0000000743700000, 0x0000000743700000, 0x0000000743800000|  0%| F|  |TS  0|AC  0|TAMS 0x0000000743700000, 0x0000000743700000|
|  56|0x0000000743800000, 0x0000000743800000, 0x0000000743900000|  0%| F|  |TS  0|AC  0|TAMS 0x0000000743800000, 0x0000000743800000|
|  57|0x0000000743900000, 0x0000000743900000, 0x0000000743a00000|  0%| F|  |TS  0|AC  0|TAMS 0x0000000743900000, 0x0000000743900000|
|  58|0x0000000743a00000, 0x0000000743a00000, 0x0000000743b00000|  0%| F|  |TS  0|AC  0|TAMS 0x0000000743a00000, 0x0000000743a00000|
|  59|0x0000000743b00000, 0x0000000743b00000, 0x0000000743c00000|  0%| F|  |TS  0|AC  0|TAMS 0x0000000743b00000, 0x0000000743b00000|
|  60|0x0000000743c00000, 0x0000000743c00000, 0x0000000743d00000|  0%| F|  |TS  0|AC  0|TAMS 0x0000000743c00000, 0x0000000743c00000|
|  61|0x0000000743d00000, 0x0000000743d00000, 0x0000000743e00000|  0%| F|  |TS  0|AC  0|TAMS 0x0000000743d00000, 0x0000000743d00000|
|  62|0x0000000743e00000, 0x0000000743e00000, 0x0000000743f00000|  0%| F|  |TS  0|AC  0|TAMS 0x0000000743e00000, 0x0000000743e00000|
|  63|0x0000000743f00000, 0x0000000743f00000, 0x0000000744000000|  0%| F|  |TS  0|AC  0|TAMS 0x0000000743f00000, 0x0000000743f00000|
|  64|0x0000000744000000, 0x0000000744000000, 0x0000000744100000|  0%| F|  |TS  0|AC  0|TAMS 0x0000000744000000, 0x0000000744000000|
|  65|0x0000000744100000, 0x0000000744100000, 0x0000000744200000|  0%| F|  |TS  0|AC  0|TAMS 0x0000000744100000, 0x0000000744100000|
|  66|0x0000000744200000, 0x0000000744200000, 0x0000000744300000|  0%| F|  |TS  0|AC  0|TAMS 0x0000000744200000, 0x0000000744200000|
|  67|0x0000000744300000, 0x0000000744300000, 0x0000000744400000|  0%| F|  |TS  0|AC  0|TAMS 0x0000000744300000, 0x0000000744300000|
|  68|0x0000000744400000, 0x0000000744400000, 0x0000000744500000|  0%| F|  |TS  0|AC  0|TAMS 0x0000000744400000, 0x0000000744400000|
|  69|0x0000000744500000, 0x0000000744500000, 0x0000000744600000|  0%| F|  |TS  0|AC  0|TAMS 0x0000000744500000, 0x0000000744500000|
|  70|0x0000000744600000, 0x0000000744600000, 0x0000000744700000|  0%| F|  |TS  0|AC  0|TAMS 0x0000000744600000, 0x0000000744600000|
|  71|0x0000000744700000, 0x0000000744700000, 0x0000000744800000|  0%| F|  |TS  0|AC  0|TAMS 0x0000000744700000, 0x0000000744700000|
|  72|0x0000000744800000, 0x0000000744800000, 0x0000000744900000|  0%| F|  |TS  0|AC  0|TAMS 0x0000000744800000, 0x0000000744800000|
|  73|0x0000000744900000, 0x0000000744900000, 0x0000000744a00000|  0%| F|  |TS  0|AC  0|TAMS 0x0000000744900000, 0x0000000744900000|
|  74|0x0000000744a00000, 0x0000000744a00000, 0x0000000744b00000|  0%| F|  |TS  0|AC  0|TAMS 0x0000000744a00000, 0x0000000744a00000|
|  75|0x0000000744b00000, 0x0000000744b00000, 0x0000000744c00000|  0%| F|  |TS  0|AC  0|TAMS 0x0000000744b00000, 0x0000000744b00000|
|  76|0x0000000744c00000, 0x0000000744c00000, 0x0000000744d00000|  0%| F|  |TS  0|AC  0|TAMS 0x0000000744c00000, 0x0000000744c00000|
|  77|0x0000000744d00000, 0x0000000744d00000, 0x0000000744e00000|  0%| F|  |TS  0|AC  0|TAMS 0x0000000744d00000, 0x0000000744d00000|
|  78|0x0000000744e00000, 0x0000000744e00000, 0x0000000744f00000|  0%| F|  |TS  0|AC  0|TAMS 0x0000000744e00000, 0x0000000744e00000|
|  79|0x0000000744f00000, 0x0000000744f00000, 0x0000000745000000|  0%| F|  |TS  0|AC  0|TAMS 0x0000000744f00000, 0x0000000744f00000|
|  80|0x0000000745000000, 0x0000000745000000, 0x0000000745100000|  0%| F|  |TS  0|AC  0|TAMS 0x0000000745000000, 0x0000000745000000|
|  81|0x0000000745100000, 0x0000000745100000, 0x0000000745200000|  0%| F|  |TS  0|AC  0|TAMS 0x0000000745100000, 0x0000000745100000|
|  82|0x0000000745200000, 0x0000000745200000, 0x0000000745300000|  0%| F|  |TS  0|AC  0|TAMS 0x0000000745200000, 0x0000000745200000|
|  83|0x0000000745300000, 0x0000000745300000, 0x0000000745400000|  0%| F|  |TS  0|AC  0|TAMS 0x0000000745300000, 0x0000000745300000|
|  84|0x0000000745400000, 0x0000000745400000, 0x0000000745500000|  0%| F|  |TS  0|AC  0|TAMS 0x0000000745400000, 0x0000000745400000|
|  85|0x0000000745500000, 0x0000000745500000, 0x0000000745600000|  0%| F|  |TS  0|AC  0|TAMS 0x0000000745500000, 0x0000000745500000|
|  86|0x0000000745600000, 0x0000000745600000, 0x0000000745700000|  0%| F|  |TS  0|AC  0|TAMS 0x0000000745600000, 0x0000000745600000|
|  87|0x0000000745700000, 0x0000000745700000, 0x0000000745800000|  0%| F|  |TS  0|AC  0|TAMS 0x0000000745700000, 0x0000000745700000|
|  88|0x0000000745800000, 0x0000000745800000, 0x0000000745900000|  0%| F|  |TS  0|AC  0|TAMS 0x0000000745800000, 0x0000000745800000|
|  89|0x0000000745900000, 0x0000000745900000, 0x0000000745a00000|  0%| F|  |TS  0|AC  0|TAMS 0x0000000745900000, 0x0000000745900000|
|  90|0x0000000745a00000, 0x0000000745a00000, 0x0000000745b00000|  0%| F|  |TS  0|AC  0|TAMS 0x0000000745a00000, 0x0000000745a00000|
|  91|0x0000000745b00000, 0x0000000745b00000, 0x0000000745c00000|  0%| F|  |TS  0|AC  0|TAMS 0x0000000745b00000, 0x0000000745b00000|
|  92|0x0000000745c00000, 0x0000000745c00000, 0x0000000745d00000|  0%| F|  |TS  0|AC  0|TAMS 0x0000000745c00000, 0x0000000745c00000|
|  93|0x0000000745d00000, 0x0000000745d00000, 0x0000000745e00000|  0%| F|  |TS  0|AC  0|TAMS 0x0000000745d00000, 0x0000000745d00000|
|  94|0x0000000745e00000, 0x0000000745e00000, 0x0000000745f00000|  0%| F|  |TS  0|AC  0|TAMS 0x0000000745e00000, 0x0000000745e00000|
|  95|0x0000000745f00000, 0x0000000745f00000, 0x0000000746000000|  0%| F|  |TS  0|AC  0|TAMS 0x0000000745f00000, 0x0000000745f00000|
|  96|0x0000000746000000, 0x0000000746000000, 0x0000000746100000|  0%| F|  |TS  0|AC  0|TAMS 0x0000000746000000, 0x0000000746000000|
|  97|0x0000000746100000, 0x0000000746100000, 0x0000000746200000|  0%| F|  |TS  0|AC  0|TAMS 0x0000000746100000, 0x0000000746100000|
|  98|0x0000000746200000, 0x0000000746200000, 0x0000000746300000|  0%| F|  |TS  0|AC  0|TAMS 0x0000000746200000, 0x0000000746200000|
|  99|0x0000000746300000, 0x0000000746300000, 0x0000000746400000|  0%| F|  |TS  0|AC  0|TAMS 0x0000000746300000, 0x0000000746300000|
| 100|0x0000000746400000, 0x0000000746400000, 0x0000000746500000|  0%| F|  |TS  0|AC  0|TAMS 0x0000000746400000, 0x0000000746400000|
| 101|0x0000000746500000, 0x0000000746500000, 0x0000000746600000|  0%| F|  |TS  0|AC  0|TAMS 0x0000000746500000, 0x0000000746500000|
| 102|0x0000000746600000, 0x0000000746600000, 0x0000000746700000|  0%| F|  |TS  0|AC  0|TAMS 0x0000000746600000, 0x0000000746600000|
| 103|0x0000000746700000, 0x0000000746700000, 0x0000000746800000|  0%| F|  |TS  0|AC  0|TAMS 0x0000000746700000, 0x0000000746700000|
| 104|0x0000000746800000, 0x0000000746800000, 0x0000000746900000|  0%| F|  |TS  0|AC  0|TAMS 0x0000000746800000, 0x0000000746800000|
| 105|0x0000000746900000, 0x0000000746900000, 0x0000000746a00000|  0%| F|  |TS  0|AC  0|TAMS 0x0000000746900000, 0x0000000746900000|
| 106|0x0000000746a00000, 0x0000000746a00000, 0x0000000746b00000|  0%| F|  |TS  0|AC  0|TAMS 0x0000000746a00000, 0x0000000746a00000|
| 107|0x0000000746b00000, 0x0000000746b00000, 0x0000000746c00000|  0%| F|  |TS  0|AC  0|TAMS 0x0000000746b00000, 0x0000000746b00000|
| 108|0x0000000746c00000, 0x0000000746c00000, 0x0000000746d00000|  0%| F|  |TS  0|AC  0|TAMS 0x0000000746c00000, 0x0000000746c00000|
| 109|0x0000000746d00000, 0x0000000746d00000, 0x0000000746e00000|  0%| F|  |TS  0|AC  0|TAMS 0x0000000746d00000, 0x0000000746d00000|
| 110|0x0000000746e00000, 0x0000000746e00000, 0x0000000746f00000|  0%| F|  |TS  0|AC  0|TAMS 0x0000000746e00000, 0x0000000746e00000|
| 111|0x0000000746f00000, 0x0000000746f00000, 0x0000000747000000|  0%| F|  |TS  0|AC  0|TAMS 0x0000000746f00000, 0x0000000746f00000|
| 112|0x0000000747000000, 0x0000000747100000, 0x0000000747100000|100%| S|CS|TS  1|AC  0|TAMS 0x0000000747000000, 0x0000000747000000|
| 113|0x0000000747100000, 0x0000000747200000, 0x0000000747200000|100%| S|CS|TS  1|AC  0|TAMS 0x0000000747100000, 0x0000000747100000|
| 114|0x0000000747200000, 0x0000000747200000, 0x0000000747300000|  0%| F|  |TS  1|AC  0|TAMS 0x0000000747200000, 0x0000000747200000|
| 115|0x0000000747300000, 0x0000000747300000, 0x0000000747400000|  0%| F|  |TS  1|AC  0|TAMS 0x0000000747300000, 0x0000000747300000|
| 116|0x0000000747400000, 0x0000000747400000, 0x0000000747500000|  0%| F|  |TS  1|AC  0|TAMS 0x0000000747400000, 0x0000000747400000|
| 117|0x0000000747500000, 0x0000000747500000, 0x0000000747600000|  0%| F|  |TS  1|AC  0|TAMS 0x0000000747500000, 0x0000000747500000|
| 118|0x0000000747600000, 0x0000000747600000, 0x0000000747700000|  0%| F|  |TS  1|AC  0|TAMS 0x0000000747600000, 0x0000000747600000|
| 119|0x0000000747700000, 0x0000000747700000, 0x0000000747800000|  0%| F|  |TS  1|AC  0|TAMS 0x0000000747700000, 0x0000000747700000|
| 120|0x0000000747800000, 0x0000000747800000, 0x0000000747900000|  0%| F|  |TS  1|AC  0|TAMS 0x0000000747800000, 0x0000000747800000|
| 121|0x0000000747900000, 0x0000000747900000, 0x0000000747a00000|  0%| F|  |TS  1|AC  0|TAMS 0x0000000747900000, 0x0000000747900000|
| 122|0x0000000747a00000, 0x0000000747a00000, 0x0000000747b00000|  0%| F|  |TS  1|AC  0|TAMS 0x0000000747a00000, 0x0000000747a00000|
| 123|0x0000000747b00000, 0x0000000747b00000, 0x0000000747c00000|  0%| F|  |TS  1|AC  0|TAMS 0x0000000747b00000, 0x0000000747b00000|
| 124|0x0000000747c00000, 0x0000000747c00800, 0x0000000747d00000|  0%| E|  |TS  1|AC  0|TAMS 0x0000000747c00000, 0x0000000747c00000|
| 125|0x0000000747d00000, 0x0000000747e00000, 0x0000000747e00000|100%| E|CS|TS  1|AC  0|TAMS 0x0000000747d00000, 0x0000000747d00000|
| 126|0x0000000747e00000, 0x0000000747f00000, 0x0000000747f00000|100%| E|CS|TS  1|AC  0|TAMS 0x0000000747e00000, 0x0000000747e00000|
| 127|0x0000000747f00000, 0x0000000748000000, 0x0000000748000000|100%| E|CS|TS  1|AC  0|TAMS 0x0000000747f00000, 0x0000000747f00000|

Card table byte_map: [0x000000011642a000,0x000000011682a000] byte_map_base: 0x0000000112a2a000

Marking Bits (Prev, Next): (CMBitMap*) 0x00007fc39b029060, (CMBitMap*) 0x00007fc39b029098
 Prev Bits: [0x0000000116c2a000, 0x0000000118c2a000)
 Next Bits: [0x0000000118c2a000, 0x000000011ac2a000)

Polling page: 0x000000010cb61000

CodeHeap 'non-profiled nmethods': size=120032Kb used=305Kb max_used=305Kb free=119726Kb
 bounds [0x0000000124080000, 0x00000001242f0000, 0x000000012b5b8000]
CodeHeap 'profiled nmethods': size=120032Kb used=1463Kb max_used=1463Kb free=118568Kb
 bounds [0x000000011cb48000, 0x000000011cdb8000, 0x0000000124080000]
CodeHeap 'non-nmethods': size=5696Kb used=1336Kb max_used=1347Kb free=4359Kb
 bounds [0x000000011c5b8000, 0x000000011c828000, 0x000000011cb48000]
 total_blobs=1855 nmethods=859 adapters=724
 compilation: enabled

Compilation events (10 events):
Event: 1.848 Thread 0x00007fc39b072000 nmethod 853 0x000000011ccb3190 code [0x000000011ccb3340, 0x000000011ccb34f0]
Event: 1.848 Thread 0x00007fc39b072000  855       3       java.nio.Buffer::<init> (99 bytes)
Event: 1.848 Thread 0x00007fc39b06f000 nmethod 854 0x00000001240cbe90 code [0x00000001240cc020, 0x00000001240cc0b8]
Event: 1.849 Thread 0x00007fc39b072000 nmethod 855 0x000000011ccb3590 code [0x000000011ccb3880, 0x000000011ccb45f8]
Event: 1.849 Thread 0x00007fc39b072000  852   !   3       jdk.internal.jimage.BasicImageReader::slice (32 bytes)
Event: 1.849 Thread 0x00007fc39b072000 nmethod 852 0x000000011ccb4a90 code [0x000000011ccb4c80, 0x000000011ccb5188]
Event: 1.855 Thread 0x00007fc39b072000  856       3       sun.awt.AWTAutoShutdown::getInstance (4 bytes)
Event: 1.855 Thread 0x00007fc39b072000 nmethod 856 0x000000011ccb5310 code [0x000000011ccb54c0, 0x000000011ccb55f0]
Event: 1.855 Thread 0x00007fc39b072000  857       3       sun.util.locale.LocaleUtils::isUpper (18 bytes)
Event: 1.855 Thread 0x00007fc39b072000 nmethod 857 0x000000011ccb5690 code [0x000000011ccb5840, 0x000000011ccb5a10]

GC Heap History (2 events):
Event: 1.343 GC heap before
{Heap before GC invocations=0 (full 0):
 garbage-first heap   total 131072K, used 15360K [0x0000000740000000, 0x00000007c0000000)
  region size 1024K, 14 young (14336K), 0 survivors (0K)
 Metaspace       used 13067K, capacity 13290K, committed 13568K, reserved 1060864K
  class space    used 1173K, capacity 1260K, committed 1280K, reserved 1048576K
}
Event: 1.350 GC heap after
{Heap after GC invocations=1 (full 0):
 garbage-first heap   total 131072K, used 3032K [0x0000000740000000, 0x00000007c0000000)
  region size 1024K, 2 young (2048K), 2 survivors (2048K)
 Metaspace       used 13067K, capacity 13290K, committed 13568K, reserved 1060864K
  class space    used 1173K, capacity 1260K, committed 1280K, reserved 1048576K
}

Deoptimization events (4 events):
Event: 0.080 Thread 0x00007fc39b801800 Uncommon trap: reason=unstable_if action=reinterpret pc=0x000000012408500c method=java.lang.String.hashCode()I @ 14 c2
Event: 0.292 Thread 0x00007fc39b801800 Uncommon trap: reason=unstable_if action=reinterpret pc=0x000000012409a1b0 method=java.lang.StringLatin1.replace([BCC)Ljava/lang/String; @ 19 c2
Event: 0.365 Thread 0x00007fc39b801800 Uncommon trap: reason=unstable_if action=reinterpret pc=0x00000001240a307c method=java.nio.Buffer.hasRemaining()Z @ 8 c2
Event: 0.935 Thread 0x00007fc39b801800 Uncommon trap: reason=unstable_if action=reinterpret pc=0x00000001240a4c5c method=java.lang.String.startsWith(Ljava/lang/String;I)Z @ 1 c2

Classes redefined (0 events):
No events

Internal exceptions (10 events):
Event: 1.646 Thread 0x00007fc39a839800 Exception <a 'java/lang/NoSuchMethodError'{0x0000000747e87e98}: method resolution failed> (0x0000000747e87e98) thrown at [/scratch/mesos/slaves/555f5737-a945-4eb0-8d30-afb1fc816afd-S70/frameworks/1735e8a2-a1db-478c-8104-60c8b0af87dd-0196/executors/5e9592f
Event: 1.647 Thread 0x00007fc39a839800 Exception <a 'java/lang/NoSuchMethodError'{0x0000000747e8efb8}: method resolution failed> (0x0000000747e8efb8) thrown at [/scratch/mesos/slaves/555f5737-a945-4eb0-8d30-afb1fc816afd-S70/frameworks/1735e8a2-a1db-478c-8104-60c8b0af87dd-0196/executors/5e9592f
Event: 1.647 Thread 0x00007fc39a839800 Exception <a 'java/lang/NoSuchMethodError'{0x0000000747e92d18}: method resolution failed> (0x0000000747e92d18) thrown at [/scratch/mesos/slaves/555f5737-a945-4eb0-8d30-afb1fc816afd-S70/frameworks/1735e8a2-a1db-478c-8104-60c8b0af87dd-0196/executors/5e9592f
Event: 1.652 Thread 0x00007fc39a839800 Exception <a 'java/lang/NoSuchMethodError'{0x0000000747e9ce60}: java.lang.invoke.DirectMethodHandle$Holder.invokeSpecial(Ljava/lang/Object;Ljava/lang/Object;J)V> (0x0000000747e9ce60) thrown at [/scratch/mesos/slaves/555f5737-a945-4eb0-8d30-afb1fc816afd-S7
Event: 1.673 Thread 0x00007fc39b304000 Exception <a 'java/lang/NoSuchMethodError'{0x0000000747e4a600}: method resolution failed> (0x0000000747e4a600) thrown at [/scratch/mesos/slaves/555f5737-a945-4eb0-8d30-afb1fc816afd-S70/frameworks/1735e8a2-a1db-478c-8104-60c8b0af87dd-0196/executors/5e9592f
Event: 1.690 Thread 0x00007fc39a839800 Exception <a 'java/lang/NoSuchMethodError'{0x0000000747ea8520}: java.lang.invoke.DirectMethodHandle$Holder.invokeStatic(Ljava/lang/Object;J)V> (0x0000000747ea8520) thrown at [/scratch/mesos/slaves/555f5737-a945-4eb0-8d30-afb1fc816afd-S70/frameworks/1735e8
Event: 1.733 Thread 0x00007fc39b304000 Exception <a 'java/lang/NoSuchMethodError'{0x0000000747d2ef90}: java.lang.invoke.DirectMethodHandle$Holder.invokeStatic(Ljava/lang/Object;JJ)V> (0x0000000747d2ef90) thrown at [/scratch/mesos/slaves/555f5737-a945-4eb0-8d30-afb1fc816afd-S70/frameworks/1735e
Event: 1.734 Thread 0x00007fc39b304000 Exception <a 'java/lang/NoSuchMethodError'{0x0000000747d344d8}: java.lang.invoke.DirectMethodHandle$Holder.invokeStatic(Ljava/lang/Object;J)Ljava/lang/Object;> (0x0000000747d344d8) thrown at [/scratch/mesos/slaves/555f5737-a945-4eb0-8d30-afb1fc816afd-S70/
Event: 1.734 Thread 0x00007fc39b304000 Exception <a 'java/lang/NoSuchMethodError'{0x0000000747d37c48}: method resolution failed> (0x0000000747d37c48) thrown at [/scratch/mesos/slaves/555f5737-a945-4eb0-8d30-afb1fc816afd-S70/frameworks/1735e8a2-a1db-478c-8104-60c8b0af87dd-0196/executors/5e9592f
Event: 1.735 Thread 0x00007fc39b304000 Exception <a 'java/lang/NoSuchMethodError'{0x0000000747d3d900}: method resolution failed> (0x0000000747d3d900) thrown at [/scratch/mesos/slaves/555f5737-a945-4eb0-8d30-afb1fc816afd-S70/frameworks/1735e8a2-a1db-478c-8104-60c8b0af87dd-0196/executors/5e9592f

Events (10 events):
Event: 1.855 loading class java/awt/Window$1DisposeAction
Event: 1.855 loading class java/awt/Window$1DisposeAction done
Event: 1.855 loading class java/awt/KeyboardFocusManager$2
Event: 1.855 loading class java/awt/KeyboardFocusManager$2 done
Event: 1.855 loading class sun/awt/SunToolkit$1
Event: 1.856 loading class sun/awt/SunToolkit$1 done
Event: 1.857 Executing VM operation: RevokeBias
Event: 1.857 Executing VM operation: RevokeBias done
Event: 1.858 loading class jogamp/opengl/macosx/cgl/MacOSXCGLContext$NSOpenGLImpl$DetachGLLayerCmd
Event: 1.858 loading class jogamp/opengl/macosx/cgl/MacOSXCGLContext$NSOpenGLImpl$DetachGLLayerCmd done


Dynamic libraries:
0x00007fff50809000 	/System/Library/Frameworks/Cocoa.framework/Versions/A/Cocoa
0x00007fff5ce23000 	/System/Library/Frameworks/Security.framework/Versions/A/Security
0x00007fff4f44b000 	/System/Library/Frameworks/ApplicationServices.framework/Versions/A/ApplicationServices
0x00007fff78c6c000 	/usr/lib/libz.1.dylib
0x00007fff76b9d000 	/usr/lib/libSystem.B.dylib
0x00007fff50fbc000 	/System/Library/Frameworks/CoreFoundation.framework/Versions/A/CoreFoundation
0x00007fff5311d000 	/System/Library/Frameworks/Foundation.framework/Versions/C/Foundation
0x00007fff78256000 	/usr/lib/libobjc.A.dylib
0x00007fff4e59b000 	/System/Library/Frameworks/AppKit.framework/Versions/C/AppKit
0x00007fff50b81000 	/System/Library/Frameworks/CoreData.framework/Versions/A/CoreData
0x00007fff704dd000 	/System/Library/PrivateFrameworks/RemoteViewServices.framework/Versions/A/RemoteViewServices
0x00007fff74c42000 	/System/Library/PrivateFrameworks/UIFoundation.framework/Versions/A/UIFoundation
0x00007fff652eb000 	/System/Library/PrivateFrameworks/DFRFoundation.framework/Versions/A/DFRFoundation
0x00007fff55789000 	/System/Library/Frameworks/Metal.framework/Versions/A/Metal
0x00007fff65488000 	/System/Library/PrivateFrameworks/DesktopServicesPriv.framework/Versions/A/DesktopServicesPriv
0x00007fff777a3000 	/usr/lib/libenergytrace.dylib
0x00007fff72cad000 	/System/Library/PrivateFrameworks/SkyLight.framework/Versions/A/SkyLight
0x00007fff5145f000 	/System/Library/Frameworks/CoreGraphics.framework/Versions/A/CoreGraphics
0x00007fff76b98000 	/usr/lib/libScreenReader.dylib
0x00007fff4d535000 	/System/Library/Frameworks/Accelerate.framework/Versions/A/Accelerate
0x00007fff53897000 	/System/Library/Frameworks/IOSurface.framework/Versions/A/IOSurface
0x00007fff4f995000 	/System/Library/Frameworks/AudioToolbox.framework/Versions/A/AudioToolbox
0x00007fff4fc25000 	/System/Library/Frameworks/AudioUnit.framework/Versions/A/AudioUnit
0x00007fff65383000 	/System/Library/PrivateFrameworks/DataDetectorsCore.framework/Versions/A/DataDetectorsCore
0x00007fff502fc000 	/System/Library/Frameworks/Carbon.framework/Versions/A/Frameworks/HIToolbox.framework/Versions/A/HIToolbox
0x00007fff778fd000 	/usr/lib/libicucore.A.dylib
0x00007fff5c3a1000 	/System/Library/Frameworks/QuartzCore.framework/Versions/A/QuartzCore
0x00007fff71f64000 	/System/Library/PrivateFrameworks/SignpostNotification.framework/Versions/A/SignpostNotification
0x00007fff506e2000 	/System/Library/Frameworks/Carbon.framework/Versions/A/Frameworks/SpeechRecognition.framework/Versions/A/SpeechRecognition
0x00007fff76cf9000 	/usr/lib/libauto.dylib
0x00007fff78b5b000 	/usr/lib/libxml2.2.dylib
0x00007fff64f3c000 	/System/Library/PrivateFrameworks/CoreUI.framework/Versions/A/CoreUI
0x00007fff50a5d000 	/System/Library/Frameworks/CoreAudio.framework/Versions/A/CoreAudio
0x00007fff52f57000 	/System/Library/Frameworks/DiskArbitration.framework/Versions/A/DiskArbitration
0x00007fff77b71000 	/usr/lib/liblangid.dylib
0x00007fff6c9e7000 	/System/Library/PrivateFrameworks/MultitouchSupport.framework/Versions/A/MultitouchSupport
0x00007fff537fa000 	/System/Library/Frameworks/IOKit.framework/Versions/A/IOKit
0x00007fff76827000 	/usr/lib/libDiagnosticMessagesClient.dylib
0x00007fff52135000 	/System/Library/Frameworks/CoreServices.framework/Versions/A/CoreServices
0x00007fff6e519000 	/System/Library/PrivateFrameworks/PerformanceAnalysis.framework/Versions/A/PerformanceAnalysis
0x00007fff5b543000 	/System/Library/Frameworks/OpenGL.framework/Versions/A/OpenGL
0x00007fff50817000 	/System/Library/Frameworks/ColorSync.framework/Versions/A/ColorSync
0x00007fff51a71000 	/System/Library/Frameworks/CoreImage.framework/Versions/A/CoreImage
0x00007fff52ac5000 	/System/Library/Frameworks/CoreText.framework/Versions/A/CoreText
0x00007fff538f5000 	/System/Library/Frameworks/ImageIO.framework/Versions/A/ImageIO
0x00007fff61c33000 	/System/Library/PrivateFrameworks/Backup.framework/Versions/A/Backup
0x00007fff76c49000 	/usr/lib/libarchive.2.dylib
0x00007fff4ff48000 	/System/Library/Frameworks/CFNetwork.framework/Versions/A/CFNetwork
0x00007fff5d5b6000 	/System/Library/Frameworks/SystemConfiguration.framework/Versions/A/SystemConfiguration
0x00007fff76750000 	/usr/lib/libCRFSuite.dylib
0x00007fff76dd2000 	/usr/lib/libc++.1.dylib
0x00007fff76e29000 	/usr/lib/libc++abi.dylib
0x00007fff78d1a000 	/usr/lib/system/libcache.dylib
0x00007fff78d1f000 	/usr/lib/system/libcommonCrypto.dylib
0x00007fff78d2a000 	/usr/lib/system/libcompiler_rt.dylib
0x00007fff78d32000 	/usr/lib/system/libcopyfile.dylib
0x00007fff78d3c000 	/usr/lib/system/libcorecrypto.dylib
0x00007fff78e49000 	/usr/lib/system/libdispatch.dylib
0x00007fff78e83000 	/usr/lib/system/libdyld.dylib
0x00007fff78ea1000 	/usr/lib/system/libkeymgr.dylib
0x00007fff78eaf000 	/usr/lib/system/liblaunch.dylib
0x00007fff78eb0000 	/usr/lib/system/libmacho.dylib
0x00007fff78eb5000 	/usr/lib/system/libquarantine.dylib
0x00007fff78eb8000 	/usr/lib/system/libremovefile.dylib
0x00007fff78eba000 	/usr/lib/system/libsystem_asl.dylib
0x00007fff78ed2000 	/usr/lib/system/libsystem_blocks.dylib
0x00007fff78ed3000 	/usr/lib/system/libsystem_c.dylib
0x00007fff78f5d000 	/usr/lib/system/libsystem_configuration.dylib
0x00007fff78f61000 	/usr/lib/system/libsystem_coreservices.dylib
0x00007fff78f65000 	/usr/lib/system/libsystem_darwin.dylib
0x00007fff78f67000 	/usr/lib/system/libsystem_dnssd.dylib
0x00007fff78f6e000 	/usr/lib/system/libsystem_info.dylib
0x00007fff78fdf000 	/usr/lib/system/libsystem_m.dylib
0x00007fff7902b000 	/usr/lib/system/libsystem_malloc.dylib
0x00007fff7904b000 	/usr/lib/system/libsystem_network.dylib
0x00007fff7917c000 	/usr/lib/system/libsystem_networkextension.dylib
0x00007fff79187000 	/usr/lib/system/libsystem_notify.dylib
0x00007fff791a5000 	/usr/lib/system/libsystem_sandbox.dylib
0x00007fff791a9000 	/usr/lib/system/libsystem_secinit.dylib
0x00007fff78fb8000 	/usr/lib/system/libsystem_kernel.dylib
0x00007fff79191000 	/usr/lib/system/libsystem_platform.dylib
0x00007fff79199000 	/usr/lib/system/libsystem_pthread.dylib
0x00007fff791ab000 	/usr/lib/system/libsystem_symptoms.dylib
0x00007fff791b3000 	/usr/lib/system/libsystem_trace.dylib
0x00007fff791c8000 	/usr/lib/system/libunwind.dylib
0x00007fff791ce000 	/usr/lib/system/libxpc.dylib
0x00007fff76663000 	/usr/lib/closure/libclosured.dylib
0x00007fff76db3000 	/usr/lib/libbsm.0.dylib
0x00007fff78ea2000 	/usr/lib/system/libkxld.dylib
0x00007fff76a61000 	/usr/lib/libOpenScriptingUtil.dylib
0x00007fff77122000 	/usr/lib/libcoretls.dylib
0x00007fff7713b000 	/usr/lib/libcoretls_cfhelpers.dylib
0x00007fff78657000 	/usr/lib/libpam.2.dylib
0x00007fff7877e000 	/usr/lib/libsqlite3.dylib
0x00007fff78b4a000 	/usr/lib/libxar.1.dylib
0x00007fff76dc4000 	/usr/lib/libbz2.1.0.dylib
0x00007fff77b73000 	/usr/lib/liblzma.5.dylib
0x00007fff78054000 	/usr/lib/libnetwork.dylib
0x00007fff76c32000 	/usr/lib/libapple_nghttp2.dylib
0x00007fff7865e000 	/usr/lib/libpcap.A.dylib
0x00007fff76cfa000 	/usr/lib/libboringssl.dylib
0x00007fff78ae5000 	/usr/lib/libusrtcp.dylib
0x00007fff76c31000 	/usr/lib/libapple_crypto.dylib
0x00007fff524b8000 	/System/Library/Frameworks/CoreServices.framework/Versions/A/Frameworks/FSEvents.framework/Versions/A/FSEvents
0x00007fff521ab000 	/System/Library/Frameworks/CoreServices.framework/Versions/A/Frameworks/CarbonCore.framework/Versions/A/CarbonCore
0x00007fff5267f000 	/System/Library/Frameworks/CoreServices.framework/Versions/A/Frameworks/Metadata.framework/Versions/A/Metadata
0x00007fff52730000 	/System/Library/Frameworks/CoreServices.framework/Versions/A/Frameworks/OSServices.framework/Versions/A/OSServices
0x00007fff52791000 	/System/Library/Frameworks/CoreServices.framework/Versions/A/Frameworks/SearchKit.framework/Versions/A/SearchKit
0x00007fff52136000 	/System/Library/Frameworks/CoreServices.framework/Versions/A/Frameworks/AE.framework/Versions/A/AE
0x00007fff524c1000 	/System/Library/Frameworks/CoreServices.framework/Versions/A/Frameworks/LaunchServices.framework/Versions/A/LaunchServices
0x00007fff52483000 	/System/Library/Frameworks/CoreServices.framework/Versions/A/Frameworks/DictionaryServices.framework/Versions/A/DictionaryServices
0x00007fff52800000 	/System/Library/Frameworks/CoreServices.framework/Versions/A/Frameworks/SharedFileList.framework/Versions/A/SharedFileList
0x00007fff569bf000 	/System/Library/Frameworks/NetFS.framework/Versions/A/NetFS
0x00007fff6cc78000 	/System/Library/PrivateFrameworks/NetAuth.framework/Versions/A/NetAuth
0x00007fff764fa000 	/System/Library/PrivateFrameworks/login.framework/Versions/A/Frameworks/loginsupport.framework/Versions/A/loginsupport
0x00007fff748bf000 	/System/Library/PrivateFrameworks/TCC.framework/Versions/A/TCC
0x00007fff77c54000 	/usr/lib/libmecabra.dylib
0x00007fff4f44c000 	/System/Library/Frameworks/ApplicationServices.framework/Versions/A/Frameworks/ATS.framework/Versions/A/ATS
0x00007fff4f7fa000 	/System/Library/Frameworks/ApplicationServices.framework/Versions/A/Frameworks/ColorSyncLegacy.framework/Versions/A/ColorSyncLegacy
0x00007fff4f89e000 	/System/Library/Frameworks/ApplicationServices.framework/Versions/A/Frameworks/HIServices.framework/Versions/A/HIServices
0x00007fff4f8f1000 	/System/Library/Frameworks/ApplicationServices.framework/Versions/A/Frameworks/LangAnalysis.framework/Versions/A/LangAnalysis
0x00007fff4f900000 	/System/Library/Frameworks/ApplicationServices.framework/Versions/A/Frameworks/PrintCore.framework/Versions/A/PrintCore
0x00007fff4f94d000 	/System/Library/Frameworks/ApplicationServices.framework/Versions/A/Frameworks/QD.framework/Versions/A/QD
0x00007fff4f988000 	/System/Library/Frameworks/ApplicationServices.framework/Versions/A/Frameworks/SpeechSynthesis.framework/Versions/A/SpeechSynthesis
0x00007fff50ed8000 	/System/Library/Frameworks/CoreDisplay.framework/Versions/A/CoreDisplay
0x00007fff4d54d000 	/System/Library/Frameworks/Accelerate.framework/Versions/A/Frameworks/vImage.framework/Versions/A/vImage
0x00007fff4e2a7000 	/System/Library/Frameworks/Accelerate.framework/Versions/A/Frameworks/vecLib.framework/Versions/A/vecLib
0x00007fff4e047000 	/System/Library/Frameworks/Accelerate.framework/Versions/A/Frameworks/vecLib.framework/Versions/A/libvDSP.dylib
0x00007fff4dba7000 	/System/Library/Frameworks/Accelerate.framework/Versions/A/Frameworks/vecLib.framework/Versions/A/libBNNS.dylib
0x00007fff4dfac000 	/System/Library/Frameworks/Accelerate.framework/Versions/A/Frameworks/vecLib.framework/Versions/A/libQuadrature.dylib
0x00007fff4e1f5000 	/System/Library/Frameworks/Accelerate.framework/Versions/A/Frameworks/vecLib.framework/Versions/A/libvMisc.dylib
0x00007fff4dbd6000 	/System/Library/Frameworks/Accelerate.framework/Versions/A/Frameworks/vecLib.framework/Versions/A/libLAPACK.dylib
0x00007fff4da4c000 	/System/Library/Frameworks/Accelerate.framework/Versions/A/Frameworks/vecLib.framework/Versions/A/libBLAS.dylib
0x00007fff4df96000 	/System/Library/Frameworks/Accelerate.framework/Versions/A/Frameworks/vecLib.framework/Versions/A/libLinearAlgebra.dylib
0x00007fff4dfb2000 	/System/Library/Frameworks/Accelerate.framework/Versions/A/Frameworks/vecLib.framework/Versions/A/libSparse.dylib
0x00007fff4e033000 	/System/Library/Frameworks/Accelerate.framework/Versions/A/Frameworks/vecLib.framework/Versions/A/libSparseBLAS.dylib
0x00007fff69ac7000 	/System/Library/PrivateFrameworks/GPUWrangler.framework/Versions/A/GPUWrangler
0x00007fff6b258000 	/System/Library/PrivateFrameworks/IOAccelerator.framework/Versions/A/IOAccelerator
0x00007fff6b263000 	/System/Library/PrivateFrameworks/IOPresentment.framework/Versions/A/IOPresentment
0x00007fff652fd000 	/System/Library/PrivateFrameworks/DSExternalDisplay.framework/Versions/A/DSExternalDisplay
0x00007fff5a9c2000 	/System/Library/Frameworks/OpenGL.framework/Versions/A/Libraries/libCoreFSCache.dylib
0x00007fff52c16000 	/System/Library/Frameworks/CoreVideo.framework/Versions/A/CoreVideo
0x00007fff6a842000 	/System/Library/PrivateFrameworks/GraphVisualizer.framework/Versions/A/GraphVisualizer
0x00007fff559c0000 	/System/Library/Frameworks/MetalPerformanceShaders.framework/Versions/A/MetalPerformanceShaders
0x00007fff7685f000 	/usr/lib/libFosl_dynamic.dylib
0x00007fff663d1000 	/System/Library/PrivateFrameworks/FaceCore.framework/Versions/A/FaceCore
0x00007fff597bd000 	/System/Library/Frameworks/OpenCL.framework/Versions/A/OpenCL
0x00007fff76e60000 	/usr/lib/libcompression.dylib
0x00007fff4f54b000 	/System/Library/Frameworks/ApplicationServices.framework/Versions/A/Frameworks/ATS.framework/Versions/A/Resources/libFontParser.dylib
0x00007fff4f66e000 	/System/Library/Frameworks/ApplicationServices.framework/Versions/A/Frameworks/ATS.framework/Versions/A/Resources/libFontRegistry.dylib
0x00007fff53b5d000 	/System/Library/Frameworks/ImageIO.framework/Versions/A/Resources/libJPEG.dylib
0x00007fff53e86000 	/System/Library/Frameworks/ImageIO.framework/Versions/A/Resources/libTIFF.dylib
0x00007fff53e5c000 	/System/Library/Frameworks/ImageIO.framework/Versions/A/Resources/libPng.dylib
0x00007fff53a70000 	/System/Library/Frameworks/ImageIO.framework/Versions/A/Resources/libGIF.dylib
0x00007fff53a75000 	/System/Library/Frameworks/ImageIO.framework/Versions/A/Resources/libJP2.dylib
0x00007fff53e83000 	/System/Library/Frameworks/ImageIO.framework/Versions/A/Resources/libRadiance.dylib
0x00007fff6135e000 	/System/Library/PrivateFrameworks/AppleJPEG.framework/Versions/A/AppleJPEG
0x00007fff55827000 	/System/Library/Frameworks/MetalPerformanceShaders.framework/Frameworks/MPSCore.framework/Versions/A/MPSCore
0x00007fff55843000 	/System/Library/Frameworks/MetalPerformanceShaders.framework/Frameworks/MPSImage.framework/Versions/A/MPSImage
0x00007fff558d8000 	/System/Library/Frameworks/MetalPerformanceShaders.framework/Frameworks/MPSNeuralNetwork.framework/Versions/A/MPSNeuralNetwork
0x00007fff558b3000 	/System/Library/Frameworks/MetalPerformanceShaders.framework/Frameworks/MPSMatrix.framework/Versions/A/MPSMatrix
0x00007fff6c759000 	/System/Library/PrivateFrameworks/MetalTools.framework/Versions/A/MetalTools
0x00007fff5ab8d000 	/System/Library/Frameworks/OpenGL.framework/Versions/A/Libraries/libGLU.dylib
0x00007fff5a9cd000 	/System/Library/Frameworks/OpenGL.framework/Versions/A/Libraries/libGFXShared.dylib
0x00007fff5a9d7000 	/System/Library/Frameworks/OpenGL.framework/Versions/A/Libraries/libGL.dylib
0x00007fff5a9e3000 	/System/Library/Frameworks/OpenGL.framework/Versions/A/Libraries/libGLImage.dylib
0x00007fff5a9bf000 	/System/Library/Frameworks/OpenGL.framework/Versions/A/Libraries/libCVMSPluginSupport.dylib
0x00007fff5a9c8000 	/System/Library/Frameworks/OpenGL.framework/Versions/A/Libraries/libCoreVMClient.dylib
0x00007fff7760d000 	/usr/lib/libcups.2.dylib
0x00007fff54d8e000 	/System/Library/Frameworks/Kerberos.framework/Versions/A/Kerberos
0x00007fff53554000 	/System/Library/Frameworks/GSS.framework/Versions/A/GSS
0x00007fff78711000 	/usr/lib/libresolv.9.dylib
0x00007fff7780b000 	/usr/lib/libiconv.2.dylib
0x00007fff6a8d4000 	/System/Library/PrivateFrameworks/Heimdal.framework/Versions/A/Heimdal
0x00007fff777da000 	/usr/lib/libheimdal-asn1.dylib
0x00007fff59835000 	/System/Library/Frameworks/OpenDirectory.framework/Versions/A/OpenDirectory
0x00007fff63674000 	/System/Library/PrivateFrameworks/CommonAuth.framework/Versions/A/CommonAuth
0x00007fff59818000 	/System/Library/Frameworks/OpenDirectory.framework/Versions/A/Frameworks/CFOpenDirectory.framework/Versions/A/CFOpenDirectory
0x00007fff5d14f000 	/System/Library/Frameworks/SecurityFoundation.framework/Versions/A/SecurityFoundation
0x00007fff60523000 	/System/Library/PrivateFrameworks/APFS.framework/Versions/A/APFS
0x00007fff78b46000 	/usr/lib/libutil.dylib
0x00007fff613e1000 	/System/Library/PrivateFrameworks/AppleSauce.framework/Versions/A/AppleSauce
0x00007fff6ba40000 	/System/Library/PrivateFrameworks/LinguisticData.framework/Versions/A/LinguisticData
0x00007fff77b8d000 	/usr/lib/libmarisa.dylib
0x00007fff6b9fa000 	/System/Library/PrivateFrameworks/Lexicon.framework/Versions/A/Lexicon
0x00007fff7678a000 	/usr/lib/libChineseTokenizer.dylib
0x00007fff76e4f000 	/usr/lib/libcmph.dylib
0x00007fff6b904000 	/System/Library/PrivateFrameworks/LanguageModeling.framework/Versions/A/LanguageModeling
0x00007fff64183000 	/System/Library/PrivateFrameworks/CoreEmoji.framework/Versions/A/CoreEmoji
0x00007fff5d20d000 	/System/Library/Frameworks/ServiceManagement.framework/Versions/A/ServiceManagement
0x00007fff61c2b000 	/System/Library/PrivateFrameworks/BackgroundTaskManagement.framework/Versions/A/BackgroundTaskManagement
0x00007fff78c43000 	/usr/lib/libxslt.1.dylib
0x00007fff5060c000 	/System/Library/Frameworks/Carbon.framework/Versions/A/Frameworks/Ink.framework/Versions/A/Ink
0x00007fff74ad4000 	/System/Library/PrivateFrameworks/TextureIO.framework/Versions/A/TextureIO
0x00007fff76c74000 	/usr/lib/libate.dylib
0x00007fff6525d000 	/System/Library/PrivateFrameworks/CrashReporterSupport.framework/Versions/A/CrashReporterSupport
0x00007fff71e24000 	/System/Library/PrivateFrameworks/Sharing.framework/Versions/A/Sharing
0x00007fff6b645000 	/System/Library/PrivateFrameworks/IconServices.framework/Versions/A/IconServices
0x00007fff6185b000 	/System/Library/PrivateFrameworks/AuthKit.framework/Versions/A/AuthKit
0x00007fff611e1000 	/System/Library/PrivateFrameworks/Apple80211.framework/Versions/A/Apple80211
0x00007fff65072000 	/System/Library/PrivateFrameworks/CoreUtils.framework/Versions/A/CoreUtils
0x00007fff52c51000 	/System/Library/Frameworks/CoreWLAN.framework/Versions/A/CoreWLAN
0x00007fff53696000 	/System/Library/Frameworks/IOBluetooth.framework/Versions/A/IOBluetooth
0x00007fff702e8000 	/System/Library/PrivateFrameworks/ProtocolBuffer.framework/Versions/A/ProtocolBuffer
0x00007fff6c942000 	/System/Library/PrivateFrameworks/MobileKeyBag.framework/Versions/A/MobileKeyBag
0x00007fff64927000 	/System/Library/PrivateFrameworks/CorePhoneNumbers.framework/Versions/A/CorePhoneNumbers
0x00007fff61319000 	/System/Library/PrivateFrameworks/AppleIDAuthSupport.framework/Versions/A/AppleIDAuthSupport
0x00007fff6b8f0000 	/System/Library/PrivateFrameworks/KeychainCircle.framework/Versions/A/KeychainCircle
0x00007fff651f8000 	/System/Library/PrivateFrameworks/CoreWiFi.framework/Versions/A/CoreWiFi
0x00007fff50b57000 	/System/Library/Frameworks/CoreBluetooth.framework/Versions/A/CoreBluetooth
0x00007fff65447000 	/System/Library/PrivateFrameworks/DebugSymbols.framework/Versions/A/DebugSymbols
0x00007fff64e28000 	/System/Library/PrivateFrameworks/CoreSymbolication.framework/Versions/A/CoreSymbolication
0x00007fff742c5000 	/System/Library/PrivateFrameworks/Symbolication.framework/Versions/A/Symbolication
0x00007fff6120b000 	/System/Library/PrivateFrameworks/AppleFSCompression.framework/Versions/A/AppleFSCompression
0x00007fff73712000 	/System/Library/PrivateFrameworks/SpeechRecognitionCore.framework/Versions/A/SpeechRecognitionCore
0x00007fff494f1000 	/System/Library/CoreServices/Encodings/libJapaneseConverter.dylib
0x000000010d400000 	/Library/Internet Plug-Ins/JavaAppletPlugin.plugin/Contents/Home/lib/server/libjvm.dylib
0x00007fff78a13000 	/usr/lib/libstdc++.6.0.9.dylib
0x000000010cb1f000 	/Library/Internet Plug-Ins/JavaAppletPlugin.plugin/Contents/Home/lib/libverify.dylib
0x000000010cb2c000 	/Library/Internet Plug-Ins/JavaAppletPlugin.plugin/Contents/Home/lib/libjava.dylib
0x000000010cbab000 	/Library/Internet Plug-Ins/JavaAppletPlugin.plugin/Contents/Home/lib/libzip.dylib
0x000000010cbb3000 	/Library/Internet Plug-Ins/JavaAppletPlugin.plugin/Contents/Home/lib/libjimage.dylib
0x000000011b9c0000 	/Library/Internet Plug-Ins/JavaAppletPlugin.plugin/Contents/Home/lib/libnio.dylib
0x000000011b9d0000 	/Library/Internet Plug-Ins/JavaAppletPlugin.plugin/Contents/Home/lib/./libnet.dylib
0x000000011ba6f000 	/Library/Internet Plug-Ins/JavaAppletPlugin.plugin/Contents/Home/lib/libawt.dylib
0x000000011bb14000 	/Library/Internet Plug-Ins/JavaAppletPlugin.plugin/Contents/Home/lib/./libmlib_image.dylib
0x00007fff54d77000 	/System/Library/Frameworks/JavaVM.framework/Versions/A/Frameworks/JavaNativeFoundation.framework/Versions/A/JavaNativeFoundation
0x00007fff54d80000 	/System/Library/Frameworks/JavaVM.framework/Versions/A/Frameworks/JavaRuntimeSupport.framework/Versions/A/JavaRuntimeSupport
0x00007fff54d89000 	/System/Library/Frameworks/JavaVM.framework/Versions/A/JavaVM
0x00007fff6b806000 	/System/Library/PrivateFrameworks/JavaLaunching.framework/Versions/A/JavaLaunching
0x00007fff502f7000 	/System/Library/Frameworks/Carbon.framework/Versions/A/Carbon
0x00007fff502f8000 	/System/Library/Frameworks/Carbon.framework/Versions/A/Frameworks/CommonPanels.framework/Versions/A/CommonPanels
0x00007fff50602000 	/System/Library/Frameworks/Carbon.framework/Versions/A/Frameworks/Help.framework/Versions/A/Help
0x00007fff50606000 	/System/Library/Frameworks/Carbon.framework/Versions/A/Frameworks/ImageCapture.framework/Versions/A/ImageCapture
0x00007fff506a2000 	/System/Library/Frameworks/Carbon.framework/Versions/A/Frameworks/OpenScripting.framework/Versions/A/OpenScripting
0x00007fff506dd000 	/System/Library/Frameworks/Carbon.framework/Versions/A/Frameworks/Print.framework/Versions/A/Print
0x00007fff506df000 	/System/Library/Frameworks/Carbon.framework/Versions/A/Frameworks/SecurityHI.framework/Versions/A/SecurityHI
0x000000011bb82000 	/Library/Internet Plug-Ins/JavaAppletPlugin.plugin/Contents/Home/lib/libawt_lwawt.dylib
0x000000011bc42000 	/Library/Internet Plug-Ins/JavaAppletPlugin.plugin/Contents/Home/lib/./libosxapp.dylib
0x00007fff530f6000 	/System/Library/Frameworks/ExceptionHandling.framework/Versions/A/ExceptionHandling
0x000000010cbf9000 	/Users/ochihideji/Desktop/Zugaku//HiddenSpin/libgluegen-rt.jnilib
0x000000011bec7000 	/Library/Internet Plug-Ins/JavaAppletPlugin.plugin/Contents/Home/lib/libfontmanager.dylib
0x00007fff64aba000 	/System/Library/PrivateFrameworks/CoreServicesInternal.framework/Versions/A/CoreServicesInternal
0x00007fff49573000 	/System/Library/CoreServices/RawCamera.bundle/Contents/MacOS/RawCamera
0x00007fff6c7cb000 	/System/Library/PrivateFrameworks/MobileAsset.framework/Versions/A/MobileAsset
0x00007fff73bcc000 	/System/Library/PrivateFrameworks/StreamingZip.framework/Versions/A/StreamingZip
0x00007fff5511d000 	/System/Library/Frameworks/MediaToolbox.framework/Versions/A/MediaToolbox
0x00007fff63dc2000 	/System/Library/PrivateFrameworks/CoreAVCHD.framework/Versions/A/CoreAVCHD
0x00007fff55066000 	/System/Library/Frameworks/MediaAccessibility.framework/Versions/A/MediaAccessibility
0x00007fff6c246000 	/System/Library/PrivateFrameworks/Mangrove.framework/Versions/A/Mangrove
0x00007fff51fef000 	/System/Library/Frameworks/CoreMedia.framework/Versions/A/CoreMedia
0x00007fff5d7db000 	/System/Library/Frameworks/VideoToolbox.framework/Versions/A/VideoToolbox
0x00007fff639b9000 	/System/Library/PrivateFrameworks/CoreAUC.framework/Versions/A/CoreAUC
0x00007fff7877c000 	/usr/lib/libspindump.dylib
0x00007fff614d6000 	/System/Library/PrivateFrameworks/AppleVA.framework/Versions/A/AppleVA
0x00007fff4d536000 	/System/Library/Frameworks/Accelerate.framework/Versions/A/Frameworks/vImage.framework/Versions/A/Libraries/libCGInterfaces.dylib
0x00007fff4f75d000 	/System/Library/Frameworks/ApplicationServices.framework/Versions/A/Frameworks/ATS.framework/Versions/A/Resources/libTrueTypeScaler.dylib
0x00007fff4b142000 	/System/Library/Extensions/AppleIntelSKLGraphicsMTLDriver.bundle/Contents/MacOS/AppleIntelSKLGraphicsMTLDriver
0x00007fff6845b000 	/System/Library/PrivateFrameworks/GPUCompiler.framework/Versions/3802/Libraries/libmetal_timestamp.dylib
0x000000012fbd9000 	/Users/ochihideji/Desktop/Zugaku//HiddenSpin/libnativewindow_awt.jnilib
0x000000012fbdc000 	/Library/Internet Plug-Ins/JavaAppletPlugin.plugin/Contents/Home/lib/libjawt.dylib
0x00007fff5b553000 	/System/Library/Frameworks/OpenGL.framework/Versions/A/Resources/GLEngine.bundle/GLEngine
0x00007fff5aa1f000 	/System/Library/Frameworks/OpenGL.framework/Versions/A/Libraries/libGLProgrammability.dylib
0x0000000131092000 	/System/Library/Extensions/AppleIntelSKLGraphicsGLDriver.bundle/Contents/MacOS/AppleIntelSKLGraphicsGLDriver
0x00007fff69abb000 	/System/Library/PrivateFrameworks/GPUSupport.framework/Versions/A/Libraries/libGPUSupportMercury.dylib
0x00007fff5b6eb000 	/System/Library/Frameworks/OpenGL.framework/Versions/A/Resources/GLRendererFloat.bundle/GLRendererFloat
0x00007fff597b4000 	/System/Library/Frameworks/OpenCL.framework/Versions/A/Libraries/libcldcpuengine.dylib
0x00007fff772d5000 	/usr/lib/libcrypto.35.dylib
0x00007fff74c3b000 	/System/Library/PrivateFrameworks/TrustEvaluationAgent.framework/Versions/A/TrustEvaluationAgent
0x0000000132ccb000 	/Users/ochihideji/Desktop/Zugaku//HiddenSpin/libnativewindow_macosx.jnilib
0x00007fff75ac6000 	/System/Library/PrivateFrameworks/ViewBridge.framework/Versions/A/ViewBridge
0x0000000132f92000 	/Users/ochihideji/Desktop/Zugaku//HiddenSpin/libjogl_desktop.jnilib


VM Arguments:
java_command: ObjectSpin
java_class_path (initial): /Users/ochihideji/Desktop/Zugaku//HiddenSpin
Launcher Type: SUN_STANDARD

Logging:
Log output configuration:
#0: stdout all=warning uptime,level,tags
#1: stderr all=off uptime,level,tags

Environment Variables:
PATH=/usr/bin:/bin:/usr/sbin:/sbin
SHELL=/bin/bash

Signal Handlers:
SIGSEGV: [libjvm.dylib+0x79ac14], sa_mask[0]=11111111011111110111111111111111, sa_flags=SA_ONSTACK|SA_RESTART|SA_SIGINFO
SIGBUS: [libjvm.dylib+0x79ac14], sa_mask[0]=11111111011111110111111111111111, sa_flags=SA_RESTART|SA_SIGINFO
SIGFPE: [libjvm.dylib+0x79ac14], sa_mask[0]=11111111011111110111111111111111, sa_flags=SA_RESTART|SA_SIGINFO
SIGPIPE: [libjvm.dylib+0x635960], sa_mask[0]=11111111011111110111111111111111, sa_flags=SA_RESTART|SA_SIGINFO
SIGXFSZ: [libjvm.dylib+0x635960], sa_mask[0]=11111111011111110111111111111111, sa_flags=SA_RESTART|SA_SIGINFO
SIGILL: [libjvm.dylib+0x79ac14], sa_mask[0]=11111111011111110111111111111111, sa_flags=SA_RESTART|SA_SIGINFO
SIGUSR2: [libjvm.dylib+0x6361f0], sa_mask[0]=00000000000000000000000000000000, sa_flags=SA_RESTART|SA_SIGINFO
SIGHUP: [libjvm.dylib+0x6349db], sa_mask[0]=11111111011111110111111111111111, sa_flags=SA_RESTART|SA_SIGINFO
SIGINT: [libjvm.dylib+0x6349db], sa_mask[0]=11111111011111110111111111111111, sa_flags=SA_RESTART|SA_SIGINFO
SIGTERM: [libjvm.dylib+0x6349db], sa_mask[0]=11111111011111110111111111111111, sa_flags=SA_RESTART|SA_SIGINFO
SIGQUIT: [libjvm.dylib+0x6349db], sa_mask[0]=11111111011111110111111111111111, sa_flags=SA_RESTART|SA_SIGINFO


---------------  S Y S T E M  ---------------

OS:uname:Darwin 17.7.0 Darwin Kernel Version 17.7.0: Thu Jun 21 22:53:14 PDT 2018; root:xnu-4570.71.2~1/RELEASE_X86_64 x86_64
rlimit: STACK 8192k, CORE 0k, NPROC 709, NOFILE 10240, AS infinity, DATA infinity, FSIZE infinity
load average:1.60 1.51 1.61

CPU:total 4 (initial active 4) (2 cores per cpu, 2 threads per core) family 6 model 78 stepping 3, cmov, cx8, fxsr, mmx, sse, sse2, sse3, ssse3, sse4.1, sse4.2, popcnt, avx, avx2, aes, clmul, erms, rtm, 3dnowpref, lzcnt, ht, tsc, tscinvbit, bmi1, bmi2, adx, fma

Memory: 4k page, physical 8388608k(660260k free)

vm_info: Java HotSpot(TM) 64-Bit Server VM (10.0.1+10) for bsd-amd64 JRE (10.0.1+10), built on Mar 27 2018 01:13:17 by "mach5one" with gcc 4.2.1 Compatible Apple LLVM 6.1.0 (clang-602.0.49)

END.
