#
# A fatal error has been detected by the Java Runtime Environment:
#
#  SIGSEGV (0xb) at pc=0x000000011855ef4e, pid=57018, tid=775
#
# JRE version: Java(TM) SE Runtime Environment (10.0+46) (build 10+46)
# Java VM: Java HotSpot(TM) 64-Bit Server VM (10+46, mixed mode, tiered, compressed oops, g1 gc, bsd-amd64)
# Problematic frame:
# C  [libosxapp.dylib+0x2f4e]  -[NSApplicationAWT sendEvent:]+0x179
#
# No core dump will be written. Core dumps have been disabled. To enable core dumping, try "ulimit -c unlimited" before starting Java again
#
# If you would like to submit a bug report, please visit:
#   http://bugreport.java.com/bugreport/crash.jsp
# The crash happened outside the Java Virtual Machine in native code.
# See problematic frame for where to report the bug.
#

---------------  S U M M A R Y ------------

Command Line: ObjectSpin

Host: MacBookPro13,1 x86_64 2000 MHz, 4 cores, 8G, Darwin 18.5.0
Time: Tue Apr 23 10:01:47 2019 JST elapsed time: 2 seconds (0d 0h 0m 2s)

---------------  T H R E A D  ---------------

Current thread (0x00007f948891a800):  JavaThread "AppKit Thread" daemon [_thread_in_native, id=775, stack(0x00007ffee5abc000,0x00007ffee62bc000)]

Stack: [0x00007ffee5abc000,0x00007ffee62bc000],  sp=0x00007ffee62b9720,  free space=8181k
Native frames: (J=compiled Java code, A=aot compiled Java code, j=interpreted, Vv=VM code, C=native code)
C  [libosxapp.dylib+0x2f4e]  -[NSApplicationAWT sendEvent:]+0x179
C  [AppKit+0x13ee8]  -[NSApplication run]+0x2f3
C  [libosxapp.dylib+0x2bbc]  +[NSApplicationAWT runAWTLoopWithApp:]+0x9d
C  [libawt_lwawt.dylib+0x3a344]  +[AWTStarter starter:headless:]+0x342
C  [JavaNativeFoundation+0x6fce]  +[JNFRunLoop _performCopiedBlock:]+0x11
C  [Foundation+0xb0972]  __NSThreadPerformPerform+0x148
C  [CoreFoundation+0x575e3]  __CFRUNLOOP_IS_CALLING_OUT_TO_A_SOURCE0_PERFORM_FUNCTION__+0x11
C  [CoreFoundation+0x57589]  __CFRunLoopDoSource0+0x6c
C  [CoreFoundation+0x3af3b]  __CFRunLoopDoSources0+0xc3
C  [CoreFoundation+0x3a505]  __CFRunLoopRun+0x4a5
C  [CoreFoundation+0x39e0e]  CFRunLoopRunSpecific+0x1c7
C  [java+0x6bc3]  CreateExecutionEnvironment+0x191
C  [java+0x2ebc]  JLI_Launch+0x620
C  [java+0x1d4c]  main+0x180
C  [java+0x1bc4]  start+0x34
C  0x0000000000000002


siginfo: si_signo: 11 (SIGSEGV), si_code: 1 (SEGV_MAPERR), si_addr: 0x0000000000000010

Register to memory mapping:

RAX=0x0000000000000000 is an unknown value
RBX=0x0000000000000000 is an unknown value
RCX=0x000000000021e000 is an unknown value
RDX=0x00000035ee7de0fe is an unknown value
RSP=0x00007ffee62b9720 is pointing into the stack for thread: 0x00007f948891a800
RBP=0x00007ffee62b9750 is pointing into the stack for thread: 0x00007f948891a800
RSI=0x00007fff31d66e02: GCC_except_table7+0xf88e in /System/Library/Frameworks/AppKit.framework/Versions/C/AppKit at 0x00007fff311ba000
RDI=0x0000000000000000 is an unknown value
R8 =0x000000000000003f is an unknown value
R9 =0x00007f948746dfd0 is an unknown value
R10=0x0000000000000002 is an unknown value
R11=0x00007fff3134f1cc: -[NSEvent data1]+0 in /System/Library/Frameworks/AppKit.framework/Versions/C/AppKit at 0x00007fff311ba000
R12=0x00007f948746dfd0 is an unknown value
R13=0x0000000000000001 is an unknown value
R14=0x00007fff5e786680: objc_msgSend+0 in /usr/lib/libobjc.A.dylib at 0x00007fff5e780000
R15=0x00007f948773bc20 is an unknown value


Registers:
RAX=0x0000000000000000, RBX=0x0000000000000000, RCX=0x000000000021e000, RDX=0x00000035ee7de0fe
RSP=0x00007ffee62b9720, RBP=0x00007ffee62b9750, RSI=0x00007fff31d66e02, RDI=0x0000000000000000
R8 =0x000000000000003f, R9 =0x00007f948746dfd0, R10=0x0000000000000002, R11=0x00007fff3134f1cc
R12=0x00007f948746dfd0, R13=0x0000000000000001, R14=0x00007fff5e786680, R15=0x00007f948773bc20
RIP=0x000000011855ef4e, EFLAGS=0x0000000000010246, ERR=0x0000000000000004
  TRAPNO=0x000000000000000e

Top of Stack: (sp=0x00007ffee62b9720)
0x00007ffee62b9720:   00007ffee62b9740 ffff806b78b92030
0x00007ffee62b9730:   00007f9487416e00 00007f9487416e00
0x00007ffee62b9740:   00007fff5e786680 00007f948773bc20
0x00007ffee62b9750:   00007ffee62b9820 00007fff311cdee8
0x00007ffee62b9760:   00007f9487600200 00007fff31d645ac
0x00007ffee62b9770:   00007fff31d58093 00007fff31d57d69
0x00007ffee62b9780:   0000000000000010 00007fff31d57a6e
0x00007ffee62b9790:   00007fff31d66923 00007fff31d57916
0x00007ffee62b97a0:   00007fff31d57d83 00007fff8ba46838
0x00007ffee62b97b0:   00007fff31d57daf 00007fff31d57d99
0x00007ffee62b97c0:   00007fff31d5e99b 00007fff31d66956
0x00007ffee62b97d0:   00007fff31d57d83 00007fff31d57daf
0x00007ffee62b97e0:   00007fff31d58867 0000000000000062
0x00007ffee62b97f0:   00007fff31d57e8d 00007f9487416e00
0x00007ffee62b9800:   00007fff5e786680 0000000118563690
0x00007ffee62b9810:   00007fff31d5fb4a 00000001185636b0
0x00007ffee62b9820:   00007ffee62b9860 000000011855ebbc
0x00007ffee62b9830:   0000000000000000 00007f948750d370
0x00007ffee62b9840:   00007fff5e786680 00007f9487416e00
0x00007ffee62b9850:   00007f948755b6c0 0000000000000000
0x00007ffee62b9860:   00007ffee62b98b0 00000001184d6344
0x00007ffee62b9870:   00007f9487416e00 0000000000000000
0x00007ffee62b9880:   00007f948755b6c0 00007f94874145a0
0x00007ffee62b9890:   00007f948750d010 00007fff31d57916
0x00007ffee62b98a0:   00007f94874147d0 0000000000000000
0x00007ffee62b98b0:   00007ffee62b98d0 00007fff37c63fce
0x00007ffee62b98c0:   0000000000000018 00007f94874137d0
0x00007ffee62b98d0:   00007ffee62b9950 00007fff35e38972
0x00007ffee62b98e0:   00007f9487804038 00007f948750d010
0x00007ffee62b98f0:   00007f94874137d0 00007fff31d579ea
0x00007ffee62b9900:   00007fff31d5db08 00007fff31db0837
0x00007ffee62b9910:   00007fff31d5db0d 00007fff31d57a6e 

Instructions: (pc=0x000000011855ef4e)
0x000000011855ef2e:   41 5f 5d c3 48 8b 35 1f 5d 00 00 4c 8b 35 48 41
0x000000011855ef3e:   00 00 48 89 df 41 ff d6 48 89 c3 31 c0 48 89 df
0x000000011855ef4e:   ff 53 10 48 8b 35 f0 5a 00 00 48 89 df 4c 89 f0
0x000000011855ef5e:   48 83 c4 18 5b 41 5e 41 5f 5d ff e0 55 48 89 e5 


---------------  P R O C E S S  ---------------

Threads class SMR info:
_java_thread_list=0x00007f9487440280, length=15, elements={
0x00007f9488800800, 0x00007f9488803800, 0x00007f948901d800, 0x00007f9488026800,
0x00007f94878b6800, 0x00007f94878b7800, 0x00007f94878b8800, 0x00007f9487904000,
0x00007f9487812800, 0x00007f948891a800, 0x00007f948914b800, 0x00007f9488148000,
0x00007f94891c3800, 0x00007f9487a6d800, 0x00007f9488a30800
}

Java Threads: ( => current thread )
  0x00007f9488800800 JavaThread "Reference Handler" daemon [_thread_blocked, id=14339, stack(0x000070000bd71000,0x000070000be71000)]
  0x00007f9488803800 JavaThread "Finalizer" daemon [_thread_blocked, id=16643, stack(0x000070000be74000,0x000070000bf74000)]
  0x00007f948901d800 JavaThread "Signal Dispatcher" daemon [_thread_blocked, id=43011, stack(0x000070000bf77000,0x000070000c077000)]
  0x00007f9488026800 JavaThread "C2 CompilerThread0" daemon [_thread_blocked, id=22531, stack(0x000070000c07a000,0x000070000c17a000)]
  0x00007f94878b6800 JavaThread "C2 CompilerThread1" daemon [_thread_blocked, id=23043, stack(0x000070000c17d000,0x000070000c27d000)]
  0x00007f94878b7800 JavaThread "C1 CompilerThread2" daemon [_thread_blocked, id=41987, stack(0x000070000c280000,0x000070000c380000)]
  0x00007f94878b8800 JavaThread "Sweeper thread" daemon [_thread_blocked, id=41219, stack(0x000070000c383000,0x000070000c483000)]
  0x00007f9487904000 JavaThread "Service Thread" daemon [_thread_blocked, id=40963, stack(0x000070000c486000,0x000070000c586000)]
  0x00007f9487812800 JavaThread "Common-Cleaner" daemon [_thread_blocked, id=40451, stack(0x000070000c589000,0x000070000c689000)]
=>0x00007f948891a800 JavaThread "AppKit Thread" daemon [_thread_in_native, id=775, stack(0x00007ffee5abc000,0x00007ffee62bc000)]
  0x00007f948914b800 JavaThread "AWT-Shutdown" [_thread_blocked, id=30723, stack(0x000070000c78f000,0x000070000c88f000)]
  0x00007f9488148000 JavaThread "Java2D Queue Flusher" daemon [_thread_blocked, id=73991, stack(0x000070000ca1b000,0x000070000cb1b000)]
  0x00007f94891c3800 JavaThread "Java2D Disposer" daemon [_thread_blocked, id=71427, stack(0x000070000cb1e000,0x000070000cc1e000)]
  0x00007f9487a6d800 JavaThread "AWT-EventQueue-0" [_thread_blocked, id=56071, stack(0x000070000cc21000,0x000070000cd21000)]
  0x00007f9488a30800 JavaThread "DestroyJavaVM" [_thread_blocked, id=9219, stack(0x000070000b04a000,0x000070000b14a000)]

Other Threads:
  0x00007f94878a1800 VMThread "VM Thread" [stack: 0x000070000bc6e000,0x000070000bd6e000] [id=17667]
  0x00007f94890b0800 WatcherThread [stack: 0x000070000c68c000,0x000070000c78c000] [id=39939]
  0x00007f9487810800 GCTaskThread "GC Thread#0" [stack: 0x000070000b14d000,0x000070000b24d000] [id=20995]
  0x00007f948781f000 GCTaskThread "GC Thread#1" [stack: 0x000070000b250000,0x000070000b350000] [id=20739]
  0x00007f9487820000 GCTaskThread "GC Thread#2" [stack: 0x000070000b353000,0x000070000b453000] [id=20227]
  0x00007f9489000800 GCTaskThread "GC Thread#3" [stack: 0x000070000b456000,0x000070000b556000] [id=11779]
  0x00007f9488019800 ConcurrentGCThread "G1 Main Marker" [stack: 0x000070000b559000,0x000070000b659000] [id=19459]
  0x00007f9487820800 ConcurrentGCThread "G1 Conc#0" [stack: 0x000070000b65c000,0x000070000b75c000] [id=12291]
  0x00007f9487861800 ConcurrentGCThread "G1 Refine#0" [stack: 0x000070000b75f000,0x000070000b85f000] [id=18691]
  0x00007f9487862000 ConcurrentGCThread "G1 Refine#1" [stack: 0x000070000b862000,0x000070000b962000] [id=12803]
  0x00007f9489001800 ConcurrentGCThread "G1 Refine#2" [stack: 0x000070000b965000,0x000070000ba65000] [id=13059]
  0x00007f948801a000 ConcurrentGCThread "G1 Refine#3" [stack: 0x000070000ba68000,0x000070000bb68000] [id=17923]
  0x00007f9489002000 ConcurrentGCThread "G1 Young RemSet Sampling" [stack: 0x000070000bb6b000,0x000070000bc6b000] [id=13827]

Threads with active compile tasks:

VM state:not at safepoint (normal execution)

VM Mutex/Monitor currently owned by a thread: None

Heap address: 0x0000000740000000, size: 2048 MB, Compressed Oops mode: Zero based, Oop shift amount: 3
Narrow klass base: 0x0000000000000000, Narrow klass shift: 3
Compressed class space size: 1073741824 Address: 0x00000007c0000000

Heap:
 garbage-first heap   total 131072K, used 6970K [0x0000000740000000, 0x00000007c0000000)
  region size 1024K, 7 young (7168K), 2 survivors (2048K)
 Metaspace       used 16463K, capacity 16782K, committed 17024K, reserved 1064960K
  class space    used 1475K, capacity 1603K, committed 1664K, reserved 1048576K
Heap Regions: E=young(eden), S=young(survivor), O=old, HS=humongous(starts), HC=humongous(continues), CS=collection set, F=free, A=archive, TS=gc time stamp, AC=allocation context, TAMS=top-at-mark-start (previous, next)
|   0|0x0000000740000000, 0x0000000740000000, 0x0000000740100000|  0%| F|  |TS  1|AC  0|TAMS 0x0000000740000000, 0x0000000740000000|
|   1|0x0000000740100000, 0x00000007401cea00, 0x0000000740200000| 80%| O|  |TS  1|AC  0|TAMS 0x0000000740100000, 0x0000000740100000|
|   2|0x0000000740200000, 0x0000000740200000, 0x0000000740300000|  0%| F|  |TS  0|AC  0|TAMS 0x0000000740200000, 0x0000000740200000|
|   3|0x0000000740300000, 0x0000000740300000, 0x0000000740400000|  0%| F|  |TS  0|AC  0|TAMS 0x0000000740300000, 0x0000000740300000|
|   4|0x0000000740400000, 0x0000000740400000, 0x0000000740500000|  0%| F|  |TS  0|AC  0|TAMS 0x0000000740400000, 0x0000000740400000|
|   5|0x0000000740500000, 0x0000000740500000, 0x0000000740600000|  0%| F|  |TS  0|AC  0|TAMS 0x0000000740500000, 0x0000000740500000|
|   6|0x0000000740600000, 0x0000000740600000, 0x0000000740700000|  0%| F|  |TS  0|AC  0|TAMS 0x0000000740600000, 0x0000000740600000|
|   7|0x0000000740700000, 0x0000000740700000, 0x0000000740800000|  0%| F|  |TS  0|AC  0|TAMS 0x0000000740700000, 0x0000000740700000|
|   8|0x0000000740800000, 0x0000000740800000, 0x0000000740900000|  0%| F|  |TS  0|AC  0|TAMS 0x0000000740800000, 0x0000000740800000|
|   9|0x0000000740900000, 0x0000000740900000, 0x0000000740a00000|  0%| F|  |TS  0|AC  0|TAMS 0x0000000740900000, 0x0000000740900000|
|  10|0x0000000740a00000, 0x0000000740a00000, 0x0000000740b00000|  0%| F|  |TS  0|AC  0|TAMS 0x0000000740a00000, 0x0000000740a00000|
|  11|0x0000000740b00000, 0x0000000740b00000, 0x0000000740c00000|  0%| F|  |TS  0|AC  0|TAMS 0x0000000740b00000, 0x0000000740b00000|
|  12|0x0000000740c00000, 0x0000000740c00000, 0x0000000740d00000|  0%| F|  |TS  0|AC  0|TAMS 0x0000000740c00000, 0x0000000740c00000|
|  13|0x0000000740d00000, 0x0000000740d00000, 0x0000000740e00000|  0%| F|  |TS  0|AC  0|TAMS 0x0000000740d00000, 0x0000000740d00000|
|  14|0x0000000740e00000, 0x0000000740e00000, 0x0000000740f00000|  0%| F|  |TS  0|AC  0|TAMS 0x0000000740e00000, 0x0000000740e00000|
|  15|0x0000000740f00000, 0x0000000740f00000, 0x0000000741000000|  0%| F|  |TS  0|AC  0|TAMS 0x0000000740f00000, 0x0000000740f00000|
|  16|0x0000000741000000, 0x0000000741000000, 0x0000000741100000|  0%| F|  |TS  0|AC  0|TAMS 0x0000000741000000, 0x0000000741000000|
|  17|0x0000000741100000, 0x0000000741100000, 0x0000000741200000|  0%| F|  |TS  0|AC  0|TAMS 0x0000000741100000, 0x0000000741100000|
|  18|0x0000000741200000, 0x0000000741200000, 0x0000000741300000|  0%| F|  |TS  0|AC  0|TAMS 0x0000000741200000, 0x0000000741200000|
|  19|0x0000000741300000, 0x0000000741300000, 0x0000000741400000|  0%| F|  |TS  0|AC  0|TAMS 0x0000000741300000, 0x0000000741300000|
|  20|0x0000000741400000, 0x0000000741400000, 0x0000000741500000|  0%| F|  |TS  0|AC  0|TAMS 0x0000000741400000, 0x0000000741400000|
|  21|0x0000000741500000, 0x0000000741500000, 0x0000000741600000|  0%| F|  |TS  0|AC  0|TAMS 0x0000000741500000, 0x0000000741500000|
|  22|0x0000000741600000, 0x0000000741600000, 0x0000000741700000|  0%| F|  |TS  0|AC  0|TAMS 0x0000000741600000, 0x0000000741600000|
|  23|0x0000000741700000, 0x0000000741700000, 0x0000000741800000|  0%| F|  |TS  0|AC  0|TAMS 0x0000000741700000, 0x0000000741700000|
|  24|0x0000000741800000, 0x0000000741800000, 0x0000000741900000|  0%| F|  |TS  0|AC  0|TAMS 0x0000000741800000, 0x0000000741800000|
|  25|0x0000000741900000, 0x0000000741900000, 0x0000000741a00000|  0%| F|  |TS  0|AC  0|TAMS 0x0000000741900000, 0x0000000741900000|
|  26|0x0000000741a00000, 0x0000000741a00000, 0x0000000741b00000|  0%| F|  |TS  0|AC  0|TAMS 0x0000000741a00000, 0x0000000741a00000|
|  27|0x0000000741b00000, 0x0000000741b00000, 0x0000000741c00000|  0%| F|  |TS  0|AC  0|TAMS 0x0000000741b00000, 0x0000000741b00000|
|  28|0x0000000741c00000, 0x0000000741c00000, 0x0000000741d00000|  0%| F|  |TS  0|AC  0|TAMS 0x0000000741c00000, 0x0000000741c00000|
|  29|0x0000000741d00000, 0x0000000741d00000, 0x0000000741e00000|  0%| F|  |TS  0|AC  0|TAMS 0x0000000741d00000, 0x0000000741d00000|
|  30|0x0000000741e00000, 0x0000000741e00000, 0x0000000741f00000|  0%| F|  |TS  0|AC  0|TAMS 0x0000000741e00000, 0x0000000741e00000|
|  31|0x0000000741f00000, 0x0000000741f00000, 0x0000000742000000|  0%| F|  |TS  0|AC  0|TAMS 0x0000000741f00000, 0x0000000741f00000|
|  32|0x0000000742000000, 0x0000000742000000, 0x0000000742100000|  0%| F|  |TS  0|AC  0|TAMS 0x0000000742000000, 0x0000000742000000|
|  33|0x0000000742100000, 0x0000000742100000, 0x0000000742200000|  0%| F|  |TS  0|AC  0|TAMS 0x0000000742100000, 0x0000000742100000|
|  34|0x0000000742200000, 0x0000000742200000, 0x0000000742300000|  0%| F|  |TS  0|AC  0|TAMS 0x0000000742200000, 0x0000000742200000|
|  35|0x0000000742300000, 0x0000000742300000, 0x0000000742400000|  0%| F|  |TS  0|AC  0|TAMS 0x0000000742300000, 0x0000000742300000|
|  36|0x0000000742400000, 0x0000000742400000, 0x0000000742500000|  0%| F|  |TS  0|AC  0|TAMS 0x0000000742400000, 0x0000000742400000|
|  37|0x0000000742500000, 0x0000000742500000, 0x0000000742600000|  0%| F|  |TS  0|AC  0|TAMS 0x0000000742500000, 0x0000000742500000|
|  38|0x0000000742600000, 0x0000000742600000, 0x0000000742700000|  0%| F|  |TS  0|AC  0|TAMS 0x0000000742600000, 0x0000000742600000|
|  39|0x0000000742700000, 0x0000000742700000, 0x0000000742800000|  0%| F|  |TS  0|AC  0|TAMS 0x0000000742700000, 0x0000000742700000|
|  40|0x0000000742800000, 0x0000000742800000, 0x0000000742900000|  0%| F|  |TS  0|AC  0|TAMS 0x0000000742800000, 0x0000000742800000|
|  41|0x0000000742900000, 0x0000000742900000, 0x0000000742a00000|  0%| F|  |TS  0|AC  0|TAMS 0x0000000742900000, 0x0000000742900000|
|  42|0x0000000742a00000, 0x0000000742a00000, 0x0000000742b00000|  0%| F|  |TS  0|AC  0|TAMS 0x0000000742a00000, 0x0000000742a00000|
|  43|0x0000000742b00000, 0x0000000742b00000, 0x0000000742c00000|  0%| F|  |TS  0|AC  0|TAMS 0x0000000742b00000, 0x0000000742b00000|
|  44|0x0000000742c00000, 0x0000000742c00000, 0x0000000742d00000|  0%| F|  |TS  0|AC  0|TAMS 0x0000000742c00000, 0x0000000742c00000|
|  45|0x0000000742d00000, 0x0000000742d00000, 0x0000000742e00000|  0%| F|  |TS  0|AC  0|TAMS 0x0000000742d00000, 0x0000000742d00000|
|  46|0x0000000742e00000, 0x0000000742e00000, 0x0000000742f00000|  0%| F|  |TS  0|AC  0|TAMS 0x0000000742e00000, 0x0000000742e00000|
|  47|0x0000000742f00000, 0x0000000742f00000, 0x0000000743000000|  0%| F|  |TS  0|AC  0|TAMS 0x0000000742f00000, 0x0000000742f00000|
|  48|0x0000000743000000, 0x0000000743000000, 0x0000000743100000|  0%| F|  |TS  0|AC  0|TAMS 0x0000000743000000, 0x0000000743000000|
|  49|0x0000000743100000, 0x0000000743100000, 0x0000000743200000|  0%| F|  |TS  0|AC  0|TAMS 0x0000000743100000, 0x0000000743100000|
|  50|0x0000000743200000, 0x0000000743200000, 0x0000000743300000|  0%| F|  |TS  0|AC  0|TAMS 0x0000000743200000, 0x0000000743200000|
|  51|0x0000000743300000, 0x0000000743300000, 0x0000000743400000|  0%| F|  |TS  0|AC  0|TAMS 0x0000000743300000, 0x0000000743300000|
|  52|0x0000000743400000, 0x0000000743400000, 0x0000000743500000|  0%| F|  |TS  0|AC  0|TAMS 0x0000000743400000, 0x0000000743400000|
|  53|0x0000000743500000, 0x0000000743500000, 0x0000000743600000|  0%| F|  |TS  0|AC  0|TAMS 0x0000000743500000, 0x0000000743500000|
|  54|0x0000000743600000, 0x0000000743600000, 0x0000000743700000|  0%| F|  |TS  0|AC  0|TAMS 0x0000000743600000, 0x0000000743600000|
|  55|0x0000000743700000, 0x0000000743700000, 0x0000000743800000|  0%| F|  |TS  0|AC  0|TAMS 0x0000000743700000, 0x0000000743700000|
|  56|0x0000000743800000, 0x0000000743800000, 0x0000000743900000|  0%| F|  |TS  0|AC  0|TAMS 0x0000000743800000, 0x0000000743800000|
|  57|0x0000000743900000, 0x0000000743900000, 0x0000000743a00000|  0%| F|  |TS  0|AC  0|TAMS 0x0000000743900000, 0x0000000743900000|
|  58|0x0000000743a00000, 0x0000000743a00000, 0x0000000743b00000|  0%| F|  |TS  0|AC  0|TAMS 0x0000000743a00000, 0x0000000743a00000|
|  59|0x0000000743b00000, 0x0000000743b00000, 0x0000000743c00000|  0%| F|  |TS  0|AC  0|TAMS 0x0000000743b00000, 0x0000000743b00000|
|  60|0x0000000743c00000, 0x0000000743c00000, 0x0000000743d00000|  0%| F|  |TS  0|AC  0|TAMS 0x0000000743c00000, 0x0000000743c00000|
|  61|0x0000000743d00000, 0x0000000743d00000, 0x0000000743e00000|  0%| F|  |TS  0|AC  0|TAMS 0x0000000743d00000, 0x0000000743d00000|
|  62|0x0000000743e00000, 0x0000000743e00000, 0x0000000743f00000|  0%| F|  |TS  0|AC  0|TAMS 0x0000000743e00000, 0x0000000743e00000|
|  63|0x0000000743f00000, 0x0000000743f00000, 0x0000000744000000|  0%| F|  |TS  0|AC  0|TAMS 0x0000000743f00000, 0x0000000743f00000|
|  64|0x0000000744000000, 0x0000000744000000, 0x0000000744100000|  0%| F|  |TS  0|AC  0|TAMS 0x0000000744000000, 0x0000000744000000|
|  65|0x0000000744100000, 0x0000000744100000, 0x0000000744200000|  0%| F|  |TS  0|AC  0|TAMS 0x0000000744100000, 0x0000000744100000|
|  66|0x0000000744200000, 0x0000000744200000, 0x0000000744300000|  0%| F|  |TS  0|AC  0|TAMS 0x0000000744200000, 0x0000000744200000|
|  67|0x0000000744300000, 0x0000000744300000, 0x0000000744400000|  0%| F|  |TS  0|AC  0|TAMS 0x0000000744300000, 0x0000000744300000|
|  68|0x0000000744400000, 0x0000000744400000, 0x0000000744500000|  0%| F|  |TS  0|AC  0|TAMS 0x0000000744400000, 0x0000000744400000|
|  69|0x0000000744500000, 0x0000000744500000, 0x0000000744600000|  0%| F|  |TS  0|AC  0|TAMS 0x0000000744500000, 0x0000000744500000|
|  70|0x0000000744600000, 0x0000000744600000, 0x0000000744700000|  0%| F|  |TS  0|AC  0|TAMS 0x0000000744600000, 0x0000000744600000|
|  71|0x0000000744700000, 0x0000000744700000, 0x0000000744800000|  0%| F|  |TS  0|AC  0|TAMS 0x0000000744700000, 0x0000000744700000|
|  72|0x0000000744800000, 0x0000000744800000, 0x0000000744900000|  0%| F|  |TS  0|AC  0|TAMS 0x0000000744800000, 0x0000000744800000|
|  73|0x0000000744900000, 0x0000000744900000, 0x0000000744a00000|  0%| F|  |TS  0|AC  0|TAMS 0x0000000744900000, 0x0000000744900000|
|  74|0x0000000744a00000, 0x0000000744a00000, 0x0000000744b00000|  0%| F|  |TS  0|AC  0|TAMS 0x0000000744a00000, 0x0000000744a00000|
|  75|0x0000000744b00000, 0x0000000744b00000, 0x0000000744c00000|  0%| F|  |TS  0|AC  0|TAMS 0x0000000744b00000, 0x0000000744b00000|
|  76|0x0000000744c00000, 0x0000000744c00000, 0x0000000744d00000|  0%| F|  |TS  0|AC  0|TAMS 0x0000000744c00000, 0x0000000744c00000|
|  77|0x0000000744d00000, 0x0000000744d00000, 0x0000000744e00000|  0%| F|  |TS  0|AC  0|TAMS 0x0000000744d00000, 0x0000000744d00000|
|  78|0x0000000744e00000, 0x0000000744e00000, 0x0000000744f00000|  0%| F|  |TS  0|AC  0|TAMS 0x0000000744e00000, 0x0000000744e00000|
|  79|0x0000000744f00000, 0x0000000744f00000, 0x0000000745000000|  0%| F|  |TS  0|AC  0|TAMS 0x0000000744f00000, 0x0000000744f00000|
|  80|0x0000000745000000, 0x0000000745000000, 0x0000000745100000|  0%| F|  |TS  0|AC  0|TAMS 0x0000000745000000, 0x0000000745000000|
|  81|0x0000000745100000, 0x0000000745100000, 0x0000000745200000|  0%| F|  |TS  0|AC  0|TAMS 0x0000000745100000, 0x0000000745100000|
|  82|0x0000000745200000, 0x0000000745200000, 0x0000000745300000|  0%| F|  |TS  0|AC  0|TAMS 0x0000000745200000, 0x0000000745200000|
|  83|0x0000000745300000, 0x0000000745300000, 0x0000000745400000|  0%| F|  |TS  0|AC  0|TAMS 0x0000000745300000, 0x0000000745300000|
|  84|0x0000000745400000, 0x0000000745400000, 0x0000000745500000|  0%| F|  |TS  0|AC  0|TAMS 0x0000000745400000, 0x0000000745400000|
|  85|0x0000000745500000, 0x0000000745500000, 0x0000000745600000|  0%| F|  |TS  0|AC  0|TAMS 0x0000000745500000, 0x0000000745500000|
|  86|0x0000000745600000, 0x0000000745600000, 0x0000000745700000|  0%| F|  |TS  0|AC  0|TAMS 0x0000000745600000, 0x0000000745600000|
|  87|0x0000000745700000, 0x0000000745700000, 0x0000000745800000|  0%| F|  |TS  0|AC  0|TAMS 0x0000000745700000, 0x0000000745700000|
|  88|0x0000000745800000, 0x0000000745800000, 0x0000000745900000|  0%| F|  |TS  0|AC  0|TAMS 0x0000000745800000, 0x0000000745800000|
|  89|0x0000000745900000, 0x0000000745900000, 0x0000000745a00000|  0%| F|  |TS  0|AC  0|TAMS 0x0000000745900000, 0x0000000745900000|
|  90|0x0000000745a00000, 0x0000000745a00000, 0x0000000745b00000|  0%| F|  |TS  0|AC  0|TAMS 0x0000000745a00000, 0x0000000745a00000|
|  91|0x0000000745b00000, 0x0000000745b00000, 0x0000000745c00000|  0%| F|  |TS  0|AC  0|TAMS 0x0000000745b00000, 0x0000000745b00000|
|  92|0x0000000745c00000, 0x0000000745c00000, 0x0000000745d00000|  0%| F|  |TS  0|AC  0|TAMS 0x0000000745c00000, 0x0000000745c00000|
|  93|0x0000000745d00000, 0x0000000745d00000, 0x0000000745e00000|  0%| F|  |TS  0|AC  0|TAMS 0x0000000745d00000, 0x0000000745d00000|
|  94|0x0000000745e00000, 0x0000000745e00000, 0x0000000745f00000|  0%| F|  |TS  0|AC  0|TAMS 0x0000000745e00000, 0x0000000745e00000|
|  95|0x0000000745f00000, 0x0000000745f00000, 0x0000000746000000|  0%| F|  |TS  0|AC  0|TAMS 0x0000000745f00000, 0x0000000745f00000|
|  96|0x0000000746000000, 0x0000000746000000, 0x0000000746100000|  0%| F|  |TS  0|AC  0|TAMS 0x0000000746000000, 0x0000000746000000|
|  97|0x0000000746100000, 0x0000000746100000, 0x0000000746200000|  0%| F|  |TS  0|AC  0|TAMS 0x0000000746100000, 0x0000000746100000|
|  98|0x0000000746200000, 0x0000000746200000, 0x0000000746300000|  0%| F|  |TS  0|AC  0|TAMS 0x0000000746200000, 0x0000000746200000|
|  99|0x0000000746300000, 0x0000000746300000, 0x0000000746400000|  0%| F|  |TS  0|AC  0|TAMS 0x0000000746300000, 0x0000000746300000|
| 100|0x0000000746400000, 0x0000000746400000, 0x0000000746500000|  0%| F|  |TS  0|AC  0|TAMS 0x0000000746400000, 0x0000000746400000|
| 101|0x0000000746500000, 0x0000000746500000, 0x0000000746600000|  0%| F|  |TS  0|AC  0|TAMS 0x0000000746500000, 0x0000000746500000|
| 102|0x0000000746600000, 0x0000000746600000, 0x0000000746700000|  0%| F|  |TS  0|AC  0|TAMS 0x0000000746600000, 0x0000000746600000|
| 103|0x0000000746700000, 0x0000000746700000, 0x0000000746800000|  0%| F|  |TS  0|AC  0|TAMS 0x0000000746700000, 0x0000000746700000|
| 104|0x0000000746800000, 0x0000000746800000, 0x0000000746900000|  0%| F|  |TS  0|AC  0|TAMS 0x0000000746800000, 0x0000000746800000|
| 105|0x0000000746900000, 0x0000000746900000, 0x0000000746a00000|  0%| F|  |TS  0|AC  0|TAMS 0x0000000746900000, 0x0000000746900000|
| 106|0x0000000746a00000, 0x0000000746a00000, 0x0000000746b00000|  0%| F|  |TS  0|AC  0|TAMS 0x0000000746a00000, 0x0000000746a00000|
| 107|0x0000000746b00000, 0x0000000746b00000, 0x0000000746c00000|  0%| F|  |TS  0|AC  0|TAMS 0x0000000746b00000, 0x0000000746b00000|
| 108|0x0000000746c00000, 0x0000000746c00000, 0x0000000746d00000|  0%| F|  |TS  0|AC  0|TAMS 0x0000000746c00000, 0x0000000746c00000|
| 109|0x0000000746d00000, 0x0000000746d00000, 0x0000000746e00000|  0%| F|  |TS  0|AC  0|TAMS 0x0000000746d00000, 0x0000000746d00000|
| 110|0x0000000746e00000, 0x0000000746e00000, 0x0000000746f00000|  0%| F|  |TS  0|AC  0|TAMS 0x0000000746e00000, 0x0000000746e00000|
| 111|0x0000000746f00000, 0x0000000746f00000, 0x0000000747000000|  0%| F|  |TS  0|AC  0|TAMS 0x0000000746f00000, 0x0000000746f00000|
| 112|0x0000000747000000, 0x0000000747100000, 0x0000000747100000|100%| S|CS|TS  1|AC  0|TAMS 0x0000000747000000, 0x0000000747000000|
| 113|0x0000000747100000, 0x0000000747200000, 0x0000000747200000|100%| S|CS|TS  1|AC  0|TAMS 0x0000000747100000, 0x0000000747100000|
| 114|0x0000000747200000, 0x0000000747200000, 0x0000000747300000|  0%| F|  |TS  1|AC  0|TAMS 0x0000000747200000, 0x0000000747200000|
| 115|0x0000000747300000, 0x0000000747300000, 0x0000000747400000|  0%| F|  |TS  1|AC  0|TAMS 0x0000000747300000, 0x0000000747300000|
| 116|0x0000000747400000, 0x0000000747400000, 0x0000000747500000|  0%| F|  |TS  1|AC  0|TAMS 0x0000000747400000, 0x0000000747400000|
| 117|0x0000000747500000, 0x0000000747500000, 0x0000000747600000|  0%| F|  |TS  1|AC  0|TAMS 0x0000000747500000, 0x0000000747500000|
| 118|0x0000000747600000, 0x0000000747600000, 0x0000000747700000|  0%| F|  |TS  1|AC  0|TAMS 0x0000000747600000, 0x0000000747600000|
| 119|0x0000000747700000, 0x0000000747700000, 0x0000000747800000|  0%| F|  |TS  1|AC  0|TAMS 0x0000000747700000, 0x0000000747700000|
| 120|0x0000000747800000, 0x0000000747800000, 0x0000000747900000|  0%| F|  |TS  1|AC  0|TAMS 0x0000000747800000, 0x0000000747800000|
| 121|0x0000000747900000, 0x0000000747900000, 0x0000000747a00000|  0%| F|  |TS  1|AC  0|TAMS 0x0000000747900000, 0x0000000747900000|
| 122|0x0000000747a00000, 0x0000000747a00000, 0x0000000747b00000|  0%| F|  |TS  1|AC  0|TAMS 0x0000000747a00000, 0x0000000747a00000|
| 123|0x0000000747b00000, 0x0000000747b00800, 0x0000000747c00000|  0%| E|  |TS  1|AC  0|TAMS 0x0000000747b00000, 0x0000000747b00000|
| 124|0x0000000747c00000, 0x0000000747d00000, 0x0000000747d00000|100%| E|CS|TS  1|AC  0|TAMS 0x0000000747c00000, 0x0000000747c00000|
| 125|0x0000000747d00000, 0x0000000747e00000, 0x0000000747e00000|100%| E|CS|TS  1|AC  0|TAMS 0x0000000747d00000, 0x0000000747d00000|
| 126|0x0000000747e00000, 0x0000000747f00000, 0x0000000747f00000|100%| E|CS|TS  1|AC  0|TAMS 0x0000000747e00000, 0x0000000747e00000|
| 127|0x0000000747f00000, 0x0000000748000000, 0x0000000748000000|100%| E|CS|TS  1|AC  0|TAMS 0x0000000747f00000, 0x0000000747f00000|

Card table byte_map: [0x0000000116cb7000,0x00000001170b7000] byte_map_base: 0x00000001132b7000

Marking Bits (Prev, Next): (CMBitMap*) 0x00007f9488018c60, (CMBitMap*) 0x00007f9488018c98
 Prev Bits: [0x00000001276b5000, 0x00000001296b5000)
 Next Bits: [0x00000001296b5000, 0x000000012b6b5000)

Polling page: 0x00000001099cb000

CodeHeap 'non-profiled nmethods': size=120032Kb used=349Kb max_used=349Kb free=119682Kb
 bounds [0x000000012017d000, 0x00000001203ed000, 0x00000001276b5000]
CodeHeap 'profiled nmethods': size=120032Kb used=1532Kb max_used=1532Kb free=118500Kb
 bounds [0x0000000118c45000, 0x0000000118eb5000, 0x000000012017d000]
CodeHeap 'non-nmethods': size=5696Kb used=1337Kb max_used=1365Kb free=4358Kb
 bounds [0x00000001186b5000, 0x0000000118925000, 0x0000000118c45000]
 total_blobs=1899 nmethods=903 adapters=724
 compilation: enabled

Compilation events (10 events):
Event: 2.323 Thread 0x00007f94878b7800 nmethod 895 0x0000000118dc1590 code [0x0000000118dc1760, 0x0000000118dc19a8]
Event: 2.323 Thread 0x00007f94878b7800  889       3       java.util.Optional::empty (6 bytes)
Event: 2.323 Thread 0x00007f94878b7800 nmethod 889 0x0000000118dc1a90 code [0x0000000118dc1c40, 0x0000000118dc1d70]
Event: 2.329 Thread 0x00007f94878b7800  897       3       sun.util.locale.LocaleUtils::isUpper (18 bytes)
Event: 2.329 Thread 0x00007f94878b7800 nmethod 897 0x0000000118dc1e10 code [0x0000000118dc1fc0, 0x0000000118dc2190]
Event: 2.329 Thread 0x00007f94878b7800  898       3       sun.util.locale.LocaleUtils::toLower (17 bytes)
Event: 2.329 Thread 0x00007f94878b7800 nmethod 898 0x0000000118dc2210 code [0x0000000118dc23c0, 0x0000000118dc2650]
Event: 2.330 Thread 0x00007f94878b6800 nmethod 890 0x00000001201d3810 code [0x00000001201d39a0, 0x00000001201d3d98]
Event: 2.335 Thread 0x00007f94878b7800  899       3       java.lang.ref.Reference::clear (6 bytes)
Event: 2.335 Thread 0x00007f94878b7800 nmethod 899 0x0000000118dc2710 code [0x0000000118dc28c0, 0x0000000118dc2a50]

GC Heap History (2 events):
Event: 1.723 GC heap before
{Heap before GC invocations=0 (full 0):
 garbage-first heap   total 131072K, used 15360K [0x0000000740000000, 0x00000007c0000000)
  region size 1024K, 14 young (14336K), 0 survivors (0K)
 Metaspace       used 14105K, capacity 14317K, committed 14592K, reserved 1062912K
  class space    used 1172K, capacity 1261K, committed 1280K, reserved 1048576K
}
Event: 1.730 GC heap after
{Heap after GC invocations=1 (full 0):
 garbage-first heap   total 131072K, used 2874K [0x0000000740000000, 0x00000007c0000000)
  region size 1024K, 2 young (2048K), 2 survivors (2048K)
 Metaspace       used 14105K, capacity 14317K, committed 14592K, reserved 1062912K
  class space    used 1172K, capacity 1261K, committed 1280K, reserved 1048576K
}

Deoptimization events (5 events):
Event: 0.144 Thread 0x00007f948780d000 Uncommon trap: reason=unstable_if action=reinterpret pc=0x000000012018108c method=java.lang.String.hashCode()I @ 14 c2
Event: 0.462 Thread 0x00007f948780d000 Uncommon trap: reason=unstable_if action=reinterpret pc=0x000000012019ac30 method=java.lang.StringLatin1.replace([BCC)Ljava/lang/String; @ 19 c2
Event: 0.553 Thread 0x00007f948780d000 Uncommon trap: reason=unstable_if action=reinterpret pc=0x00000001201a3a7c method=java.nio.Buffer.hasRemaining()Z @ 8 c2
Event: 0.892 Thread 0x00007f948780d000 Uncommon trap: reason=unstable_if action=reinterpret pc=0x00000001201a5a24 method=java.lang.String.startsWith(Ljava/lang/String;I)Z @ 14 c2
Event: 1.733 Thread 0x00007f948780d000 Uncommon trap: reason=unstable_if action=reinterpret pc=0x00000001201b8a30 method=java.util.HashMap.getNode(ILjava/lang/Object;)Ljava/util/HashMap$Node; @ 116 c2

Classes redefined (0 events):
No events

Internal exceptions (10 events):
Event: 2.084 Thread 0x00007f948891a800 Exception <a 'java/lang/NoSuchMethodError'{0x0000000747d078f8}: method resolution failed> (0x0000000747d078f8) thrown at [/scratch/mesos/slaves/450fa0f5-8733-43f8-b866-79fe3e86d200-S3216/frameworks/1735e8a2-a1db-478c-8104-60c8b0af87dd-0196/executors/ad79a
Event: 2.085 Thread 0x00007f948891a800 Exception <a 'java/lang/NoSuchMethodError'{0x0000000747d0ea10}: method resolution failed> (0x0000000747d0ea10) thrown at [/scratch/mesos/slaves/450fa0f5-8733-43f8-b866-79fe3e86d200-S3216/frameworks/1735e8a2-a1db-478c-8104-60c8b0af87dd-0196/executors/ad79a
Event: 2.085 Thread 0x00007f948891a800 Exception <a 'java/lang/NoSuchMethodError'{0x0000000747d12770}: method resolution failed> (0x0000000747d12770) thrown at [/scratch/mesos/slaves/450fa0f5-8733-43f8-b866-79fe3e86d200-S3216/frameworks/1735e8a2-a1db-478c-8104-60c8b0af87dd-0196/executors/ad79a
Event: 2.094 Thread 0x00007f948891a800 Exception <a 'java/lang/NoSuchMethodError'{0x0000000747d1c8b8}: java.lang.invoke.DirectMethodHandle$Holder.invokeSpecial(Ljava/lang/Object;Ljava/lang/Object;J)V> (0x0000000747d1c8b8) thrown at [/scratch/mesos/slaves/450fa0f5-8733-43f8-b866-79fe3e86d200-S3
Event: 2.119 Thread 0x00007f9487a6d800 Exception <a 'java/lang/NoSuchMethodError'{0x0000000747eca5c8}: method resolution failed> (0x0000000747eca5c8) thrown at [/scratch/mesos/slaves/450fa0f5-8733-43f8-b866-79fe3e86d200-S3216/frameworks/1735e8a2-a1db-478c-8104-60c8b0af87dd-0196/executors/ad79a
Event: 2.123 Thread 0x00007f948891a800 Exception <a 'java/lang/NoSuchMethodError'{0x0000000747d27f78}: java.lang.invoke.DirectMethodHandle$Holder.invokeStatic(Ljava/lang/Object;J)V> (0x0000000747d27f78) thrown at [/scratch/mesos/slaves/450fa0f5-8733-43f8-b866-79fe3e86d200-S3216/frameworks/1735
Event: 2.204 Thread 0x00007f9487a6d800 Exception <a 'java/lang/NoSuchMethodError'{0x0000000747c2f810}: java.lang.invoke.DirectMethodHandle$Holder.invokeStatic(Ljava/lang/Object;JJ)V> (0x0000000747c2f810) thrown at [/scratch/mesos/slaves/450fa0f5-8733-43f8-b866-79fe3e86d200-S3216/frameworks/173
Event: 2.205 Thread 0x00007f9487a6d800 Exception <a 'java/lang/NoSuchMethodError'{0x0000000747c34d58}: java.lang.invoke.DirectMethodHandle$Holder.invokeStatic(Ljava/lang/Object;J)Ljava/lang/Object;> (0x0000000747c34d58) thrown at [/scratch/mesos/slaves/450fa0f5-8733-43f8-b866-79fe3e86d200-S321
Event: 2.205 Thread 0x00007f9487a6d800 Exception <a 'java/lang/NoSuchMethodError'{0x0000000747c384c8}: method resolution failed> (0x0000000747c384c8) thrown at [/scratch/mesos/slaves/450fa0f5-8733-43f8-b866-79fe3e86d200-S3216/frameworks/1735e8a2-a1db-478c-8104-60c8b0af87dd-0196/executors/ad79a
Event: 2.208 Thread 0x00007f9487a6d800 Exception <a 'java/lang/NoSuchMethodError'{0x0000000747c3e180}: method resolution failed> (0x0000000747c3e180) thrown at [/scratch/mesos/slaves/450fa0f5-8733-43f8-b866-79fe3e86d200-S3216/frameworks/1735e8a2-a1db-478c-8104-60c8b0af87dd-0196/executors/ad79a

Events (10 events):
Event: 2.329 loading class java/awt/Window$1DisposeAction
Event: 2.329 loading class java/awt/Window$1DisposeAction done
Event: 2.329 loading class java/awt/KeyboardFocusManager$2
Event: 2.330 loading class java/awt/KeyboardFocusManager$2 done
Event: 2.330 loading class sun/awt/SunToolkit$1
Event: 2.330 loading class sun/awt/SunToolkit$1 done
Event: 2.334 Executing VM operation: RevokeBias
Event: 2.334 Executing VM operation: RevokeBias done
Event: 2.334 loading class jogamp/opengl/macosx/cgl/MacOSXCGLContext$NSOpenGLImpl$DetachGLLayerCmd
Event: 2.334 loading class jogamp/opengl/macosx/cgl/MacOSXCGLContext$NSOpenGLImpl$DetachGLLayerCmd done


Dynamic libraries:
0x00007fff3332c000 	/System/Library/Frameworks/Cocoa.framework/Versions/A/Cocoa
0x00007fff3f00e000 	/System/Library/Frameworks/Security.framework/Versions/A/Security
0x00007fff31fc1000 	/System/Library/Frameworks/ApplicationServices.framework/Versions/A/ApplicationServices
0x00007fff5f656000 	/usr/lib/libz.1.dylib
0x00007fff5cd86000 	/usr/lib/libSystem.B.dylib
0x00007fff33b14000 	/System/Library/Frameworks/CoreFoundation.framework/Versions/A/CoreFoundation
0x00007fff35d88000 	/System/Library/Frameworks/Foundation.framework/Versions/C/Foundation
0x00007fff5e780000 	/usr/lib/libobjc.A.dylib
0x00007fff311ba000 	/System/Library/Frameworks/AppKit.framework/Versions/C/AppKit
0x00007fff336a7000 	/System/Library/Frameworks/CoreData.framework/Versions/A/CoreData
0x00007fff568d5000 	/System/Library/PrivateFrameworks/RemoteViewServices.framework/Versions/A/RemoteViewServices
0x00007fff5aac9000 	/System/Library/PrivateFrameworks/UIFoundation.framework/Versions/A/UIFoundation
0x00007fff5c1ab000 	/System/Library/PrivateFrameworks/XCTTargetBootstrap.framework/Versions/A/XCTTargetBootstrap
0x00007fff51712000 	/System/Library/PrivateFrameworks/IconServices.framework/Versions/A/IconServices
0x00007fff386a1000 	/System/Library/Frameworks/Metal.framework/Versions/A/Metal
0x00007fff48c9d000 	/System/Library/PrivateFrameworks/DesktopServicesPriv.framework/Versions/A/DesktopServicesPriv
0x00007fff5dae6000 	/usr/lib/libenergytrace.dylib
0x00007fff58fb8000 	/System/Library/PrivateFrameworks/SkyLight.framework/Versions/A/SkyLight
0x00007fff33f59000 	/System/Library/Frameworks/CoreGraphics.framework/Versions/A/CoreGraphics
0x00007fff2ff86000 	/System/Library/Frameworks/Accelerate.framework/Versions/A/Accelerate
0x00007fff364ce000 	/System/Library/Frameworks/IOSurface.framework/Versions/A/IOSurface
0x00007fff48b09000 	/System/Library/PrivateFrameworks/DFRFoundation.framework/Versions/A/DFRFoundation
0x00007fff324a4000 	/System/Library/Frameworks/AudioToolbox.framework/Versions/A/AudioToolbox
0x00007fff3271d000 	/System/Library/Frameworks/AudioUnit.framework/Versions/A/AudioUnit
0x00007fff48b9e000 	/System/Library/PrivateFrameworks/DataDetectorsCore.framework/Versions/A/DataDetectorsCore
0x00007fff32e30000 	/System/Library/Frameworks/Carbon.framework/Versions/A/Frameworks/HIToolbox.framework/Versions/A/HIToolbox
0x00007fff5dc3f000 	/usr/lib/libicucore.A.dylib
0x00007fff3e585000 	/System/Library/Frameworks/QuartzCore.framework/Versions/A/QuartzCore
0x00007fff33204000 	/System/Library/Frameworks/Carbon.framework/Versions/A/Frameworks/SpeechRecognition.framework/Versions/A/SpeechRecognition
0x00007fff5ceda000 	/usr/lib/libauto.dylib
0x00007fff5f54a000 	/usr/lib/libxml2.2.dylib
0x00007fff486e9000 	/System/Library/PrivateFrameworks/CoreUI.framework/Versions/A/CoreUI
0x00007fff33592000 	/System/Library/Frameworks/CoreAudio.framework/Versions/A/CoreAudio
0x00007fff35bc4000 	/System/Library/Frameworks/DiskArbitration.framework/Versions/A/DiskArbitration
0x00007fff5deec000 	/usr/lib/liblangid.dylib
0x00007fff52b11000 	/System/Library/PrivateFrameworks/MultitouchSupport.framework/Versions/A/MultitouchSupport
0x00007fff3643d000 	/System/Library/Frameworks/IOKit.framework/Versions/A/IOKit
0x00007fff5c947000 	/usr/lib/libDiagnosticMessagesClient.dylib
0x00007fff34d65000 	/System/Library/Frameworks/CoreServices.framework/Versions/A/CoreServices
0x00007fff546e7000 	/System/Library/PrivateFrameworks/PerformanceAnalysis.framework/Versions/A/PerformanceAnalysis
0x00007fff3d775000 	/System/Library/Frameworks/OpenGL.framework/Versions/A/OpenGL
0x00007fff3333a000 	/System/Library/Frameworks/ColorSync.framework/Versions/A/ColorSync
0x00007fff345ea000 	/System/Library/Frameworks/CoreImage.framework/Versions/A/CoreImage
0x00007fff3573e000 	/System/Library/Frameworks/CoreText.framework/Versions/A/CoreText
0x00007fff36531000 	/System/Library/Frameworks/ImageIO.framework/Versions/A/ImageIO
0x00007fff44d47000 	/System/Library/PrivateFrameworks/Backup.framework/Versions/A/Backup
0x00007fff5ce2d000 	/usr/lib/libarchive.2.dylib
0x00007fff32a75000 	/System/Library/Frameworks/CFNetwork.framework/Versions/A/CFNetwork
0x00007fff3f767000 	/System/Library/Frameworks/SystemConfiguration.framework/Versions/A/SystemConfiguration
0x00007fff5c878000 	/usr/lib/libCRFSuite.dylib
0x00007fff5cfc9000 	/usr/lib/libc++.1.dylib
0x00007fff5d01d000 	/usr/lib/libc++abi.dylib
0x00007fff5fe45000 	/usr/lib/system/libcache.dylib
0x00007fff5fe4a000 	/usr/lib/system/libcommonCrypto.dylib
0x00007fff5fe55000 	/usr/lib/system/libcompiler_rt.dylib
0x00007fff5fe5d000 	/usr/lib/system/libcopyfile.dylib
0x00007fff5fe67000 	/usr/lib/system/libcorecrypto.dylib
0x00007fff5ff72000 	/usr/lib/system/libdispatch.dylib
0x00007fff5ffac000 	/usr/lib/system/libdyld.dylib
0x00007fff5ffd9000 	/usr/lib/system/libkeymgr.dylib
0x00007fff5ffe7000 	/usr/lib/system/liblaunch.dylib
0x00007fff5ffe8000 	/usr/lib/system/libmacho.dylib
0x00007fff5ffee000 	/usr/lib/system/libquarantine.dylib
0x00007fff5fff1000 	/usr/lib/system/libremovefile.dylib
0x00007fff5fff3000 	/usr/lib/system/libsystem_asl.dylib
0x00007fff6000b000 	/usr/lib/system/libsystem_blocks.dylib
0x00007fff6000c000 	/usr/lib/system/libsystem_c.dylib
0x00007fff60094000 	/usr/lib/system/libsystem_configuration.dylib
0x00007fff60098000 	/usr/lib/system/libsystem_coreservices.dylib
0x00007fff6009c000 	/usr/lib/system/libsystem_darwin.dylib
0x00007fff600a3000 	/usr/lib/system/libsystem_dnssd.dylib
0x00007fff600aa000 	/usr/lib/system/libsystem_info.dylib
0x00007fff6011f000 	/usr/lib/system/libsystem_m.dylib
0x00007fff6016b000 	/usr/lib/system/libsystem_malloc.dylib
0x00007fff60190000 	/usr/lib/system/libsystem_networkextension.dylib
0x00007fff6019b000 	/usr/lib/system/libsystem_notify.dylib
0x00007fff601b8000 	/usr/lib/system/libsystem_sandbox.dylib
0x00007fff601bc000 	/usr/lib/system/libsystem_secinit.dylib
0x00007fff600f6000 	/usr/lib/system/libsystem_kernel.dylib
0x00007fff601a3000 	/usr/lib/system/libsystem_platform.dylib
0x00007fff601ad000 	/usr/lib/system/libsystem_pthread.dylib
0x00007fff601bf000 	/usr/lib/system/libsystem_symptoms.dylib
0x00007fff601c7000 	/usr/lib/system/libsystem_trace.dylib
0x00007fff601de000 	/usr/lib/system/libunwind.dylib
0x00007fff601e4000 	/usr/lib/system/libxpc.dylib
0x00007fff5cfaa000 	/usr/lib/libbsm.0.dylib
0x00007fff5ffda000 	/usr/lib/system/libkxld.dylib
0x00007fff43f8d000 	/System/Library/PrivateFrameworks/AppleFSCompression.framework/Versions/A/AppleFSCompression
0x00007fff5cc46000 	/usr/lib/libOpenScriptingUtil.dylib
0x00007fff5d2d2000 	/usr/lib/libcoretls.dylib
0x00007fff5d2e9000 	/usr/lib/libcoretls_cfhelpers.dylib
0x00007fff5ef17000 	/usr/lib/libpam.2.dylib
0x00007fff5f0d7000 	/usr/lib/libsqlite3.dylib
0x00007fff5f538000 	/usr/lib/libxar.1.dylib
0x00007fff5cfbb000 	/usr/lib/libbz2.1.0.dylib
0x00007fff5deee000 	/usr/lib/liblzma.5.dylib
0x00007fff5e39f000 	/usr/lib/libnetwork.dylib
0x00007fff5ce16000 	/usr/lib/libapple_nghttp2.dylib
0x00007fff5ef1e000 	/usr/lib/libpcap.A.dylib
0x00007fff35104000 	/System/Library/Frameworks/CoreServices.framework/Versions/A/Frameworks/FSEvents.framework/Versions/A/FSEvents
0x00007fff34de3000 	/System/Library/Frameworks/CoreServices.framework/Versions/A/Frameworks/CarbonCore.framework/Versions/A/CarbonCore
0x00007fff352c0000 	/System/Library/Frameworks/CoreServices.framework/Versions/A/Frameworks/Metadata.framework/Versions/A/Metadata
0x00007fff3535f000 	/System/Library/Frameworks/CoreServices.framework/Versions/A/Frameworks/OSServices.framework/Versions/A/OSServices
0x00007fff353aa000 	/System/Library/Frameworks/CoreServices.framework/Versions/A/Frameworks/SearchKit.framework/Versions/A/SearchKit
0x00007fff34d66000 	/System/Library/Frameworks/CoreServices.framework/Versions/A/Frameworks/AE.framework/Versions/A/AE
0x00007fff3510d000 	/System/Library/Frameworks/CoreServices.framework/Versions/A/Frameworks/LaunchServices.framework/Versions/A/LaunchServices
0x00007fff350bb000 	/System/Library/Frameworks/CoreServices.framework/Versions/A/Frameworks/DictionaryServices.framework/Versions/A/DictionaryServices
0x00007fff35412000 	/System/Library/Frameworks/CoreServices.framework/Versions/A/Frameworks/SharedFileList.framework/Versions/A/SharedFileList
0x00007fff39750000 	/System/Library/Frameworks/NetFS.framework/Versions/A/NetFS
0x00007fff52d77000 	/System/Library/PrivateFrameworks/NetAuth.framework/Versions/A/NetAuth
0x00007fff5c5af000 	/System/Library/PrivateFrameworks/login.framework/Versions/A/Frameworks/loginsupport.framework/Versions/A/loginsupport
0x00007fff5a6d2000 	/System/Library/PrivateFrameworks/TCC.framework/Versions/A/TCC
0x00007fff47d48000 	/System/Library/PrivateFrameworks/CoreNLP.framework/Versions/A/CoreNLP
0x00007fff52811000 	/System/Library/PrivateFrameworks/MetadataUtilities.framework/Versions/A/MetadataUtilities
0x00007fff5dfc3000 	/usr/lib/libmecabra.dylib
0x00007fff31fc2000 	/System/Library/Frameworks/ApplicationServices.framework/Versions/A/Frameworks/ATS.framework/Versions/A/ATS
0x00007fff32311000 	/System/Library/Frameworks/ApplicationServices.framework/Versions/A/Frameworks/ColorSyncLegacy.framework/Versions/A/ColorSyncLegacy
0x00007fff323b0000 	/System/Library/Frameworks/ApplicationServices.framework/Versions/A/Frameworks/HIServices.framework/Versions/A/HIServices
0x00007fff32403000 	/System/Library/Frameworks/ApplicationServices.framework/Versions/A/Frameworks/LangAnalysis.framework/Versions/A/LangAnalysis
0x00007fff32413000 	/System/Library/Frameworks/ApplicationServices.framework/Versions/A/Frameworks/PrintCore.framework/Versions/A/PrintCore
0x00007fff3245d000 	/System/Library/Frameworks/ApplicationServices.framework/Versions/A/Frameworks/QD.framework/Versions/A/QD
0x00007fff32497000 	/System/Library/Frameworks/ApplicationServices.framework/Versions/A/Frameworks/SpeechSynthesis.framework/Versions/A/SpeechSynthesis
0x00007fff5d045000 	/usr/lib/libcompression.dylib
0x00007fff33a2c000 	/System/Library/Frameworks/CoreDisplay.framework/Versions/A/CoreDisplay
0x00007fff38958000 	/System/Library/Frameworks/MetalPerformanceShaders.framework/Versions/A/MetalPerformanceShaders
0x00007fff2ff9e000 	/System/Library/Frameworks/Accelerate.framework/Versions/A/Frameworks/vImage.framework/Versions/A/vImage
0x00007fff31018000 	/System/Library/Frameworks/Accelerate.framework/Versions/A/Frameworks/vecLib.framework/Versions/A/vecLib
0x00007fff30f64000 	/System/Library/Frameworks/Accelerate.framework/Versions/A/Frameworks/vecLib.framework/Versions/A/libvMisc.dylib
0x00007fff30d7c000 	/System/Library/Frameworks/Accelerate.framework/Versions/A/Frameworks/vecLib.framework/Versions/A/libvDSP.dylib
0x00007fff30638000 	/System/Library/Frameworks/Accelerate.framework/Versions/A/Frameworks/vecLib.framework/Versions/A/libBLAS.dylib
0x00007fff30925000 	/System/Library/Frameworks/Accelerate.framework/Versions/A/Frameworks/vecLib.framework/Versions/A/libLAPACK.dylib
0x00007fff30ccf000 	/System/Library/Frameworks/Accelerate.framework/Versions/A/Frameworks/vecLib.framework/Versions/A/libLinearAlgebra.dylib
0x00007fff30d68000 	/System/Library/Frameworks/Accelerate.framework/Versions/A/Frameworks/vecLib.framework/Versions/A/libSparseBLAS.dylib
0x00007fff30ce5000 	/System/Library/Frameworks/Accelerate.framework/Versions/A/Frameworks/vecLib.framework/Versions/A/libQuadrature.dylib
0x00007fff308b2000 	/System/Library/Frameworks/Accelerate.framework/Versions/A/Frameworks/vecLib.framework/Versions/A/libBNNS.dylib
0x00007fff30ceb000 	/System/Library/Frameworks/Accelerate.framework/Versions/A/Frameworks/vecLib.framework/Versions/A/libSparse.dylib
0x00007fff4f083000 	/System/Library/PrivateFrameworks/GPUWrangler.framework/Versions/A/GPUWrangler
0x00007fff51347000 	/System/Library/PrivateFrameworks/IOAccelerator.framework/Versions/A/IOAccelerator
0x00007fff51352000 	/System/Library/PrivateFrameworks/IOPresentment.framework/Versions/A/IOPresentment
0x00007fff48b19000 	/System/Library/PrivateFrameworks/DSExternalDisplay.framework/Versions/A/DSExternalDisplay
0x00007fff3cbcc000 	/System/Library/Frameworks/OpenGL.framework/Versions/A/Libraries/libCoreFSCache.dylib
0x00007fff3874c000 	/System/Library/Frameworks/MetalPerformanceShaders.framework/Frameworks/MPSCore.framework/Versions/A/MPSCore
0x00007fff3876c000 	/System/Library/Frameworks/MetalPerformanceShaders.framework/Frameworks/MPSImage.framework/Versions/A/MPSImage
0x00007fff38811000 	/System/Library/Frameworks/MetalPerformanceShaders.framework/Frameworks/MPSNeuralNetwork.framework/Versions/A/MPSNeuralNetwork
0x00007fff387e9000 	/System/Library/Frameworks/MetalPerformanceShaders.framework/Frameworks/MPSMatrix.framework/Versions/A/MPSMatrix
0x00007fff3893d000 	/System/Library/Frameworks/MetalPerformanceShaders.framework/Frameworks/MPSRayIntersector.framework/Versions/A/MPSRayIntersector
0x00007fff5283a000 	/System/Library/PrivateFrameworks/MetalTools.framework/Versions/A/MetalTools
0x00007fff4368e000 	/System/Library/PrivateFrameworks/AggregateDictionary.framework/Versions/A/AggregateDictionary
0x00007fff5cc27000 	/usr/lib/libMobileGestalt.dylib
0x00007fff358a1000 	/System/Library/Frameworks/CoreVideo.framework/Versions/A/CoreVideo
0x00007fff4fe8d000 	/System/Library/PrivateFrameworks/GraphVisualizer.framework/Versions/A/GraphVisualizer
0x00007fff49d13000 	/System/Library/PrivateFrameworks/FaceCore.framework/Versions/A/FaceCore
0x00007fff3c1fa000 	/System/Library/Frameworks/OpenCL.framework/Versions/A/OpenCL
0x00007fff5c97f000 	/usr/lib/libFosl_dynamic.dylib
0x00007fff535e2000 	/System/Library/PrivateFrameworks/OTSVG.framework/Versions/A/OTSVG
0x00007fff320c6000 	/System/Library/Frameworks/ApplicationServices.framework/Versions/A/Frameworks/ATS.framework/Versions/A/Resources/libFontParser.dylib
0x00007fff321de000 	/System/Library/Frameworks/ApplicationServices.framework/Versions/A/Frameworks/ATS.framework/Versions/A/Resources/libFontRegistry.dylib
0x00007fff3679f000 	/System/Library/Frameworks/ImageIO.framework/Versions/A/Resources/libJPEG.dylib
0x00007fff36ab1000 	/System/Library/Frameworks/ImageIO.framework/Versions/A/Resources/libTIFF.dylib
0x00007fff36a87000 	/System/Library/Frameworks/ImageIO.framework/Versions/A/Resources/libPng.dylib
0x00007fff366bd000 	/System/Library/Frameworks/ImageIO.framework/Versions/A/Resources/libGIF.dylib
0x00007fff366c2000 	/System/Library/Frameworks/ImageIO.framework/Versions/A/Resources/libJP2.dylib
0x00007fff36aae000 	/System/Library/Frameworks/ImageIO.framework/Versions/A/Resources/libRadiance.dylib
0x00007fff440e2000 	/System/Library/PrivateFrameworks/AppleJPEG.framework/Versions/A/AppleJPEG
0x00007fff3cbd7000 	/System/Library/Frameworks/OpenGL.framework/Versions/A/Libraries/libGFXShared.dylib
0x00007fff3cd9a000 	/System/Library/Frameworks/OpenGL.framework/Versions/A/Libraries/libGLU.dylib
0x00007fff3cbe0000 	/System/Library/Frameworks/OpenGL.framework/Versions/A/Libraries/libGL.dylib
0x00007fff3cbec000 	/System/Library/Frameworks/OpenGL.framework/Versions/A/Libraries/libGLImage.dylib
0x00007fff3cbc9000 	/System/Library/Frameworks/OpenGL.framework/Versions/A/Libraries/libCVMSPluginSupport.dylib
0x00007fff3cbd2000 	/System/Library/Frameworks/OpenGL.framework/Versions/A/Libraries/libCoreVMClient.dylib
0x00007fff5d95c000 	/usr/lib/libcups.2.dylib
0x00007fff37c74000 	/System/Library/Frameworks/Kerberos.framework/Versions/A/Kerberos
0x00007fff361a4000 	/System/Library/Frameworks/GSS.framework/Versions/A/GSS
0x00007fff5f06c000 	/usr/lib/libresolv.9.dylib
0x00007fff5db4e000 	/usr/lib/libiconv.2.dylib
0x00007fff4ffe9000 	/System/Library/PrivateFrameworks/Heimdal.framework/Versions/A/Heimdal
0x00007fff5db1e000 	/usr/lib/libheimdal-asn1.dylib
0x00007fff3c26e000 	/System/Library/Frameworks/OpenDirectory.framework/Versions/A/OpenDirectory
0x00007fff46aaf000 	/System/Library/PrivateFrameworks/CommonAuth.framework/Versions/A/CommonAuth
0x00007fff3c252000 	/System/Library/Frameworks/OpenDirectory.framework/Versions/A/Frameworks/CFOpenDirectory.framework/Versions/A/CFOpenDirectory
0x00007fff3f30d000 	/System/Library/Frameworks/SecurityFoundation.framework/Versions/A/SecurityFoundation
0x00007fff42be9000 	/System/Library/PrivateFrameworks/APFS.framework/Versions/A/APFS
0x00007fff5f534000 	/usr/lib/libutil.dylib
0x00007fff5d033000 	/usr/lib/libcharset.1.dylib
0x00007fff4437f000 	/System/Library/PrivateFrameworks/AppleSauce.framework/Versions/A/AppleSauce
0x00007fff44500000 	/System/Library/PrivateFrameworks/AssertionServices.framework/Versions/A/AssertionServices
0x00007fff44ddd000 	/System/Library/PrivateFrameworks/BaseBoard.framework/Versions/A/BaseBoard
0x00007fff5df1e000 	/usr/lib/libmecab.1.0.0.dylib
0x00007fff5db18000 	/usr/lib/libgermantok.dylib
0x00007fff5ce03000 	/usr/lib/libThaiTokenizer.dylib
0x00007fff5c8af000 	/usr/lib/libChineseTokenizer.dylib
0x00007fff519fe000 	/System/Library/PrivateFrameworks/LanguageModeling.framework/Versions/A/LanguageModeling
0x00007fff4778e000 	/System/Library/PrivateFrameworks/CoreEmoji.framework/Versions/A/CoreEmoji
0x00007fff51ada000 	/System/Library/PrivateFrameworks/Lexicon.framework/Versions/A/Lexicon
0x00007fff51b1d000 	/System/Library/PrivateFrameworks/LinguisticData.framework/Versions/A/LinguisticData
0x00007fff5d034000 	/usr/lib/libcmph.dylib
0x00007fff3f3cb000 	/System/Library/Frameworks/ServiceManagement.framework/Versions/A/ServiceManagement
0x00007fff44d3e000 	/System/Library/PrivateFrameworks/BackgroundTaskManagement.framework/Versions/A/BackgroundTaskManagement
0x00007fff5f62d000 	/usr/lib/libxslt.1.dylib
0x00007fff33131000 	/System/Library/Frameworks/Carbon.framework/Versions/A/Frameworks/Ink.framework/Versions/A/Ink
0x00007fff5a944000 	/System/Library/PrivateFrameworks/TextureIO.framework/Versions/A/TextureIO
0x00007fff5ce57000 	/usr/lib/libate.dylib
0x00007fff48a69000 	/System/Library/PrivateFrameworks/CrashReporterSupport.framework/Versions/A/CrashReporterSupport
0x00007fff580f6000 	/System/Library/PrivateFrameworks/Sharing.framework/Versions/A/Sharing
0x00007fff448df000 	/System/Library/PrivateFrameworks/AuthKit.framework/Versions/A/AuthKit
0x00007fff43c89000 	/System/Library/PrivateFrameworks/Apple80211.framework/Versions/A/Apple80211
0x00007fff48815000 	/System/Library/PrivateFrameworks/CoreUtils.framework/Versions/A/CoreUtils
0x00007fff358df000 	/System/Library/Frameworks/CoreWLAN.framework/Versions/A/CoreWLAN
0x00007fff362d3000 	/System/Library/Frameworks/IOBluetooth.framework/Versions/A/IOBluetooth
0x00007fff56586000 	/System/Library/PrivateFrameworks/ProtocolBuffer.framework/Versions/A/ProtocolBuffer
0x00007fff52a6f000 	/System/Library/PrivateFrameworks/MobileKeyBag.framework/Versions/A/MobileKeyBag
0x00007fff4805b000 	/System/Library/PrivateFrameworks/CorePhoneNumbers.framework/Versions/A/CorePhoneNumbers
0x00007fff44096000 	/System/Library/PrivateFrameworks/AppleIDAuthSupport.framework/Versions/A/AppleIDAuthSupport
0x00007fff519d1000 	/System/Library/PrivateFrameworks/KeychainCircle.framework/Versions/A/KeychainCircle
0x00007fff5673c000 	/System/Library/PrivateFrameworks/ROCKit.framework/Versions/A/ROCKit
0x00007fff48a05000 	/System/Library/PrivateFrameworks/CoreWiFi.framework/Versions/A/CoreWiFi
0x00007fff3367c000 	/System/Library/Frameworks/CoreBluetooth.framework/Versions/A/CoreBluetooth
0x00007fff48c5f000 	/System/Library/PrivateFrameworks/DebugSymbols.framework/Versions/A/DebugSymbols
0x00007fff485d6000 	/System/Library/PrivateFrameworks/CoreSymbolication.framework/Versions/A/CoreSymbolication
0x00007fff5a160000 	/System/Library/PrivateFrameworks/Symbolication.framework/Versions/A/Symbolication
0x00007fff59a03000 	/System/Library/PrivateFrameworks/SpeechRecognitionCore.framework/Versions/A/SpeechRecognitionCore
0x00007fff2857d000 	/System/Library/CoreServices/Encodings/libJapaneseConverter.dylib
0x000000010a200000 	/Library/Java/JavaVirtualMachines/jdk-10.jdk/Contents/Home/lib/server/libjvm.dylib
0x00007fff5f405000 	/usr/lib/libstdc++.6.dylib
0x0000000109973000 	/Library/Java/JavaVirtualMachines/jdk-10.jdk/Contents/Home/lib/libverify.dylib
0x0000000109980000 	/Library/Java/JavaVirtualMachines/jdk-10.jdk/Contents/Home/lib/libjava.dylib
0x00000001099d5000 	/Library/Java/JavaVirtualMachines/jdk-10.jdk/Contents/Home/lib/libzip.dylib
0x00000001099dd000 	/Library/Java/JavaVirtualMachines/jdk-10.jdk/Contents/Home/lib/libjimage.dylib
0x00000001182da000 	/Library/Java/JavaVirtualMachines/jdk-10.jdk/Contents/Home/lib/libnio.dylib
0x00000001182ea000 	/Library/Java/JavaVirtualMachines/jdk-10.jdk/Contents/Home/lib/./libnet.dylib
0x0000000118389000 	/Library/Java/JavaVirtualMachines/jdk-10.jdk/Contents/Home/lib/libawt.dylib
0x000000011842e000 	/Library/Java/JavaVirtualMachines/jdk-10.jdk/Contents/Home/lib/./libmlib_image.dylib
0x00007fff37c5d000 	/System/Library/Frameworks/JavaVM.framework/Versions/A/Frameworks/JavaNativeFoundation.framework/Versions/A/JavaNativeFoundation
0x00007fff37c66000 	/System/Library/Frameworks/JavaVM.framework/Versions/A/Frameworks/JavaRuntimeSupport.framework/Versions/A/JavaRuntimeSupport
0x00007fff37c6f000 	/System/Library/Frameworks/JavaVM.framework/Versions/A/JavaVM
0x00007fff518f0000 	/System/Library/PrivateFrameworks/JavaLaunching.framework/Versions/A/JavaLaunching
0x00007fff32e2b000 	/System/Library/Frameworks/Carbon.framework/Versions/A/Carbon
0x00007fff32e2c000 	/System/Library/Frameworks/Carbon.framework/Versions/A/Frameworks/CommonPanels.framework/Versions/A/CommonPanels
0x00007fff33127000 	/System/Library/Frameworks/Carbon.framework/Versions/A/Frameworks/Help.framework/Versions/A/Help
0x00007fff3312b000 	/System/Library/Frameworks/Carbon.framework/Versions/A/Frameworks/ImageCapture.framework/Versions/A/ImageCapture
0x00007fff331c7000 	/System/Library/Frameworks/Carbon.framework/Versions/A/Frameworks/OpenScripting.framework/Versions/A/OpenScripting
0x00007fff331ff000 	/System/Library/Frameworks/Carbon.framework/Versions/A/Frameworks/Print.framework/Versions/A/Print
0x00007fff33201000 	/System/Library/Frameworks/Carbon.framework/Versions/A/Frameworks/SecurityHI.framework/Versions/A/SecurityHI
0x000000011849c000 	/Library/Java/JavaVirtualMachines/jdk-10.jdk/Contents/Home/lib/libawt_lwawt.dylib
0x000000011855c000 	/Library/Java/JavaVirtualMachines/jdk-10.jdk/Contents/Home/lib/./libosxapp.dylib
0x00007fff35d61000 	/System/Library/Frameworks/ExceptionHandling.framework/Versions/A/ExceptionHandling
0x00000001099bf000 	/Users/ochihideji/Documents/Zugaku//HiddenSpin/libgluegen-rt.jnilib
0x000000012d947000 	/Library/Java/JavaVirtualMachines/jdk-10.jdk/Contents/Home/lib/libfontmanager.dylib
0x00007fff481df000 	/System/Library/PrivateFrameworks/CoreServicesInternal.framework/Versions/A/CoreServicesInternal
0x00007fff285fe000 	/System/Library/CoreServices/RawCamera.bundle/Contents/MacOS/RawCamera
0x00007fff528d9000 	/System/Library/PrivateFrameworks/MobileAsset.framework/Versions/A/MobileAsset
0x00007fff5a0ae000 	/System/Library/PrivateFrameworks/StreamingZip.framework/Versions/A/StreamingZip
0x00007fff37fff000 	/System/Library/Frameworks/MediaToolbox.framework/Versions/A/MediaToolbox
0x00007fff47335000 	/System/Library/PrivateFrameworks/CoreAVCHD.framework/Versions/A/CoreAVCHD
0x00007fff37f46000 	/System/Library/Frameworks/MediaAccessibility.framework/Versions/A/MediaAccessibility
0x00007fff5233f000 	/System/Library/PrivateFrameworks/Mangrove.framework/Versions/A/Mangrove
0x00007fff34c07000 	/System/Library/Frameworks/CoreMedia.framework/Versions/A/CoreMedia
0x00007fff3fa2a000 	/System/Library/Frameworks/VideoToolbox.framework/Versions/A/VideoToolbox
0x00007fff46f51000 	/System/Library/PrivateFrameworks/CoreAUC.framework/Versions/A/CoreAUC
0x00007fff5f0d5000 	/usr/lib/libspindump.dylib
0x00007fff44465000 	/System/Library/PrivateFrameworks/AppleVA.framework/Versions/A/AppleVA
0x00007fff2ff87000 	/System/Library/Frameworks/Accelerate.framework/Versions/A/Frameworks/vImage.framework/Versions/A/Libraries/libCGInterfaces.dylib
0x00007fff3227a000 	/System/Library/Frameworks/ApplicationServices.framework/Versions/A/Frameworks/ATS.framework/Versions/A/Resources/libTrueTypeScaler.dylib
0x00007fff2e252000 	/System/Library/Extensions/AppleIntelSKLGraphicsMTLDriver.bundle/Contents/MacOS/AppleIntelSKLGraphicsMTLDriver
0x00007fff4d9e2000 	/System/Library/PrivateFrameworks/GPUCompiler.framework/Versions/3902/Libraries/libmetal_timestamp.dylib
0x00007fff5b8fb000 	/System/Library/PrivateFrameworks/ViewBridge.framework/Versions/A/ViewBridge
0x000000012d8ef000 	/Users/ochihideji/Documents/Zugaku//HiddenSpin/libnativewindow_awt.jnilib
0x000000012d8f2000 	/Library/Java/JavaVirtualMachines/jdk-10.jdk/Contents/Home/lib/libjawt.dylib
0x00007fff3d785000 	/System/Library/Frameworks/OpenGL.framework/Versions/A/Resources/GLEngine.bundle/GLEngine
0x00007fff3cc27000 	/System/Library/Frameworks/OpenGL.framework/Versions/A/Libraries/libGLProgrammability.dylib
0x00007fff2d47d000 	/System/Library/Extensions/AppleIntelSKLGraphicsGLDriver.bundle/Contents/MacOS/AppleIntelSKLGraphicsGLDriver
0x00007fff4f077000 	/System/Library/PrivateFrameworks/GPUSupport.framework/Versions/A/Libraries/libGPUSupportMercury.dylib
0x00007fff3d91b000 	/System/Library/Frameworks/OpenGL.framework/Versions/A/Resources/GLRendererFloat.bundle/GLRendererFloat
0x00007fff3c1f1000 	/System/Library/Frameworks/OpenCL.framework/Versions/A/Libraries/libcldcpuengine.dylib
0x00007fff5d488000 	/usr/lib/libcrypto.35.dylib
0x00007fff5aac2000 	/System/Library/PrivateFrameworks/TrustEvaluationAgent.framework/Versions/A/TrustEvaluationAgent
0x000000012d6f5000 	/Users/ochihideji/Documents/Zugaku//HiddenSpin/libnativewindow_macosx.jnilib
0x000000013139a000 	/Users/ochihideji/Documents/Zugaku//HiddenSpin/libjogl_desktop.jnilib
0x000000012d741000 	/usr/lib/libobjc-trampolines.dylib


VM Arguments:
java_command: ObjectSpin
java_class_path (initial): .
Launcher Type: SUN_STANDARD

Logging:
Log output configuration:
#0: stdout all=warning uptime,level,tags
#1: stderr all=off uptime,level,tags

Environment Variables:
PATH=/anaconda3/bin:/usr/local/apache-maven-3.3.3/bin:/usr/local/bin:/usr/bin:/bin:/usr/sbin:/sbin:/Library/TeX/texbin
SHELL=/bin/bash

Signal Handlers:
SIGSEGV: [libjvm.dylib+0x799984], sa_mask[0]=11111111011111110111111111111111, sa_flags=SA_ONSTACK|SA_RESTART|SA_SIGINFO
SIGBUS: [libjvm.dylib+0x799984], sa_mask[0]=11111111011111110111111111111111, sa_flags=SA_RESTART|SA_SIGINFO
SIGFPE: [libjvm.dylib+0x799984], sa_mask[0]=11111111011111110111111111111111, sa_flags=SA_RESTART|SA_SIGINFO
SIGPIPE: [libjvm.dylib+0x6347c0], sa_mask[0]=11111111011111110111111111111111, sa_flags=SA_RESTART|SA_SIGINFO
SIGXFSZ: [libjvm.dylib+0x6347c0], sa_mask[0]=11111111011111110111111111111111, sa_flags=SA_RESTART|SA_SIGINFO
SIGILL: [libjvm.dylib+0x799984], sa_mask[0]=11111111011111110111111111111111, sa_flags=SA_RESTART|SA_SIGINFO
SIGUSR2: [libjvm.dylib+0x635050], sa_mask[0]=00000000000000000000000000000000, sa_flags=SA_RESTART|SA_SIGINFO
SIGHUP: [libjvm.dylib+0x63383b], sa_mask[0]=11111111011111110111111111111111, sa_flags=SA_RESTART|SA_SIGINFO
SIGINT: [libjvm.dylib+0x63383b], sa_mask[0]=11111111011111110111111111111111, sa_flags=SA_RESTART|SA_SIGINFO
SIGTERM: [libjvm.dylib+0x63383b], sa_mask[0]=11111111011111110111111111111111, sa_flags=SA_RESTART|SA_SIGINFO
SIGQUIT: [libjvm.dylib+0x63383b], sa_mask[0]=11111111011111110111111111111111, sa_flags=SA_RESTART|SA_SIGINFO


---------------  S Y S T E M  ---------------

OS:uname:Darwin 18.5.0 Darwin Kernel Version 18.5.0: Mon Mar 11 20:40:32 PDT 2019; root:xnu-4903.251.3~3/RELEASE_X86_64 x86_64
rlimit: STACK 8192k, CORE 0k, NPROC 709, NOFILE 10240, AS infinity, DATA infinity, FSIZE infinity
load average:1.41 1.39 1.88

CPU:total 4 (initial active 4) (2 cores per cpu, 2 threads per core) family 6 model 78 stepping 3, cmov, cx8, fxsr, mmx, sse, sse2, sse3, ssse3, sse4.1, sse4.2, popcnt, avx, avx2, aes, clmul, erms, rtm, 3dnowpref, lzcnt, ht, tsc, tscinvbit, bmi1, bmi2, adx, fma

Memory: 4k page, physical 8388608k(63604k free)

vm_info: Java HotSpot(TM) 64-Bit Server VM (10+46) for bsd-amd64 JRE (10+46), built on Mar  8 2018 02:10:00 by "mach5one" with gcc 4.2.1 Compatible Apple LLVM 6.1.0 (clang-602.0.49)

END.
