#
# A fatal error has been detected by the Java Runtime Environment:
#
#  SIGSEGV (0xb) at pc=0x000000012716af4e, pid=49550, tid=775
#
# JRE version: Java(TM) SE Runtime Environment (10.0+46) (build 10+46)
# Java VM: Java HotSpot(TM) 64-Bit Server VM (10+46, mixed mode, tiered, compressed oops, g1 gc, bsd-amd64)
# Problematic frame:
# C  [libosxapp.dylib+0x2f4e]  -[NSApplicationAWT sendEvent:]+0x179
#
# No core dump will be written. Core dumps have been disabled. To enable core dumping, try "ulimit -c unlimited" before starting Java again
#
# If you would like to submit a bug report, please visit:
#   http://bugreport.java.com/bugreport/crash.jsp
# The crash happened outside the Java Virtual Machine in native code.
# See problematic frame for where to report the bug.
#

---------------  S U M M A R Y ------------

Command Line: ObjectAngle

Host: MacBookPro13,1 x86_64 2000 MHz, 4 cores, 8G, Darwin 17.6.0
Time: Wed Jun 13 15:26:53 2018 JST elapsed time: 1 seconds (0d 0h 0m 1s)

---------------  T H R E A D  ---------------

Current thread (0x00007fd2670ed800):  JavaThread "AppKit Thread" daemon [_thread_in_native, id=775, stack(0x00007ffeed952000,0x00007ffeee152000)]

Stack: [0x00007ffeed952000,0x00007ffeee152000],  sp=0x00007ffeee14f820,  free space=8182k
Native frames: (J=compiled Java code, A=aot compiled Java code, j=interpreted, Vv=VM code, C=native code)
C  [libosxapp.dylib+0x2f4e]  -[NSApplicationAWT sendEvent:]+0x179
C  [AppKit+0x368b5]  -[NSApplication run]+0x32c
C  [libosxapp.dylib+0x2bbc]  +[NSApplicationAWT runAWTLoopWithApp:]+0x9d
C  [libawt_lwawt.dylib+0x3a344]  +[AWTStarter starter:headless:]+0x342
C  [JavaNativeFoundation+0x6f4a]  +[JNFRunLoop _performCopiedBlock:]+0x11
C  [Foundation+0x682b5]  __NSThreadPerformPerform+0x14e
C  [CoreFoundation+0xa3a61]  __CFRUNLOOP_IS_CALLING_OUT_TO_A_SOURCE0_PERFORM_FUNCTION__+0x11
C  [CoreFoundation+0x15d47c]  __CFRunLoopDoSource0+0x6c
C  [CoreFoundation+0x864c0]  __CFRunLoopDoSources0+0xd0
C  [CoreFoundation+0x8593d]  __CFRunLoopRun+0x50d
C  [CoreFoundation+0x851a3]  CFRunLoopRunSpecific+0x1e3
C  [java+0x6bc3]  CreateExecutionEnvironment+0x191
C  [java+0x2ebc]  JLI_Launch+0x620
C  [java+0x1d4c]  main+0x180
C  [java+0x1bc4]  start+0x34
C  0x0000000000000002


siginfo: si_signo: 11 (SIGSEGV), si_code: 1 (SEGV_MAPERR), si_addr: 0x0000000000000010

Register to memory mapping:

RAX=0x0000000000000000 is an unknown value
RBX=0x0000000000000000 is an unknown value
RCX=0x000000000021e000 is an unknown value
RDX=0x000000000021e000 is an unknown value
RSP=0x00007ffeee14f820 is pointing into the stack for thread: 0x00007fd2670ed800
RBP=0x00007ffeee14f850 is pointing into the stack for thread: 0x00007fd2670ed800
RSI=0x00007fff3d4691e5: .str.41.llvm.DC87FEEF+0x4a728 in /System/Library/Frameworks/AppKit.framework/Versions/C/AppKit at 0x00007fff3c788000
RDI=0x0000000000000000 is an unknown value
R8 =0x000000000000007f is an unknown value
R9 =0x00007fd265e6c930 is an unknown value
R10=0x0079b40100794600 is an unknown value
R11=0x00007fff3c934817: -[NSEvent data1]+0 in /System/Library/Frameworks/AppKit.framework/Versions/C/AppKit at 0x00007fff3c788000
R12=0x00007fd265e6c930 is an unknown value
R13=0x00007fd265c87620 is an unknown value
R14=0x00007fff66413e80: objc_msgSend+0 in /usr/lib/libobjc.A.dylib at 0x00007fff6640d000
R15=0x00007fd265f11340 is an unknown value


Registers:
RAX=0x0000000000000000, RBX=0x0000000000000000, RCX=0x000000000021e000, RDX=0x000000000021e000
RSP=0x00007ffeee14f820, RBP=0x00007ffeee14f850, RSI=0x00007fff3d4691e5, RDI=0x0000000000000000
R8 =0x000000000000007f, R9 =0x00007fd265e6c930, R10=0x0079b40100794600, R11=0x00007fff3c934817
R12=0x00007fd265e6c930, R13=0x00007fd265c87620, R14=0x00007fff66413e80, R15=0x00007fd265f11340
RIP=0x000000012716af4e, EFLAGS=0x0000000000010246, ERR=0x0000000000000004
  TRAPNO=0x000000000000000e

Top of Stack: (sp=0x00007ffeee14f820)
0x00007ffeee14f820:   47efffffe0000000 0000000000000000
0x00007ffeee14f830:   0000000000000000 00007fff66413e80
0x00007ffeee14f840:   0000000000000001 00007fd265f11340
0x00007ffeee14f850:   00007ffeee14f900 00007fff3c7be8b5
0x00007ffeee14f860:   00007fff3d462211 00007fd265f11340
0x00007ffeee14f870:   00007fff3d45aee0 00007fff3d4630fe
0x00007ffeee14f880:   00007fff99346178 00007fff3d459b3d
0x00007ffeee14f890:   00007fff3d459813 0000000000000010
0x00007ffeee14f8a0:   00007fff3d459003 00007fff3d4691eb
0x00007ffeee14f8b0:   00007fff3d458e91 00007fff3d45982d
0x00007ffeee14f8c0:   00007fff3d459859 0000000000000062
0x00007ffeee14f8d0:   00007fff3d459937 00007fd265f11340
0x00007ffeee14f8e0:   00007fff66413e80 000000012716f690
0x00007ffeee14f8f0:   00007fff3d462211 000000012716f6b0
0x00007ffeee14f900:   00007ffeee14f940 000000012716abbc
0x00007ffeee14f910:   0000000000000000 00007fd265d8d110
0x00007ffeee14f920:   00007fff66413e80 00007fd265f11340
0x00007ffeee14f930:   00007fd265d4da90 0000000000000000
0x00007ffeee14f940:   00007ffeee14f990 00000001270e2344
0x00007ffeee14f950:   00007fd265f11340 0000000000000000
0x00007ffeee14f960:   00007fd265d4da90 00007fd265e31d20
0x00007ffeee14f970:   00007fd265c0b9b0 00007fff3d458e91
0x00007ffeee14f980:   00007fd265e31f50 0000000000000000
0x00007ffeee14f990:   00007ffeee14f9b0 00007fff42f6cf4a
0x00007ffeee14f9a0:   0000000000000018 0000000000000001
0x00007ffeee14f9b0:   00007ffeee14fa30 00007fff413752b5
0x00007ffeee14f9c0:   0000000000000001 00007fff3d458f70
0x00007ffeee14f9d0:   00007fd265c0b9b0 00007fd265e30fc0
0x00007ffeee14f9e0:   00007fff3d460372 00007fff3d4b33b7
0x00007ffeee14f9f0:   00007fff3d460377 00007fff3d459003
0x00007ffeee14fa00:   00007ffeee14fa40 00007fff41375167
0x00007ffeee14fa10:   0000000300002e88 0000000000000000 

Instructions: (pc=0x000000012716af4e)
0x000000012716af2e:   41 5f 5d c3 48 8b 35 1f 5d 00 00 4c 8b 35 48 41
0x000000012716af3e:   00 00 48 89 df 41 ff d6 48 89 c3 31 c0 48 89 df
0x000000012716af4e:   ff 53 10 48 8b 35 f0 5a 00 00 48 89 df 4c 89 f0
0x000000012716af5e:   48 83 c4 18 5b 41 5e 41 5f 5d ff e0 55 48 89 e5 


---------------  P R O C E S S  ---------------

Threads class SMR info:
_java_thread_list=0x00007fd265cd7c30, length=15, elements={
0x00007fd267801800, 0x00007fd2668a8000, 0x00007fd267003000, 0x00007fd267813000,
0x00007fd267816000, 0x00007fd267817000, 0x00007fd267818000, 0x00007fd267819000,
0x00007fd266055800, 0x00007fd2668a3800, 0x00007fd2670ed800, 0x00007fd26699d800,
0x00007fd266a04800, 0x00007fd26715a000, 0x00007fd266466000
}

Java Threads: ( => current thread )
  0x00007fd267801800 JavaThread "main" [_thread_blocked, id=9731, stack(0x0000000101ae1000,0x0000000101be1000)]
  0x00007fd2668a8000 JavaThread "Reference Handler" daemon [_thread_blocked, id=14083, stack(0x000070000971f000,0x000070000981f000)]
  0x00007fd267003000 JavaThread "Finalizer" daemon [_thread_blocked, id=14851, stack(0x0000700009822000,0x0000700009922000)]
  0x00007fd267813000 JavaThread "Signal Dispatcher" daemon [_thread_blocked, id=42755, stack(0x0000700009925000,0x0000700009a25000)]
  0x00007fd267816000 JavaThread "C2 CompilerThread0" daemon [_thread_blocked, id=42499, stack(0x0000700009a28000,0x0000700009b28000)]
  0x00007fd267817000 JavaThread "C2 CompilerThread1" daemon [_thread_blocked, id=41731, stack(0x0000700009b2b000,0x0000700009c2b000)]
  0x00007fd267818000 JavaThread "C1 CompilerThread2" daemon [_thread_blocked, id=40963, stack(0x0000700009c2e000,0x0000700009d2e000)]
  0x00007fd267819000 JavaThread "Sweeper thread" daemon [_thread_blocked, id=40451, stack(0x0000700009d31000,0x0000700009e31000)]
  0x00007fd266055800 JavaThread "Service Thread" daemon [_thread_blocked, id=39939, stack(0x0000700009e34000,0x0000700009f34000)]
  0x00007fd2668a3800 JavaThread "Common-Cleaner" daemon [_thread_blocked, id=24067, stack(0x0000700009f37000,0x000070000a037000)]
=>0x00007fd2670ed800 JavaThread "AppKit Thread" daemon [_thread_in_native, id=775, stack(0x00007ffeed952000,0x00007ffeee152000)]
  0x00007fd26699d800 JavaThread "AWT-Shutdown" [_thread_blocked, id=31491, stack(0x000070000a1c0000,0x000070000a2c0000)]
  0x00007fd266a04800 JavaThread "Java2D Queue Flusher" daemon [_thread_blocked, id=74499, stack(0x000070000a346000,0x000070000a446000)]
  0x00007fd26715a000 JavaThread "Java2D Disposer" daemon [_thread_blocked, id=53763, stack(0x000070000a449000,0x000070000a549000)]
  0x00007fd266466000 JavaThread "AWT-EventQueue-0" [_thread_in_vm, id=54275, stack(0x000070000a54c000,0x000070000a64c000)]

Other Threads:
  0x00007fd266897000 VMThread "VM Thread" [stack: 0x000070000961c000,0x000070000971c000] [id=13571]
  0x00007fd266904800 WatcherThread [stack: 0x000070000a03a000,0x000070000a13a000] [id=39683]
  0x00007fd266016800 GCTaskThread "GC Thread#0" [stack: 0x0000700008afb000,0x0000700008bfb000] [id=11011]
  0x00007fd26780d000 GCTaskThread "GC Thread#1" [stack: 0x0000700008bfe000,0x0000700008cfe000] [id=11523]
  0x00007fd266017000 GCTaskThread "GC Thread#2" [stack: 0x0000700008d01000,0x0000700008e01000] [id=20483]
  0x00007fd266018000 GCTaskThread "GC Thread#3" [stack: 0x0000700008e04000,0x0000700008f04000] [id=19971]
  0x00007fd266045800 ConcurrentGCThread "G1 Main Marker" [stack: 0x0000700008f07000,0x0000700009007000] [id=11779]
  0x00007fd266806800 ConcurrentGCThread "G1 Conc#0" [stack: 0x000070000900a000,0x000070000910a000] [id=19459]
  0x00007fd266847800 ConcurrentGCThread "G1 Refine#0" [stack: 0x000070000910d000,0x000070000920d000] [id=19203]
  0x00007fd26780d800 ConcurrentGCThread "G1 Refine#1" [stack: 0x0000700009210000,0x0000700009310000] [id=18947]
  0x00007fd266848000 ConcurrentGCThread "G1 Refine#2" [stack: 0x0000700009313000,0x0000700009413000] [id=18435]
  0x00007fd26780e800 ConcurrentGCThread "G1 Refine#3" [stack: 0x0000700009416000,0x0000700009516000] [id=17923]
  0x00007fd266849000 ConcurrentGCThread "G1 Young RemSet Sampling" [stack: 0x0000700009519000,0x0000700009619000] [id=17667]

Threads with active compile tasks:

VM state:not at safepoint (normal execution)

VM Mutex/Monitor currently owned by a thread: None

Heap address: 0x0000000740000000, size: 2048 MB, Compressed Oops mode: Zero based, Oop shift amount: 3
Narrow klass base: 0x0000000000000000, Narrow klass shift: 3
Compressed class space size: 1073741824 Address: 0x00000007c0000000

Heap:
 garbage-first heap   total 131072K, used 5185K [0x0000000740000000, 0x00000007c0000000)
  region size 1024K, 5 young (5120K), 2 survivors (2048K)
 Metaspace       used 16347K, capacity 16616K, committed 17024K, reserved 1064960K
  class space    used 1459K, capacity 1570K, committed 1664K, reserved 1048576K
Heap Regions: E=young(eden), S=young(survivor), O=old, HS=humongous(starts), HC=humongous(continues), CS=collection set, F=free, A=archive, TS=gc time stamp, AC=allocation context, TAMS=top-at-mark-start (previous, next)
|   0|0x0000000740000000, 0x0000000740000000, 0x0000000740100000|  0%| F|  |TS  1|AC  0|TAMS 0x0000000740000000, 0x0000000740000000|
|   1|0x0000000740100000, 0x0000000740200000, 0x0000000740200000|100%| O|  |TS  1|AC  0|TAMS 0x0000000740100000, 0x0000000740100000|
|   2|0x0000000740200000, 0x0000000740210400, 0x0000000740300000|  6%| O|  |TS  1|AC  0|TAMS 0x0000000740200000, 0x0000000740200000|
|   3|0x0000000740300000, 0x0000000740300000, 0x0000000740400000|  0%| F|  |TS  0|AC  0|TAMS 0x0000000740300000, 0x0000000740300000|
|   4|0x0000000740400000, 0x0000000740400000, 0x0000000740500000|  0%| F|  |TS  0|AC  0|TAMS 0x0000000740400000, 0x0000000740400000|
|   5|0x0000000740500000, 0x0000000740500000, 0x0000000740600000|  0%| F|  |TS  0|AC  0|TAMS 0x0000000740500000, 0x0000000740500000|
|   6|0x0000000740600000, 0x0000000740600000, 0x0000000740700000|  0%| F|  |TS  0|AC  0|TAMS 0x0000000740600000, 0x0000000740600000|
|   7|0x0000000740700000, 0x0000000740700000, 0x0000000740800000|  0%| F|  |TS  0|AC  0|TAMS 0x0000000740700000, 0x0000000740700000|
|   8|0x0000000740800000, 0x0000000740800000, 0x0000000740900000|  0%| F|  |TS  0|AC  0|TAMS 0x0000000740800000, 0x0000000740800000|
|   9|0x0000000740900000, 0x0000000740900000, 0x0000000740a00000|  0%| F|  |TS  0|AC  0|TAMS 0x0000000740900000, 0x0000000740900000|
|  10|0x0000000740a00000, 0x0000000740a00000, 0x0000000740b00000|  0%| F|  |TS  0|AC  0|TAMS 0x0000000740a00000, 0x0000000740a00000|
|  11|0x0000000740b00000, 0x0000000740b00000, 0x0000000740c00000|  0%| F|  |TS  0|AC  0|TAMS 0x0000000740b00000, 0x0000000740b00000|
|  12|0x0000000740c00000, 0x0000000740c00000, 0x0000000740d00000|  0%| F|  |TS  0|AC  0|TAMS 0x0000000740c00000, 0x0000000740c00000|
|  13|0x0000000740d00000, 0x0000000740d00000, 0x0000000740e00000|  0%| F|  |TS  0|AC  0|TAMS 0x0000000740d00000, 0x0000000740d00000|
|  14|0x0000000740e00000, 0x0000000740e00000, 0x0000000740f00000|  0%| F|  |TS  0|AC  0|TAMS 0x0000000740e00000, 0x0000000740e00000|
|  15|0x0000000740f00000, 0x0000000740f00000, 0x0000000741000000|  0%| F|  |TS  0|AC  0|TAMS 0x0000000740f00000, 0x0000000740f00000|
|  16|0x0000000741000000, 0x0000000741000000, 0x0000000741100000|  0%| F|  |TS  0|AC  0|TAMS 0x0000000741000000, 0x0000000741000000|
|  17|0x0000000741100000, 0x0000000741100000, 0x0000000741200000|  0%| F|  |TS  0|AC  0|TAMS 0x0000000741100000, 0x0000000741100000|
|  18|0x0000000741200000, 0x0000000741200000, 0x0000000741300000|  0%| F|  |TS  0|AC  0|TAMS 0x0000000741200000, 0x0000000741200000|
|  19|0x0000000741300000, 0x0000000741300000, 0x0000000741400000|  0%| F|  |TS  0|AC  0|TAMS 0x0000000741300000, 0x0000000741300000|
|  20|0x0000000741400000, 0x0000000741400000, 0x0000000741500000|  0%| F|  |TS  0|AC  0|TAMS 0x0000000741400000, 0x0000000741400000|
|  21|0x0000000741500000, 0x0000000741500000, 0x0000000741600000|  0%| F|  |TS  0|AC  0|TAMS 0x0000000741500000, 0x0000000741500000|
|  22|0x0000000741600000, 0x0000000741600000, 0x0000000741700000|  0%| F|  |TS  0|AC  0|TAMS 0x0000000741600000, 0x0000000741600000|
|  23|0x0000000741700000, 0x0000000741700000, 0x0000000741800000|  0%| F|  |TS  0|AC  0|TAMS 0x0000000741700000, 0x0000000741700000|
|  24|0x0000000741800000, 0x0000000741800000, 0x0000000741900000|  0%| F|  |TS  0|AC  0|TAMS 0x0000000741800000, 0x0000000741800000|
|  25|0x0000000741900000, 0x0000000741900000, 0x0000000741a00000|  0%| F|  |TS  0|AC  0|TAMS 0x0000000741900000, 0x0000000741900000|
|  26|0x0000000741a00000, 0x0000000741a00000, 0x0000000741b00000|  0%| F|  |TS  0|AC  0|TAMS 0x0000000741a00000, 0x0000000741a00000|
|  27|0x0000000741b00000, 0x0000000741b00000, 0x0000000741c00000|  0%| F|  |TS  0|AC  0|TAMS 0x0000000741b00000, 0x0000000741b00000|
|  28|0x0000000741c00000, 0x0000000741c00000, 0x0000000741d00000|  0%| F|  |TS  0|AC  0|TAMS 0x0000000741c00000, 0x0000000741c00000|
|  29|0x0000000741d00000, 0x0000000741d00000, 0x0000000741e00000|  0%| F|  |TS  0|AC  0|TAMS 0x0000000741d00000, 0x0000000741d00000|
|  30|0x0000000741e00000, 0x0000000741e00000, 0x0000000741f00000|  0%| F|  |TS  0|AC  0|TAMS 0x0000000741e00000, 0x0000000741e00000|
|  31|0x0000000741f00000, 0x0000000741f00000, 0x0000000742000000|  0%| F|  |TS  0|AC  0|TAMS 0x0000000741f00000, 0x0000000741f00000|
|  32|0x0000000742000000, 0x0000000742000000, 0x0000000742100000|  0%| F|  |TS  0|AC  0|TAMS 0x0000000742000000, 0x0000000742000000|
|  33|0x0000000742100000, 0x0000000742100000, 0x0000000742200000|  0%| F|  |TS  0|AC  0|TAMS 0x0000000742100000, 0x0000000742100000|
|  34|0x0000000742200000, 0x0000000742200000, 0x0000000742300000|  0%| F|  |TS  0|AC  0|TAMS 0x0000000742200000, 0x0000000742200000|
|  35|0x0000000742300000, 0x0000000742300000, 0x0000000742400000|  0%| F|  |TS  0|AC  0|TAMS 0x0000000742300000, 0x0000000742300000|
|  36|0x0000000742400000, 0x0000000742400000, 0x0000000742500000|  0%| F|  |TS  0|AC  0|TAMS 0x0000000742400000, 0x0000000742400000|
|  37|0x0000000742500000, 0x0000000742500000, 0x0000000742600000|  0%| F|  |TS  0|AC  0|TAMS 0x0000000742500000, 0x0000000742500000|
|  38|0x0000000742600000, 0x0000000742600000, 0x0000000742700000|  0%| F|  |TS  0|AC  0|TAMS 0x0000000742600000, 0x0000000742600000|
|  39|0x0000000742700000, 0x0000000742700000, 0x0000000742800000|  0%| F|  |TS  0|AC  0|TAMS 0x0000000742700000, 0x0000000742700000|
|  40|0x0000000742800000, 0x0000000742800000, 0x0000000742900000|  0%| F|  |TS  0|AC  0|TAMS 0x0000000742800000, 0x0000000742800000|
|  41|0x0000000742900000, 0x0000000742900000, 0x0000000742a00000|  0%| F|  |TS  0|AC  0|TAMS 0x0000000742900000, 0x0000000742900000|
|  42|0x0000000742a00000, 0x0000000742a00000, 0x0000000742b00000|  0%| F|  |TS  0|AC  0|TAMS 0x0000000742a00000, 0x0000000742a00000|
|  43|0x0000000742b00000, 0x0000000742b00000, 0x0000000742c00000|  0%| F|  |TS  0|AC  0|TAMS 0x0000000742b00000, 0x0000000742b00000|
|  44|0x0000000742c00000, 0x0000000742c00000, 0x0000000742d00000|  0%| F|  |TS  0|AC  0|TAMS 0x0000000742c00000, 0x0000000742c00000|
|  45|0x0000000742d00000, 0x0000000742d00000, 0x0000000742e00000|  0%| F|  |TS  0|AC  0|TAMS 0x0000000742d00000, 0x0000000742d00000|
|  46|0x0000000742e00000, 0x0000000742e00000, 0x0000000742f00000|  0%| F|  |TS  0|AC  0|TAMS 0x0000000742e00000, 0x0000000742e00000|
|  47|0x0000000742f00000, 0x0000000742f00000, 0x0000000743000000|  0%| F|  |TS  0|AC  0|TAMS 0x0000000742f00000, 0x0000000742f00000|
|  48|0x0000000743000000, 0x0000000743000000, 0x0000000743100000|  0%| F|  |TS  0|AC  0|TAMS 0x0000000743000000, 0x0000000743000000|
|  49|0x0000000743100000, 0x0000000743100000, 0x0000000743200000|  0%| F|  |TS  0|AC  0|TAMS 0x0000000743100000, 0x0000000743100000|
|  50|0x0000000743200000, 0x0000000743200000, 0x0000000743300000|  0%| F|  |TS  0|AC  0|TAMS 0x0000000743200000, 0x0000000743200000|
|  51|0x0000000743300000, 0x0000000743300000, 0x0000000743400000|  0%| F|  |TS  0|AC  0|TAMS 0x0000000743300000, 0x0000000743300000|
|  52|0x0000000743400000, 0x0000000743400000, 0x0000000743500000|  0%| F|  |TS  0|AC  0|TAMS 0x0000000743400000, 0x0000000743400000|
|  53|0x0000000743500000, 0x0000000743500000, 0x0000000743600000|  0%| F|  |TS  0|AC  0|TAMS 0x0000000743500000, 0x0000000743500000|
|  54|0x0000000743600000, 0x0000000743600000, 0x0000000743700000|  0%| F|  |TS  0|AC  0|TAMS 0x0000000743600000, 0x0000000743600000|
|  55|0x0000000743700000, 0x0000000743700000, 0x0000000743800000|  0%| F|  |TS  0|AC  0|TAMS 0x0000000743700000, 0x0000000743700000|
|  56|0x0000000743800000, 0x0000000743800000, 0x0000000743900000|  0%| F|  |TS  0|AC  0|TAMS 0x0000000743800000, 0x0000000743800000|
|  57|0x0000000743900000, 0x0000000743900000, 0x0000000743a00000|  0%| F|  |TS  0|AC  0|TAMS 0x0000000743900000, 0x0000000743900000|
|  58|0x0000000743a00000, 0x0000000743a00000, 0x0000000743b00000|  0%| F|  |TS  0|AC  0|TAMS 0x0000000743a00000, 0x0000000743a00000|
|  59|0x0000000743b00000, 0x0000000743b00000, 0x0000000743c00000|  0%| F|  |TS  0|AC  0|TAMS 0x0000000743b00000, 0x0000000743b00000|
|  60|0x0000000743c00000, 0x0000000743c00000, 0x0000000743d00000|  0%| F|  |TS  0|AC  0|TAMS 0x0000000743c00000, 0x0000000743c00000|
|  61|0x0000000743d00000, 0x0000000743d00000, 0x0000000743e00000|  0%| F|  |TS  0|AC  0|TAMS 0x0000000743d00000, 0x0000000743d00000|
|  62|0x0000000743e00000, 0x0000000743e00000, 0x0000000743f00000|  0%| F|  |TS  0|AC  0|TAMS 0x0000000743e00000, 0x0000000743e00000|
|  63|0x0000000743f00000, 0x0000000743f00000, 0x0000000744000000|  0%| F|  |TS  0|AC  0|TAMS 0x0000000743f00000, 0x0000000743f00000|
|  64|0x0000000744000000, 0x0000000744000000, 0x0000000744100000|  0%| F|  |TS  0|AC  0|TAMS 0x0000000744000000, 0x0000000744000000|
|  65|0x0000000744100000, 0x0000000744100000, 0x0000000744200000|  0%| F|  |TS  0|AC  0|TAMS 0x0000000744100000, 0x0000000744100000|
|  66|0x0000000744200000, 0x0000000744200000, 0x0000000744300000|  0%| F|  |TS  0|AC  0|TAMS 0x0000000744200000, 0x0000000744200000|
|  67|0x0000000744300000, 0x0000000744300000, 0x0000000744400000|  0%| F|  |TS  0|AC  0|TAMS 0x0000000744300000, 0x0000000744300000|
|  68|0x0000000744400000, 0x0000000744400000, 0x0000000744500000|  0%| F|  |TS  0|AC  0|TAMS 0x0000000744400000, 0x0000000744400000|
|  69|0x0000000744500000, 0x0000000744500000, 0x0000000744600000|  0%| F|  |TS  0|AC  0|TAMS 0x0000000744500000, 0x0000000744500000|
|  70|0x0000000744600000, 0x0000000744600000, 0x0000000744700000|  0%| F|  |TS  0|AC  0|TAMS 0x0000000744600000, 0x0000000744600000|
|  71|0x0000000744700000, 0x0000000744700000, 0x0000000744800000|  0%| F|  |TS  0|AC  0|TAMS 0x0000000744700000, 0x0000000744700000|
|  72|0x0000000744800000, 0x0000000744800000, 0x0000000744900000|  0%| F|  |TS  0|AC  0|TAMS 0x0000000744800000, 0x0000000744800000|
|  73|0x0000000744900000, 0x0000000744900000, 0x0000000744a00000|  0%| F|  |TS  0|AC  0|TAMS 0x0000000744900000, 0x0000000744900000|
|  74|0x0000000744a00000, 0x0000000744a00000, 0x0000000744b00000|  0%| F|  |TS  0|AC  0|TAMS 0x0000000744a00000, 0x0000000744a00000|
|  75|0x0000000744b00000, 0x0000000744b00000, 0x0000000744c00000|  0%| F|  |TS  0|AC  0|TAMS 0x0000000744b00000, 0x0000000744b00000|
|  76|0x0000000744c00000, 0x0000000744c00000, 0x0000000744d00000|  0%| F|  |TS  0|AC  0|TAMS 0x0000000744c00000, 0x0000000744c00000|
|  77|0x0000000744d00000, 0x0000000744d00000, 0x0000000744e00000|  0%| F|  |TS  0|AC  0|TAMS 0x0000000744d00000, 0x0000000744d00000|
|  78|0x0000000744e00000, 0x0000000744e00000, 0x0000000744f00000|  0%| F|  |TS  0|AC  0|TAMS 0x0000000744e00000, 0x0000000744e00000|
|  79|0x0000000744f00000, 0x0000000744f00000, 0x0000000745000000|  0%| F|  |TS  0|AC  0|TAMS 0x0000000744f00000, 0x0000000744f00000|
|  80|0x0000000745000000, 0x0000000745000000, 0x0000000745100000|  0%| F|  |TS  0|AC  0|TAMS 0x0000000745000000, 0x0000000745000000|
|  81|0x0000000745100000, 0x0000000745100000, 0x0000000745200000|  0%| F|  |TS  0|AC  0|TAMS 0x0000000745100000, 0x0000000745100000|
|  82|0x0000000745200000, 0x0000000745200000, 0x0000000745300000|  0%| F|  |TS  0|AC  0|TAMS 0x0000000745200000, 0x0000000745200000|
|  83|0x0000000745300000, 0x0000000745300000, 0x0000000745400000|  0%| F|  |TS  0|AC  0|TAMS 0x0000000745300000, 0x0000000745300000|
|  84|0x0000000745400000, 0x0000000745400000, 0x0000000745500000|  0%| F|  |TS  0|AC  0|TAMS 0x0000000745400000, 0x0000000745400000|
|  85|0x0000000745500000, 0x0000000745500000, 0x0000000745600000|  0%| F|  |TS  0|AC  0|TAMS 0x0000000745500000, 0x0000000745500000|
|  86|0x0000000745600000, 0x0000000745600000, 0x0000000745700000|  0%| F|  |TS  0|AC  0|TAMS 0x0000000745600000, 0x0000000745600000|
|  87|0x0000000745700000, 0x0000000745700000, 0x0000000745800000|  0%| F|  |TS  0|AC  0|TAMS 0x0000000745700000, 0x0000000745700000|
|  88|0x0000000745800000, 0x0000000745800000, 0x0000000745900000|  0%| F|  |TS  0|AC  0|TAMS 0x0000000745800000, 0x0000000745800000|
|  89|0x0000000745900000, 0x0000000745900000, 0x0000000745a00000|  0%| F|  |TS  0|AC  0|TAMS 0x0000000745900000, 0x0000000745900000|
|  90|0x0000000745a00000, 0x0000000745a00000, 0x0000000745b00000|  0%| F|  |TS  0|AC  0|TAMS 0x0000000745a00000, 0x0000000745a00000|
|  91|0x0000000745b00000, 0x0000000745b00000, 0x0000000745c00000|  0%| F|  |TS  0|AC  0|TAMS 0x0000000745b00000, 0x0000000745b00000|
|  92|0x0000000745c00000, 0x0000000745c00000, 0x0000000745d00000|  0%| F|  |TS  0|AC  0|TAMS 0x0000000745c00000, 0x0000000745c00000|
|  93|0x0000000745d00000, 0x0000000745d00000, 0x0000000745e00000|  0%| F|  |TS  0|AC  0|TAMS 0x0000000745d00000, 0x0000000745d00000|
|  94|0x0000000745e00000, 0x0000000745e00000, 0x0000000745f00000|  0%| F|  |TS  0|AC  0|TAMS 0x0000000745e00000, 0x0000000745e00000|
|  95|0x0000000745f00000, 0x0000000745f00000, 0x0000000746000000|  0%| F|  |TS  0|AC  0|TAMS 0x0000000745f00000, 0x0000000745f00000|
|  96|0x0000000746000000, 0x0000000746000000, 0x0000000746100000|  0%| F|  |TS  0|AC  0|TAMS 0x0000000746000000, 0x0000000746000000|
|  97|0x0000000746100000, 0x0000000746100000, 0x0000000746200000|  0%| F|  |TS  0|AC  0|TAMS 0x0000000746100000, 0x0000000746100000|
|  98|0x0000000746200000, 0x0000000746200000, 0x0000000746300000|  0%| F|  |TS  0|AC  0|TAMS 0x0000000746200000, 0x0000000746200000|
|  99|0x0000000746300000, 0x0000000746300000, 0x0000000746400000|  0%| F|  |TS  0|AC  0|TAMS 0x0000000746300000, 0x0000000746300000|
| 100|0x0000000746400000, 0x0000000746400000, 0x0000000746500000|  0%| F|  |TS  0|AC  0|TAMS 0x0000000746400000, 0x0000000746400000|
| 101|0x0000000746500000, 0x0000000746500000, 0x0000000746600000|  0%| F|  |TS  0|AC  0|TAMS 0x0000000746500000, 0x0000000746500000|
| 102|0x0000000746600000, 0x0000000746600000, 0x0000000746700000|  0%| F|  |TS  0|AC  0|TAMS 0x0000000746600000, 0x0000000746600000|
| 103|0x0000000746700000, 0x0000000746700000, 0x0000000746800000|  0%| F|  |TS  0|AC  0|TAMS 0x0000000746700000, 0x0000000746700000|
| 104|0x0000000746800000, 0x0000000746800000, 0x0000000746900000|  0%| F|  |TS  0|AC  0|TAMS 0x0000000746800000, 0x0000000746800000|
| 105|0x0000000746900000, 0x0000000746900000, 0x0000000746a00000|  0%| F|  |TS  0|AC  0|TAMS 0x0000000746900000, 0x0000000746900000|
| 106|0x0000000746a00000, 0x0000000746a00000, 0x0000000746b00000|  0%| F|  |TS  0|AC  0|TAMS 0x0000000746a00000, 0x0000000746a00000|
| 107|0x0000000746b00000, 0x0000000746b00000, 0x0000000746c00000|  0%| F|  |TS  0|AC  0|TAMS 0x0000000746b00000, 0x0000000746b00000|
| 108|0x0000000746c00000, 0x0000000746c00000, 0x0000000746d00000|  0%| F|  |TS  0|AC  0|TAMS 0x0000000746c00000, 0x0000000746c00000|
| 109|0x0000000746d00000, 0x0000000746d00000, 0x0000000746e00000|  0%| F|  |TS  0|AC  0|TAMS 0x0000000746d00000, 0x0000000746d00000|
| 110|0x0000000746e00000, 0x0000000746e00000, 0x0000000746f00000|  0%| F|  |TS  0|AC  0|TAMS 0x0000000746e00000, 0x0000000746e00000|
| 111|0x0000000746f00000, 0x0000000746f00000, 0x0000000747000000|  0%| F|  |TS  0|AC  0|TAMS 0x0000000746f00000, 0x0000000746f00000|
| 112|0x0000000747000000, 0x0000000747100000, 0x0000000747100000|100%| S|CS|TS  1|AC  0|TAMS 0x0000000747000000, 0x0000000747000000|
| 113|0x0000000747100000, 0x0000000747200000, 0x0000000747200000|100%| S|CS|TS  1|AC  0|TAMS 0x0000000747100000, 0x0000000747100000|
| 114|0x0000000747200000, 0x0000000747200000, 0x0000000747300000|  0%| F|  |TS  1|AC  0|TAMS 0x0000000747200000, 0x0000000747200000|
| 115|0x0000000747300000, 0x0000000747300000, 0x0000000747400000|  0%| F|  |TS  1|AC  0|TAMS 0x0000000747300000, 0x0000000747300000|
| 116|0x0000000747400000, 0x0000000747400000, 0x0000000747500000|  0%| F|  |TS  1|AC  0|TAMS 0x0000000747400000, 0x0000000747400000|
| 117|0x0000000747500000, 0x0000000747500000, 0x0000000747600000|  0%| F|  |TS  1|AC  0|TAMS 0x0000000747500000, 0x0000000747500000|
| 118|0x0000000747600000, 0x0000000747600000, 0x0000000747700000|  0%| F|  |TS  1|AC  0|TAMS 0x0000000747600000, 0x0000000747600000|
| 119|0x0000000747700000, 0x0000000747700000, 0x0000000747800000|  0%| F|  |TS  1|AC  0|TAMS 0x0000000747700000, 0x0000000747700000|
| 120|0x0000000747800000, 0x0000000747800000, 0x0000000747900000|  0%| F|  |TS  1|AC  0|TAMS 0x0000000747800000, 0x0000000747800000|
| 121|0x0000000747900000, 0x0000000747900000, 0x0000000747a00000|  0%| F|  |TS  1|AC  0|TAMS 0x0000000747900000, 0x0000000747900000|
| 122|0x0000000747a00000, 0x0000000747a00000, 0x0000000747b00000|  0%| F|  |TS  1|AC  0|TAMS 0x0000000747a00000, 0x0000000747a00000|
| 123|0x0000000747b00000, 0x0000000747b00000, 0x0000000747c00000|  0%| F|  |TS  1|AC  0|TAMS 0x0000000747b00000, 0x0000000747b00000|
| 124|0x0000000747c00000, 0x0000000747c00800, 0x0000000747d00000|  0%| E|  |TS  1|AC  0|TAMS 0x0000000747c00000, 0x0000000747c00000|
| 125|0x0000000747d00000, 0x0000000747e00000, 0x0000000747e00000|100%| E|CS|TS  1|AC  0|TAMS 0x0000000747d00000, 0x0000000747d00000|
| 126|0x0000000747e00000, 0x0000000747f00000, 0x0000000747f00000|100%| E|CS|TS  1|AC  0|TAMS 0x0000000747e00000, 0x0000000747e00000|
| 127|0x0000000747f00000, 0x0000000748000000, 0x0000000748000000|100%| E|CS|TS  1|AC  0|TAMS 0x0000000747f00000, 0x0000000747f00000|

Card table byte_map: [0x000000011dfe1000,0x000000011e3e1000] byte_map_base: 0x000000011a5e1000

Marking Bits (Prev, Next): (CMBitMap*) 0x00007fd266044a60, (CMBitMap*) 0x00007fd266044a98
 Prev Bits: [0x000000011e7e1000, 0x00000001207e1000)
 Next Bits: [0x00000001207e1000, 0x00000001227e1000)

Polling page: 0x0000000101bf1000

CodeHeap 'non-profiled nmethods': size=120032Kb used=324Kb max_used=324Kb free=119707Kb
 bounds [0x00000001165a9000, 0x0000000116819000, 0x000000011dae1000]
CodeHeap 'profiled nmethods': size=120032Kb used=1365Kb max_used=1365Kb free=118667Kb
 bounds [0x000000010f071000, 0x000000010f2e1000, 0x00000001165a9000]
CodeHeap 'non-nmethods': size=5696Kb used=1336Kb max_used=1363Kb free=4359Kb
 bounds [0x000000010eae1000, 0x000000010ed51000, 0x000000010f071000]
 total_blobs=1824 nmethods=838 adapters=724
 compilation: enabled

Compilation events (10 events):
Event: 1.799 Thread 0x00007fd267818000 nmethod 832 0x000000010f1c4890 code [0x000000010f1c4a80, 0x000000010f1c4f88]
Event: 1.799 Thread 0x00007fd267818000  833       3       java.nio.MappedByteBuffer::limit (6 bytes)
Event: 1.799 Thread 0x00007fd267818000 nmethod 833 0x000000010f1c5110 code [0x000000010f1c52e0, 0x000000010f1c5528]
Event: 1.799 Thread 0x00007fd267818000  834       3       java.nio.MappedByteBuffer::position (6 bytes)
Event: 1.800 Thread 0x00007fd267818000 nmethod 834 0x000000010f1c5610 code [0x000000010f1c57e0, 0x000000010f1c5a28]
Event: 1.800 Thread 0x00007fd267818000  829       3       java.nio.MappedByteBuffer::position (6 bytes)
Event: 1.800 Thread 0x00007fd267818000 nmethod 829 0x000000010f1c5b10 code [0x000000010f1c5ce0, 0x000000010f1c5f28]
Event: 1.803 Thread 0x00007fd267816000 nmethod 830 0x00000001165f9610 code [0x00000001165f97a0, 0x00000001165f9a38]
Event: 1.806 Thread 0x00007fd267818000  837       3       sun.util.locale.LocaleUtils::isUpper (18 bytes)
Event: 1.806 Thread 0x00007fd267818000 nmethod 837 0x000000010f1c6010 code [0x000000010f1c61c0, 0x000000010f1c6390]

GC Heap History (2 events):
Event: 1.600 GC heap before
{Heap before GC invocations=0 (full 0):
 garbage-first heap   total 131072K, used 15360K [0x0000000740000000, 0x00000007c0000000)
  region size 1024K, 14 young (14336K), 0 survivors (0K)
 Metaspace       used 14963K, capacity 15175K, committed 15488K, reserved 1062912K
  class space    used 1266K, capacity 1383K, committed 1408K, reserved 1048576K
}
Event: 1.610 GC heap after
{Heap after GC invocations=1 (full 0):
 garbage-first heap   total 131072K, used 3137K [0x0000000740000000, 0x00000007c0000000)
  region size 1024K, 2 young (2048K), 2 survivors (2048K)
 Metaspace       used 14963K, capacity 15175K, committed 15488K, reserved 1062912K
  class space    used 1266K, capacity 1383K, committed 1408K, reserved 1048576K
}

Deoptimization events (4 events):
Event: 0.116 Thread 0x00007fd267801800 Uncommon trap: reason=unstable_if action=reinterpret pc=0x00000001165acb6c method=java.lang.String.hashCode()I @ 14 c2
Event: 0.266 Thread 0x00007fd267801800 Uncommon trap: reason=unstable_if action=reinterpret pc=0x00000001165c5c28 method=java.lang.StringLatin1.replace([BCC)Ljava/lang/String; @ 19 c2
Event: 1.291 Thread 0x00007fd267801800 Uncommon trap: reason=unstable_if action=reinterpret pc=0x00000001165e03b0 method=java.util.HashMap.getNode(ILjava/lang/Object;)Ljava/util/HashMap$Node; @ 116 c2
Event: 1.795 Thread 0x00007fd266466000 Uncommon trap: reason=unstable_if action=reinterpret pc=0x00000001165bf92c method=java.lang.String.equals(Ljava/lang/Object;)Z @ 27 c2

Classes redefined (0 events):
No events

Internal exceptions (10 events):
Event: 1.599 Thread 0x00007fd2670ed800 Exception <a 'java/lang/NoSuchMethodError'{0x000000074798bde0}: method resolution failed> (0x000000074798bde0) thrown at [/scratch/mesos/slaves/450fa0f5-8733-43f8-b866-79fe3e86d200-S3216/frameworks/1735e8a2-a1db-478c-8104-60c8b0af87dd-0196/executors/ad79a
Event: 1.600 Thread 0x00007fd2670ed800 Exception <a 'java/lang/NoSuchMethodError'{0x000000074798fb40}: method resolution failed> (0x000000074798fb40) thrown at [/scratch/mesos/slaves/450fa0f5-8733-43f8-b866-79fe3e86d200-S3216/frameworks/1735e8a2-a1db-478c-8104-60c8b0af87dd-0196/executors/ad79a
Event: 1.612 Thread 0x00007fd267003000 Exception <a 'java/lang/NullPointerException'{0x0000000747f80800}> (0x0000000747f80800) thrown at [/scratch/mesos/slaves/450fa0f5-8733-43f8-b866-79fe3e86d200-S3216/frameworks/1735e8a2-a1db-478c-8104-60c8b0af87dd-0196/executors/ad79a8ee-9dbd-49c8-9c3a-82bc
Event: 1.619 Thread 0x00007fd2670ed800 Exception <a 'java/lang/NoSuchMethodError'{0x0000000747f0a4d0}: java.lang.invoke.DirectMethodHandle$Holder.invokeSpecial(Ljava/lang/Object;Ljava/lang/Object;J)V> (0x0000000747f0a4d0) thrown at [/scratch/mesos/slaves/450fa0f5-8733-43f8-b866-79fe3e86d200-S3
Event: 1.641 Thread 0x00007fd266466000 Exception <a 'java/lang/NoSuchMethodError'{0x0000000747e83bb8}: method resolution failed> (0x0000000747e83bb8) thrown at [/scratch/mesos/slaves/450fa0f5-8733-43f8-b866-79fe3e86d200-S3216/frameworks/1735e8a2-a1db-478c-8104-60c8b0af87dd-0196/executors/ad79a
Event: 1.655 Thread 0x00007fd2670ed800 Exception <a 'java/lang/NoSuchMethodError'{0x0000000747f15cf0}: java.lang.invoke.DirectMethodHandle$Holder.invokeStatic(Ljava/lang/Object;J)V> (0x0000000747f15cf0) thrown at [/scratch/mesos/slaves/450fa0f5-8733-43f8-b866-79fe3e86d200-S3216/frameworks/1735
Event: 1.692 Thread 0x00007fd266466000 Exception <a 'java/lang/NoSuchMethodError'{0x0000000747ed4cd8}: java.lang.invoke.DirectMethodHandle$Holder.invokeStatic(Ljava/lang/Object;JJ)V> (0x0000000747ed4cd8) thrown at [/scratch/mesos/slaves/450fa0f5-8733-43f8-b866-79fe3e86d200-S3216/frameworks/173
Event: 1.693 Thread 0x00007fd266466000 Exception <a 'java/lang/NoSuchMethodError'{0x0000000747eda220}: java.lang.invoke.DirectMethodHandle$Holder.invokeStatic(Ljava/lang/Object;J)Ljava/lang/Object;> (0x0000000747eda220) thrown at [/scratch/mesos/slaves/450fa0f5-8733-43f8-b866-79fe3e86d200-S321
Event: 1.693 Thread 0x00007fd266466000 Exception <a 'java/lang/NoSuchMethodError'{0x0000000747edd990}: method resolution failed> (0x0000000747edd990) thrown at [/scratch/mesos/slaves/450fa0f5-8733-43f8-b866-79fe3e86d200-S3216/frameworks/1735e8a2-a1db-478c-8104-60c8b0af87dd-0196/executors/ad79a
Event: 1.695 Thread 0x00007fd266466000 Exception <a 'java/lang/NoSuchMethodError'{0x0000000747ee3648}: method resolution failed> (0x0000000747ee3648) thrown at [/scratch/mesos/slaves/450fa0f5-8733-43f8-b866-79fe3e86d200-S3216/frameworks/1735e8a2-a1db-478c-8104-60c8b0af87dd-0196/executors/ad79a

Events (10 events):
Event: 1.806 loading class java/awt/Window$1DisposeAction
Event: 1.806 loading class java/awt/Window$1DisposeAction done
Event: 1.807 loading class java/awt/KeyboardFocusManager$2
Event: 1.807 loading class java/awt/KeyboardFocusManager$2 done
Event: 1.807 loading class sun/awt/SunToolkit$1
Event: 1.807 loading class sun/awt/SunToolkit$1 done
Event: 1.811 Executing VM operation: RevokeBias
Event: 1.811 Executing VM operation: RevokeBias done
Event: 1.811 loading class jogamp/opengl/macosx/cgl/MacOSXCGLContext$NSOpenGLImpl$DetachGLLayerCmd
Event: 1.811 loading class jogamp/opengl/macosx/cgl/MacOSXCGLContext$NSOpenGLImpl$DetachGLLayerCmd done


Dynamic libraries:
0x00007fff3e9f5000 	/System/Library/Frameworks/Cocoa.framework/Versions/A/Cocoa
0x00007fff4b002000 	/System/Library/Frameworks/Security.framework/Versions/A/Security
0x00007fff3d638000 	/System/Library/Frameworks/ApplicationServices.framework/Versions/A/ApplicationServices
0x00007fff66e23000 	/usr/lib/libz.1.dylib
0x00007fff64d55000 	/usr/lib/libSystem.B.dylib
0x00007fff3f1ac000 	/System/Library/Frameworks/CoreFoundation.framework/Versions/A/CoreFoundation
0x00007fff4130d000 	/System/Library/Frameworks/Foundation.framework/Versions/C/Foundation
0x00007fff6640d000 	/usr/lib/libobjc.A.dylib
0x00007fff3c788000 	/System/Library/Frameworks/AppKit.framework/Versions/C/AppKit
0x00007fff3ed6d000 	/System/Library/Frameworks/CoreData.framework/Versions/A/CoreData
0x00007fff5e69f000 	/System/Library/PrivateFrameworks/RemoteViewServices.framework/Versions/A/RemoteViewServices
0x00007fff62dfa000 	/System/Library/PrivateFrameworks/UIFoundation.framework/Versions/A/UIFoundation
0x00007fff534b8000 	/System/Library/PrivateFrameworks/DFRFoundation.framework/Versions/A/DFRFoundation
0x00007fff43977000 	/System/Library/Frameworks/Metal.framework/Versions/A/Metal
0x00007fff53655000 	/System/Library/PrivateFrameworks/DesktopServicesPriv.framework/Versions/A/DesktopServicesPriv
0x00007fff6595b000 	/usr/lib/libenergytrace.dylib
0x00007fff60e66000 	/System/Library/PrivateFrameworks/SkyLight.framework/Versions/A/SkyLight
0x00007fff3f64f000 	/System/Library/Frameworks/CoreGraphics.framework/Versions/A/CoreGraphics
0x00007fff64d50000 	/usr/lib/libScreenReader.dylib
0x00007fff3b723000 	/System/Library/Frameworks/Accelerate.framework/Versions/A/Accelerate
0x00007fff41a86000 	/System/Library/Frameworks/IOSurface.framework/Versions/A/IOSurface
0x00007fff3db82000 	/System/Library/Frameworks/AudioToolbox.framework/Versions/A/AudioToolbox
0x00007fff3de11000 	/System/Library/Frameworks/AudioUnit.framework/Versions/A/AudioUnit
0x00007fff53550000 	/System/Library/PrivateFrameworks/DataDetectorsCore.framework/Versions/A/DataDetectorsCore
0x00007fff3e4e8000 	/System/Library/Frameworks/Carbon.framework/Versions/A/Frameworks/HIToolbox.framework/Versions/A/HIToolbox
0x00007fff65ab5000 	/usr/lib/libicucore.A.dylib
0x00007fff4a582000 	/System/Library/Frameworks/QuartzCore.framework/Versions/A/QuartzCore
0x00007fff6011c000 	/System/Library/PrivateFrameworks/SignpostNotification.framework/Versions/A/SignpostNotification
0x00007fff3e8ce000 	/System/Library/Frameworks/Carbon.framework/Versions/A/Frameworks/SpeechRecognition.framework/Versions/A/SpeechRecognition
0x00007fff64eb1000 	/usr/lib/libauto.dylib
0x00007fff66d12000 	/usr/lib/libxml2.2.dylib
0x00007fff53109000 	/System/Library/PrivateFrameworks/CoreUI.framework/Versions/A/CoreUI
0x00007fff3ec49000 	/System/Library/Frameworks/CoreAudio.framework/Versions/A/CoreAudio
0x00007fff41147000 	/System/Library/Frameworks/DiskArbitration.framework/Versions/A/DiskArbitration
0x00007fff65d29000 	/usr/lib/liblangid.dylib
0x00007fff5abac000 	/System/Library/PrivateFrameworks/MultitouchSupport.framework/Versions/A/MultitouchSupport
0x00007fff419e9000 	/System/Library/Frameworks/IOKit.framework/Versions/A/IOKit
0x00007fff649df000 	/usr/lib/libDiagnosticMessagesClient.dylib
0x00007fff40325000 	/System/Library/Frameworks/CoreServices.framework/Versions/A/CoreServices
0x00007fff5c6dc000 	/System/Library/PrivateFrameworks/PerformanceAnalysis.framework/Versions/A/PerformanceAnalysis
0x00007fff49724000 	/System/Library/Frameworks/OpenGL.framework/Versions/A/OpenGL
0x00007fff3ea03000 	/System/Library/Frameworks/ColorSync.framework/Versions/A/ColorSync
0x00007fff3fc61000 	/System/Library/Frameworks/CoreImage.framework/Versions/A/CoreImage
0x00007fff40cb5000 	/System/Library/Frameworks/CoreText.framework/Versions/A/CoreText
0x00007fff41ae4000 	/System/Library/Frameworks/ImageIO.framework/Versions/A/ImageIO
0x00007fff4fe07000 	/System/Library/PrivateFrameworks/Backup.framework/Versions/A/Backup
0x00007fff64e01000 	/usr/lib/libarchive.2.dylib
0x00007fff3e134000 	/System/Library/Frameworks/CFNetwork.framework/Versions/A/CFNetwork
0x00007fff4b793000 	/System/Library/Frameworks/SystemConfiguration.framework/Versions/A/SystemConfiguration
0x00007fff64908000 	/usr/lib/libCRFSuite.dylib
0x00007fff64f8a000 	/usr/lib/libc++.1.dylib
0x00007fff64fe1000 	/usr/lib/libc++abi.dylib
0x00007fff66ed1000 	/usr/lib/system/libcache.dylib
0x00007fff66ed6000 	/usr/lib/system/libcommonCrypto.dylib
0x00007fff66ee1000 	/usr/lib/system/libcompiler_rt.dylib
0x00007fff66ee9000 	/usr/lib/system/libcopyfile.dylib
0x00007fff66ef3000 	/usr/lib/system/libcorecrypto.dylib
0x00007fff67000000 	/usr/lib/system/libdispatch.dylib
0x00007fff6703a000 	/usr/lib/system/libdyld.dylib
0x00007fff67058000 	/usr/lib/system/libkeymgr.dylib
0x00007fff67066000 	/usr/lib/system/liblaunch.dylib
0x00007fff67067000 	/usr/lib/system/libmacho.dylib
0x00007fff6706c000 	/usr/lib/system/libquarantine.dylib
0x00007fff6706f000 	/usr/lib/system/libremovefile.dylib
0x00007fff67071000 	/usr/lib/system/libsystem_asl.dylib
0x00007fff67089000 	/usr/lib/system/libsystem_blocks.dylib
0x00007fff6708a000 	/usr/lib/system/libsystem_c.dylib
0x00007fff67114000 	/usr/lib/system/libsystem_configuration.dylib
0x00007fff67118000 	/usr/lib/system/libsystem_coreservices.dylib
0x00007fff6711c000 	/usr/lib/system/libsystem_darwin.dylib
0x00007fff6711e000 	/usr/lib/system/libsystem_dnssd.dylib
0x00007fff67125000 	/usr/lib/system/libsystem_info.dylib
0x00007fff67196000 	/usr/lib/system/libsystem_m.dylib
0x00007fff671e2000 	/usr/lib/system/libsystem_malloc.dylib
0x00007fff67202000 	/usr/lib/system/libsystem_network.dylib
0x00007fff67333000 	/usr/lib/system/libsystem_networkextension.dylib
0x00007fff6733e000 	/usr/lib/system/libsystem_notify.dylib
0x00007fff6735c000 	/usr/lib/system/libsystem_sandbox.dylib
0x00007fff67360000 	/usr/lib/system/libsystem_secinit.dylib
0x00007fff6716f000 	/usr/lib/system/libsystem_kernel.dylib
0x00007fff67348000 	/usr/lib/system/libsystem_platform.dylib
0x00007fff67350000 	/usr/lib/system/libsystem_pthread.dylib
0x00007fff67362000 	/usr/lib/system/libsystem_symptoms.dylib
0x00007fff6736a000 	/usr/lib/system/libsystem_trace.dylib
0x00007fff6737f000 	/usr/lib/system/libunwind.dylib
0x00007fff67385000 	/usr/lib/system/libxpc.dylib
0x00007fff6481b000 	/usr/lib/closure/libclosured.dylib
0x00007fff64f6b000 	/usr/lib/libbsm.0.dylib
0x00007fff67059000 	/usr/lib/system/libkxld.dylib
0x00007fff64c19000 	/usr/lib/libOpenScriptingUtil.dylib
0x00007fff652da000 	/usr/lib/libcoretls.dylib
0x00007fff652f3000 	/usr/lib/libcoretls_cfhelpers.dylib
0x00007fff6680e000 	/usr/lib/libpam.2.dylib
0x00007fff66935000 	/usr/lib/libsqlite3.dylib
0x00007fff66d01000 	/usr/lib/libxar.1.dylib
0x00007fff64f7c000 	/usr/lib/libbz2.1.0.dylib
0x00007fff65d2b000 	/usr/lib/liblzma.5.dylib
0x00007fff6620c000 	/usr/lib/libnetwork.dylib
0x00007fff64dea000 	/usr/lib/libapple_nghttp2.dylib
0x00007fff66815000 	/usr/lib/libpcap.A.dylib
0x00007fff64eb2000 	/usr/lib/libboringssl.dylib
0x00007fff66c9c000 	/usr/lib/libusrtcp.dylib
0x00007fff64de9000 	/usr/lib/libapple_crypto.dylib
0x00007fff406a8000 	/System/Library/Frameworks/CoreServices.framework/Versions/A/Frameworks/FSEvents.framework/Versions/A/FSEvents
0x00007fff4039b000 	/System/Library/Frameworks/CoreServices.framework/Versions/A/Frameworks/CarbonCore.framework/Versions/A/CarbonCore
0x00007fff4086f000 	/System/Library/Frameworks/CoreServices.framework/Versions/A/Frameworks/Metadata.framework/Versions/A/Metadata
0x00007fff40920000 	/System/Library/Frameworks/CoreServices.framework/Versions/A/Frameworks/OSServices.framework/Versions/A/OSServices
0x00007fff40981000 	/System/Library/Frameworks/CoreServices.framework/Versions/A/Frameworks/SearchKit.framework/Versions/A/SearchKit
0x00007fff40326000 	/System/Library/Frameworks/CoreServices.framework/Versions/A/Frameworks/AE.framework/Versions/A/AE
0x00007fff406b1000 	/System/Library/Frameworks/CoreServices.framework/Versions/A/Frameworks/LaunchServices.framework/Versions/A/LaunchServices
0x00007fff40673000 	/System/Library/Frameworks/CoreServices.framework/Versions/A/Frameworks/DictionaryServices.framework/Versions/A/DictionaryServices
0x00007fff409f0000 	/System/Library/Frameworks/CoreServices.framework/Versions/A/Frameworks/SharedFileList.framework/Versions/A/SharedFileList
0x00007fff44bad000 	/System/Library/Frameworks/NetFS.framework/Versions/A/NetFS
0x00007fff5ae3d000 	/System/Library/PrivateFrameworks/NetAuth.framework/Versions/A/NetAuth
0x00007fff646b2000 	/System/Library/PrivateFrameworks/login.framework/Versions/A/Frameworks/loginsupport.framework/Versions/A/loginsupport
0x00007fff62a77000 	/System/Library/PrivateFrameworks/TCC.framework/Versions/A/TCC
0x00007fff65e0c000 	/usr/lib/libmecabra.dylib
0x00007fff3d639000 	/System/Library/Frameworks/ApplicationServices.framework/Versions/A/Frameworks/ATS.framework/Versions/A/ATS
0x00007fff3d9e7000 	/System/Library/Frameworks/ApplicationServices.framework/Versions/A/Frameworks/ColorSyncLegacy.framework/Versions/A/ColorSyncLegacy
0x00007fff3da8b000 	/System/Library/Frameworks/ApplicationServices.framework/Versions/A/Frameworks/HIServices.framework/Versions/A/HIServices
0x00007fff3dade000 	/System/Library/Frameworks/ApplicationServices.framework/Versions/A/Frameworks/LangAnalysis.framework/Versions/A/LangAnalysis
0x00007fff3daed000 	/System/Library/Frameworks/ApplicationServices.framework/Versions/A/Frameworks/PrintCore.framework/Versions/A/PrintCore
0x00007fff3db3a000 	/System/Library/Frameworks/ApplicationServices.framework/Versions/A/Frameworks/QD.framework/Versions/A/QD
0x00007fff3db75000 	/System/Library/Frameworks/ApplicationServices.framework/Versions/A/Frameworks/SpeechSynthesis.framework/Versions/A/SpeechSynthesis
0x00007fff3f0c4000 	/System/Library/Frameworks/CoreDisplay.framework/Versions/A/CoreDisplay
0x00007fff3b73b000 	/System/Library/Frameworks/Accelerate.framework/Versions/A/Frameworks/vImage.framework/Versions/A/vImage
0x00007fff3c495000 	/System/Library/Frameworks/Accelerate.framework/Versions/A/Frameworks/vecLib.framework/Versions/A/vecLib
0x00007fff3c235000 	/System/Library/Frameworks/Accelerate.framework/Versions/A/Frameworks/vecLib.framework/Versions/A/libvDSP.dylib
0x00007fff3bd95000 	/System/Library/Frameworks/Accelerate.framework/Versions/A/Frameworks/vecLib.framework/Versions/A/libBNNS.dylib
0x00007fff3c19a000 	/System/Library/Frameworks/Accelerate.framework/Versions/A/Frameworks/vecLib.framework/Versions/A/libQuadrature.dylib
0x00007fff3c3e3000 	/System/Library/Frameworks/Accelerate.framework/Versions/A/Frameworks/vecLib.framework/Versions/A/libvMisc.dylib
0x00007fff3bdc4000 	/System/Library/Frameworks/Accelerate.framework/Versions/A/Frameworks/vecLib.framework/Versions/A/libLAPACK.dylib
0x00007fff3bc3a000 	/System/Library/Frameworks/Accelerate.framework/Versions/A/Frameworks/vecLib.framework/Versions/A/libBLAS.dylib
0x00007fff3c184000 	/System/Library/Frameworks/Accelerate.framework/Versions/A/Frameworks/vecLib.framework/Versions/A/libLinearAlgebra.dylib
0x00007fff3c1a0000 	/System/Library/Frameworks/Accelerate.framework/Versions/A/Frameworks/vecLib.framework/Versions/A/libSparse.dylib
0x00007fff3c221000 	/System/Library/Frameworks/Accelerate.framework/Versions/A/Frameworks/vecLib.framework/Versions/A/libSparseBLAS.dylib
0x00007fff57c92000 	/System/Library/PrivateFrameworks/GPUWrangler.framework/Versions/A/GPUWrangler
0x00007fff59422000 	/System/Library/PrivateFrameworks/IOAccelerator.framework/Versions/A/IOAccelerator
0x00007fff5942d000 	/System/Library/PrivateFrameworks/IOPresentment.framework/Versions/A/IOPresentment
0x00007fff534ca000 	/System/Library/PrivateFrameworks/DSExternalDisplay.framework/Versions/A/DSExternalDisplay
0x00007fff48ba4000 	/System/Library/Frameworks/OpenGL.framework/Versions/A/Libraries/libCoreFSCache.dylib
0x00007fff40e06000 	/System/Library/Frameworks/CoreVideo.framework/Versions/A/CoreVideo
0x00007fff58a0d000 	/System/Library/PrivateFrameworks/GraphVisualizer.framework/Versions/A/GraphVisualizer
0x00007fff43bae000 	/System/Library/Frameworks/MetalPerformanceShaders.framework/Versions/A/MetalPerformanceShaders
0x00007fff64a17000 	/usr/lib/libFosl_dynamic.dylib
0x00007fff5459c000 	/System/Library/PrivateFrameworks/FaceCore.framework/Versions/A/FaceCore
0x00007fff479ab000 	/System/Library/Frameworks/OpenCL.framework/Versions/A/OpenCL
0x00007fff65018000 	/usr/lib/libcompression.dylib
0x00007fff3d738000 	/System/Library/Frameworks/ApplicationServices.framework/Versions/A/Frameworks/ATS.framework/Versions/A/Resources/libFontParser.dylib
0x00007fff3d85b000 	/System/Library/Frameworks/ApplicationServices.framework/Versions/A/Frameworks/ATS.framework/Versions/A/Resources/libFontRegistry.dylib
0x00007fff41d4c000 	/System/Library/Frameworks/ImageIO.framework/Versions/A/Resources/libJPEG.dylib
0x00007fff42075000 	/System/Library/Frameworks/ImageIO.framework/Versions/A/Resources/libTIFF.dylib
0x00007fff4204b000 	/System/Library/Frameworks/ImageIO.framework/Versions/A/Resources/libPng.dylib
0x00007fff41c5f000 	/System/Library/Frameworks/ImageIO.framework/Versions/A/Resources/libGIF.dylib
0x00007fff41c64000 	/System/Library/Frameworks/ImageIO.framework/Versions/A/Resources/libJP2.dylib
0x00007fff42072000 	/System/Library/Frameworks/ImageIO.framework/Versions/A/Resources/libRadiance.dylib
0x00007fff4f532000 	/System/Library/PrivateFrameworks/AppleJPEG.framework/Versions/A/AppleJPEG
0x00007fff43a15000 	/System/Library/Frameworks/MetalPerformanceShaders.framework/Frameworks/MPSCore.framework/Versions/A/MPSCore
0x00007fff43a31000 	/System/Library/Frameworks/MetalPerformanceShaders.framework/Frameworks/MPSImage.framework/Versions/A/MPSImage
0x00007fff43ac6000 	/System/Library/Frameworks/MetalPerformanceShaders.framework/Frameworks/MPSNeuralNetwork.framework/Versions/A/MPSNeuralNetwork
0x00007fff43aa1000 	/System/Library/Frameworks/MetalPerformanceShaders.framework/Frameworks/MPSMatrix.framework/Versions/A/MPSMatrix
0x00007fff5a922000 	/System/Library/PrivateFrameworks/MetalTools.framework/Versions/A/MetalTools
0x00007fff48d6e000 	/System/Library/Frameworks/OpenGL.framework/Versions/A/Libraries/libGLU.dylib
0x00007fff48baf000 	/System/Library/Frameworks/OpenGL.framework/Versions/A/Libraries/libGFXShared.dylib
0x00007fff48bb9000 	/System/Library/Frameworks/OpenGL.framework/Versions/A/Libraries/libGL.dylib
0x00007fff48bc5000 	/System/Library/Frameworks/OpenGL.framework/Versions/A/Libraries/libGLImage.dylib
0x00007fff48ba1000 	/System/Library/Frameworks/OpenGL.framework/Versions/A/Libraries/libCVMSPluginSupport.dylib
0x00007fff48baa000 	/System/Library/Frameworks/OpenGL.framework/Versions/A/Libraries/libCoreVMClient.dylib
0x00007fff657c5000 	/usr/lib/libcups.2.dylib
0x00007fff42f7d000 	/System/Library/Frameworks/Kerberos.framework/Versions/A/Kerberos
0x00007fff41743000 	/System/Library/Frameworks/GSS.framework/Versions/A/GSS
0x00007fff668c8000 	/usr/lib/libresolv.9.dylib
0x00007fff659c3000 	/usr/lib/libiconv.2.dylib
0x00007fff58a9f000 	/System/Library/PrivateFrameworks/Heimdal.framework/Versions/A/Heimdal
0x00007fff65992000 	/usr/lib/libheimdal-asn1.dylib
0x00007fff47a17000 	/System/Library/Frameworks/OpenDirectory.framework/Versions/A/OpenDirectory
0x00007fff51844000 	/System/Library/PrivateFrameworks/CommonAuth.framework/Versions/A/CommonAuth
0x00007fff479fa000 	/System/Library/Frameworks/OpenDirectory.framework/Versions/A/Frameworks/CFOpenDirectory.framework/Versions/A/CFOpenDirectory
0x00007fff4b32c000 	/System/Library/Frameworks/SecurityFoundation.framework/Versions/A/SecurityFoundation
0x00007fff4e6fe000 	/System/Library/PrivateFrameworks/APFS.framework/Versions/A/APFS
0x00007fff66cfd000 	/usr/lib/libutil.dylib
0x00007fff4f5b5000 	/System/Library/PrivateFrameworks/AppleSauce.framework/Versions/A/AppleSauce
0x00007fff59c0a000 	/System/Library/PrivateFrameworks/LinguisticData.framework/Versions/A/LinguisticData
0x00007fff65d45000 	/usr/lib/libmarisa.dylib
0x00007fff59bc4000 	/System/Library/PrivateFrameworks/Lexicon.framework/Versions/A/Lexicon
0x00007fff64942000 	/usr/lib/libChineseTokenizer.dylib
0x00007fff65007000 	/usr/lib/libcmph.dylib
0x00007fff59ace000 	/System/Library/PrivateFrameworks/LanguageModeling.framework/Versions/A/LanguageModeling
0x00007fff52350000 	/System/Library/PrivateFrameworks/CoreEmoji.framework/Versions/A/CoreEmoji
0x00007fff4b3ea000 	/System/Library/Frameworks/ServiceManagement.framework/Versions/A/ServiceManagement
0x00007fff4fdff000 	/System/Library/PrivateFrameworks/BackgroundTaskManagement.framework/Versions/A/BackgroundTaskManagement
0x00007fff66dfa000 	/usr/lib/libxslt.1.dylib
0x00007fff3e7f8000 	/System/Library/Frameworks/Carbon.framework/Versions/A/Frameworks/Ink.framework/Versions/A/Ink
0x00007fff62c8c000 	/System/Library/PrivateFrameworks/TextureIO.framework/Versions/A/TextureIO
0x00007fff64e2c000 	/usr/lib/libate.dylib
0x00007fff5342a000 	/System/Library/PrivateFrameworks/CrashReporterSupport.framework/Versions/A/CrashReporterSupport
0x00007fff5ffde000 	/System/Library/PrivateFrameworks/Sharing.framework/Versions/A/Sharing
0x00007fff5980f000 	/System/Library/PrivateFrameworks/IconServices.framework/Versions/A/IconServices
0x00007fff4f3b7000 	/System/Library/PrivateFrameworks/Apple80211.framework/Versions/A/Apple80211
0x00007fff5323f000 	/System/Library/PrivateFrameworks/CoreUtils.framework/Versions/A/CoreUtils
0x00007fff40e41000 	/System/Library/Frameworks/CoreWLAN.framework/Versions/A/CoreWLAN
0x00007fff41885000 	/System/Library/Frameworks/IOBluetooth.framework/Versions/A/IOBluetooth
0x00007fff5e4aa000 	/System/Library/PrivateFrameworks/ProtocolBuffer.framework/Versions/A/ProtocolBuffer
0x00007fff533c5000 	/System/Library/PrivateFrameworks/CoreWiFi.framework/Versions/A/CoreWiFi
0x00007fff3ed43000 	/System/Library/Frameworks/CoreBluetooth.framework/Versions/A/CoreBluetooth
0x00007fff53614000 	/System/Library/PrivateFrameworks/DebugSymbols.framework/Versions/A/DebugSymbols
0x00007fff52ff5000 	/System/Library/PrivateFrameworks/CoreSymbolication.framework/Versions/A/CoreSymbolication
0x00007fff6247d000 	/System/Library/PrivateFrameworks/Symbolication.framework/Versions/A/Symbolication
0x00007fff4f3e1000 	/System/Library/PrivateFrameworks/AppleFSCompression.framework/Versions/A/AppleFSCompression
0x00007fff618cb000 	/System/Library/PrivateFrameworks/SpeechRecognitionCore.framework/Versions/A/SpeechRecognitionCore
0x00007fff376df000 	/System/Library/CoreServices/Encodings/libJapaneseConverter.dylib
0x0000000102a50000 	/Library/Java/JavaVirtualMachines/jdk-10.jdk/Contents/Home/lib/server/libjvm.dylib
0x00007fff66bca000 	/usr/lib/libstdc++.6.0.9.dylib
0x0000000101be3000 	/Library/Java/JavaVirtualMachines/jdk-10.jdk/Contents/Home/lib/libverify.dylib
0x0000000102400000 	/Library/Java/JavaVirtualMachines/jdk-10.jdk/Contents/Home/lib/libjava.dylib
0x0000000102474000 	/Library/Java/JavaVirtualMachines/jdk-10.jdk/Contents/Home/lib/libzip.dylib
0x000000010247c000 	/Library/Java/JavaVirtualMachines/jdk-10.jdk/Contents/Home/lib/libjimage.dylib
0x0000000126ee6000 	/Library/Java/JavaVirtualMachines/jdk-10.jdk/Contents/Home/lib/libnio.dylib
0x0000000126ef6000 	/Library/Java/JavaVirtualMachines/jdk-10.jdk/Contents/Home/lib/./libnet.dylib
0x0000000126f95000 	/Library/Java/JavaVirtualMachines/jdk-10.jdk/Contents/Home/lib/libawt.dylib
0x000000012703a000 	/Library/Java/JavaVirtualMachines/jdk-10.jdk/Contents/Home/lib/./libmlib_image.dylib
0x00007fff42f66000 	/System/Library/Frameworks/JavaVM.framework/Versions/A/Frameworks/JavaNativeFoundation.framework/Versions/A/JavaNativeFoundation
0x00007fff42f6f000 	/System/Library/Frameworks/JavaVM.framework/Versions/A/Frameworks/JavaRuntimeSupport.framework/Versions/A/JavaRuntimeSupport
0x00007fff42f78000 	/System/Library/Frameworks/JavaVM.framework/Versions/A/JavaVM
0x00007fff599d0000 	/System/Library/PrivateFrameworks/JavaLaunching.framework/Versions/A/JavaLaunching
0x00007fff3e4e3000 	/System/Library/Frameworks/Carbon.framework/Versions/A/Carbon
0x00007fff3e4e4000 	/System/Library/Frameworks/Carbon.framework/Versions/A/Frameworks/CommonPanels.framework/Versions/A/CommonPanels
0x00007fff3e7ee000 	/System/Library/Frameworks/Carbon.framework/Versions/A/Frameworks/Help.framework/Versions/A/Help
0x00007fff3e7f2000 	/System/Library/Frameworks/Carbon.framework/Versions/A/Frameworks/ImageCapture.framework/Versions/A/ImageCapture
0x00007fff3e88e000 	/System/Library/Frameworks/Carbon.framework/Versions/A/Frameworks/OpenScripting.framework/Versions/A/OpenScripting
0x00007fff3e8c9000 	/System/Library/Frameworks/Carbon.framework/Versions/A/Frameworks/Print.framework/Versions/A/Print
0x00007fff3e8cb000 	/System/Library/Frameworks/Carbon.framework/Versions/A/Frameworks/SecurityHI.framework/Versions/A/SecurityHI
0x00000001270a8000 	/Library/Java/JavaVirtualMachines/jdk-10.jdk/Contents/Home/lib/libawt_lwawt.dylib
0x0000000127168000 	/Library/Java/JavaVirtualMachines/jdk-10.jdk/Contents/Home/lib/./libosxapp.dylib
0x00007fff412e6000 	/System/Library/Frameworks/ExceptionHandling.framework/Versions/A/ExceptionHandling
0x00000001273ba000 	/Users/ochihideji/Desktop/Zugaku/Chap12/libgluegen-rt.jnilib
0x00000001273be000 	/Library/Java/JavaVirtualMachines/jdk-10.jdk/Contents/Home/lib/libfontmanager.dylib
0x00007fff52c87000 	/System/Library/PrivateFrameworks/CoreServicesInternal.framework/Versions/A/CoreServicesInternal
0x00007fff37761000 	/System/Library/CoreServices/RawCamera.bundle/Contents/MacOS/RawCamera
0x00007fff5a994000 	/System/Library/PrivateFrameworks/MobileAsset.framework/Versions/A/MobileAsset
0x00007fff61d84000 	/System/Library/PrivateFrameworks/StreamingZip.framework/Versions/A/StreamingZip
0x00007fff4330c000 	/System/Library/Frameworks/MediaToolbox.framework/Versions/A/MediaToolbox
0x00007fff51f92000 	/System/Library/PrivateFrameworks/CoreAVCHD.framework/Versions/A/CoreAVCHD
0x00007fff43255000 	/System/Library/Frameworks/MediaAccessibility.framework/Versions/A/MediaAccessibility
0x00007fff5a410000 	/System/Library/PrivateFrameworks/Mangrove.framework/Versions/A/Mangrove
0x00007fff401df000 	/System/Library/Frameworks/CoreMedia.framework/Versions/A/CoreMedia
0x00007fff4b9b8000 	/System/Library/Frameworks/VideoToolbox.framework/Versions/A/VideoToolbox
0x00007fff51b89000 	/System/Library/PrivateFrameworks/CoreAUC.framework/Versions/A/CoreAUC
0x00007fff66933000 	/usr/lib/libspindump.dylib
0x00007fff4f6aa000 	/System/Library/PrivateFrameworks/AppleVA.framework/Versions/A/AppleVA
0x00007fff3b724000 	/System/Library/Frameworks/Accelerate.framework/Versions/A/Frameworks/vImage.framework/Versions/A/Libraries/libCGInterfaces.dylib
0x00007fff3d94a000 	/System/Library/Frameworks/ApplicationServices.framework/Versions/A/Frameworks/ATS.framework/Versions/A/Resources/libTrueTypeScaler.dylib
0x00007fff39330000 	/System/Library/Extensions/AppleIntelSKLGraphicsMTLDriver.bundle/Contents/MacOS/AppleIntelSKLGraphicsMTLDriver
0x00007fff56626000 	/System/Library/PrivateFrameworks/GPUCompiler.framework/Versions/3802/Libraries/libmetal_timestamp.dylib
0x0000000127930000 	/Users/ochihideji/Desktop/Zugaku/Chap12/libnativewindow_awt.jnilib
0x0000000127933000 	/Library/Java/JavaVirtualMachines/jdk-10.jdk/Contents/Home/lib/libjawt.dylib
0x00007fff49734000 	/System/Library/Frameworks/OpenGL.framework/Versions/A/Resources/GLEngine.bundle/GLEngine
0x00007fff48c01000 	/System/Library/Frameworks/OpenGL.framework/Versions/A/Libraries/libGLProgrammability.dylib
0x0000000129ed7000 	/System/Library/Extensions/AppleIntelSKLGraphicsGLDriver.bundle/Contents/MacOS/AppleIntelSKLGraphicsGLDriver
0x00007fff57c86000 	/System/Library/PrivateFrameworks/GPUSupport.framework/Versions/A/Libraries/libGPUSupportMercury.dylib
0x00007fff498cc000 	/System/Library/Frameworks/OpenGL.framework/Versions/A/Resources/GLRendererFloat.bundle/GLRendererFloat
0x00007fff479a2000 	/System/Library/Frameworks/OpenCL.framework/Versions/A/Libraries/libcldcpuengine.dylib
0x00007fff6548d000 	/usr/lib/libcrypto.35.dylib
0x00007fff62df3000 	/System/Library/PrivateFrameworks/TrustEvaluationAgent.framework/Versions/A/TrustEvaluationAgent
0x000000012b8fc000 	/Users/ochihideji/Desktop/Zugaku/Chap12/libnativewindow_macosx.jnilib
0x00007fff63c7e000 	/System/Library/PrivateFrameworks/ViewBridge.framework/Versions/A/ViewBridge
0x000000012bdc3000 	/Users/ochihideji/Desktop/Zugaku/Chap12/libjogl_desktop.jnilib


VM Arguments:
java_command: ObjectAngle
java_class_path (initial): .
Launcher Type: SUN_STANDARD

Logging:
Log output configuration:
#0: stdout all=warning uptime,level,tags
#1: stderr all=off uptime,level,tags

Environment Variables:
PATH=/anaconda3/bin:/usr/local/bin:/usr/bin:/bin:/usr/sbin:/sbin:/Library/TeX/texbin
SHELL=/bin/bash

Signal Handlers:
SIGSEGV: [libjvm.dylib+0x799984], sa_mask[0]=11111111011111110111111111111111, sa_flags=SA_ONSTACK|SA_RESTART|SA_SIGINFO
SIGBUS: [libjvm.dylib+0x799984], sa_mask[0]=11111111011111110111111111111111, sa_flags=SA_RESTART|SA_SIGINFO
SIGFPE: [libjvm.dylib+0x799984], sa_mask[0]=11111111011111110111111111111111, sa_flags=SA_RESTART|SA_SIGINFO
SIGPIPE: [libjvm.dylib+0x6347c0], sa_mask[0]=11111111011111110111111111111111, sa_flags=SA_RESTART|SA_SIGINFO
SIGXFSZ: [libjvm.dylib+0x6347c0], sa_mask[0]=11111111011111110111111111111111, sa_flags=SA_RESTART|SA_SIGINFO
SIGILL: [libjvm.dylib+0x799984], sa_mask[0]=11111111011111110111111111111111, sa_flags=SA_RESTART|SA_SIGINFO
SIGUSR2: [libjvm.dylib+0x635050], sa_mask[0]=00000000000000000000000000000000, sa_flags=SA_RESTART|SA_SIGINFO
SIGHUP: [libjvm.dylib+0x63383b], sa_mask[0]=11111111011111110111111111111111, sa_flags=SA_RESTART|SA_SIGINFO
SIGINT: [libjvm.dylib+0x63383b], sa_mask[0]=11111111011111110111111111111111, sa_flags=SA_RESTART|SA_SIGINFO
SIGTERM: [libjvm.dylib+0x63383b], sa_mask[0]=11111111011111110111111111111111, sa_flags=SA_RESTART|SA_SIGINFO
SIGQUIT: [libjvm.dylib+0x63383b], sa_mask[0]=11111111011111110111111111111111, sa_flags=SA_RESTART|SA_SIGINFO


---------------  S Y S T E M  ---------------

OS:uname:Darwin 17.6.0 Darwin Kernel Version 17.6.0: Tue May  8 15:22:16 PDT 2018; root:xnu-4570.61.1~1/RELEASE_X86_64 x86_64
rlimit: STACK 8192k, CORE 0k, NPROC 709, NOFILE 10240, AS infinity, DATA infinity, FSIZE infinity
load average:1.24 1.57 1.88

CPU:total 4 (initial active 4) (2 cores per cpu, 2 threads per core) family 6 model 78 stepping 3, cmov, cx8, fxsr, mmx, sse, sse2, sse3, ssse3, sse4.1, sse4.2, popcnt, avx, avx2, aes, clmul, erms, rtm, 3dnowpref, lzcnt, ht, tsc, tscinvbit, bmi1, bmi2, adx, fma

Memory: 4k page, physical 8388608k(64256k free)

vm_info: Java HotSpot(TM) 64-Bit Server VM (10+46) for bsd-amd64 JRE (10+46), built on Mar  8 2018 02:10:00 by "mach5one" with gcc 4.2.1 Compatible Apple LLVM 6.1.0 (clang-602.0.49)

END.
